[run] start run_id='a4fed58e'
[connect] ok host='https://orkg.org'
[json] loaded path='/Users/amirrezaalasti/Desktop/TIB/nlp4re/pdf_files/Automated_Import_to_ORKG/Categ-4.json'
[run] instance run_id='a4fed58e' instance_id='R1552909'
[sep] ──────────────────────────────────────────────────────────── PREDICATE P181002 ────────────────────────────────────────────────────────────
[section] predicate id='P181002' label='RE task'
[property] start predicate_id='' property_label='RE task' key='RE task' mapping='I.1'
[selected_answers] answer answer='Requirements classification' resource_mapping_key='RE task'
[options_details] answer answer='Requirements classification' resource_mapping_key='RE task' answer_label_type_in_options_details='No type'
[property] answers property_label='RE task' key='RE task' answers=['Requirements classification']
[map] to_resource key='RE task' answer='Requirements classification' object_id='R1544130'
[property] values_resolved property_label='RE task' key='RE task' result_ids=['R1544130']
[link] created s='R1552909' p='P181002' o='R1544130'
[sep] ──────────────────────────────────────────────────────────── PREDICATE P181003 ────────────────────────────────────────────────────────────
[section] predicate id='P181003' label='NLP task'
[sep] ──────────────────────────────────────────────────────────── SUBTEMPLATE NLP task ────────────────────────────────────────────────────────────
[subtemplate] start label='NLP task' class_id='C121004' subtemplate_id='R1544138'
[sep] ────────────────────────────────────────────────────────────
[property] start predicate_id='' property_label='NLP task type' key='NLP task type' mapping='II.1'
[selected_answers] answer answer='Classification' resource_mapping_key='NLP task type'
[options_details] answer answer='Classification' resource_mapping_key='NLP task type' answer_label_type_in_options_details='No type'
[property] answers property_label='NLP task type' key='NLP task type' answers=['Classification']
[map] to_resource key='NLP task type' answer='Classification' object_id='R1544148'
[property] values_resolved property_label='NLP task type' key='NLP task type' result_ids=['R1544148']
[property] 10-values_resolved property_label='NLP task type' key='NLP task type' result_ids=['R1544148']
[sep] ────────────────────────────────────────────────────────────
[property] start predicate_id='' property_label='NLP task input' key='NLP task input' mapping='III.1'
[selected_answers] answer answer='Paragraphs' resource_mapping_key='NLP task input'
[selected_answers] answer answer='Sentences' resource_mapping_key='NLP task input'
[options_details] answer answer='Paragraphs' resource_mapping_key='NLP task input' answer_label_type_in_options_details='No type'
[options_details] answer answer='Sentences' resource_mapping_key='NLP task input' answer_label_type_in_options_details='No type'
[property] answers property_label='NLP task input' key='NLP task input' answers=['Paragraphs', 'Sentences']
[map] to_resource key='NLP task input' answer='Paragraphs' object_id='R1544151'
[map] to_resource key='NLP task input' answer='Sentences' object_id='R1544152'
[property] values_resolved property_label='NLP task input' key='NLP task input' result_ids=['R1544151', 'R1544152']
[property] 10-values_resolved property_label='NLP task input' key='NLP task input' result_ids=['R1544151', 'R1544152']
[sep] ────────────────────────────────────────────────────────────
[sep] ──────────────────────────────────────────────────────────── SUBTEMPLATE NLP task output ────────────────────────────────────────────────────────────
[subtemplate] start label='NLP task output' class_id='C121007' subtemplate_id='R1544158'
[sep] ────────────────────────────────────────────────────────────
[property] start predicate_id='' property_label='NLP task output classification label' key='NLP task output classification label' mapping='III.3'
[options_details] answer answer='IsFunctional, IsQuality, HaFunction, HasQuality' resource_mapping_key='NLP task output classification label' answer_label_type_in_options_details='Text'
[property] answers property_label='NLP task output classification label' key='NLP task output classification label' answers=['IsFunctional, IsQuality, HaFunction, HasQuality']
[literal] created key='NLP task output classification label' answer='IsFunctional, IsQuality, HaFunction, HasQuality' id='L3614255'
[property] values_resolved property_label='NLP task output classification label' key='NLP task output classification label' result_ids=['L3614255']
[property] 10-values_resolved property_label='NLP task output classification label' key='NLP task output classification label' result_ids=['L3614255']
[sep] ────────────────────────────────────────────────────────────
[property] start predicate_id='' property_label='NLP task output extracted element' key='NLP task output extracted element' mapping='III.5'
[property] no_answers property_label='NLP task output extracted element'
[literal] created key='NLP task output extracted element' answer='Not reported' id='L3614256'
[sep] ────────────────────────────────────────────────────────────
[property] start predicate_id='' property_label='NLP task output translation mapping cardinality' key='NLP task output translation mapping cardinality' mapping='III.7'
[property] no_answers property_label='NLP task output translation mapping cardinality'
[sep] ────────────────────────────────────────────────────────────
[property] start predicate_id='' property_label='NLP task output type' key='NLP task output type' mapping="['III.2', 'III.4', 'III.6', 'III.8', 'III.9']"
[selected_answers] answer answer='Binary-multi label' resource_mapping_key='NLP task output type'
[options_details] answer answer='Binary-multi label' resource_mapping_key='NLP task output type' answer_label_type_in_options_details='No type'
[property] answers property_label='NLP task output type' key='NLP task output type' answers=['Binary-multi label']
[map] to_resource key='NLP task output type' answer='Binary-multi label' object_id='R1544174'
[property] values_resolved property_label='NLP task output type' key='NLP task output type' result_ids=['R1544174']
[property] 10-values_resolved property_label='NLP task output type' key='NLP task output type' result_ids=['R1544174']
[subtemplate] end label='NLP task output' class_id='C121007' subtemplate_id='R1544158'
[sep] ────────────────────────────────────────────────────────────
[subtemplate] end label='NLP task' class_id='C121004' subtemplate_id='R1544138'
[sep] ────────────────────────────────────────────────────────────
[link] created s='R1552909' p='P181003' o='R1552910'
[sep] ──────────────────────────────────────────────────────────── PREDICATE P181011 ────────────────────────────────────────────────────────────
[section] predicate id='P181011' label='NLP dataset'
[sep] ──────────────────────────────────────────────────────────── SUBTEMPLATE NLP dataset ────────────────────────────────────────────────────────────
[subtemplate] start label='NLP dataset' class_id='C121010' subtemplate_id='R1544216'
[sep] ────────────────────────────────────────────────────────────
[property] start predicate_id='' property_label='NLP data item' key='NLP data item' mapping='IV.1'
[options_details] answer answer='1502 requirements from 8 datasets' resource_mapping_key='NLP data item' answer_label_type_in_options_details='Text'
[property] answers property_label='NLP data item' key='NLP data item' answers=['1502 requirements from 8 datasets']
[literal] created key='NLP data item' answer='1502 requirements from 8 datasets' id='L3614257'
[property] values_resolved property_label='NLP data item' key='NLP data item' result_ids=['L3614257']
[property] 10-values_resolved property_label='NLP data item' key='NLP data item' result_ids=['L3614257']
[sep] ────────────────────────────────────────────────────────────
[property] start predicate_id='' property_label='NLP data production time' key='NLP data prodcution time' mapping='IV.2'
[options_details] answer answer='2000-now' resource_mapping_key='NLP data prodcution time' answer_label_type_in_options_details='Text'
[property] answers property_label='NLP data production time' key='NLP data prodcution time' answers=['2000-now']
[literal] created key='NLP data prodcution time' answer='2000-now' id='L3614258'
[property] values_resolved property_label='NLP data production time' key='NLP data prodcution time' result_ids=['L3614258']
[property] 10-values_resolved property_label='NLP data production time' key='NLP data prodcution time' result_ids=['L3614258']
[sep] ────────────────────────────────────────────────────────────
[sep] ──────────────────────────────────────────────────────────── SUBTEMPLATE NLP data source ────────────────────────────────────────────────────────────
[subtemplate] start label='NLP data source' class_id='C121011' subtemplate_id='R1544223'
[sep] ────────────────────────────────────────────────────────────
[property] start predicate_id='' property_label='NLP data source type' key='NLP data source type' mapping='IV.3'
[selected_answers] answer answer='Industrial project, proprietary data' resource_mapping_key='NLP data source type'
[selected_answers] answer answer='Industrial project, publicly available data' resource_mapping_key='NLP data source type'
[selected_answers] answer answer='Toy Requirements' resource_mapping_key='NLP data source type'
[options_details] answer answer='Industrial project, proprietary data' resource_mapping_key='NLP data source type' answer_label_type_in_options_details='No type'
[options_details] answer answer='Industrial project, publicly available data' resource_mapping_key='NLP data source type' answer_label_type_in_options_details='No type'
[options_details] answer answer='Toy Requirements' resource_mapping_key='NLP data source type' answer_label_type_in_options_details='No type'
[property] answers property_label='NLP data source type' key='NLP data source type' answers=['Industrial project, proprietary data', 'Industrial project, publicly available data', 'Toy Requirements']
[map] to_resource key='NLP data source type' answer='Industrial project, proprietary data' object_id='R1544228'
[map] to_resource key='NLP data source type' answer='Industrial project, publicly available data' object_id='R1544230'
[map] to_resource key='NLP data source type' answer='Toy Requirements' object_id='R1544227'
[property] values_resolved property_label='NLP data source type' key='NLP data source type' result_ids=['R1544228', 'R1544230', 'R1544227']
[property] 10-values_resolved property_label='NLP data source type' key='NLP data source type' result_ids=['R1544228', 'R1544230', 'R1544227']
[sep] ────────────────────────────────────────────────────────────
[property] start predicate_id='' property_label='Number of data sources' key='Number of data sources' mapping='IV.9'
[options_details] answer answer='8' resource_mapping_key='Number of data sources' answer_label_type_in_options_details='Text'
[property] answers property_label='Number of data sources' key='Number of data sources' answers=['8']
[Integer literal] fallback_to_text key='Number of data sources' answer='8'
[literal] created key='Number of data sources' answer='8' id='L3614259'
[property] values_resolved property_label='Number of data sources' key='Number of data sources' result_ids=['L3614259']
[property] 10-values_resolved property_label='Number of data sources' key='Number of data sources' result_ids=['L3614259']
[sep] ────────────────────────────────────────────────────────────
[property] start predicate_id='' property_label='NLP data source domain' key='NLP data source domain' mapping='IV.8'
[options_details] answer answer='aerospace, information systems, unmanned aerial vehicles' resource_mapping_key='NLP data source domain' answer_label_type_in_options_details='Text'
[property] answers property_label='NLP data source domain' key='NLP data source domain' answers=['aerospace', 'information systems', 'unmanned aerial vehicles']
[resource] created label='aerospace' class_id='C121053' id='R1552914'
[unmapped] categorical_created key='NLP data source domain' answer='aerospace' id='R1552914'
[resource] created label='information systems' class_id='C121053' id='R1552915'
[unmapped] categorical_created key='NLP data source domain' answer='information systems' id='R1552915'
[resource] created label='unmanned aerial vehicles' class_id='C121053' id='R1552916'
[unmapped] categorical_created key='NLP data source domain' answer='unmanned aerial vehicles' id='R1552916'
[property] values_resolved property_label='NLP data source domain' key='NLP data source domain' result_ids=['R1552914', 'R1552915', 'R1552916']
[property] 10-values_resolved property_label='NLP data source domain' key='NLP data source domain' result_ids=['R1552914', 'R1552915', 'R1552916']
[subtemplate] end label='NLP data source' class_id='C121011' subtemplate_id='R1544223'
[sep] ────────────────────────────────────────────────────────────
[sep] ────────────────────────────────────────────────────────────
[property] start predicate_id='' property_label='NLP data abstraction level' key='NLP data abstraction level' mapping='IV.4'
[selected_answers] answer answer='System-level' resource_mapping_key='NLP data abstraction level'
[options_details] answer answer='System-level' resource_mapping_key='NLP data abstraction level' answer_label_type_in_options_details='No type'
[property] answers property_label='NLP data abstraction level' key='NLP data abstraction level' answers=['System-level']
[map] to_resource key='NLP data abstraction level' answer='System-level' object_id='R1544241'
[property] values_resolved property_label='NLP data abstraction level' key='NLP data abstraction level' result_ids=['R1544241']
[property] 10-values_resolved property_label='NLP data abstraction level' key='NLP data abstraction level' result_ids=['R1544241']
[sep] ────────────────────────────────────────────────────────────
[sep] ──────────────────────────────────────────────────────────── SUBTEMPLATE NLP data type ────────────────────────────────────────────────────────────
[subtemplate] start label='NLP data type' class_id='C121015' subtemplate_id='R1544245'
[sep] ────────────────────────────────────────────────────────────
[property] start predicate_id='' property_label='NLP data format' key='NLP data format' mapping='IV.5'
[selected_answers] answer answer='"Shall" requirements' resource_mapping_key='NLP data format'
[options_details] answer answer='"Shall" requirements' resource_mapping_key='NLP data format' answer_label_type_in_options_details='No type'
[property] answers property_label='NLP data format' key='NLP data format' answers=['"Shall" requirements']
[map] to_resource key='NLP data format' answer='"Shall" requirements' object_id='R1544249'
[property] values_resolved property_label='NLP data format' key='NLP data format' result_ids=['R1544249']
[property] 10-values_resolved property_label='NLP data format' key='NLP data format' result_ids=['R1544249']
[sep] ────────────────────────────────────────────────────────────
[property] start predicate_id='' property_label='Rigor of data format' key='Rigor of data format' mapping='IV.6'
[selected_answers] answer answer='Unconstrained natural language' resource_mapping_key='Rigor of data format'
[options_details] answer answer='Unconstrained natural language' resource_mapping_key='Rigor of data format' answer_label_type_in_options_details='No type'
[property] answers property_label='Rigor of data format' key='Rigor of data format' answers=['Unconstrained natural language']
[map] to_resource key='Rigor of data format' answer='Unconstrained natural language' object_id='R1544258'
[property] values_resolved property_label='Rigor of data format' key='Rigor of data format' result_ids=['R1544258']
[property] 10-values_resolved property_label='Rigor of data format' key='Rigor of data format' result_ids=['R1544258']
[sep] ────────────────────────────────────────────────────────────
[property] start predicate_id='' property_label='Natural language' key='Natural language' mapping='IV.7'
[options_details] answer answer='English' resource_mapping_key='Natural language' answer_label_type_in_options_details='Text'
[property] answers property_label='Natural language' key='Natural language' answers=['English']
[literal] created key='Natural language' answer='English' id='L3614260'
[property] values_resolved property_label='Natural language' key='Natural language' result_ids=['L3614260']
[property] 10-values_resolved property_label='Natural language' key='Natural language' result_ids=['L3614260']
[subtemplate] end label='NLP data type' class_id='C121015' subtemplate_id='R1544245'
[sep] ────────────────────────────────────────────────────────────
[sep] ────────────────────────────────────────────────────────────
[sep] ──────────────────────────────────────────────────────────── SUBTEMPLATE License ────────────────────────────────────────────────────────────
[subtemplate] start label='License' class_id='C121018' subtemplate_id='R1544265'
[sep] ────────────────────────────────────────────────────────────
[property] start predicate_id='' property_label='Public availability' key='Public availability' mapping='IV.10'
[selected_answers] answer answer='Partially' resource_mapping_key='Public availability'
[options_details] answer answer='Partially' resource_mapping_key='Public availability' answer_label_type_in_options_details='No type'
[property] answers property_label='Public availability' key='Public availability' answers=['Partially']
[map] to_resource key='Public availability' answer='Partially' object_id='R1544269'
[property] values_resolved property_label='Public availability' key='Public availability' result_ids=['R1544269']
[property] 10-values_resolved property_label='Public availability' key='Public availability' result_ids=['R1544269']
[sep] ────────────────────────────────────────────────────────────
[property] start predicate_id='' property_label='License type' key='License type' mapping='IV.11'
[selected_answers] answer answer='No license' resource_mapping_key='License type'
[options_details] answer answer='No license' resource_mapping_key='License type' answer_label_type_in_options_details='No type'
[property] answers property_label='License type' key='License type' answers=['No license']
[map] to_resource key='License type' answer='No license' object_id='R1544274'
[property] values_resolved property_label='License type' key='License type' result_ids=['R1544274']
[property] 10-values_resolved property_label='License type' key='License type' result_ids=['R1544274']
[subtemplate] end label='License' class_id='C121018' subtemplate_id='R1544265'
[sep] ────────────────────────────────────────────────────────────
[sep] ────────────────────────────────────────────────────────────
[sep] ──────────────────────────────────────────────────────────── SUBTEMPLATE Dataset location ────────────────────────────────────────────────────────────
[subtemplate] start label='Dataset location' class_id='C121022' subtemplate_id='R1544278'
[sep] ────────────────────────────────────────────────────────────
[property] start predicate_id='' property_label='Location type' key='Dataset location type' mapping='IV.12'
[selected_answers] answer answer='In a persistent platform with DOI' resource_mapping_key='Dataset location type'
[options_details] answer answer='In a persistent platform with DOI' resource_mapping_key='Dataset location type' answer_label_type_in_options_details='No type'
[property] answers property_label='Location type' key='Dataset location type' answers=['In a persistent platform with DOI']
[map] to_resource key='Dataset location type' answer='In a persistent platform with DOI' object_id='R1544282'
[property] values_resolved property_label='Location type' key='Dataset location type' result_ids=['R1544282']
[property] 10-values_resolved property_label='Location type' key='Dataset location type' result_ids=['R1544282']
[sep] ────────────────────────────────────────────────────────────
[property] start predicate_id='' property_label='URL' key='url' mapping='IV.13'
[options_details] answer answer='https://zenodo.org/record/3309669#.YO7nHEyxWUk' resource_mapping_key='url' answer_label_type_in_options_details='Text'
[property] answers property_label='URL' key='url' answers=['https://zenodo.org/record/3309669#.YO7nHEyxWUk']
[literal] created key='url' answer='https://zenodo.org/record/3309669#.YO7nHEyxWUk' id='L3614261'
[property] values_resolved property_label='URL' key='url' result_ids=['L3614261']
[property] 10-values_resolved property_label='URL' key='url' result_ids=['L3614261']
[subtemplate] end label='Dataset location' class_id='C121022' subtemplate_id='R1544278'
[sep] ────────────────────────────────────────────────────────────
[subtemplate] end label='NLP dataset' class_id='C121010' subtemplate_id='R1544216'
[sep] ────────────────────────────────────────────────────────────
[link] created s='R1552909' p='P181011' o='R1552912'
[sep] ──────────────────────────────────────────────────────────── PREDICATE P181031 ────────────────────────────────────────────────────────────
[section] predicate id='P181031' label='Annotation process'
[sep] ──────────────────────────────────────────────────────────── SUBTEMPLATE Annotation process ────────────────────────────────────────────────────────────
[subtemplate] start label='Annotation process' class_id='C121025' subtemplate_id='R1544287'
[sep] ────────────────────────────────────────────────────────────
[sep] ──────────────────────────────────────────────────────────── SUBTEMPLATE Annotator ────────────────────────────────────────────────────────────
[subtemplate] start label='Annotator' class_id='C121026' subtemplate_id='R1544290'
[sep] ────────────────────────────────────────────────────────────
[property] start predicate_id='' property_label='Number of annotators' key='Number of annotators' mapping='V.1'
[options_details] answer answer='4' resource_mapping_key='Number of annotators' answer_label_type_in_options_details='Text'
[property] answers property_label='Number of annotators' key='Number of annotators' answers=['4']
[Integer literal] fallback_to_text key='Number of annotators' answer='4'
[literal] created key='Number of annotators' answer='4' id='L3614262'
[property] values_resolved property_label='Number of annotators' key='Number of annotators' result_ids=['L3614262']
[property] 10-values_resolved property_label='Number of annotators' key='Number of annotators' result_ids=['L3614262']
[sep] ────────────────────────────────────────────────────────────
[property] start predicate_id='' property_label='Annotator assignment' key='Annotator assignment' mapping='V.2'
[selected_answers] answer answer='Multiple annotators per entry' resource_mapping_key='Annotator assignment'
[options_details] answer answer='Multiple annotators per entry' resource_mapping_key='Annotator assignment' answer_label_type_in_options_details='No type'
[property] answers property_label='Annotator assignment' key='Annotator assignment' answers=['Multiple annotators per entry']
[map] to_resource key='Annotator assignment' answer='Multiple annotators per entry' object_id='R1544293'
[property] values_resolved property_label='Annotator assignment' key='Annotator assignment' result_ids=['R1544293']
[property] 10-values_resolved property_label='Annotator assignment' key='Annotator assignment' result_ids=['R1544293']
[sep] ────────────────────────────────────────────────────────────
[property] start predicate_id='' property_label='Level of application domain experience' key='Level of application domain experience' mapping='V.3'
[selected_answers] answer answer='Informed outsider' resource_mapping_key='Level of application domain experience'
[selected_answers] answer answer='Domain expert' resource_mapping_key='Level of application domain experience'
[options_details] answer answer='Informed outsider' resource_mapping_key='Level of application domain experience' answer_label_type_in_options_details='No type'
[options_details] answer answer='Domain expert' resource_mapping_key='Level of application domain experience' answer_label_type_in_options_details='No type'
[property] answers property_label='Level of application domain experience' key='Level of application domain experience' answers=['Informed outsider', 'Domain expert']
[map] to_resource key='Level of application domain experience' answer='Informed outsider' object_id='R1544300'
[map] to_resource key='Level of application domain experience' answer='Domain expert' object_id='R1544299'
[property] values_resolved property_label='Level of application domain experience' key='Level of application domain experience' result_ids=['R1544300', 'R1544299']
[property] 10-values_resolved property_label='Level of application domain experience' key='Level of application domain experience' result_ids=['R1544300', 'R1544299']
[sep] ────────────────────────────────────────────────────────────
[property] start predicate_id='' property_label='Annotator identity' key='Annotator identity' mapping='V.4'
[selected_answers] answer answer='The designers of the technique/tool' resource_mapping_key='Annotator identity'
[options_details] answer answer='The designers of the technique/tool' resource_mapping_key='Annotator identity' answer_label_type_in_options_details='No type'
[property] answers property_label='Annotator identity' key='Annotator identity' answers=['The designers of the technique/tool']
[map] to_resource key='Annotator identity' answer='The designers of the technique/tool' object_id='R1544302'
[property] values_resolved property_label='Annotator identity' key='Annotator identity' result_ids=['R1544302']
[property] 10-values_resolved property_label='Annotator identity' key='Annotator identity' result_ids=['R1544302']
[subtemplate] end label='Annotator' class_id='C121026' subtemplate_id='R1544290'
[sep] ────────────────────────────────────────────────────────────
[sep] ────────────────────────────────────────────────────────────
[sep] ──────────────────────────────────────────────────────────── SUBTEMPLATE Annotation scheme ────────────────────────────────────────────────────────────
[subtemplate] start label='Annotation scheme' class_id='C121030' subtemplate_id='R1544307'
[sep] ────────────────────────────────────────────────────────────
[property] start predicate_id='' property_label='Scheme establishment' key='Scheme establishement' mapping='V.5'
[selected_answers] answer answer='Oral agreement among the taggers' resource_mapping_key='Scheme establishement'
[options_details] answer answer='Oral agreement among the taggers' resource_mapping_key='Scheme establishement' answer_label_type_in_options_details='No type'
[property] answers property_label='Scheme establishment' key='Scheme establishement' answers=['Oral agreement among the taggers']
[map] to_resource key='Scheme establishement' answer='Oral agreement among the taggers' object_id='R1544311'
[property] values_resolved property_label='Scheme establishment' key='Scheme establishement' result_ids=['R1544311']
[property] 10-values_resolved property_label='Scheme establishment' key='Scheme establishement' result_ids=['R1544311']
[sep] ────────────────────────────────────────────────────────────
[property] start predicate_id='' property_label='Guideline availability' key='Guideline availability' mapping='V.6'
[selected_answers] answer answer='No' resource_mapping_key='Guideline availability'
[options_details] answer answer='No' resource_mapping_key='Guideline availability' answer_label_type_in_options_details='No type'
[property] answers property_label='Guideline availability' key='Guideline availability' answers=['No']
[map] to_resource key='Guideline availability' answer='No' object_id='R1544314'
[property] values_resolved property_label='Guideline availability' key='Guideline availability' result_ids=['R1544314']
[property] 10-values_resolved property_label='Guideline availability' key='Guideline availability' result_ids=['R1544314']
[subtemplate] end label='Annotation scheme' class_id='C121030' subtemplate_id='R1544307'
[sep] ────────────────────────────────────────────────────────────
[sep] ────────────────────────────────────────────────────────────
[property] start predicate_id='' property_label='Shared material' key='Shared material' mapping='V.7'
[selected_answers] answer answer='Surrounding context' resource_mapping_key='Shared material'
[options_details] answer answer='Surrounding context' resource_mapping_key='Shared material' answer_label_type_in_options_details='No type'
[property] answers property_label='Shared material' key='Shared material' answers=['Surrounding context']
[map] to_resource key='Shared material' answer='Surrounding context' object_id='R1544320'
[property] values_resolved property_label='Shared material' key='Shared material' result_ids=['R1544320']
[property] 10-values_resolved property_label='Shared material' key='Shared material' result_ids=['R1544320']
[sep] ────────────────────────────────────────────────────────────
[property] start predicate_id='' property_label='Fatigue mitigation technique' key='Fatigue mitigation technique' mapping='V.8'
[selected_answers] answer answer='No' resource_mapping_key='Fatigue mitigation technique'
[options_details] answer answer='No' resource_mapping_key='Fatigue mitigation technique' answer_label_type_in_options_details='No type'
[property] answers property_label='Fatigue mitigation technique' key='Fatigue mitigation technique' answers=['No']
[map] to_resource key='Fatigue mitigation technique' answer='No' object_id='R1544324'
[property] values_resolved property_label='Fatigue mitigation technique' key='Fatigue mitigation technique' result_ids=['R1544324']
[property] 10-values_resolved property_label='Fatigue mitigation technique' key='Fatigue mitigation technique' result_ids=['R1544324']
[sep] ────────────────────────────────────────────────────────────
[sep] ──────────────────────────────────────────────────────────── SUBTEMPLATE Annotator agreement ────────────────────────────────────────────────────────────
[subtemplate] start label='Annotator agreement' class_id='C121035' subtemplate_id='R1544326'
[sep] ────────────────────────────────────────────────────────────
[property] start predicate_id='' property_label='Intercoder reliability metric' key='Intercoder reliability metric' mapping='V.9'
[selected_answers] answer answer="Krippendorf's Alpha" resource_mapping_key='Intercoder reliability metric'
[options_details] answer answer="Krippendorf's Alpha" resource_mapping_key='Intercoder reliability metric' answer_label_type_in_options_details='No type'
[property] answers property_label='Intercoder reliability metric' key='Intercoder reliability metric' answers=["Krippendorf's Alpha"]
[map] to_resource key='Intercoder reliability metric' answer="Krippendorf's Alpha" object_id='R1544330'
[property] values_resolved property_label='Intercoder reliability metric' key='Intercoder reliability metric' result_ids=['R1544330']
[property] 10-values_resolved property_label='Intercoder reliability metric' key='Intercoder reliability metric' result_ids=['R1544330']
[sep] ────────────────────────────────────────────────────────────
[property] start predicate_id='' property_label='Conflict resolution' key='Conflict resolution' mapping='V.10'
[selected_answers] answer answer='Discussion among taggers' resource_mapping_key='Conflict resolution'
[selected_answers] answer answer='Resolution by independent expert (not an annotator)' resource_mapping_key='Conflict resolution'
[options_details] answer answer='Discussion among taggers' resource_mapping_key='Conflict resolution' answer_label_type_in_options_details='No type'
[options_details] answer answer='Resolution by independent expert (not an annotator)' resource_mapping_key='Conflict resolution' answer_label_type_in_options_details='No type'
[property] answers property_label='Conflict resolution' key='Conflict resolution' answers=['Discussion among taggers', 'Resolution by independent expert']
[resource] created label='Discussion among taggers' class_id='C121037' id='R1552924'
[unmapped] categorical_created key='Conflict resolution' answer='Discussion among taggers' id='R1552924'
[resource] created label='Resolution by independent expert' class_id='C121037' id='R1552925'
[unmapped] categorical_created key='Conflict resolution' answer='Resolution by independent expert' id='R1552925'
[property] values_resolved property_label='Conflict resolution' key='Conflict resolution' result_ids=['R1552924', 'R1552925']
[property] 10-values_resolved property_label='Conflict resolution' key='Conflict resolution' result_ids=['R1552924', 'R1552925']
[sep] ────────────────────────────────────────────────────────────
[property] start predicate_id='' property_label='Measured agreement' key='Measured agreement' mapping='V.11'
[options_details] answer answer='Between -0.38 and 0.74. See Table 1 of the paper' resource_mapping_key='Measured agreement' answer_label_type_in_options_details='Text'
[property] answers property_label='Measured agreement' key='Measured agreement' answers=['Between -0.38 and 0.74. See Table 1 of the paper']
[literal] created key='Measured agreement' answer='Between -0.38 and 0.74. See Table 1 of the paper' id='L3614263'
[property] values_resolved property_label='Measured agreement' key='Measured agreement' result_ids=['L3614263']
[property] 10-values_resolved property_label='Measured agreement' key='Measured agreement' result_ids=['L3614263']
[subtemplate] end label='Annotator agreement' class_id='C121035' subtemplate_id='R1544326'
[sep] ────────────────────────────────────────────────────────────
[subtemplate] end label='Annotation process' class_id='C121025' subtemplate_id='R1544287'
[sep] ────────────────────────────────────────────────────────────
[link] created s='R1552909' p='P181031' o='R1552920'
[sep] ──────────────────────────────────────────────────────────── PREDICATE P181046 ────────────────────────────────────────────────────────────
[section] predicate id='P181046' label='Implemented approach'
[sep] ──────────────────────────────────────────────────────────── SUBTEMPLATE Implemented approach ────────────────────────────────────────────────────────────
[subtemplate] start label='Implemented approach' class_id='C121038' subtemplate_id='R1544363'
[sep] ────────────────────────────────────────────────────────────
[property] start predicate_id='' property_label='Approach type' key='Approach type' mapping='VI.1'
[selected_answers] answer answer='Supervised ML' resource_mapping_key='Approach type'
[options_details] answer answer='Supervised ML' resource_mapping_key='Approach type' answer_label_type_in_options_details='No type'
[property] answers property_label='Approach type' key='Approach type' answers=['Supervised ML']
[map] to_resource key='Approach type' answer='Supervised ML' object_id='R1544368'
[property] values_resolved property_label='Approach type' key='Approach type' result_ids=['R1544368']
[property] 10-values_resolved property_label='Approach type' key='Approach type' result_ids=['R1544368']
[sep] ────────────────────────────────────────────────────────────
[property] start predicate_id='' property_label='Algorithm used' key='Algorithm used' mapping='VI.2'
[options_details] answer answer='SVM' resource_mapping_key='Algorithm used' answer_label_type_in_options_details='Text'
[property] answers property_label='Algorithm used' key='Algorithm used' answers=['SVM']
[resource] created label='SVM' class_id='C121040' id='R1552927'
[unmapped] categorical_created key='Algorithm used' answer='SVM' id='R1552927'
[property] values_resolved property_label='Algorithm used' key='Algorithm used' result_ids=['R1552927']
[property] 10-values_resolved property_label='Algorithm used' key='Algorithm used' result_ids=['R1552927']
[sep] ────────────────────────────────────────────────────────────
[property] start predicate_id='' property_label='Running requirements' key='Running requirements' mapping='VI.4'
[selected_answers] answer answer='Import and integrate into your own code' resource_mapping_key='Running requirements'
[options_details] answer answer='Import and integrate into your own code' resource_mapping_key='Running requirements' answer_label_type_in_options_details='No type'
[property] answers property_label='Running requirements' key='Running requirements' answers=['Import and integrate into your own code']
[map] to_resource key='Running requirements' answer='Import and integrate into your own code' object_id='R1544381'
[property] values_resolved property_label='Running requirements' key='Running requirements' result_ids=['R1544381']
[property] 10-values_resolved property_label='Running requirements' key='Running requirements' result_ids=['R1544381']
[sep] ────────────────────────────────────────────────────────────
[property] start predicate_id='' property_label='Documentation' key='Documentation' mapping='VI.5'
[selected_answers] answer answer='README file' resource_mapping_key='Documentation'
[selected_answers] answer answer='An academic paper' resource_mapping_key='Documentation'
[options_details] answer answer='README file' resource_mapping_key='Documentation' answer_label_type_in_options_details='No type'
[options_details] answer answer='An academic paper' resource_mapping_key='Documentation' answer_label_type_in_options_details='No type'
[property] answers property_label='Documentation' key='Documentation' answers=['README file', 'An academic paper']
[map] to_resource key='Documentation' answer='README file' object_id='R1544390'
[map] to_resource key='Documentation' answer='An academic paper' object_id='R1544386'
[property] values_resolved property_label='Documentation' key='Documentation' result_ids=['R1544390', 'R1544386']
[property] 10-values_resolved property_label='Documentation' key='Documentation' result_ids=['R1544390', 'R1544386']
[sep] ────────────────────────────────────────────────────────────
[property] start predicate_id='' property_label='Dependency' key='Dependency' mapping='VI.6'
[selected_answers] answer answer='Open source libraries / software' resource_mapping_key='Dependency'
[options_details] answer answer='Open source libraries / software' resource_mapping_key='Dependency' answer_label_type_in_options_details='No type'
[property] answers property_label='Dependency' key='Dependency' answers=['Open source libraries / software']
[map] to_resource key='Dependency' answer='Open source libraries / software' object_id='R1544394'
[property] values_resolved property_label='Dependency' key='Dependency' result_ids=['R1544394']
[property] 10-values_resolved property_label='Dependency' key='Dependency' result_ids=['R1544394']
[sep] ────────────────────────────────────────────────────────────
[property] start predicate_id='' property_label='License type' key='License type' mapping='VI.8'
[selected_answers] answer answer='License: Modification only for non-commercial purposes' resource_mapping_key='License type'
[options_details] answer answer='License: Modification only for non-commercial purposes' resource_mapping_key='License type' answer_label_type_in_options_details='No type'
[property] answers property_label='License type' key='License type' answers=['License: Modification only for non-commercial purposes']
[map] to_resource key='License type' answer='License: Modification only for non-commercial purposes' object_id='R1544275'
[property] values_resolved property_label='License type' key='License type' result_ids=['R1544275']
[property] 10-values_resolved property_label='License type' key='License type' result_ids=['R1544275']
[sep] ────────────────────────────────────────────────────────────
[sep] ──────────────────────────────────────────────────────────── SUBTEMPLATE Release ────────────────────────────────────────────────────────────
[subtemplate] start label='Release' class_id='C121044' subtemplate_id='R1544401'
[sep] ────────────────────────────────────────────────────────────
[property] start predicate_id='' property_label='Release format' key='Release format' mapping='VI.3'
[selected_answers] answer answer='Source code' resource_mapping_key='Release format'
[selected_answers] answer answer='Executable notebook' resource_mapping_key='Release format'
[options_details] answer answer='Source code' resource_mapping_key='Release format' answer_label_type_in_options_details='No type'
[options_details] answer answer='Executable notebook' resource_mapping_key='Release format' answer_label_type_in_options_details='No type'
[property] answers property_label='Release format' key='Release format' answers=['Source code', 'Executable notebook']
[map] to_resource key='Release format' answer='Source code' object_id='R1544410'
[map] to_resource key='Release format' answer='Executable notebook' object_id='R1544407'
[property] values_resolved property_label='Release format' key='Release format' result_ids=['R1544410', 'R1544407']
[property] 10-values_resolved property_label='Release format' key='Release format' result_ids=['R1544410', 'R1544407']
[sep] ────────────────────────────────────────────────────────────
[property] start predicate_id='' property_label='Location type' key='Tool location type' mapping='VI.7'
[selected_answers] answer answer='In a repository' resource_mapping_key='Tool location type'
[options_details] answer answer='In a repository' resource_mapping_key='Tool location type' answer_label_type_in_options_details='No type'
[property] answers property_label='Location type' key='Tool location type' answers=['In a repository']
[map] to_resource key='Tool location type' answer='In a repository' object_id='R1544415'
[property] values_resolved property_label='Location type' key='Tool location type' result_ids=['R1544415']
[property] 10-values_resolved property_label='Location type' key='Tool location type' result_ids=['R1544415']
[sep] ────────────────────────────────────────────────────────────
[property] start predicate_id='' property_label='URL' key='url' mapping='VI.9'
[options_details] answer answer='https://zenodo.org/record/3309669, https://github.com/explainable-re/RE-2019-Materials' resource_mapping_key='url' answer_label_type_in_options_details='Text'
[property] answers property_label='URL' key='url' answers=['https://zenodo.org/record/3309669', 'https://github.com/explainable-re/RE-2019-Materials']
[literal] created key='url' answer='https://zenodo.org/record/3309669' id='L3614264'
[literal] created key='url' answer='https://github.com/explainable-re/RE-2019-Materials' id='L3614265'
[property] values_resolved property_label='URL' key='url' result_ids=['L3614264', 'L3614265']
[property] 10-values_resolved property_label='URL' key='url' result_ids=['L3614264', 'L3614265']
[subtemplate] end label='Release' class_id='C121044' subtemplate_id='R1544401'
[sep] ────────────────────────────────────────────────────────────
[subtemplate] end label='Implemented approach' class_id='C121038' subtemplate_id='R1544363'
[sep] ────────────────────────────────────────────────────────────
[link] created s='R1552909' p='P181046' o='R1552926'
[sep] ──────────────────────────────────────────────────────────── PREDICATE HAS_EVALUATION ────────────────────────────────────────────────────────────
[section] predicate id='HAS_EVALUATION' label='Evaluation'
[sep] ──────────────────────────────────────────────────────────── SUBTEMPLATE Evaluation ────────────────────────────────────────────────────────────
[subtemplate] start label='Evaluation' class_id='C121047' subtemplate_id='R1544421'
[sep] ────────────────────────────────────────────────────────────
[property] start predicate_id='' property_label='Evaluation metric' key='Evaluation metric' mapping='VII.1'
[selected_answers] answer answer='Precision/Recall' resource_mapping_key='Evaluation metric'
[selected_answers] answer answer='F-Score' resource_mapping_key='Evaluation metric'
[selected_answers] answer answer='AUC' resource_mapping_key='Evaluation metric'
[options_details] answer answer='Precision/Recall' resource_mapping_key='Evaluation metric' answer_label_type_in_options_details='No type'
[options_details] answer answer='F-Score' resource_mapping_key='Evaluation metric' answer_label_type_in_options_details='No type'
[options_details] answer answer='AUC' resource_mapping_key='Evaluation metric' answer_label_type_in_options_details='No type'
[property] answers property_label='Evaluation metric' key='Evaluation metric' answers=['Precision/Recall', 'F-Score', 'AUC']
[map] to_resource key='Evaluation metric' answer='Precision/Recall' object_id='R1544436'
[map] to_resource key='Evaluation metric' answer='F-Score' object_id='R1544442'
[map] to_resource key='Evaluation metric' answer='AUC' object_id='R1544438'
[property] values_resolved property_label='Evaluation metric' key='Evaluation metric' result_ids=['R1544436', 'R1544442', 'R1544438']
[property] 10-values_resolved property_label='Evaluation metric' key='Evaluation metric' result_ids=['R1544436', 'R1544442', 'R1544438']
[sep] ────────────────────────────────────────────────────────────
[property] start predicate_id='' property_label='Validation procedure' key='Validation procedure' mapping='VII.2'
[selected_answers] answer answer='Train-test split' resource_mapping_key='Validation procedure'
[selected_answers] answer answer='Cross-project validation' resource_mapping_key='Validation procedure'
[options_details] answer answer='Train-test split' resource_mapping_key='Validation procedure' answer_label_type_in_options_details='No type'
[options_details] answer answer='Cross-project validation' resource_mapping_key='Validation procedure' answer_label_type_in_options_details='No type'
[property] answers property_label='Validation procedure' key='Validation procedure' answers=['Train-test split', 'Cross-project validation']
[map] to_resource key='Validation procedure' answer='Train-test split' object_id='R1544445'
[map] to_resource key='Validation procedure' answer='Cross-project validation' object_id='R1544447'
[property] values_resolved property_label='Validation procedure' key='Validation procedure' result_ids=['R1544445', 'R1544447']
[property] 10-values_resolved property_label='Validation procedure' key='Validation procedure' result_ids=['R1544445', 'R1544447']
[sep] ────────────────────────────────────────────────────────────
[sep] ──────────────────────────────────────────────────────────── SUBTEMPLATE Baseline comparison ────────────────────────────────────────────────────────────
[subtemplate] start label='Baseline comparison' class_id='C121050' subtemplate_id='R1544450'
[sep] ────────────────────────────────────────────────────────────
[property] start predicate_id='' property_label='Baseline comparison type' key='Baseline comparison type' mapping='VII.3'
[selected_answers] answer answer='Reconstructed tool from other research' resource_mapping_key='Baseline comparison type'
[options_details] answer answer='Reconstructed tool from other research' resource_mapping_key='Baseline comparison type' answer_label_type_in_options_details='No type'
[property] answers property_label='Baseline comparison type' key='Baseline comparison type' answers=['Reconstructed tool from other research']
[map] to_resource key='Baseline comparison type' answer='Reconstructed tool from other research' object_id='R1544456'
[property] values_resolved property_label='Baseline comparison type' key='Baseline comparison type' result_ids=['R1544456']
[property] 10-values_resolved property_label='Baseline comparison type' key='Baseline comparison type' result_ids=['R1544456']
[sep] ────────────────────────────────────────────────────────────
[property] start predicate_id='' property_label='Baseline comparison details' key='Baseline comparison details' mapping='VII.4'
[options_details] answer answer='Reconstruction of the approach described below (also available online with code and data):\r\rZ. Kurtanovic and W. Maalej, “Automatically classifying functional and non-functional requirements using supervised machine learning,” in IEEE International Requirements Engineering Conference (RE), 2017, pp. 490–495.' resource_mapping_key='Baseline comparison details' answer_label_type_in_options_details='Text'
[property] answers property_label='Baseline comparison details' key='Baseline comparison details' answers=['Reconstruction of the approach described below (also available online with code and data):\r\rZ. Kurtanovic and W. Maalej, “Automatically classifying functional and non-functional requirements using supervised machine learning,” in IEEE International Requirements Engineering Conference (RE), 2017, pp. 490–495.']
[literal] created key='Baseline comparison details' answer='Reconstruction of the approach described below (also available online with code and data):\r\rZ. Kurtanovic and W. Maalej, “Automatically classifying functional and non-functional requirements using supervised machine learning,” in IEEE International Requirements Engineering Conference (RE), 2017, pp. 490–495.' id='L3614266'
[property] values_resolved property_label='Baseline comparison details' key='Baseline comparison details' result_ids=['L3614266']
[property] 10-values_resolved property_label='Baseline comparison details' key='Baseline comparison details' result_ids=['L3614266']
[subtemplate] end label='Baseline comparison' class_id='C121050' subtemplate_id='R1544450'
[sep] ────────────────────────────────────────────────────────────
[subtemplate] end label='Evaluation' class_id='C121047' subtemplate_id='R1544421'
[sep] ────────────────────────────────────────────────────────────
[link] created s='R1552909' p='HAS_EVALUATION' o='R1552929'
