[run] start run_id='de215f6c'
[connect] ok host='https://orkg.org'
[json] loaded path='/Users/amirrezaalasti/Desktop/TIB/nlp4re/pdf2JSON_Results/AlessioFerrari-AndreaEsuli-ASEJ19.json'
[run] instance run_id='de215f6c' instance_id='R1550277'
[sep] ──────────────────────────────────────────────────────────── PREDICATE P181002 ────────────────────────────────────────────────────────────
[section] predicate id='P181002' label='RE task'
[property] start predicate_id='' property_label='RE task' key='RE task' mapping='I.1'
[property] no_answers property_label='RE task'
[sep] ──────────────────────────────────────────────────────────── PREDICATE P181003 ────────────────────────────────────────────────────────────
[section] predicate id='P181003' label='NLP task'
[sep] ──────────────────────────────────────────────────────────── SUBTEMPLATE NLP task ────────────────────────────────────────────────────────────
[subtemplate] start label='NLP task' class_id='C121004' subtemplate_id='R1544138'
[sep] ────────────────────────────────────────────────────────────
[property] start predicate_id='' property_label='NLP task type' key='NLP task type' mapping='II.1'
[property] no_answers property_label='NLP task type'
[sep] ────────────────────────────────────────────────────────────
[property] start predicate_id='' property_label='NLP task input' key='NLP task input' mapping='III.1'
[property] no_answers property_label='NLP task input'
[sep] ────────────────────────────────────────────────────────────
[sep] ──────────────────────────────────────────────────────────── SUBTEMPLATE NLP task output ────────────────────────────────────────────────────────────
[subtemplate] start label='NLP task output' class_id='C121007' subtemplate_id='R1544158'
[sep] ────────────────────────────────────────────────────────────
[property] start predicate_id='' property_label='NLP task output classification label' key='NLP task output classification label' mapping='III.3'
[property] no_answers property_label='NLP task output classification label'
[literal] created key='NLP task output classification label' answer='Not reported' id='L3612571'
[sep] ────────────────────────────────────────────────────────────
[property] start predicate_id='' property_label='NLP task output extracted element' key='NLP task output extracted element' mapping='III.5'
[property] no_answers property_label='NLP task output extracted element'
[literal] created key='NLP task output extracted element' answer='Not reported' id='L3612572'
[sep] ────────────────────────────────────────────────────────────
[property] start predicate_id='' property_label='NLP task output translation mapping cardinality' key='NLP task output translation mapping cardinality' mapping='III.7'
[property] no_answers property_label='NLP task output translation mapping cardinality'
[sep] ────────────────────────────────────────────────────────────
[property] start predicate_id='' property_label='NLP task output type' key='NLP task output type' mapping="['III.2', 'III.4', 'III.6', 'III.8', 'III.9']"
[property] answers property_label='NLP task output type' key='NLP task output type' answers=['language models representing stakeholders use of the language, to be used for disambiguation']
[resource] created label='language models representing stakeholders use of the language, to be used for disambiguation' class_id='C121008' id='R1550280'
[unmapped] categorical_created key='NLP task output type' answer='language models representing stakeholders use of the language, to be used for disambiguation' id='R1550280'
[property] values_resolved property_label='NLP task output type' key='NLP task output type' result_ids=['R1550280']
[property] 10-values_resolved property_label='NLP task output type' key='NLP task output type' result_ids=['R1550280']
[subtemplate] end label='NLP task output' class_id='C121007' subtemplate_id='R1544158'
[sep] ────────────────────────────────────────────────────────────
[subtemplate] end label='NLP task' class_id='C121004' subtemplate_id='R1544138'
[sep] ────────────────────────────────────────────────────────────
[link] created s='R1550277' p='P181003' o='R1550278'
[sep] ──────────────────────────────────────────────────────────── PREDICATE P181011 ────────────────────────────────────────────────────────────
[section] predicate id='P181011' label='NLP dataset'
[sep] ──────────────────────────────────────────────────────────── SUBTEMPLATE NLP dataset ────────────────────────────────────────────────────────────
[subtemplate] start label='NLP dataset' class_id='C121010' subtemplate_id='R1544216'
[sep] ────────────────────────────────────────────────────────────
[property] start predicate_id='' property_label='NLP data item' key='NLP data item' mapping='IV.1'
[property] answers property_label='NLP data item' key='NLP data item' answers=['47500 wikipedia pages from 5 domains']
[literal] created key='NLP data item' answer='47500 wikipedia pages from 5 domains' id='L3612573'
[property] values_resolved property_label='NLP data item' key='NLP data item' result_ids=['L3612573']
[property] 10-values_resolved property_label='NLP data item' key='NLP data item' result_ids=['L3612573']
[sep] ────────────────────────────────────────────────────────────
[property] start predicate_id='' property_label='NLP data production time' key='NLP data prodcution time' mapping='IV.2'
[property] no_answers property_label='NLP data production time'
[literal] created key='NLP data prodcution time' answer='Not reported' id='L3612574'
[sep] ────────────────────────────────────────────────────────────
[sep] ──────────────────────────────────────────────────────────── SUBTEMPLATE NLP data source ────────────────────────────────────────────────────────────
[subtemplate] start label='NLP data source' class_id='C121011' subtemplate_id='R1544223'
[sep] ────────────────────────────────────────────────────────────
[property] start predicate_id='' property_label='NLP data source type' key='NLP data source type' mapping='IV.3'
[property] no_answers property_label='NLP data source type'
[sep] ────────────────────────────────────────────────────────────
[property] start predicate_id='' property_label='Number of data sources' key='Number of data sources' mapping='IV.9'
[property] answers property_label='Number of data sources' key='Number of data sources' answers=['1']
[Integer literal] fallback_to_text key='Number of data sources' answer='1'
[literal] created key='Number of data sources' answer='1' id='L3612575'
[property] values_resolved property_label='Number of data sources' key='Number of data sources' result_ids=['L3612575']
[property] 10-values_resolved property_label='Number of data sources' key='Number of data sources' result_ids=['L3612575']
[sep] ────────────────────────────────────────────────────────────
[property] start predicate_id='' property_label='NLP data source domain' key='NLP data source domain' mapping='IV.8'
[property] answers property_label='NLP data source domain' key='NLP data source domain' answers=['Computer Science', 'Electronic Engineering', 'Mechanical Engineering', 'Medicine', 'Sport']
[resource] created label='Computer Science' class_id='C121053' id='R1550283'
[unmapped] categorical_created key='NLP data source domain' answer='Computer Science' id='R1550283'
[resource] created label='Electronic Engineering' class_id='C121053' id='R1550284'
[unmapped] categorical_created key='NLP data source domain' answer='Electronic Engineering' id='R1550284'
[resource] created label='Mechanical Engineering' class_id='C121053' id='R1550285'
[unmapped] categorical_created key='NLP data source domain' answer='Mechanical Engineering' id='R1550285'
[resource] created label='Medicine' class_id='C121053' id='R1550286'
[unmapped] categorical_created key='NLP data source domain' answer='Medicine' id='R1550286'
[resource] created label='Sport' class_id='C121053' id='R1550287'
[unmapped] categorical_created key='NLP data source domain' answer='Sport' id='R1550287'
[property] values_resolved property_label='NLP data source domain' key='NLP data source domain' result_ids=['R1550283', 'R1550284', 'R1550285', 'R1550286', 'R1550287']
[property] 10-values_resolved property_label='NLP data source domain' key='NLP data source domain' result_ids=['R1550283', 'R1550284', 'R1550285', 'R1550286', 'R1550287']
[subtemplate] end label='NLP data source' class_id='C121011' subtemplate_id='R1544223'
[sep] ────────────────────────────────────────────────────────────
[sep] ────────────────────────────────────────────────────────────
[property] start predicate_id='' property_label='NLP data abstraction level' key='NLP data abstraction level' mapping='IV.4'
[property] no_answers property_label='NLP data abstraction level'
[sep] ────────────────────────────────────────────────────────────
[sep] ──────────────────────────────────────────────────────────── SUBTEMPLATE NLP data type ────────────────────────────────────────────────────────────
[subtemplate] start label='NLP data type' class_id='C121015' subtemplate_id='R1544245'
[sep] ────────────────────────────────────────────────────────────
[property] start predicate_id='' property_label='NLP data format' key='NLP data format' mapping='IV.5'
[property] no_answers property_label='NLP data format'
[sep] ────────────────────────────────────────────────────────────
[property] start predicate_id='' property_label='Rigor of data format' key='Rigor of data format' mapping='IV.6'
[property] no_answers property_label='Rigor of data format'
[sep] ────────────────────────────────────────────────────────────
[property] start predicate_id='' property_label='Natural language' key='Natural language' mapping='IV.7'
[property] answers property_label='Natural language' key='Natural language' answers=['English']
[literal] created key='Natural language' answer='English' id='L3612576'
[property] values_resolved property_label='Natural language' key='Natural language' result_ids=['L3612576']
[property] 10-values_resolved property_label='Natural language' key='Natural language' result_ids=['L3612576']
[subtemplate] end label='NLP data type' class_id='C121015' subtemplate_id='R1544245'
[sep] ────────────────────────────────────────────────────────────
[sep] ────────────────────────────────────────────────────────────
[sep] ──────────────────────────────────────────────────────────── SUBTEMPLATE License ────────────────────────────────────────────────────────────
[subtemplate] start label='License' class_id='C121018' subtemplate_id='R1544265'
[sep] ────────────────────────────────────────────────────────────
[property] start predicate_id='' property_label='Public availability' key='Public availability' mapping='IV.10'
[property] no_answers property_label='Public availability'
[sep] ────────────────────────────────────────────────────────────
[property] start predicate_id='' property_label='License type' key='License type' mapping='IV.11'
[property] no_answers property_label='License type'
[subtemplate] end label='License' class_id='C121018' subtemplate_id='R1544265'
[sep] ────────────────────────────────────────────────────────────
[sep] ────────────────────────────────────────────────────────────
[sep] ──────────────────────────────────────────────────────────── SUBTEMPLATE Dataset location ────────────────────────────────────────────────────────────
[subtemplate] start label='Dataset location' class_id='C121022' subtemplate_id='R1544278'
[sep] ────────────────────────────────────────────────────────────
[property] start predicate_id='' property_label='Location type' key='Dataset location type' mapping='IV.12'
[property] no_answers property_label='Location type'
[sep] ────────────────────────────────────────────────────────────
[property] start predicate_id='' property_label='URL' key='url' mapping='IV.13'
[property] answers property_label='URL' key='url' answers=['https://zenodo.org/record/1476902']
[literal] created key='url' answer='https://zenodo.org/record/1476902' id='L3612577'
[property] values_resolved property_label='URL' key='url' result_ids=['L3612577']
[property] 10-values_resolved property_label='URL' key='url' result_ids=['L3612577']
[subtemplate] end label='Dataset location' class_id='C121022' subtemplate_id='R1544278'
[sep] ────────────────────────────────────────────────────────────
[subtemplate] end label='NLP dataset' class_id='C121010' subtemplate_id='R1544216'
[sep] ────────────────────────────────────────────────────────────
[link] created s='R1550277' p='P181011' o='R1550281'
[sep] ──────────────────────────────────────────────────────────── PREDICATE P181031 ────────────────────────────────────────────────────────────
[section] predicate id='P181031' label='Annotation process'
[sep] ──────────────────────────────────────────────────────────── SUBTEMPLATE Annotation process ────────────────────────────────────────────────────────────
[subtemplate] start label='Annotation process' class_id='C121025' subtemplate_id='R1544287'
[sep] ────────────────────────────────────────────────────────────
[sep] ──────────────────────────────────────────────────────────── SUBTEMPLATE Annotator ────────────────────────────────────────────────────────────
[subtemplate] start label='Annotator' class_id='C121026' subtemplate_id='R1544290'
[sep] ────────────────────────────────────────────────────────────
[property] start predicate_id='' property_label='Number of annotators' key='Number of annotators' mapping='V.1'
[property] answers property_label='Number of annotators' key='Number of annotators' answers=['2']
[Integer literal] fallback_to_text key='Number of annotators' answer='2'
[literal] created key='Number of annotators' answer='2' id='L3612578'
[property] values_resolved property_label='Number of annotators' key='Number of annotators' result_ids=['L3612578']
[property] 10-values_resolved property_label='Number of annotators' key='Number of annotators' result_ids=['L3612578']
[sep] ────────────────────────────────────────────────────────────
[property] start predicate_id='' property_label='Annotator assignment' key='Annotator assignment' mapping='V.2'
[property] no_answers property_label='Annotator assignment'
[sep] ────────────────────────────────────────────────────────────
[property] start predicate_id='' property_label='Level of application domain experience' key='Level of application domain experience' mapping='V.3'
[property] no_answers property_label='Level of application domain experience'
[sep] ────────────────────────────────────────────────────────────
[property] start predicate_id='' property_label='Annotator identity' key='Annotator identity' mapping='V.4'
[property] no_answers property_label='Annotator identity'
[subtemplate] end label='Annotator' class_id='C121026' subtemplate_id='R1544290'
[sep] ────────────────────────────────────────────────────────────
[sep] ────────────────────────────────────────────────────────────
[sep] ──────────────────────────────────────────────────────────── SUBTEMPLATE Annotation scheme ────────────────────────────────────────────────────────────
[subtemplate] start label='Annotation scheme' class_id='C121030' subtemplate_id='R1544307'
[sep] ────────────────────────────────────────────────────────────
[property] start predicate_id='' property_label='Scheme establishment' key='Scheme establishement' mapping='V.5'
[property] no_answers property_label='Scheme establishment'
[sep] ────────────────────────────────────────────────────────────
[property] start predicate_id='' property_label='Guideline availability' key='Guideline availability' mapping='V.6'
[property] no_answers property_label='Guideline availability'
[subtemplate] end label='Annotation scheme' class_id='C121030' subtemplate_id='R1544307'
[sep] ────────────────────────────────────────────────────────────
[sep] ────────────────────────────────────────────────────────────
[property] start predicate_id='' property_label='Shared material' key='Shared material' mapping='V.7'
[property] no_answers property_label='Shared material'
[sep] ────────────────────────────────────────────────────────────
[property] start predicate_id='' property_label='Fatigue mitigation technique' key='Fatigue mitigation technique' mapping='V.8'
[property] no_answers property_label='Fatigue mitigation technique'
[sep] ────────────────────────────────────────────────────────────
[sep] ──────────────────────────────────────────────────────────── SUBTEMPLATE Annotator agreement ────────────────────────────────────────────────────────────
[subtemplate] start label='Annotator agreement' class_id='C121035' subtemplate_id='R1544326'
[sep] ────────────────────────────────────────────────────────────
[property] start predicate_id='' property_label='Intercoder reliability metric' key='Intercoder reliability metric' mapping='V.9'
[property] no_answers property_label='Intercoder reliability metric'
[sep] ────────────────────────────────────────────────────────────
[property] start predicate_id='' property_label='Conflict resolution' key='Conflict resolution' mapping='V.10'
[property] no_answers property_label='Conflict resolution'
[sep] ────────────────────────────────────────────────────────────
[property] start predicate_id='' property_label='Measured agreement' key='Measured agreement' mapping='V.11'
[property] answers property_label='Measured agreement' key='Measured agreement' answers=['varied on the tested cases']
[literal] created key='Measured agreement' answer='varied on the tested cases' id='L3612579'
[property] values_resolved property_label='Measured agreement' key='Measured agreement' result_ids=['L3612579']
[property] 10-values_resolved property_label='Measured agreement' key='Measured agreement' result_ids=['L3612579']
[subtemplate] end label='Annotator agreement' class_id='C121035' subtemplate_id='R1544326'
[sep] ────────────────────────────────────────────────────────────
[subtemplate] end label='Annotation process' class_id='C121025' subtemplate_id='R1544287'
[sep] ────────────────────────────────────────────────────────────
[link] created s='R1550277' p='P181031' o='R1550291'
[sep] ──────────────────────────────────────────────────────────── PREDICATE P181046 ────────────────────────────────────────────────────────────
[section] predicate id='P181046' label='Implemented approach'
[sep] ──────────────────────────────────────────────────────────── SUBTEMPLATE Implemented approach ────────────────────────────────────────────────────────────
[subtemplate] start label='Implemented approach' class_id='C121038' subtemplate_id='R1544363'
[sep] ────────────────────────────────────────────────────────────
[property] start predicate_id='' property_label='Approach type' key='Approach type' mapping='VI.1'
[property] no_answers property_label='Approach type'
[sep] ────────────────────────────────────────────────────────────
[property] start predicate_id='' property_label='Algorithm used' key='Algorithm used' mapping='VI.2'
[property] answers property_label='Algorithm used' key='Algorithm used' answers=['word2vec']
[resource] created label='word2vec' class_id='C121040' id='R1550296'
[unmapped] categorical_created key='Algorithm used' answer='word2vec' id='R1550296'
[property] values_resolved property_label='Algorithm used' key='Algorithm used' result_ids=['R1550296']
[property] 10-values_resolved property_label='Algorithm used' key='Algorithm used' result_ids=['R1550296']
[sep] ────────────────────────────────────────────────────────────
[property] start predicate_id='' property_label='Running requirements' key='Running requirements' mapping='VI.4'
[property] no_answers property_label='Running requirements'
[sep] ────────────────────────────────────────────────────────────
[property] start predicate_id='' property_label='Documentation' key='Documentation' mapping='VI.5'
[property] no_answers property_label='Documentation'
[sep] ────────────────────────────────────────────────────────────
[property] start predicate_id='' property_label='Dependency' key='Dependency' mapping='VI.6'
[property] no_answers property_label='Dependency'
[sep] ────────────────────────────────────────────────────────────
[property] start predicate_id='' property_label='License type' key='License type' mapping='VI.8'
[property] no_answers property_label='License type'
[sep] ────────────────────────────────────────────────────────────
[sep] ──────────────────────────────────────────────────────────── SUBTEMPLATE Release ────────────────────────────────────────────────────────────
[subtemplate] start label='Release' class_id='C121044' subtemplate_id='R1544401'
[sep] ────────────────────────────────────────────────────────────
[property] start predicate_id='' property_label='Release format' key='Release format' mapping='VI.3'
[property] no_answers property_label='Release format'
[sep] ────────────────────────────────────────────────────────────
[property] start predicate_id='' property_label='Location type' key='Tool location type' mapping='VI.7'
[property] no_answers property_label='Location type'
[sep] ────────────────────────────────────────────────────────────
[property] start predicate_id='' property_label='URL' key='url' mapping='VI.9'
[property] answers property_label='URL' key='url' answers=['https://zenodo.org/record/1476902']
[literal] created key='url' answer='https://zenodo.org/record/1476902' id='L3612580'
[property] values_resolved property_label='URL' key='url' result_ids=['L3612580']
[property] 10-values_resolved property_label='URL' key='url' result_ids=['L3612580']
[subtemplate] end label='Release' class_id='C121044' subtemplate_id='R1544401'
[sep] ────────────────────────────────────────────────────────────
[subtemplate] end label='Implemented approach' class_id='C121038' subtemplate_id='R1544363'
[sep] ────────────────────────────────────────────────────────────
[link] created s='R1550277' p='P181046' o='R1550295'
[sep] ──────────────────────────────────────────────────────────── PREDICATE HAS_EVALUATION ────────────────────────────────────────────────────────────
[section] predicate id='HAS_EVALUATION' label='Evaluation'
[sep] ──────────────────────────────────────────────────────────── SUBTEMPLATE Evaluation ────────────────────────────────────────────────────────────
[subtemplate] start label='Evaluation' class_id='C121047' subtemplate_id='R1544421'
[sep] ────────────────────────────────────────────────────────────
[property] start predicate_id='' property_label='Evaluation metric' key='Evaluation metric' mapping='VII.1'
[property] no_answers property_label='Evaluation metric'
[sep] ────────────────────────────────────────────────────────────
[property] start predicate_id='' property_label='Validation procedure' key='Validation procedure' mapping='VII.2'
[property] no_answers property_label='Validation procedure'
[sep] ────────────────────────────────────────────────────────────
[sep] ──────────────────────────────────────────────────────────── SUBTEMPLATE Baseline comparison ────────────────────────────────────────────────────────────
[subtemplate] start label='Baseline comparison' class_id='C121050' subtemplate_id='R1544450'
[sep] ────────────────────────────────────────────────────────────
[property] start predicate_id='' property_label='Baseline comparison type' key='Baseline comparsion type' mapping='VII.3'
[property] answers property_label='Baseline comparison type' key='Baseline comparsion type' answers=['None']
[map] to_resource key='Baseline comparsion type' answer='None' object_id='R1544454'
[property] values_resolved property_label='Baseline comparison type' key='Baseline comparsion type' result_ids=['R1544454']
[property] 10-values_resolved property_label='Baseline comparison type' key='Baseline comparsion type' result_ids=['R1544454']
[sep] ────────────────────────────────────────────────────────────
[property] start predicate_id='' property_label='Baseline comparison details' key='Baseline comparison details' mapping='VII.4'
[property] no_answers property_label='Baseline comparison details'
[literal] created key='Baseline comparison details' answer='Not reported' id='L3612581'
[subtemplate] end label='Baseline comparison' class_id='C121050' subtemplate_id='R1544450'
[sep] ────────────────────────────────────────────────────────────
[subtemplate] end label='Evaluation' class_id='C121047' subtemplate_id='R1544421'
[sep] ────────────────────────────────────────────────────────────
[link] created s='R1550277' p='HAS_EVALUATION' o='R1550298'
