[run] start run_id='490fd7ca'
[connect] ok host='https://orkg.org'
[json] loaded path='/Users/amirrezaalasti/Desktop/TIB/nlp4re/pdf_files/Automated_Import_to_ORKG/IE-Req-1.json'
[run] instance run_id='490fd7ca' instance_id='R1552865'
[sep] ──────────────────────────────────────────────────────────── PREDICATE P181002 ────────────────────────────────────────────────────────────
[section] predicate id='P181002' label='RE task'
[property] start predicate_id='' property_label='RE task' key='RE task' mapping='I.1'
[selected_answers] answer answer='Information extraction (e.g., features, terms) from' resource_mapping_key='RE task'
[options_details] answer answer='Information extraction (e.g., features, terms) from' resource_mapping_key='RE task' answer_label_type_in_options_details='No type'
[property] answers property_label='RE task' key='RE task' answers=['Information extraction from']
[resource] created label='Information extraction from' class_id='C121003' id='R1552866'
[unmapped] categorical_created key='RE task' answer='Information extraction from' id='R1552866'
[property] values_resolved property_label='RE task' key='RE task' result_ids=['R1552866']
[link] created s='R1552865' p='P181002' o='R1552866'
[sep] ──────────────────────────────────────────────────────────── PREDICATE P181003 ────────────────────────────────────────────────────────────
[section] predicate id='P181003' label='NLP task'
[sep] ──────────────────────────────────────────────────────────── SUBTEMPLATE NLP task ────────────────────────────────────────────────────────────
[subtemplate] start label='NLP task' class_id='C121004' subtemplate_id='R1544138'
[sep] ────────────────────────────────────────────────────────────
[property] start predicate_id='' property_label='NLP task type' key='NLP task type' mapping='II.1'
[selected_answers] answer answer='Information extraction' resource_mapping_key='NLP task type'
[options_details] answer answer='Information extraction' resource_mapping_key='NLP task type' answer_label_type_in_options_details='No type'
[property] answers property_label='NLP task type' key='NLP task type' answers=['Information extraction']
[map] to_resource key='NLP task type' answer='Information extraction' object_id='R1544150'
[property] values_resolved property_label='NLP task type' key='NLP task type' result_ids=['R1544150']
[property] 10-values_resolved property_label='NLP task type' key='NLP task type' result_ids=['R1544150']
[sep] ────────────────────────────────────────────────────────────
[property] start predicate_id='' property_label='NLP task input' key='NLP task input' mapping='III.1'
[selected_answers] answer answer='Document' resource_mapping_key='NLP task input'
[options_details] answer answer='Document' resource_mapping_key='NLP task input' answer_label_type_in_options_details='No type'
[property] answers property_label='NLP task input' key='NLP task input' answers=['Document']
[map] to_resource key='NLP task input' answer='Document' object_id='R1544153'
[property] values_resolved property_label='NLP task input' key='NLP task input' result_ids=['R1544153']
[property] 10-values_resolved property_label='NLP task input' key='NLP task input' result_ids=['R1544153']
[sep] ────────────────────────────────────────────────────────────
[sep] ──────────────────────────────────────────────────────────── SUBTEMPLATE NLP task output ────────────────────────────────────────────────────────────
[subtemplate] start label='NLP task output' class_id='C121007' subtemplate_id='R1544158'
[sep] ────────────────────────────────────────────────────────────
[property] start predicate_id='' property_label='NLP task output classification label' key='NLP task output classification label' mapping='III.3'
[property] no_answers property_label='NLP task output classification label'
[literal] created key='NLP task output classification label' answer='Not reported' id='L3614236'
[sep] ────────────────────────────────────────────────────────────
[property] start predicate_id='' property_label='NLP task output extracted element' key='NLP task output extracted element' mapping='III.5'
[options_details] answer answer='glossary terms' resource_mapping_key='NLP task output extracted element' answer_label_type_in_options_details='Text'
[property] answers property_label='NLP task output extracted element' key='NLP task output extracted element' answers=['glossary terms']
[literal] created key='NLP task output extracted element' answer='glossary terms' id='L3614237'
[property] values_resolved property_label='NLP task output extracted element' key='NLP task output extracted element' result_ids=['L3614237']
[property] 10-values_resolved property_label='NLP task output extracted element' key='NLP task output extracted element' result_ids=['L3614237']
[sep] ────────────────────────────────────────────────────────────
[property] start predicate_id='' property_label='NLP task output translation mapping cardinality' key='NLP task output translation mapping cardinality' mapping='III.7'
[property] no_answers property_label='NLP task output translation mapping cardinality'
[sep] ────────────────────────────────────────────────────────────
[property] start predicate_id='' property_label='NLP task output type' key='NLP task output type' mapping="['III.2', 'III.4', 'III.6', 'III.8', 'III.9']"
[selected_answers] answer answer='Phrases' resource_mapping_key='NLP task output type'
[selected_answers] answer answer='Words' resource_mapping_key='NLP task output type'
[options_details] answer answer='Phrases' resource_mapping_key='NLP task output type' answer_label_type_in_options_details='No type'
[options_details] answer answer='Words' resource_mapping_key='NLP task output type' answer_label_type_in_options_details='No type'
[property] answers property_label='NLP task output type' key='NLP task output type' answers=['Phrases', 'Words']
[map] to_resource key='NLP task output type' answer='Phrases' object_id='R1544167'
[map] to_resource key='NLP task output type' answer='Words' object_id='R1544170'
[property] values_resolved property_label='NLP task output type' key='NLP task output type' result_ids=['R1544167', 'R1544170']
[property] 10-values_resolved property_label='NLP task output type' key='NLP task output type' result_ids=['R1544167', 'R1544170']
[subtemplate] end label='NLP task output' class_id='C121007' subtemplate_id='R1544158'
[sep] ────────────────────────────────────────────────────────────
[subtemplate] end label='NLP task' class_id='C121004' subtemplate_id='R1544138'
[sep] ────────────────────────────────────────────────────────────
[link] created s='R1552865' p='P181003' o='R1552867'
[sep] ──────────────────────────────────────────────────────────── PREDICATE P181011 ────────────────────────────────────────────────────────────
[section] predicate id='P181011' label='NLP dataset'
[sep] ──────────────────────────────────────────────────────────── SUBTEMPLATE NLP dataset ────────────────────────────────────────────────────────────
[subtemplate] start label='NLP dataset' class_id='C121010' subtemplate_id='R1544216'
[sep] ────────────────────────────────────────────────────────────
[property] start predicate_id='' property_label='NLP data item' key='NLP data item' mapping='IV.1'
[options_details] answer answer='380, 110,  138 requirements' resource_mapping_key='NLP data item' answer_label_type_in_options_details='Text'
[property] answers property_label='NLP data item' key='NLP data item' answers=['380, 110,  138 requirements']
[literal] created key='NLP data item' answer='380, 110,  138 requirements' id='L3614238'
[property] values_resolved property_label='NLP data item' key='NLP data item' result_ids=['L3614238']
[property] 10-values_resolved property_label='NLP data item' key='NLP data item' result_ids=['L3614238']
[sep] ────────────────────────────────────────────────────────────
[property] start predicate_id='' property_label='NLP data production time' key='NLP data prodcution time' mapping='IV.2'
[options_details] answer answer='2016' resource_mapping_key='NLP data prodcution time' answer_label_type_in_options_details='Text'
[property] answers property_label='NLP data production time' key='NLP data prodcution time' answers=['2016']
[literal] created key='NLP data prodcution time' answer='2016' id='L3614239'
[property] values_resolved property_label='NLP data production time' key='NLP data prodcution time' result_ids=['L3614239']
[property] 10-values_resolved property_label='NLP data production time' key='NLP data prodcution time' result_ids=['L3614239']
[sep] ────────────────────────────────────────────────────────────
[sep] ──────────────────────────────────────────────────────────── SUBTEMPLATE NLP data source ────────────────────────────────────────────────────────────
[subtemplate] start label='NLP data source' class_id='C121011' subtemplate_id='R1544223'
[sep] ────────────────────────────────────────────────────────────
[property] start predicate_id='' property_label='NLP data source type' key='NLP data source type' mapping='IV.3'
[selected_answers] answer answer='Industrial project, proprietary data' resource_mapping_key='NLP data source type'
[selected_answers] answer answer='Industrial project, publicly available data' resource_mapping_key='NLP data source type'
[options_details] answer answer='Industrial project, proprietary data' resource_mapping_key='NLP data source type' answer_label_type_in_options_details='No type'
[options_details] answer answer='Industrial project, publicly available data' resource_mapping_key='NLP data source type' answer_label_type_in_options_details='No type'
[property] answers property_label='NLP data source type' key='NLP data source type' answers=['Industrial project, proprietary data', 'Industrial project, publicly available data']
[map] to_resource key='NLP data source type' answer='Industrial project, proprietary data' object_id='R1544228'
[map] to_resource key='NLP data source type' answer='Industrial project, publicly available data' object_id='R1544230'
[property] values_resolved property_label='NLP data source type' key='NLP data source type' result_ids=['R1544228', 'R1544230']
[property] 10-values_resolved property_label='NLP data source type' key='NLP data source type' result_ids=['R1544228', 'R1544230']
[sep] ────────────────────────────────────────────────────────────
[property] start predicate_id='' property_label='Number of data sources' key='Number of data sources' mapping='IV.9'
[property] no_answers property_label='Number of data sources'
[sep] ────────────────────────────────────────────────────────────
[property] start predicate_id='' property_label='NLP data source domain' key='NLP data source domain' mapping='IV.8'
[property] no_answers property_label='NLP data source domain'
[subtemplate] end label='NLP data source' class_id='C121011' subtemplate_id='R1544223'
[sep] ────────────────────────────────────────────────────────────
[sep] ────────────────────────────────────────────────────────────
[property] start predicate_id='' property_label='NLP data abstraction level' key='NLP data abstraction level' mapping='IV.4'
[selected_answers] answer answer='System-level' resource_mapping_key='NLP data abstraction level'
[options_details] answer answer='System-level' resource_mapping_key='NLP data abstraction level' answer_label_type_in_options_details='No type'
[property] answers property_label='NLP data abstraction level' key='NLP data abstraction level' answers=['System-level']
[map] to_resource key='NLP data abstraction level' answer='System-level' object_id='R1544241'
[property] values_resolved property_label='NLP data abstraction level' key='NLP data abstraction level' result_ids=['R1544241']
[property] 10-values_resolved property_label='NLP data abstraction level' key='NLP data abstraction level' result_ids=['R1544241']
[sep] ────────────────────────────────────────────────────────────
[sep] ──────────────────────────────────────────────────────────── SUBTEMPLATE NLP data type ────────────────────────────────────────────────────────────
[subtemplate] start label='NLP data type' class_id='C121015' subtemplate_id='R1544245'
[sep] ────────────────────────────────────────────────────────────
[property] start predicate_id='' property_label='NLP data format' key='NLP data format' mapping='IV.5'
[selected_answers] answer answer='"Shall" requirements' resource_mapping_key='NLP data format'
[options_details] answer answer='"Shall" requirements' resource_mapping_key='NLP data format' answer_label_type_in_options_details='No type'
[property] answers property_label='NLP data format' key='NLP data format' answers=['"Shall" requirements']
[map] to_resource key='NLP data format' answer='"Shall" requirements' object_id='R1544249'
[property] values_resolved property_label='NLP data format' key='NLP data format' result_ids=['R1544249']
[property] 10-values_resolved property_label='NLP data format' key='NLP data format' result_ids=['R1544249']
[sep] ────────────────────────────────────────────────────────────
[property] start predicate_id='' property_label='Rigor of data format' key='Rigor of data format' mapping='IV.6'
[selected_answers] answer answer='Unconstrained natural language' resource_mapping_key='Rigor of data format'
[selected_answers] answer answer='Template-based controlled natural language' resource_mapping_key='Rigor of data format'
[options_details] answer answer='Unconstrained natural language' resource_mapping_key='Rigor of data format' answer_label_type_in_options_details='No type'
[options_details] answer answer='Template-based controlled natural language' resource_mapping_key='Rigor of data format' answer_label_type_in_options_details='No type'
[property] answers property_label='Rigor of data format' key='Rigor of data format' answers=['Unconstrained natural language', 'Template-based controlled natural language']
[map] to_resource key='Rigor of data format' answer='Unconstrained natural language' object_id='R1544258'
[map] to_resource key='Rigor of data format' answer='Template-based controlled natural language' object_id='R1544259'
[property] values_resolved property_label='Rigor of data format' key='Rigor of data format' result_ids=['R1544258', 'R1544259']
[property] 10-values_resolved property_label='Rigor of data format' key='Rigor of data format' result_ids=['R1544258', 'R1544259']
[sep] ────────────────────────────────────────────────────────────
[property] start predicate_id='' property_label='Natural language' key='Natural language' mapping='IV.7'
[options_details] answer answer='English' resource_mapping_key='Natural language' answer_label_type_in_options_details='Text'
[property] answers property_label='Natural language' key='Natural language' answers=['English']
[literal] created key='Natural language' answer='English' id='L3614240'
[property] values_resolved property_label='Natural language' key='Natural language' result_ids=['L3614240']
[property] 10-values_resolved property_label='Natural language' key='Natural language' result_ids=['L3614240']
[subtemplate] end label='NLP data type' class_id='C121015' subtemplate_id='R1544245'
[sep] ────────────────────────────────────────────────────────────
[sep] ────────────────────────────────────────────────────────────
[sep] ──────────────────────────────────────────────────────────── SUBTEMPLATE License ────────────────────────────────────────────────────────────
[subtemplate] start label='License' class_id='C121018' subtemplate_id='R1544265'
[sep] ────────────────────────────────────────────────────────────
[property] start predicate_id='' property_label='Public availability' key='Public availability' mapping='IV.10'
[selected_answers] answer answer='Partially' resource_mapping_key='Public availability'
[options_details] answer answer='Partially' resource_mapping_key='Public availability' answer_label_type_in_options_details='No type'
[property] answers property_label='Public availability' key='Public availability' answers=['Partially']
[map] to_resource key='Public availability' answer='Partially' object_id='R1544269'
[property] values_resolved property_label='Public availability' key='Public availability' result_ids=['R1544269']
[property] 10-values_resolved property_label='Public availability' key='Public availability' result_ids=['R1544269']
[sep] ────────────────────────────────────────────────────────────
[property] start predicate_id='' property_label='License type' key='License type' mapping='IV.11'
[selected_answers] answer answer='Other/Comments' resource_mapping_key='License type'
[selected_answers] answer answer='unknwon' resource_mapping_key='License type'
[options_details] answer answer='Other/Comments' resource_mapping_key='License type' answer_label_type_in_options_details='No type'
[options_details] answer answer='unknwon' resource_mapping_key='License type' answer_label_type_in_options_details='Text'
[property] answers property_label='License type' key='License type' answers=['Other/Comments', 'unknwon']
[unmapped] other_value_skipped key='License type' answer='Other/Comments'
[unmapped] other_value_skipped_resource_should_not_be_created key='License type' answer='Other/Comments'
[unmapped] other_context_skipped key='License type' answer='unknwon'
[resource] created label='unknwon' class_id='C121020' id='R1552873'
[map] to_resource key='License type' answer='unknwon' object_id='R1552873'
[property] values_resolved property_label='License type' key='License type' result_ids=['R1552873']
[property] 10-values_resolved property_label='License type' key='License type' result_ids=['R1552873']
[subtemplate] end label='License' class_id='C121018' subtemplate_id='R1544265'
[sep] ────────────────────────────────────────────────────────────
[sep] ────────────────────────────────────────────────────────────
[sep] ──────────────────────────────────────────────────────────── SUBTEMPLATE Dataset location ────────────────────────────────────────────────────────────
[subtemplate] start label='Dataset location' class_id='C121022' subtemplate_id='R1544278'
[sep] ────────────────────────────────────────────────────────────
[property] start predicate_id='' property_label='Location type' key='Dataset location type' mapping='IV.12'
[selected_answers] answer answer='On a private/corporate website' resource_mapping_key='Dataset location type'
[options_details] answer answer='On a private/corporate website' resource_mapping_key='Dataset location type' answer_label_type_in_options_details='No type'
[property] answers property_label='Location type' key='Dataset location type' answers=['On a private/corporate website']
[map] to_resource key='Dataset location type' answer='On a private/corporate website' object_id='R1544280'
[property] values_resolved property_label='Location type' key='Dataset location type' result_ids=['R1544280']
[property] 10-values_resolved property_label='Location type' key='Dataset location type' result_ids=['R1544280']
[sep] ────────────────────────────────────────────────────────────
[property] start predicate_id='' property_label='URL' key='url' mapping='IV.13'
[options_details] answer answer='https://sites.google.com/site/svvregice/' resource_mapping_key='url' answer_label_type_in_options_details='Text'
[property] answers property_label='URL' key='url' answers=['https://sites.google.com/site/svvregice/']
[literal] created key='url' answer='https://sites.google.com/site/svvregice/' id='L3614241'
[property] values_resolved property_label='URL' key='url' result_ids=['L3614241']
[property] 10-values_resolved property_label='URL' key='url' result_ids=['L3614241']
[subtemplate] end label='Dataset location' class_id='C121022' subtemplate_id='R1544278'
[sep] ────────────────────────────────────────────────────────────
[subtemplate] end label='NLP dataset' class_id='C121010' subtemplate_id='R1544216'
[sep] ────────────────────────────────────────────────────────────
[link] created s='R1552865' p='P181011' o='R1552869'
[sep] ──────────────────────────────────────────────────────────── PREDICATE P181031 ────────────────────────────────────────────────────────────
[section] predicate id='P181031' label='Annotation process'
[sep] ──────────────────────────────────────────────────────────── SUBTEMPLATE Annotation process ────────────────────────────────────────────────────────────
[subtemplate] start label='Annotation process' class_id='C121025' subtemplate_id='R1544287'
[sep] ────────────────────────────────────────────────────────────
[sep] ──────────────────────────────────────────────────────────── SUBTEMPLATE Annotator ────────────────────────────────────────────────────────────
[subtemplate] start label='Annotator' class_id='C121026' subtemplate_id='R1544290'
[sep] ────────────────────────────────────────────────────────────
[property] start predicate_id='' property_label='Number of annotators' key='Number of annotators' mapping='V.1'
[options_details] answer answer='3' resource_mapping_key='Number of annotators' answer_label_type_in_options_details='Text'
[property] answers property_label='Number of annotators' key='Number of annotators' answers=['3']
[Integer literal] fallback_to_text key='Number of annotators' answer='3'
[literal] created key='Number of annotators' answer='3' id='L3614242'
[property] values_resolved property_label='Number of annotators' key='Number of annotators' result_ids=['L3614242']
[property] 10-values_resolved property_label='Number of annotators' key='Number of annotators' result_ids=['L3614242']
[sep] ────────────────────────────────────────────────────────────
[property] start predicate_id='' property_label='Annotator assignment' key='Annotator assignment' mapping='V.2'
[selected_answers] answer answer='One annotator per entry (no quality control)' resource_mapping_key='Annotator assignment'
[options_details] answer answer='One annotator per entry (no quality control)' resource_mapping_key='Annotator assignment' answer_label_type_in_options_details='No type'
[property] answers property_label='Annotator assignment' key='Annotator assignment' answers=['One annotator per entry']
[resource] created label='One annotator per entry' class_id='C121027' id='R1552877'
[unmapped] categorical_created key='Annotator assignment' answer='One annotator per entry' id='R1552877'
[property] values_resolved property_label='Annotator assignment' key='Annotator assignment' result_ids=['R1552877']
[property] 10-values_resolved property_label='Annotator assignment' key='Annotator assignment' result_ids=['R1552877']
[sep] ────────────────────────────────────────────────────────────
[property] start predicate_id='' property_label='Level of application domain experience' key='Level of application domain experience' mapping='V.3'
[selected_answers] answer answer='Domain expert' resource_mapping_key='Level of application domain experience'
[options_details] answer answer='Domain expert' resource_mapping_key='Level of application domain experience' answer_label_type_in_options_details='No type'
[property] answers property_label='Level of application domain experience' key='Level of application domain experience' answers=['Domain expert']
[map] to_resource key='Level of application domain experience' answer='Domain expert' object_id='R1544299'
[property] values_resolved property_label='Level of application domain experience' key='Level of application domain experience' result_ids=['R1544299']
[property] 10-values_resolved property_label='Level of application domain experience' key='Level of application domain experience' result_ids=['R1544299']
[sep] ────────────────────────────────────────────────────────────
[property] start predicate_id='' property_label='Annotator identity' key='Annotator identity' mapping='V.4'
[selected_answers] answer answer='People who have direct contact with the designers' resource_mapping_key='Annotator identity'
[options_details] answer answer='People who have direct contact with the designers' resource_mapping_key='Annotator identity' answer_label_type_in_options_details='No type'
[property] answers property_label='Annotator identity' key='Annotator identity' answers=['People who have direct contact with the designers']
[map] to_resource key='Annotator identity' answer='People who have direct contact with the designers' object_id='R1544304'
[property] values_resolved property_label='Annotator identity' key='Annotator identity' result_ids=['R1544304']
[property] 10-values_resolved property_label='Annotator identity' key='Annotator identity' result_ids=['R1544304']
[subtemplate] end label='Annotator' class_id='C121026' subtemplate_id='R1544290'
[sep] ────────────────────────────────────────────────────────────
[sep] ────────────────────────────────────────────────────────────
[sep] ──────────────────────────────────────────────────────────── SUBTEMPLATE Annotation scheme ────────────────────────────────────────────────────────────
[subtemplate] start label='Annotation scheme' class_id='C121030' subtemplate_id='R1544307'
[sep] ────────────────────────────────────────────────────────────
[property] start predicate_id='' property_label='Scheme establishment' key='Scheme establishement' mapping='V.5'
[property] no_answers property_label='Scheme establishment'
[sep] ────────────────────────────────────────────────────────────
[property] start predicate_id='' property_label='Guideline availability' key='Guideline availability' mapping='V.6'
[property] no_answers property_label='Guideline availability'
[subtemplate] end label='Annotation scheme' class_id='C121030' subtemplate_id='R1544307'
[sep] ────────────────────────────────────────────────────────────
[sep] ────────────────────────────────────────────────────────────
[property] start predicate_id='' property_label='Shared material' key='Shared material' mapping='V.7'
[selected_answers] answer answer='Entire document' resource_mapping_key='Shared material'
[options_details] answer answer='Entire document' resource_mapping_key='Shared material' answer_label_type_in_options_details='No type'
[property] answers property_label='Shared material' key='Shared material' answers=['Entire document']
[map] to_resource key='Shared material' answer='Entire document' object_id='R1544321'
[property] values_resolved property_label='Shared material' key='Shared material' result_ids=['R1544321']
[property] 10-values_resolved property_label='Shared material' key='Shared material' result_ids=['R1544321']
[sep] ────────────────────────────────────────────────────────────
[property] start predicate_id='' property_label='Fatigue mitigation technique' key='Fatigue mitigation technique' mapping='V.8'
[selected_answers] answer answer='Yes' resource_mapping_key='Fatigue mitigation technique'
[options_details] answer answer='Yes' resource_mapping_key='Fatigue mitigation technique' answer_label_type_in_options_details='No type'
[property] answers property_label='Fatigue mitigation technique' key='Fatigue mitigation technique' answers=['Yes']
[map] to_resource key='Fatigue mitigation technique' answer='Yes' object_id='R1544323'
[property] values_resolved property_label='Fatigue mitigation technique' key='Fatigue mitigation technique' result_ids=['R1544323']
[property] 10-values_resolved property_label='Fatigue mitigation technique' key='Fatigue mitigation technique' result_ids=['R1544323']
[sep] ────────────────────────────────────────────────────────────
[sep] ──────────────────────────────────────────────────────────── SUBTEMPLATE Annotator agreement ────────────────────────────────────────────────────────────
[subtemplate] start label='Annotator agreement' class_id='C121035' subtemplate_id='R1544326'
[sep] ────────────────────────────────────────────────────────────
[property] start predicate_id='' property_label='Intercoder reliability metric' key='Intercoder reliability metric' mapping='V.9'
[selected_answers] answer answer='Other/Comments' resource_mapping_key='Intercoder reliability metric'
[selected_answers] answer answer='Resolution by independent' resource_mapping_key='Intercoder reliability metric'
[options_details] answer answer='Other/Comments' resource_mapping_key='Intercoder reliability metric' answer_label_type_in_options_details='No type'
[options_details] answer answer='Resolution by independent' resource_mapping_key='Intercoder reliability metric' answer_label_type_in_options_details='Text'
[property] answers property_label='Intercoder reliability metric' key='Intercoder reliability metric' answers=['Other/Comments', 'Resolution by independent']
[unmapped] other_value_skipped key='Intercoder reliability metric' answer='Other/Comments'
[unmapped] other_value_skipped_resource_should_not_be_created key='Intercoder reliability metric' answer='Other/Comments'
[unmapped] other_context_skipped key='Intercoder reliability metric' answer='Resolution by independent'
[resource] created label='Resolution by independent' class_id='C121036' id='R1552880'
[map] to_resource key='Intercoder reliability metric' answer='Resolution by independent' object_id='R1552880'
[property] values_resolved property_label='Intercoder reliability metric' key='Intercoder reliability metric' result_ids=['R1552880']
[property] 10-values_resolved property_label='Intercoder reliability metric' key='Intercoder reliability metric' result_ids=['R1552880']
[sep] ────────────────────────────────────────────────────────────
[property] start predicate_id='' property_label='Conflict resolution' key='Conflict resolution' mapping='V.10'
[property] no_answers property_label='Conflict resolution'
[sep] ────────────────────────────────────────────────────────────
[property] start predicate_id='' property_label='Measured agreement' key='Measured agreement' mapping='V.11'
[property] no_answers property_label='Measured agreement'
[literal] created key='Measured agreement' answer='Not reported' id='L3614243'
[subtemplate] end label='Annotator agreement' class_id='C121035' subtemplate_id='R1544326'
[sep] ────────────────────────────────────────────────────────────
[subtemplate] end label='Annotation process' class_id='C121025' subtemplate_id='R1544287'
[sep] ────────────────────────────────────────────────────────────
[link] created s='R1552865' p='P181031' o='R1552875'
[sep] ──────────────────────────────────────────────────────────── PREDICATE P181046 ────────────────────────────────────────────────────────────
[section] predicate id='P181046' label='Implemented approach'
[sep] ──────────────────────────────────────────────────────────── SUBTEMPLATE Implemented approach ────────────────────────────────────────────────────────────
[subtemplate] start label='Implemented approach' class_id='C121038' subtemplate_id='R1544363'
[sep] ────────────────────────────────────────────────────────────
[property] start predicate_id='' property_label='Approach type' key='Approach type' mapping='VI.1'
[selected_answers] answer answer='Rule-based' resource_mapping_key='Approach type'
[options_details] answer answer='Rule-based' resource_mapping_key='Approach type' answer_label_type_in_options_details='No type'
[property] answers property_label='Approach type' key='Approach type' answers=['Rule-based']
[map] to_resource key='Approach type' answer='Rule-based' object_id='R1544366'
[property] values_resolved property_label='Approach type' key='Approach type' result_ids=['R1544366']
[property] 10-values_resolved property_label='Approach type' key='Approach type' result_ids=['R1544366']
[sep] ────────────────────────────────────────────────────────────
[property] start predicate_id='' property_label='Algorithm used' key='Algorithm used' mapping='VI.2'
[options_details] answer answer='heuristics over text chunking' resource_mapping_key='Algorithm used' answer_label_type_in_options_details='Text'
[property] answers property_label='Algorithm used' key='Algorithm used' answers=['heuristics over text chunking']
[resource] created label='heuristics over text chunking' class_id='C121040' id='R1552882'
[unmapped] categorical_created key='Algorithm used' answer='heuristics over text chunking' id='R1552882'
[property] values_resolved property_label='Algorithm used' key='Algorithm used' result_ids=['R1552882']
[property] 10-values_resolved property_label='Algorithm used' key='Algorithm used' result_ids=['R1552882']
[sep] ────────────────────────────────────────────────────────────
[property] start predicate_id='' property_label='Running requirements' key='Running requirements' mapping='VI.4'
[selected_answers] answer answer='No installation is needed' resource_mapping_key='Running requirements'
[options_details] answer answer='No installation is needed' resource_mapping_key='Running requirements' answer_label_type_in_options_details='No type'
[property] answers property_label='Running requirements' key='Running requirements' answers=['No installation is needed']
[map] to_resource key='Running requirements' answer='No installation is needed' object_id='R1544379'
[property] values_resolved property_label='Running requirements' key='Running requirements' result_ids=['R1544379']
[property] 10-values_resolved property_label='Running requirements' key='Running requirements' result_ids=['R1544379']
[sep] ────────────────────────────────────────────────────────────
[property] start predicate_id='' property_label='Documentation' key='Documentation' mapping='VI.5'
[selected_answers] answer answer='README file' resource_mapping_key='Documentation'
[selected_answers] answer answer='An academic paper' resource_mapping_key='Documentation'
[options_details] answer answer='README file' resource_mapping_key='Documentation' answer_label_type_in_options_details='No type'
[options_details] answer answer='An academic paper' resource_mapping_key='Documentation' answer_label_type_in_options_details='No type'
[property] answers property_label='Documentation' key='Documentation' answers=['README file', 'An academic paper']
[map] to_resource key='Documentation' answer='README file' object_id='R1544390'
[map] to_resource key='Documentation' answer='An academic paper' object_id='R1544386'
[property] values_resolved property_label='Documentation' key='Documentation' result_ids=['R1544390', 'R1544386']
[property] 10-values_resolved property_label='Documentation' key='Documentation' result_ids=['R1544390', 'R1544386']
[sep] ────────────────────────────────────────────────────────────
[property] start predicate_id='' property_label='Dependency' key='Dependency' mapping='VI.6'
[property] no_answers property_label='Dependency'
[sep] ────────────────────────────────────────────────────────────
[property] start predicate_id='' property_label='License type' key='License type' mapping='VI.8'
[selected_answers] answer answer='Other/Comments' resource_mapping_key='License type'
[options_details] answer answer='Other/Comments' resource_mapping_key='License type' answer_label_type_in_options_details='No type'
[property] answers property_label='License type' key='License type' answers=['Other/Comments']
[unmapped] other_value_skipped key='License type' answer='Other/Comments'
[map] to_resource key='License type' answer='Other/Comments' object_id='R1544495'
[property] values_resolved property_label='License type' key='License type' result_ids=['R1544495']
[property] 10-values_resolved property_label='License type' key='License type' result_ids=['R1544495']
[sep] ────────────────────────────────────────────────────────────
[sep] ──────────────────────────────────────────────────────────── SUBTEMPLATE Release ────────────────────────────────────────────────────────────
[subtemplate] start label='Release' class_id='C121044' subtemplate_id='R1544401'
[sep] ────────────────────────────────────────────────────────────
[property] start predicate_id='' property_label='Release format' key='Release format' mapping='VI.3'
[selected_answers] answer answer='Tool (e.g., a binary file) -- standalone' resource_mapping_key='Release format'
[options_details] answer answer='Tool (e.g., a binary file) -- standalone' resource_mapping_key='Release format' answer_label_type_in_options_details='No type'
[property] answers property_label='Release format' key='Release format' answers=['Tool -- standalone']
[resource] created label='Tool -- standalone' class_id='C121046' id='R1552884'
[unmapped] categorical_created key='Release format' answer='Tool -- standalone' id='R1552884'
[property] values_resolved property_label='Release format' key='Release format' result_ids=['R1552884']
[property] 10-values_resolved property_label='Release format' key='Release format' result_ids=['R1552884']
[sep] ────────────────────────────────────────────────────────────
[property] start predicate_id='' property_label='Location type' key='Tool location type' mapping='VI.7'
[selected_answers] answer answer='On a private/corporate website' resource_mapping_key='Tool location type'
[options_details] answer answer='On a private/corporate website' resource_mapping_key='Tool location type' answer_label_type_in_options_details='No type'
[property] answers property_label='Location type' key='Tool location type' answers=['On a private/corporate website']
[map] to_resource key='Tool location type' answer='On a private/corporate website' object_id='R1544413'
[property] values_resolved property_label='Location type' key='Tool location type' result_ids=['R1544413']
[property] 10-values_resolved property_label='Location type' key='Tool location type' result_ids=['R1544413']
[sep] ────────────────────────────────────────────────────────────
[property] start predicate_id='' property_label='URL' key='url' mapping='VI.9'
[options_details] answer answer='https://sites.google.com/site/svvregice/implementation' resource_mapping_key='url' answer_label_type_in_options_details='Text'
[property] answers property_label='URL' key='url' answers=['https://sites.google.com/site/svvregice/implementation']
[literal] created key='url' answer='https://sites.google.com/site/svvregice/implementation' id='L3614244'
[property] values_resolved property_label='URL' key='url' result_ids=['L3614244']
[property] 10-values_resolved property_label='URL' key='url' result_ids=['L3614244']
[subtemplate] end label='Release' class_id='C121044' subtemplate_id='R1544401'
[sep] ────────────────────────────────────────────────────────────
[subtemplate] end label='Implemented approach' class_id='C121038' subtemplate_id='R1544363'
[sep] ────────────────────────────────────────────────────────────
[link] created s='R1552865' p='P181046' o='R1552881'
[sep] ──────────────────────────────────────────────────────────── PREDICATE HAS_EVALUATION ────────────────────────────────────────────────────────────
[section] predicate id='HAS_EVALUATION' label='Evaluation'
[sep] ──────────────────────────────────────────────────────────── SUBTEMPLATE Evaluation ────────────────────────────────────────────────────────────
[subtemplate] start label='Evaluation' class_id='C121047' subtemplate_id='R1544421'
[sep] ────────────────────────────────────────────────────────────
[property] start predicate_id='' property_label='Evaluation metric' key='Evaluation metric' mapping='VII.1'
[selected_answers] answer answer='Precision/Recall' resource_mapping_key='Evaluation metric'
[selected_answers] answer answer='F-Score' resource_mapping_key='Evaluation metric'
[options_details] answer answer='Precision/Recall' resource_mapping_key='Evaluation metric' answer_label_type_in_options_details='No type'
[options_details] answer answer='F-Score' resource_mapping_key='Evaluation metric' answer_label_type_in_options_details='No type'
[property] answers property_label='Evaluation metric' key='Evaluation metric' answers=['Precision/Recall', 'F-Score']
[map] to_resource key='Evaluation metric' answer='Precision/Recall' object_id='R1544436'
[map] to_resource key='Evaluation metric' answer='F-Score' object_id='R1544442'
[property] values_resolved property_label='Evaluation metric' key='Evaluation metric' result_ids=['R1544436', 'R1544442']
[property] 10-values_resolved property_label='Evaluation metric' key='Evaluation metric' result_ids=['R1544436', 'R1544442']
[sep] ────────────────────────────────────────────────────────────
[property] start predicate_id='' property_label='Validation procedure' key='Validation procedure' mapping='VII.2'
[selected_answers] answer answer='Entire dataset' resource_mapping_key='Validation procedure'
[options_details] answer answer='Entire dataset' resource_mapping_key='Validation procedure' answer_label_type_in_options_details='No type'
[property] answers property_label='Validation procedure' key='Validation procedure' answers=['Entire dataset']
[map] to_resource key='Validation procedure' answer='Entire dataset' object_id='R1544446'
[property] values_resolved property_label='Validation procedure' key='Validation procedure' result_ids=['R1544446']
[property] 10-values_resolved property_label='Validation procedure' key='Validation procedure' result_ids=['R1544446']
[sep] ────────────────────────────────────────────────────────────
[sep] ──────────────────────────────────────────────────────────── SUBTEMPLATE Baseline comparison ────────────────────────────────────────────────────────────
[subtemplate] start label='Baseline comparison' class_id='C121050' subtemplate_id='R1544450'
[sep] ────────────────────────────────────────────────────────────
[property] start predicate_id='' property_label='Baseline comparison type' key='Baseline comparison type' mapping='VII.3'
[selected_answers] answer answer='Existing tool or algorithm' resource_mapping_key='Baseline comparison type'
[options_details] answer answer='Existing tool or algorithm' resource_mapping_key='Baseline comparison type' answer_label_type_in_options_details='No type'
[property] answers property_label='Baseline comparison type' key='Baseline comparison type' answers=['Existing tool or algorithm']
[map] to_resource key='Baseline comparison type' answer='Existing tool or algorithm' object_id='R1544455'
[property] values_resolved property_label='Baseline comparison type' key='Baseline comparison type' result_ids=['R1544455']
[property] 10-values_resolved property_label='Baseline comparison type' key='Baseline comparison type' result_ids=['R1544455']
[sep] ────────────────────────────────────────────────────────────
[property] start predicate_id='' property_label='Baseline comparison details' key='Baseline comparison details' mapping='VII.4'
[property] no_answers property_label='Baseline comparison details'
[literal] created key='Baseline comparison details' answer='Not reported' id='L3614245'
[subtemplate] end label='Baseline comparison' class_id='C121050' subtemplate_id='R1544450'
[sep] ────────────────────────────────────────────────────────────
[subtemplate] end label='Evaluation' class_id='C121047' subtemplate_id='R1544421'
[sep] ────────────────────────────────────────────────────────────
[link] created s='R1552865' p='HAS_EVALUATION' o='R1552885'
