[run] start run_id='e31ec5d5'
[connect] ok host='https://orkg.org'
[json] loaded path='/Users/amirrezaalasti/Desktop/TIB/nlp4re/pdf_files/Automated_Import_to_ORKG/JinGuo-etal-ICSE17.json'
[run] instance run_id='e31ec5d5' instance_id='R1552548'
[sep] ──────────────────────────────────────────────────────────── PREDICATE P181002 ────────────────────────────────────────────────────────────
[section] predicate id='P181002' label='RE task'
[property] start predicate_id='' property_label='RE task' key='RE task' mapping='I.1'
[selected_answers] answer answer='Requirements tracing' resource_mapping_key='RE task'
[options_details] answer answer='Requirements tracing' resource_mapping_key='RE task' answer_label_type_in_options_details='No type'
[property] answers property_label='RE task' key='RE task' answers=['Requirements tracing']
[map] to_resource key='RE task' answer='Requirements tracing' object_id='R1544133'
[property] values_resolved property_label='RE task' key='RE task' result_ids=['R1544133']
[link] created s='R1552548' p='P181002' o='R1544133'
[sep] ──────────────────────────────────────────────────────────── PREDICATE P181003 ────────────────────────────────────────────────────────────
[section] predicate id='P181003' label='NLP task'
[sep] ──────────────────────────────────────────────────────────── SUBTEMPLATE NLP task ────────────────────────────────────────────────────────────
[subtemplate] start label='NLP task' class_id='C121004' subtemplate_id='R1544138'
[sep] ────────────────────────────────────────────────────────────
[property] start predicate_id='' property_label='NLP task type' key='NLP task type' mapping='II.1'
[selected_answers] answer answer='Classification' resource_mapping_key='NLP task type'
[selected_answers] answer answer='Information retrieval' resource_mapping_key='NLP task type'
[options_details] answer answer='Classification' resource_mapping_key='NLP task type' answer_label_type_in_options_details='No type'
[options_details] answer answer='Information retrieval' resource_mapping_key='NLP task type' answer_label_type_in_options_details='No type'
[property] answers property_label='NLP task type' key='NLP task type' answers=['Classification', 'Information retrieval']
[map] to_resource key='NLP task type' answer='Classification' object_id='R1544148'
[map] to_resource key='NLP task type' answer='Information retrieval' object_id='R1544149'
[property] values_resolved property_label='NLP task type' key='NLP task type' result_ids=['R1544148', 'R1544149']
[property] 10-values_resolved property_label='NLP task type' key='NLP task type' result_ids=['R1544148', 'R1544149']
[sep] ────────────────────────────────────────────────────────────
[property] start predicate_id='' property_label='NLP task input' key='NLP task input' mapping='III.1'
[selected_answers] answer answer='Paragraphs' resource_mapping_key='NLP task input'
[selected_answers] answer answer='Sentences' resource_mapping_key='NLP task input'
[selected_answers] answer answer='Structured/tabular text' resource_mapping_key='NLP task input'
[selected_answers] answer answer='Other (e.g., models, trace links, diagrams, code comments)/Comments' resource_mapping_key='NLP task input'
[selected_answers] answer answer='The tracing task requires two inputs from two documents, respectively, at the same time.' resource_mapping_key='NLP task input'
[options_details] answer answer='Paragraphs' resource_mapping_key='NLP task input' answer_label_type_in_options_details='No type'
[options_details] answer answer='Sentences' resource_mapping_key='NLP task input' answer_label_type_in_options_details='No type'
[options_details] answer answer='Structured/tabular text' resource_mapping_key='NLP task input' answer_label_type_in_options_details='No type'
[options_details] answer answer='Other (e.g., models, trace links, diagrams, code comments)/Comments' resource_mapping_key='NLP task input' answer_label_type_in_options_details='No type'
[options_details] answer answer='The tracing task requires two inputs from two documents, respectively, at the same time.' resource_mapping_key='NLP task input' answer_label_type_in_options_details='Text'
[property] answers property_label='NLP task input' key='NLP task input' answers=['Paragraphs', 'Sentences', 'Structured/tabular text', 'Other /Comments', 'The tracing task requires two inputs from two documents, respectively, at the same time.']
[map] to_resource key='NLP task input' answer='Paragraphs' object_id='R1544151'
[map] to_resource key='NLP task input' answer='Sentences' object_id='R1544152'
[map] to_resource key='NLP task input' answer='Structured/tabular text' object_id='R1544155'
[unmapped] other_value_skipped key='NLP task input' answer='Other /Comments'
[unmapped] other_value_skipped_resource_should_not_be_created key='NLP task input' answer='Other /Comments'
[unmapped] other_context_skipped key='NLP task input' answer='The tracing task requires two inputs from two documents, respectively, at the same time.'
[resource] created label='The tracing task requires two inputs from two documents, respectively, at the same time.' class_id='C121006' id='R1552550'
[map] to_resource key='NLP task input' answer='The tracing task requires two inputs from two documents, respectively, at the same time.' object_id='R1552550'
[property] values_resolved property_label='NLP task input' key='NLP task input' result_ids=['R1544151', 'R1544152', 'R1544155', 'R1552550']
[property] 10-values_resolved property_label='NLP task input' key='NLP task input' result_ids=['R1544151', 'R1544152', 'R1544155', 'R1552550']
[sep] ────────────────────────────────────────────────────────────
[sep] ──────────────────────────────────────────────────────────── SUBTEMPLATE NLP task output ────────────────────────────────────────────────────────────
[subtemplate] start label='NLP task output' class_id='C121007' subtemplate_id='R1544158'
[sep] ────────────────────────────────────────────────────────────
[property] start predicate_id='' property_label='NLP task output classification label' key='NLP task output classification label' mapping='III.3'
[options_details] answer answer='trace link exists vs. trace link does not exist' resource_mapping_key='NLP task output classification label' answer_label_type_in_options_details='Text'
[property] answers property_label='NLP task output classification label' key='NLP task output classification label' answers=['trace link exists vs. trace link does not exist']
[literal] created key='NLP task output classification label' answer='trace link exists vs. trace link does not exist' id='L3614108'
[property] values_resolved property_label='NLP task output classification label' key='NLP task output classification label' result_ids=['L3614108']
[property] 10-values_resolved property_label='NLP task output classification label' key='NLP task output classification label' result_ids=['L3614108']
[sep] ────────────────────────────────────────────────────────────
[property] start predicate_id='' property_label='NLP task output extracted element' key='NLP task output extracted element' mapping='III.5'
[property] no_answers property_label='NLP task output extracted element'
[literal] created key='NLP task output extracted element' answer='Not reported' id='L3614109'
[sep] ────────────────────────────────────────────────────────────
[property] start predicate_id='' property_label='NLP task output translation mapping cardinality' key='NLP task output translation mapping cardinality' mapping='III.7'
[property] no_answers property_label='NLP task output translation mapping cardinality'
[sep] ────────────────────────────────────────────────────────────
[property] start predicate_id='' property_label='NLP task output type' key='NLP task output type' mapping="['III.2', 'III.4', 'III.6', 'III.8', 'III.9']"
[selected_answers] answer answer='Binary-single label' resource_mapping_key='NLP task output type'
[options_details] answer answer='Binary-single label' resource_mapping_key='NLP task output type' answer_label_type_in_options_details='No type'
[selected_answers] answer answer='Paragraphs' resource_mapping_key='NLP task output type'
[selected_answers] answer answer='Sentences' resource_mapping_key='NLP task output type'
[options_details] answer answer='Paragraphs' resource_mapping_key='NLP task output type' answer_label_type_in_options_details='No type'
[options_details] answer answer='Sentences' resource_mapping_key='NLP task output type' answer_label_type_in_options_details='No type'
[property] answers property_label='NLP task output type' key='NLP task output type' answers=['Binary-single label', 'Paragraphs', 'Sentences']
[map] to_resource key='NLP task output type' answer='Binary-single label' object_id='R1544161'
[map] to_resource key='NLP task output type' answer='Paragraphs' object_id='R1544164'
[map] to_resource key='NLP task output type' answer='Sentences' object_id='R1544173'
[property] values_resolved property_label='NLP task output type' key='NLP task output type' result_ids=['R1544161', 'R1544164', 'R1544173']
[property] 10-values_resolved property_label='NLP task output type' key='NLP task output type' result_ids=['R1544161', 'R1544164', 'R1544173']
[subtemplate] end label='NLP task output' class_id='C121007' subtemplate_id='R1544158'
[sep] ────────────────────────────────────────────────────────────
[subtemplate] end label='NLP task' class_id='C121004' subtemplate_id='R1544138'
[sep] ────────────────────────────────────────────────────────────
[link] created s='R1552548' p='P181003' o='R1552549'
[sep] ──────────────────────────────────────────────────────────── PREDICATE P181011 ────────────────────────────────────────────────────────────
[section] predicate id='P181011' label='NLP dataset'
[sep] ──────────────────────────────────────────────────────────── SUBTEMPLATE NLP dataset ────────────────────────────────────────────────────────────
[subtemplate] start label='NLP dataset' class_id='C121010' subtemplate_id='R1544216'
[sep] ────────────────────────────────────────────────────────────
[property] start predicate_id='' property_label='NLP data item' key='NLP data item' mapping='IV.1'
[options_details] answer answer='The dataset contains 1,651 Software Subsystem Requirements (SSRS) as source artifacts and 466 Software Subsystem Design Descriptions (SSDD) as target artifacts. Each source artifact contained an average of 33 tokens and described a functional requirement of the Back Office Server (BOS) subsystem. Each target artifact contained an average of 99 tokens and specified design details. There were 1,387 trace links between SSRS and SSDD artifacts, all of which were constructed and validated by our industrial collaborators.' resource_mapping_key='NLP data item' answer_label_type_in_options_details='Text'
[property] answers property_label='NLP data item' key='NLP data item' answers=['The dataset contains 1,651 Software Subsystem Requirements (SSRS) as source artifacts and 466 Software Subsystem Design Descriptions (SSDD) as target artifacts. Each source artifact contained an average of 33 tokens and described a functional requirement of the Back Office Server (BOS) subsystem. Each target artifact contained an average of 99 tokens and specified design details. There were 1,387 trace links between SSRS and SSDD artifacts, all of which were constructed and validated by our industrial collaborators.']
[literal] created key='NLP data item' answer='The dataset contains 1,651 Software Subsystem Requirements (SSRS) as source artifacts and 466 Software Subsystem Design Descriptions (SSDD) as target artifacts. Each source artifact contained an average of 33 tokens and described a functional requirement of the Back Office Server (BOS) subsystem. Each target artifact contained an average of 99 tokens and specified design details. There were 1,387 trace links between SSRS and SSDD artifacts, all of which were constructed and validated by our industrial collaborators.' id='L3614110'
[property] values_resolved property_label='NLP data item' key='NLP data item' result_ids=['L3614110']
[property] 10-values_resolved property_label='NLP data item' key='NLP data item' result_ids=['L3614110']
[sep] ────────────────────────────────────────────────────────────
[property] start predicate_id='' property_label='NLP data production time' key='NLP data prodcution time' mapping='IV.2'
[property] no_answers property_label='NLP data production time'
[literal] created key='NLP data prodcution time' answer='Not reported' id='L3614111'
[sep] ────────────────────────────────────────────────────────────
[sep] ──────────────────────────────────────────────────────────── SUBTEMPLATE NLP data source ────────────────────────────────────────────────────────────
[subtemplate] start label='NLP data source' class_id='C121011' subtemplate_id='R1544223'
[sep] ────────────────────────────────────────────────────────────
[property] start predicate_id='' property_label='NLP data source type' key='NLP data source type' mapping='IV.3'
[selected_answers] answer answer='Industrial project, proprietary data' resource_mapping_key='NLP data source type'
[options_details] answer answer='Industrial project, proprietary data' resource_mapping_key='NLP data source type' answer_label_type_in_options_details='No type'
[property] answers property_label='NLP data source type' key='NLP data source type' answers=['Industrial project, proprietary data']
[map] to_resource key='NLP data source type' answer='Industrial project, proprietary data' object_id='R1544228'
[property] values_resolved property_label='NLP data source type' key='NLP data source type' result_ids=['R1544228']
[property] 10-values_resolved property_label='NLP data source type' key='NLP data source type' result_ids=['R1544228']
[sep] ────────────────────────────────────────────────────────────
[property] start predicate_id='' property_label='Number of data sources' key='Number of data sources' mapping='IV.9'
[options_details] answer answer='1' resource_mapping_key='Number of data sources' answer_label_type_in_options_details='Text'
[property] answers property_label='Number of data sources' key='Number of data sources' answers=['1']
[Integer literal] fallback_to_text key='Number of data sources' answer='1'
[literal] created key='Number of data sources' answer='1' id='L3614112'
[property] values_resolved property_label='Number of data sources' key='Number of data sources' result_ids=['L3614112']
[property] 10-values_resolved property_label='Number of data sources' key='Number of data sources' result_ids=['L3614112']
[sep] ────────────────────────────────────────────────────────────
[property] start predicate_id='' property_label='NLP data source domain' key='NLP data source domain' mapping='IV.8'
[options_details] answer answer='Positive train control (railways)' resource_mapping_key='NLP data source domain' answer_label_type_in_options_details='Text'
[property] answers property_label='NLP data source domain' key='NLP data source domain' answers=['Positive train control (railways)']
[resource] created label='Positive train control (railways)' class_id='C121053' id='R1552554'
[unmapped] categorical_created key='NLP data source domain' answer='Positive train control (railways)' id='R1552554'
[property] values_resolved property_label='NLP data source domain' key='NLP data source domain' result_ids=['R1552554']
[property] 10-values_resolved property_label='NLP data source domain' key='NLP data source domain' result_ids=['R1552554']
[subtemplate] end label='NLP data source' class_id='C121011' subtemplate_id='R1544223'
[sep] ────────────────────────────────────────────────────────────
[sep] ────────────────────────────────────────────────────────────
[property] start predicate_id='' property_label='NLP data abstraction level' key='NLP data abstraction level' mapping='IV.4'
[selected_answers] answer answer='System-level' resource_mapping_key='NLP data abstraction level'
[selected_answers] answer answer='Module-level' resource_mapping_key='NLP data abstraction level'
[options_details] answer answer='System-level' resource_mapping_key='NLP data abstraction level' answer_label_type_in_options_details='No type'
[options_details] answer answer='Module-level' resource_mapping_key='NLP data abstraction level' answer_label_type_in_options_details='No type'
[property] answers property_label='NLP data abstraction level' key='NLP data abstraction level' answers=['System-level', 'Module-level']
[map] to_resource key='NLP data abstraction level' answer='System-level' object_id='R1544241'
[map] to_resource key='NLP data abstraction level' answer='Module-level' object_id='R1544243'
[property] values_resolved property_label='NLP data abstraction level' key='NLP data abstraction level' result_ids=['R1544241', 'R1544243']
[property] 10-values_resolved property_label='NLP data abstraction level' key='NLP data abstraction level' result_ids=['R1544241', 'R1544243']
[sep] ────────────────────────────────────────────────────────────
[sep] ──────────────────────────────────────────────────────────── SUBTEMPLATE NLP data type ────────────────────────────────────────────────────────────
[subtemplate] start label='NLP data type' class_id='C121015' subtemplate_id='R1544245'
[sep] ────────────────────────────────────────────────────────────
[property] start predicate_id='' property_label='NLP data format' key='NLP data format' mapping='IV.5'
[selected_answers] answer answer='"Shall" requirements' resource_mapping_key='NLP data format'
[options_details] answer answer='"Shall" requirements' resource_mapping_key='NLP data format' answer_label_type_in_options_details='No type'
[property] answers property_label='NLP data format' key='NLP data format' answers=['"Shall" requirements']
[map] to_resource key='NLP data format' answer='"Shall" requirements' object_id='R1544249'
[property] values_resolved property_label='NLP data format' key='NLP data format' result_ids=['R1544249']
[property] 10-values_resolved property_label='NLP data format' key='NLP data format' result_ids=['R1544249']
[sep] ────────────────────────────────────────────────────────────
[property] start predicate_id='' property_label='Rigor of data format' key='Rigor of data format' mapping='IV.6'
[selected_answers] answer answer='Unconstrained natural language' resource_mapping_key='Rigor of data format'
[selected_answers] answer answer='Template-based controlled natural language' resource_mapping_key='Rigor of data format'
[options_details] answer answer='Unconstrained natural language' resource_mapping_key='Rigor of data format' answer_label_type_in_options_details='No type'
[options_details] answer answer='Template-based controlled natural language' resource_mapping_key='Rigor of data format' answer_label_type_in_options_details='No type'
[property] answers property_label='Rigor of data format' key='Rigor of data format' answers=['Unconstrained natural language', 'Template-based controlled natural language']
[map] to_resource key='Rigor of data format' answer='Unconstrained natural language' object_id='R1544258'
[map] to_resource key='Rigor of data format' answer='Template-based controlled natural language' object_id='R1544259'
[property] values_resolved property_label='Rigor of data format' key='Rigor of data format' result_ids=['R1544258', 'R1544259']
[property] 10-values_resolved property_label='Rigor of data format' key='Rigor of data format' result_ids=['R1544258', 'R1544259']
[sep] ────────────────────────────────────────────────────────────
[property] start predicate_id='' property_label='Natural language' key='Natural language' mapping='IV.7'
[options_details] answer answer='English' resource_mapping_key='Natural language' answer_label_type_in_options_details='Text'
[property] answers property_label='Natural language' key='Natural language' answers=['English']
[literal] created key='Natural language' answer='English' id='L3614113'
[property] values_resolved property_label='Natural language' key='Natural language' result_ids=['L3614113']
[property] 10-values_resolved property_label='Natural language' key='Natural language' result_ids=['L3614113']
[subtemplate] end label='NLP data type' class_id='C121015' subtemplate_id='R1544245'
[sep] ────────────────────────────────────────────────────────────
[sep] ────────────────────────────────────────────────────────────
[sep] ──────────────────────────────────────────────────────────── SUBTEMPLATE License ────────────────────────────────────────────────────────────
[subtemplate] start label='License' class_id='C121018' subtemplate_id='R1544265'
[sep] ────────────────────────────────────────────────────────────
[property] start predicate_id='' property_label='Public availability' key='Public availability' mapping='IV.10'
[selected_answers] answer answer='No' resource_mapping_key='Public availability'
[options_details] answer answer='No' resource_mapping_key='Public availability' answer_label_type_in_options_details='No type'
[property] answers property_label='Public availability' key='Public availability' answers=['No']
[map] to_resource key='Public availability' answer='No' object_id='R1544268'
[property] values_resolved property_label='Public availability' key='Public availability' result_ids=['R1544268']
[property] 10-values_resolved property_label='Public availability' key='Public availability' result_ids=['R1544268']
[sep] ────────────────────────────────────────────────────────────
[property] start predicate_id='' property_label='License type' key='License type' mapping='IV.11'
[selected_answers] answer answer='No license' resource_mapping_key='License type'
[options_details] answer answer='No license' resource_mapping_key='License type' answer_label_type_in_options_details='No type'
[property] answers property_label='License type' key='License type' answers=['No license']
[map] to_resource key='License type' answer='No license' object_id='R1544274'
[property] values_resolved property_label='License type' key='License type' result_ids=['R1544274']
[property] 10-values_resolved property_label='License type' key='License type' result_ids=['R1544274']
[subtemplate] end label='License' class_id='C121018' subtemplate_id='R1544265'
[sep] ────────────────────────────────────────────────────────────
[sep] ────────────────────────────────────────────────────────────
[sep] ──────────────────────────────────────────────────────────── SUBTEMPLATE Dataset location ────────────────────────────────────────────────────────────
[subtemplate] start label='Dataset location' class_id='C121022' subtemplate_id='R1544278'
[sep] ────────────────────────────────────────────────────────────
[property] start predicate_id='' property_label='Location type' key='Dataset location type' mapping='IV.12'
[property] no_answers property_label='Location type'
[sep] ────────────────────────────────────────────────────────────
[property] start predicate_id='' property_label='URL' key='url' mapping='IV.13'
[property] no_answers property_label='URL'
[subtemplate] end label='Dataset location' class_id='C121022' subtemplate_id='R1544278'
[sep] ────────────────────────────────────────────────────────────
[subtemplate] end label='NLP dataset' class_id='C121010' subtemplate_id='R1544216'
[sep] ────────────────────────────────────────────────────────────
[link] created s='R1552548' p='P181011' o='R1552552'
[sep] ──────────────────────────────────────────────────────────── PREDICATE P181031 ────────────────────────────────────────────────────────────
[section] predicate id='P181031' label='Annotation process'
[sep] ──────────────────────────────────────────────────────────── SUBTEMPLATE Annotation process ────────────────────────────────────────────────────────────
[subtemplate] start label='Annotation process' class_id='C121025' subtemplate_id='R1544287'
[sep] ────────────────────────────────────────────────────────────
[sep] ──────────────────────────────────────────────────────────── SUBTEMPLATE Annotator ────────────────────────────────────────────────────────────
[subtemplate] start label='Annotator' class_id='C121026' subtemplate_id='R1544290'
[sep] ────────────────────────────────────────────────────────────
[property] start predicate_id='' property_label='Number of annotators' key='Number of annotators' mapping='V.1'
[property] no_answers property_label='Number of annotators'
[sep] ────────────────────────────────────────────────────────────
[property] start predicate_id='' property_label='Annotator assignment' key='Annotator assignment' mapping='V.2'
[property] no_answers property_label='Annotator assignment'
[sep] ────────────────────────────────────────────────────────────
[property] start predicate_id='' property_label='Level of application domain experience' key='Level of application domain experience' mapping='V.3'
[selected_answers] answer answer='Domain expert' resource_mapping_key='Level of application domain experience'
[options_details] answer answer='Domain expert' resource_mapping_key='Level of application domain experience' answer_label_type_in_options_details='No type'
[property] answers property_label='Level of application domain experience' key='Level of application domain experience' answers=['Domain expert']
[map] to_resource key='Level of application domain experience' answer='Domain expert' object_id='R1544299'
[property] values_resolved property_label='Level of application domain experience' key='Level of application domain experience' result_ids=['R1544299']
[property] 10-values_resolved property_label='Level of application domain experience' key='Level of application domain experience' result_ids=['R1544299']
[sep] ────────────────────────────────────────────────────────────
[property] start predicate_id='' property_label='Annotator identity' key='Annotator identity' mapping='V.4'
[selected_answers] answer answer='Independent annotators' resource_mapping_key='Annotator identity'
[options_details] answer answer='Independent annotators' resource_mapping_key='Annotator identity' answer_label_type_in_options_details='No type'
[property] answers property_label='Annotator identity' key='Annotator identity' answers=['Independent annotators']
[map] to_resource key='Annotator identity' answer='Independent annotators' object_id='R1544303'
[property] values_resolved property_label='Annotator identity' key='Annotator identity' result_ids=['R1544303']
[property] 10-values_resolved property_label='Annotator identity' key='Annotator identity' result_ids=['R1544303']
[subtemplate] end label='Annotator' class_id='C121026' subtemplate_id='R1544290'
[sep] ────────────────────────────────────────────────────────────
[sep] ────────────────────────────────────────────────────────────
[sep] ──────────────────────────────────────────────────────────── SUBTEMPLATE Annotation scheme ────────────────────────────────────────────────────────────
[subtemplate] start label='Annotation scheme' class_id='C121030' subtemplate_id='R1544307'
[sep] ────────────────────────────────────────────────────────────
[property] start predicate_id='' property_label='Scheme establishment' key='Scheme establishement' mapping='V.5'
[property] no_answers property_label='Scheme establishment'
[sep] ────────────────────────────────────────────────────────────
[property] start predicate_id='' property_label='Guideline availability' key='Guideline availability' mapping='V.6'
[selected_answers] answer answer='No' resource_mapping_key='Guideline availability'
[options_details] answer answer='No' resource_mapping_key='Guideline availability' answer_label_type_in_options_details='No type'
[property] answers property_label='Guideline availability' key='Guideline availability' answers=['No']
[map] to_resource key='Guideline availability' answer='No' object_id='R1544314'
[property] values_resolved property_label='Guideline availability' key='Guideline availability' result_ids=['R1544314']
[property] 10-values_resolved property_label='Guideline availability' key='Guideline availability' result_ids=['R1544314']
[subtemplate] end label='Annotation scheme' class_id='C121030' subtemplate_id='R1544307'
[sep] ────────────────────────────────────────────────────────────
[sep] ────────────────────────────────────────────────────────────
[property] start predicate_id='' property_label='Shared material' key='Shared material' mapping='V.7'
[selected_answers] answer answer='No' resource_mapping_key='Shared material'
[options_details] answer answer='No' resource_mapping_key='Shared material' answer_label_type_in_options_details='No type'
[property] answers property_label='Shared material' key='Shared material' answers=['No']
[map] to_resource key='Shared material' answer='No' object_id='R1544319'
[property] values_resolved property_label='Shared material' key='Shared material' result_ids=['R1544319']
[property] 10-values_resolved property_label='Shared material' key='Shared material' result_ids=['R1544319']
[sep] ────────────────────────────────────────────────────────────
[property] start predicate_id='' property_label='Fatigue mitigation technique' key='Fatigue mitigation technique' mapping='V.8'
[property] no_answers property_label='Fatigue mitigation technique'
[sep] ────────────────────────────────────────────────────────────
[sep] ──────────────────────────────────────────────────────────── SUBTEMPLATE Annotator agreement ────────────────────────────────────────────────────────────
[subtemplate] start label='Annotator agreement' class_id='C121035' subtemplate_id='R1544326'
[sep] ────────────────────────────────────────────────────────────
[property] start predicate_id='' property_label='Intercoder reliability metric' key='Intercoder reliability metric' mapping='V.9'
[property] no_answers property_label='Intercoder reliability metric'
[sep] ────────────────────────────────────────────────────────────
[property] start predicate_id='' property_label='Conflict resolution' key='Conflict resolution' mapping='V.10'
[property] no_answers property_label='Conflict resolution'
[sep] ────────────────────────────────────────────────────────────
[property] start predicate_id='' property_label='Measured agreement' key='Measured agreement' mapping='V.11'
[property] no_answers property_label='Measured agreement'
[literal] created key='Measured agreement' answer='Not reported' id='L3614114'
[subtemplate] end label='Annotator agreement' class_id='C121035' subtemplate_id='R1544326'
[sep] ────────────────────────────────────────────────────────────
[subtemplate] end label='Annotation process' class_id='C121025' subtemplate_id='R1544287'
[sep] ────────────────────────────────────────────────────────────
[link] created s='R1552548' p='P181031' o='R1552558'
[sep] ──────────────────────────────────────────────────────────── PREDICATE P181046 ────────────────────────────────────────────────────────────
[section] predicate id='P181046' label='Implemented approach'
[sep] ──────────────────────────────────────────────────────────── SUBTEMPLATE Implemented approach ────────────────────────────────────────────────────────────
[subtemplate] start label='Implemented approach' class_id='C121038' subtemplate_id='R1544363'
[sep] ────────────────────────────────────────────────────────────
[property] start predicate_id='' property_label='Approach type' key='Approach type' mapping='VI.1'
[selected_answers] answer answer='Supervised DL' resource_mapping_key='Approach type'
[selected_answers] answer answer='Unsupervised DL' resource_mapping_key='Approach type'
[options_details] answer answer='Supervised DL' resource_mapping_key='Approach type' answer_label_type_in_options_details='No type'
[options_details] answer answer='Unsupervised DL' resource_mapping_key='Approach type' answer_label_type_in_options_details='No type'
[property] answers property_label='Approach type' key='Approach type' answers=['Supervised DL', 'Unsupervised DL']
[map] to_resource key='Approach type' answer='Supervised DL' object_id='R1544365'
[map] to_resource key='Approach type' answer='Unsupervised DL' object_id='R1544369'
[property] values_resolved property_label='Approach type' key='Approach type' result_ids=['R1544365', 'R1544369']
[property] 10-values_resolved property_label='Approach type' key='Approach type' result_ids=['R1544365', 'R1544369']
[sep] ────────────────────────────────────────────────────────────
[property] start predicate_id='' property_label='Algorithm used' key='Algorithm used' mapping='VI.2'
[options_details] answer answer='RNN - GRU, RNN - BI-GRU, RNN - LSTM, RNN - BI-LSTM, Vector Space Model (VSM), Latent Semantic Indexing (LSI)' resource_mapping_key='Algorithm used' answer_label_type_in_options_details='Text'
[property] answers property_label='Algorithm used' key='Algorithm used' answers=['RNN - GRU', 'RNN - BI-GRU', 'RNN - LSTM', 'RNN - BI-LSTM', 'Vector Space Model (VSM)', 'Latent Semantic Indexing (LSI)']
[resource] created label='RNN - GRU' class_id='C121040' id='R1552563'
[unmapped] categorical_created key='Algorithm used' answer='RNN - GRU' id='R1552563'
[resource] created label='RNN - BI-GRU' class_id='C121040' id='R1552564'
[unmapped] categorical_created key='Algorithm used' answer='RNN - BI-GRU' id='R1552564'
[resource] created label='RNN - LSTM' class_id='C121040' id='R1552565'
[unmapped] categorical_created key='Algorithm used' answer='RNN - LSTM' id='R1552565'
[resource] created label='RNN - BI-LSTM' class_id='C121040' id='R1552566'
[unmapped] categorical_created key='Algorithm used' answer='RNN - BI-LSTM' id='R1552566'
[resource] created label='Vector Space Model (VSM)' class_id='C121040' id='R1552567'
[unmapped] categorical_created key='Algorithm used' answer='Vector Space Model (VSM)' id='R1552567'
[resource] created label='Latent Semantic Indexing (LSI)' class_id='C121040' id='R1552568'
[unmapped] categorical_created key='Algorithm used' answer='Latent Semantic Indexing (LSI)' id='R1552568'
[property] values_resolved property_label='Algorithm used' key='Algorithm used' result_ids=['R1552563', 'R1552564', 'R1552565', 'R1552566', 'R1552567', 'R1552568']
[property] 10-values_resolved property_label='Algorithm used' key='Algorithm used' result_ids=['R1552563', 'R1552564', 'R1552565', 'R1552566', 'R1552567', 'R1552568']
[sep] ────────────────────────────────────────────────────────────
[property] start predicate_id='' property_label='Running requirements' key='Running requirements' mapping='VI.4'
[selected_answers] answer answer='Import and integrate into your own code' resource_mapping_key='Running requirements'
[selected_answers] answer answer='Compile and run' resource_mapping_key='Running requirements'
[options_details] answer answer='Import and integrate into your own code' resource_mapping_key='Running requirements' answer_label_type_in_options_details='No type'
[options_details] answer answer='Compile and run' resource_mapping_key='Running requirements' answer_label_type_in_options_details='No type'
[property] answers property_label='Running requirements' key='Running requirements' answers=['Import and integrate into your own code', 'Compile and run']
[map] to_resource key='Running requirements' answer='Import and integrate into your own code' object_id='R1544381'
[map] to_resource key='Running requirements' answer='Compile and run' object_id='R1544380'
[property] values_resolved property_label='Running requirements' key='Running requirements' result_ids=['R1544381', 'R1544380']
[property] 10-values_resolved property_label='Running requirements' key='Running requirements' result_ids=['R1544381', 'R1544380']
[sep] ────────────────────────────────────────────────────────────
[property] start predicate_id='' property_label='Documentation' key='Documentation' mapping='VI.5'
[selected_answers] answer answer='README file' resource_mapping_key='Documentation'
[selected_answers] answer answer='Pseudocode / illustration in the paper' resource_mapping_key='Documentation'
[selected_answers] answer answer='An academic paper' resource_mapping_key='Documentation'
[options_details] answer answer='README file' resource_mapping_key='Documentation' answer_label_type_in_options_details='No type'
[options_details] answer answer='Pseudocode / illustration in the paper' resource_mapping_key='Documentation' answer_label_type_in_options_details='No type'
[options_details] answer answer='An academic paper' resource_mapping_key='Documentation' answer_label_type_in_options_details='No type'
[property] answers property_label='Documentation' key='Documentation' answers=['README file', 'Pseudocode / illustration in the paper', 'An academic paper']
[map] to_resource key='Documentation' answer='README file' object_id='R1544390'
[resource] created label='Pseudocode / illustration in the paper' class_id='C121042' id='R1552569'
[unmapped] categorical_created key='Documentation' answer='Pseudocode / illustration in the paper' id='R1552569'
[map] to_resource key='Documentation' answer='An academic paper' object_id='R1544386'
[property] values_resolved property_label='Documentation' key='Documentation' result_ids=['R1544390', 'R1552569', 'R1544386']
[property] 10-values_resolved property_label='Documentation' key='Documentation' result_ids=['R1544390', 'R1552569', 'R1544386']
[sep] ────────────────────────────────────────────────────────────
[property] start predicate_id='' property_label='Dependency' key='Dependency' mapping='VI.6'
[selected_answers] answer answer='Open source libraries / software' resource_mapping_key='Dependency'
[options_details] answer answer='Open source libraries / software' resource_mapping_key='Dependency' answer_label_type_in_options_details='No type'
[property] answers property_label='Dependency' key='Dependency' answers=['Open source libraries / software']
[map] to_resource key='Dependency' answer='Open source libraries / software' object_id='R1544394'
[property] values_resolved property_label='Dependency' key='Dependency' result_ids=['R1544394']
[property] 10-values_resolved property_label='Dependency' key='Dependency' result_ids=['R1544394']
[sep] ────────────────────────────────────────────────────────────
[property] start predicate_id='' property_label='License type' key='License type' mapping='VI.8'
[selected_answers] answer answer='No license' resource_mapping_key='License type'
[options_details] answer answer='No license' resource_mapping_key='License type' answer_label_type_in_options_details='No type'
[property] answers property_label='License type' key='License type' answers=['No license']
[map] to_resource key='License type' answer='No license' object_id='R1544274'
[property] values_resolved property_label='License type' key='License type' result_ids=['R1544274']
[property] 10-values_resolved property_label='License type' key='License type' result_ids=['R1544274']
[sep] ────────────────────────────────────────────────────────────
[sep] ──────────────────────────────────────────────────────────── SUBTEMPLATE Release ────────────────────────────────────────────────────────────
[subtemplate] start label='Release' class_id='C121044' subtemplate_id='R1544401'
[sep] ────────────────────────────────────────────────────────────
[property] start predicate_id='' property_label='Release format' key='Release format' mapping='VI.3'
[selected_answers] answer answer='Source code' resource_mapping_key='Release format'
[options_details] answer answer='Source code' resource_mapping_key='Release format' answer_label_type_in_options_details='No type'
[property] answers property_label='Release format' key='Release format' answers=['Source code']
[map] to_resource key='Release format' answer='Source code' object_id='R1544410'
[property] values_resolved property_label='Release format' key='Release format' result_ids=['R1544410']
[property] 10-values_resolved property_label='Release format' key='Release format' result_ids=['R1544410']
[sep] ────────────────────────────────────────────────────────────
[property] start predicate_id='' property_label='Location type' key='Tool location type' mapping='VI.7'
[selected_answers] answer answer='In a repository' resource_mapping_key='Tool location type'
[options_details] answer answer='In a repository' resource_mapping_key='Tool location type' answer_label_type_in_options_details='No type'
[property] answers property_label='Location type' key='Tool location type' answers=['In a repository']
[map] to_resource key='Tool location type' answer='In a repository' object_id='R1544415'
[property] values_resolved property_label='Location type' key='Tool location type' result_ids=['R1544415']
[property] 10-values_resolved property_label='Location type' key='Tool location type' result_ids=['R1544415']
[sep] ────────────────────────────────────────────────────────────
[property] start predicate_id='' property_label='URL' key='url' mapping='VI.9'
[options_details] answer answer='https://github.com/jin-guo/TraceNN' resource_mapping_key='url' answer_label_type_in_options_details='Text'
[property] answers property_label='URL' key='url' answers=['https://github.com/jin-guo/TraceNN']
[literal] created key='url' answer='https://github.com/jin-guo/TraceNN' id='L3614115'
[property] values_resolved property_label='URL' key='url' result_ids=['L3614115']
[property] 10-values_resolved property_label='URL' key='url' result_ids=['L3614115']
[subtemplate] end label='Release' class_id='C121044' subtemplate_id='R1544401'
[sep] ────────────────────────────────────────────────────────────
[subtemplate] end label='Implemented approach' class_id='C121038' subtemplate_id='R1544363'
[sep] ────────────────────────────────────────────────────────────
[link] created s='R1552548' p='P181046' o='R1552562'
[sep] ──────────────────────────────────────────────────────────── PREDICATE HAS_EVALUATION ────────────────────────────────────────────────────────────
[section] predicate id='HAS_EVALUATION' label='Evaluation'
[sep] ──────────────────────────────────────────────────────────── SUBTEMPLATE Evaluation ────────────────────────────────────────────────────────────
[subtemplate] start label='Evaluation' class_id='C121047' subtemplate_id='R1544421'
[sep] ────────────────────────────────────────────────────────────
[property] start predicate_id='' property_label='Evaluation metric' key='Evaluation metric' mapping='VII.1'
[selected_answers] answer answer='Precision/Recall' resource_mapping_key='Evaluation metric'
[selected_answers] answer answer='MAP' resource_mapping_key='Evaluation metric'
[options_details] answer answer='Precision/Recall' resource_mapping_key='Evaluation metric' answer_label_type_in_options_details='No type'
[options_details] answer answer='MAP' resource_mapping_key='Evaluation metric' answer_label_type_in_options_details='No type'
[property] answers property_label='Evaluation metric' key='Evaluation metric' answers=['Precision/Recall', 'MAP']
[map] to_resource key='Evaluation metric' answer='Precision/Recall' object_id='R1544436'
[map] to_resource key='Evaluation metric' answer='MAP' object_id='R1544443'
[property] values_resolved property_label='Evaluation metric' key='Evaluation metric' result_ids=['R1544436', 'R1544443']
[property] 10-values_resolved property_label='Evaluation metric' key='Evaluation metric' result_ids=['R1544436', 'R1544443']
[sep] ────────────────────────────────────────────────────────────
[property] start predicate_id='' property_label='Validation procedure' key='Validation procedure' mapping='VII.2'
[selected_answers] answer answer='Train-test split' resource_mapping_key='Validation procedure'
[options_details] answer answer='Train-test split' resource_mapping_key='Validation procedure' answer_label_type_in_options_details='No type'
[property] answers property_label='Validation procedure' key='Validation procedure' answers=['Train-test split']
[map] to_resource key='Validation procedure' answer='Train-test split' object_id='R1544445'
[property] values_resolved property_label='Validation procedure' key='Validation procedure' result_ids=['R1544445']
[property] 10-values_resolved property_label='Validation procedure' key='Validation procedure' result_ids=['R1544445']
[sep] ────────────────────────────────────────────────────────────
[sep] ──────────────────────────────────────────────────────────── SUBTEMPLATE Baseline comparison ────────────────────────────────────────────────────────────
[subtemplate] start label='Baseline comparison' class_id='C121050' subtemplate_id='R1544450'
[sep] ────────────────────────────────────────────────────────────
[property] start predicate_id='' property_label='Baseline comparison type' key='Baseline comparison type' mapping='VII.3'
[selected_answers] answer answer='Existing tool or algorithm' resource_mapping_key='Baseline comparison type'
[selected_answers] answer answer='Automated, but self-defined' resource_mapping_key='Baseline comparison type'
[options_details] answer answer='Existing tool or algorithm' resource_mapping_key='Baseline comparison type' answer_label_type_in_options_details='No type'
[options_details] answer answer='Automated, but self-defined' resource_mapping_key='Baseline comparison type' answer_label_type_in_options_details='No type'
[property] answers property_label='Baseline comparison type' key='Baseline comparison type' answers=['Existing tool or algorithm', 'Automated, but self-defined']
[map] to_resource key='Baseline comparison type' answer='Existing tool or algorithm' object_id='R1544455'
[map] to_resource key='Baseline comparison type' answer='Automated, but self-defined' object_id='R1544453'
[property] values_resolved property_label='Baseline comparison type' key='Baseline comparison type' result_ids=['R1544455', 'R1544453']
[property] 10-values_resolved property_label='Baseline comparison type' key='Baseline comparison type' result_ids=['R1544455', 'R1544453']
[sep] ────────────────────────────────────────────────────────────
[property] start predicate_id='' property_label='Baseline comparison details' key='Baseline comparison details' mapping='VII.4'
[property] no_answers property_label='Baseline comparison details'
[literal] created key='Baseline comparison details' answer='Not reported' id='L3614116'
[subtemplate] end label='Baseline comparison' class_id='C121050' subtemplate_id='R1544450'
[sep] ────────────────────────────────────────────────────────────
[subtemplate] end label='Evaluation' class_id='C121047' subtemplate_id='R1544421'
[sep] ────────────────────────────────────────────────────────────
[link] created s='R1552548' p='HAS_EVALUATION' o='R1552571'
