[run] start run_id='3ecd78d2'
[connect] ok host='https://orkg.org'
[json] loaded path='/Users/amirrezaalasti/Desktop/TIB/nlp4re/pdf2JSON_Results/AlessioFerrari-AndreaEsuli-ASEJ19.json'
[sep] ──────────────────────────────────────────────────────────── PREDICATE P181002 ────────────────────────────────────────────────────────────
[section] predicate id='P181002' label='RE task'
[property] start predicate_id='' property_label='RE task' key='RE task' mapping='I.1'
[property] answers property_label='RE task' key='RE task' answers=['Other/Comments', 'modeling language ambiguity']
[unmapped] other_value_skipped key='RE task' answer='Other/Comments'
[unmapped] other_value_skipped_resource_should_not_be_created key='RE task' answer='Other/Comments'
[unmapped] other_context_skipped key='RE task' answer='modeling language ambiguity'
[resource] created label='modeling language ambiguity' class_id='C121003' id='R1547688'
[map] to_resource key='RE task' answer='modeling language ambiguity' object_id='R1547688'
[property] values_resolved property_label='RE task' key='RE task' result_ids=['R1547688']
[link] created s='R1547687' p='P181002' o='R1547688'
[sep] ──────────────────────────────────────────────────────────── PREDICATE P181003 ────────────────────────────────────────────────────────────
[section] predicate id='P181003' label='NLP task'
[sep] ──────────────────────────────────────────────────────────── SUBTEMPLATE NLP task ────────────────────────────────────────────────────────────
[subtemplate] start label='NLP task' class_id='C121004' subtemplate_id='R1544138'
[sep] ────────────────────────────────────────────────────────────
[property] start predicate_id='' property_label='NLP task type' key='NLP task type' mapping='II.1'
[property] answers property_label='NLP task type' key='NLP task type' answers=['Information Retrieval (search/rank)', 'Other/Comments', 'language modeling']
[resource] created label='Information Retrieval (search/rank)' class_id='C121005' id='R1547690'
[unmapped] categorical_created key='NLP task type' answer='Information Retrieval (search/rank)' id='R1547690'
[unmapped] other_value_skipped key='NLP task type' answer='Other/Comments'
[unmapped] other_value_skipped_resource_should_not_be_created key='NLP task type' answer='Other/Comments'
[unmapped] other_context_skipped key='NLP task type' answer='language modeling'
[resource] created label='language modeling' class_id='C121005' id='R1547691'
[map] to_resource key='NLP task type' answer='language modeling' object_id='R1547691'
[property] values_resolved property_label='NLP task type' key='NLP task type' result_ids=['R1547690', 'R1547691']
[property] 10-values_resolved property_label='NLP task type' key='NLP task type' result_ids=['R1547690', 'R1547691']
[sep] ────────────────────────────────────────────────────────────
[property] start predicate_id='' property_label='NLP task input' key='NLP task input' mapping='III.1'
[property] answers property_label='NLP task input' key='NLP task input' answers=['Document', 'Words']
[map] to_resource key='NLP task input' answer='Document' object_id='R1544153'
[map] to_resource key='NLP task input' answer='Words' object_id='R1544156'
[property] values_resolved property_label='NLP task input' key='NLP task input' result_ids=['R1544153', 'R1544156']
[property] 10-values_resolved property_label='NLP task input' key='NLP task input' result_ids=['R1544153', 'R1544156']
[sep] ────────────────────────────────────────────────────────────
[sep] ──────────────────────────────────────────────────────────── SUBTEMPLATE NLP task output ────────────────────────────────────────────────────────────
[subtemplate] start label='NLP task output' class_id='C121007' subtemplate_id='R1544158'
[sep] ────────────────────────────────────────────────────────────
[property] start predicate_id='' property_label='NLP task output classification label' key='NLP task output classification label' mapping='III.3'
[property] no_answers property_label='NLP task output classification label'
[literal] created key='NLP task output classification label' answer='Not reported' id='L3606052'
[sep] ────────────────────────────────────────────────────────────
[property] start predicate_id='' property_label='NLP task output extracted element' key='NLP task output extracted element' mapping='III.5'
[property] no_answers property_label='NLP task output extracted element'
[literal] created key='NLP task output extracted element' answer='Not reported' id='L3606053'
[sep] ────────────────────────────────────────────────────────────
[property] start predicate_id='' property_label='NLP task output translation mapping cardinality' key='NLP task output translation mapping cardinality' mapping='III.7'
[property] no_answers property_label='NLP task output translation mapping cardinality'
[sep] ────────────────────────────────────────────────────────────
[property] start predicate_id='' property_label='NLP task output type' key='NLP task output type' mapping="['III.2', 'III.4', 'III.6', 'III.8', 'III.9']"
[property] answers property_label='NLP task output type' key='NLP task output type' answers=['Words', 'Other', 'ranked list of works by cross-domain ambiguity', 'language models representing stakeholders use of the language, to be used for disambiguation']
[map] to_resource key='NLP task output type' answer='Words' object_id='R1544170'
[unmapped] other_value_skipped key='NLP task output type' answer='Other'
[unmapped] other_value_skipped_resource_should_not_be_created key='NLP task output type' answer='Other'
[unmapped] other_context_skipped key='NLP task output type' answer='ranked list of works by cross-domain ambiguity'
[resource] created label='ranked list of works by cross-domain ambiguity' class_id='C121008' id='R1547693'
[map] to_resource key='NLP task output type' answer='ranked list of works by cross-domain ambiguity' object_id='R1547693'
[resource] created label='language models representing stakeholders use of the language, to be used for disambiguation' class_id='C121008' id='R1547694'
[unmapped] categorical_created key='NLP task output type' answer='language models representing stakeholders use of the language, to be used for disambiguation' id='R1547694'
[property] values_resolved property_label='NLP task output type' key='NLP task output type' result_ids=['R1544170', 'R1547693', 'R1547694']
[property] 10-values_resolved property_label='NLP task output type' key='NLP task output type' result_ids=['R1544170', 'R1547693', 'R1547694']
[subtemplate] end label='NLP task output' class_id='C121007' subtemplate_id='R1544158'
[sep] ────────────────────────────────────────────────────────────
[subtemplate] end label='NLP task' class_id='C121004' subtemplate_id='R1544138'
[sep] ────────────────────────────────────────────────────────────
[link] created s='R1547687' p='P181003' o='R1547689'
[sep] ──────────────────────────────────────────────────────────── PREDICATE P181011 ────────────────────────────────────────────────────────────
[section] predicate id='P181011' label='NLP dataset'
[sep] ──────────────────────────────────────────────────────────── SUBTEMPLATE NLP dataset ────────────────────────────────────────────────────────────
[subtemplate] start label='NLP dataset' class_id='C121010' subtemplate_id='R1544216'
[sep] ────────────────────────────────────────────────────────────
[property] start predicate_id='' property_label='NLP data item' key='NLP data item' mapping='IV.1'
[property] answers property_label='NLP data item' key='NLP data item' answers=['47500 wikipedia pages from 5 domains']
[literal] created key='NLP data item' answer='47500 wikipedia pages from 5 domains' id='L3606054'
[property] values_resolved property_label='NLP data item' key='NLP data item' result_ids=['L3606054']
[property] 10-values_resolved property_label='NLP data item' key='NLP data item' result_ids=['L3606054']
[sep] ────────────────────────────────────────────────────────────
[property] start predicate_id='' property_label='NLP data production time' key='NLP data prodcution time' mapping='IV.2'
[property] no_answers property_label='NLP data production time'
[literal] created key='NLP data prodcution time' answer='Not reported' id='L3606055'
[sep] ────────────────────────────────────────────────────────────
[sep] ──────────────────────────────────────────────────────────── SUBTEMPLATE NLP data source ────────────────────────────────────────────────────────────
[subtemplate] start label='NLP data source' class_id='C121011' subtemplate_id='R1544223'
[sep] ────────────────────────────────────────────────────────────
[property] start predicate_id='' property_label='NLP data source type' key='NLP data source type' mapping='IV.3'
[property] answers property_label='NLP data source type' key='NLP data source type' answers=['Other/Comments', 'wikipedia']
[unmapped] other_value_skipped key='NLP data source type' answer='Other/Comments'
[unmapped] other_value_skipped_resource_should_not_be_created key='NLP data source type' answer='Other/Comments'
[unmapped] other_context_skipped key='NLP data source type' answer='wikipedia'
[resource] created label='wikipedia' class_id='C121012' id='R1547697'
[map] to_resource key='NLP data source type' answer='wikipedia' object_id='R1547697'
[property] values_resolved property_label='NLP data source type' key='NLP data source type' result_ids=['R1547697']
[property] 10-values_resolved property_label='NLP data source type' key='NLP data source type' result_ids=['R1547697']
[sep] ────────────────────────────────────────────────────────────
[property] start predicate_id='' property_label='Number of data sources' key='Number of data sources' mapping='IV.9'
[property] answers property_label='Number of data sources' key='Number of data sources' answers=['1']
[Integer literal] fallback_to_text key='Number of data sources' answer='1'
[literal] created key='Number of data sources' answer='1' id='L3606056'
[property] values_resolved property_label='Number of data sources' key='Number of data sources' result_ids=['L3606056']
[property] 10-values_resolved property_label='Number of data sources' key='Number of data sources' result_ids=['L3606056']
[sep] ────────────────────────────────────────────────────────────
[property] start predicate_id='' property_label='NLP data source domain' key='NLP data source domain' mapping='IV.8'
[property] answers property_label='NLP data source domain' key='NLP data source domain' answers=['Computer Science', 'Electronic Engineering', 'Mechanical Engineering', 'Medicine', 'Sport']
[resource] created label='Computer Science' class_id='C121053' id='R1547698'
[unmapped] categorical_created key='NLP data source domain' answer='Computer Science' id='R1547698'
[resource] created label='Electronic Engineering' class_id='C121053' id='R1547699'
[unmapped] categorical_created key='NLP data source domain' answer='Electronic Engineering' id='R1547699'
[resource] created label='Mechanical Engineering' class_id='C121053' id='R1547700'
[unmapped] categorical_created key='NLP data source domain' answer='Mechanical Engineering' id='R1547700'
[resource] created label='Medicine' class_id='C121053' id='R1547701'
[unmapped] categorical_created key='NLP data source domain' answer='Medicine' id='R1547701'
[resource] created label='Sport' class_id='C121053' id='R1547702'
[unmapped] categorical_created key='NLP data source domain' answer='Sport' id='R1547702'
[property] values_resolved property_label='NLP data source domain' key='NLP data source domain' result_ids=['R1547698', 'R1547699', 'R1547700', 'R1547701', 'R1547702']
[property] 10-values_resolved property_label='NLP data source domain' key='NLP data source domain' result_ids=['R1547698', 'R1547699', 'R1547700', 'R1547701', 'R1547702']
[subtemplate] end label='NLP data source' class_id='C121011' subtemplate_id='R1544223'
[sep] ────────────────────────────────────────────────────────────
[sep] ────────────────────────────────────────────────────────────
[property] start predicate_id='' property_label='NLP data abstraction level' key='NLP data abstraction level' mapping='IV.4'
[property] answers property_label='NLP data abstraction level' key='NLP data abstraction level' answers=['Other/Comments', 'encyclopedia']
[unmapped] other_value_skipped key='NLP data abstraction level' answer='Other/Comments'
[unmapped] other_value_skipped_resource_should_not_be_created key='NLP data abstraction level' answer='Other/Comments'
[unmapped] other_context_skipped key='NLP data abstraction level' answer='encyclopedia'
[resource] created label='encyclopedia' class_id='C121013' id='R1547703'
[map] to_resource key='NLP data abstraction level' answer='encyclopedia' object_id='R1547703'
[property] values_resolved property_label='NLP data abstraction level' key='NLP data abstraction level' result_ids=['R1547703']
[property] 10-values_resolved property_label='NLP data abstraction level' key='NLP data abstraction level' result_ids=['R1547703']
[sep] ────────────────────────────────────────────────────────────
[sep] ──────────────────────────────────────────────────────────── SUBTEMPLATE NLP data type ────────────────────────────────────────────────────────────
[subtemplate] start label='NLP data type' class_id='C121015' subtemplate_id='R1544245'
[sep] ────────────────────────────────────────────────────────────
[property] start predicate_id='' property_label='NLP data format' key='NLP data format' mapping='IV.5'
[property] answers property_label='NLP data format' key='NLP data format' answers=['"Shall" requirements']
[map] to_resource key='NLP data format' answer='"Shall" requirements' object_id='R1544249'
[property] values_resolved property_label='NLP data format' key='NLP data format' result_ids=['R1544249']
[property] 10-values_resolved property_label='NLP data format' key='NLP data format' result_ids=['R1544249']
[sep] ────────────────────────────────────────────────────────────
[property] start predicate_id='' property_label='Rigor of data format' key='Rigor of data format' mapping='IV.6'
[property] answers property_label='Rigor of data format' key='Rigor of data format' answers=['Unconstrained natural language']
[map] to_resource key='Rigor of data format' answer='Unconstrained natural language' object_id='R1544258'
[property] values_resolved property_label='Rigor of data format' key='Rigor of data format' result_ids=['R1544258']
[property] 10-values_resolved property_label='Rigor of data format' key='Rigor of data format' result_ids=['R1544258']
[sep] ────────────────────────────────────────────────────────────
[property] start predicate_id='' property_label='Natural language' key='Natural language' mapping='IV.7'
[property] answers property_label='Natural language' key='Natural language' answers=['English']
[literal] created key='Natural language' answer='English' id='L3606057'
[property] values_resolved property_label='Natural language' key='Natural language' result_ids=['L3606057']
[property] 10-values_resolved property_label='Natural language' key='Natural language' result_ids=['L3606057']
[subtemplate] end label='NLP data type' class_id='C121015' subtemplate_id='R1544245'
[sep] ────────────────────────────────────────────────────────────
[sep] ────────────────────────────────────────────────────────────
[sep] ──────────────────────────────────────────────────────────── SUBTEMPLATE License ────────────────────────────────────────────────────────────
[subtemplate] start label='License' class_id='C121018' subtemplate_id='R1544265'
[sep] ────────────────────────────────────────────────────────────
[property] start predicate_id='' property_label='Public availability' key='Public availability' mapping='IV.10'
[property] answers property_label='Public availability' key='Public availability' answers=['Fully']
[map] to_resource key='Public availability' answer='Fully' object_id='R1544267'
[property] values_resolved property_label='Public availability' key='Public availability' result_ids=['R1544267']
[property] 10-values_resolved property_label='Public availability' key='Public availability' result_ids=['R1544267']
[sep] ────────────────────────────────────────────────────────────
[property] start predicate_id='' property_label='License type' key='License type' mapping='IV.11'
[property] answers property_label='License type' key='License type' answers=['No license']
[map] to_resource key='License type' answer='No license' object_id='R1544274'
[property] values_resolved property_label='License type' key='License type' result_ids=['R1544274']
[property] 10-values_resolved property_label='License type' key='License type' result_ids=['R1544274']
[subtemplate] end label='License' class_id='C121018' subtemplate_id='R1544265'
[sep] ────────────────────────────────────────────────────────────
[sep] ────────────────────────────────────────────────────────────
[sep] ──────────────────────────────────────────────────────────── SUBTEMPLATE Dataset location ────────────────────────────────────────────────────────────
[subtemplate] start label='Dataset location' class_id='C121022' subtemplate_id='R1544278'
[sep] ────────────────────────────────────────────────────────────
[property] start predicate_id='' property_label='Location type' key='Dataset location type' mapping='IV.12'
[property] answers property_label='Location type' key='Dataset location type' answers=['In a repository (GitHub, GitLab)']
[resource] created label='In a repository (GitHub, GitLab)' class_id='C121024' id='R1547707'
[unmapped] categorical_created key='Dataset location type' answer='In a repository (GitHub, GitLab)' id='R1547707'
[property] values_resolved property_label='Location type' key='Dataset location type' result_ids=['R1547707']
[property] 10-values_resolved property_label='Location type' key='Dataset location type' result_ids=['R1547707']
[sep] ────────────────────────────────────────────────────────────
[property] start predicate_id='' property_label='URL' key='url' mapping='IV.13'
[property] answers property_label='URL' key='url' answers=['https://zenodo.org/record/1476902']
[literal] created key='url' answer='https://zenodo.org/record/1476902' id='L3606058'
[property] values_resolved property_label='URL' key='url' result_ids=['L3606058']
[property] 10-values_resolved property_label='URL' key='url' result_ids=['L3606058']
[subtemplate] end label='Dataset location' class_id='C121022' subtemplate_id='R1544278'
[sep] ────────────────────────────────────────────────────────────
[subtemplate] end label='NLP dataset' class_id='C121010' subtemplate_id='R1544216'
[sep] ────────────────────────────────────────────────────────────
[link] created s='R1547687' p='P181011' o='R1547695'
[sep] ──────────────────────────────────────────────────────────── PREDICATE P181031 ────────────────────────────────────────────────────────────
[section] predicate id='P181031' label='Annotation Process'
[sep] ──────────────────────────────────────────────────────────── SUBTEMPLATE Annotation Process ────────────────────────────────────────────────────────────
[subtemplate] start label='Annotation Process' class_id='C121025' subtemplate_id='R1544287'
[sep] ────────────────────────────────────────────────────────────
[sep] ──────────────────────────────────────────────────────────── SUBTEMPLATE Annotator ────────────────────────────────────────────────────────────
[subtemplate] start label='Annotator' class_id='C121026' subtemplate_id='R1544290'
[sep] ────────────────────────────────────────────────────────────
[property] start predicate_id='' property_label='Number of annotators' key='Number of annotators' mapping='V.1'
[property] answers property_label='Number of annotators' key='Number of annotators' answers=['2']
[Integer literal] fallback_to_text key='Number of annotators' answer='2'
[literal] created key='Number of annotators' answer='2' id='L3606059'
[property] values_resolved property_label='Number of annotators' key='Number of annotators' result_ids=['L3606059']
[property] 10-values_resolved property_label='Number of annotators' key='Number of annotators' result_ids=['L3606059']
[sep] ────────────────────────────────────────────────────────────
[property] start predicate_id='' property_label='Annotator assignment' key='Annotator assignment' mapping='V.2'
[property] answers property_label='Annotator assignment' key='Annotator assignment' answers=['Multiple annotators per entry']
[map] to_resource key='Annotator assignment' answer='Multiple annotators per entry' object_id='R1544293'
[property] values_resolved property_label='Annotator assignment' key='Annotator assignment' result_ids=['R1544293']
[property] 10-values_resolved property_label='Annotator assignment' key='Annotator assignment' result_ids=['R1544293']
[sep] ────────────────────────────────────────────────────────────
[property] start predicate_id='' property_label='Level of application domain experience' key='Level of application domain experience' mapping='V.3'
[property] answers property_label='Level of application domain experience' key='Level of application domain experience' answers=['None or unknown']
[map] to_resource key='Level of application domain experience' answer='None or unknown' object_id='R1544298'
[property] values_resolved property_label='Level of application domain experience' key='Level of application domain experience' result_ids=['R1544298']
[property] 10-values_resolved property_label='Level of application domain experience' key='Level of application domain experience' result_ids=['R1544298']
[sep] ────────────────────────────────────────────────────────────
[property] start predicate_id='' property_label='Annotator identity' key='Annotator identity' mapping='V.4'
[property] answers property_label='Annotator identity' key='Annotator identity' answers=['The designers of the technique/tool', 'Independent annotators']
[map] to_resource key='Annotator identity' answer='The designers of the technique/tool' object_id='R1544302'
[map] to_resource key='Annotator identity' answer='Independent annotators' object_id='R1544303'
[property] values_resolved property_label='Annotator identity' key='Annotator identity' result_ids=['R1544302', 'R1544303']
[property] 10-values_resolved property_label='Annotator identity' key='Annotator identity' result_ids=['R1544302', 'R1544303']
[subtemplate] end label='Annotator' class_id='C121026' subtemplate_id='R1544290'
[sep] ────────────────────────────────────────────────────────────
[sep] ────────────────────────────────────────────────────────────
[sep] ──────────────────────────────────────────────────────────── SUBTEMPLATE Annotation scheme ────────────────────────────────────────────────────────────
[subtemplate] start label='Annotation scheme' class_id='C121030' subtemplate_id='R1544307'
[sep] ────────────────────────────────────────────────────────────
[property] start predicate_id='' property_label='Scheme establishment' key='Scheme establishement' mapping='V.5'
[property] answers property_label='Scheme establishment' key='Scheme establishement' answers=['Written guidelines with definitions and examples']
[map] to_resource key='Scheme establishement' answer='Written guidelines with definitions and examples' object_id='R1544310'
[property] values_resolved property_label='Scheme establishment' key='Scheme establishement' result_ids=['R1544310']
[property] 10-values_resolved property_label='Scheme establishment' key='Scheme establishement' result_ids=['R1544310']
[sep] ────────────────────────────────────────────────────────────
[property] start predicate_id='' property_label='Guideline availability' key='Guideline availability' mapping='V.6'
[property] answers property_label='Guideline availability' key='Guideline availability' answers=['Yes, via a non-persistent URL']
[map] to_resource key='Guideline availability' answer='Yes, via a non-persistent URL' object_id='R1544316'
[property] values_resolved property_label='Guideline availability' key='Guideline availability' result_ids=['R1544316']
[property] 10-values_resolved property_label='Guideline availability' key='Guideline availability' result_ids=['R1544316']
[subtemplate] end label='Annotation scheme' class_id='C121030' subtemplate_id='R1544307'
[sep] ────────────────────────────────────────────────────────────
[sep] ────────────────────────────────────────────────────────────
[property] start predicate_id='' property_label='Shared material' key='Shared material' mapping='V.7'
[property] answers property_label='Shared material' key='Shared material' answers=['No']
[map] to_resource key='Shared material' answer='No' object_id='R1544319'
[property] values_resolved property_label='Shared material' key='Shared material' result_ids=['R1544319']
[property] 10-values_resolved property_label='Shared material' key='Shared material' result_ids=['R1544319']
[sep] ────────────────────────────────────────────────────────────
[property] start predicate_id='' property_label='Fatigue mitigation technique' key='Fatigue mitigation technique' mapping='V.8'
[property] answers property_label='Fatigue mitigation technique' key='Fatigue mitigation technique' answers=['No']
[map] to_resource key='Fatigue mitigation technique' answer='No' object_id='R1544324'
[property] values_resolved property_label='Fatigue mitigation technique' key='Fatigue mitigation technique' result_ids=['R1544324']
[property] 10-values_resolved property_label='Fatigue mitigation technique' key='Fatigue mitigation technique' result_ids=['R1544324']
[sep] ────────────────────────────────────────────────────────────
[sep] ──────────────────────────────────────────────────────────── SUBTEMPLATE Annotator agreement ────────────────────────────────────────────────────────────
[subtemplate] start label='Annotator agreement' class_id='C121035' subtemplate_id='R1544326'
[sep] ────────────────────────────────────────────────────────────
[property] start predicate_id='' property_label='Intercoder reliability metric' key='Intercoder reliability metric' mapping='V.9'
[property] answers property_label='Intercoder reliability metric' key='Intercoder reliability metric' answers=["Cohen's K"]
[map] to_resource key='Intercoder reliability metric' answer="Cohen's K" object_id='R1544328'
[property] values_resolved property_label='Intercoder reliability metric' key='Intercoder reliability metric' result_ids=['R1544328']
[property] 10-values_resolved property_label='Intercoder reliability metric' key='Intercoder reliability metric' result_ids=['R1544328']
[sep] ────────────────────────────────────────────────────────────
[property] start predicate_id='' property_label='Conflict resolution' key='Conflict resolution' mapping='V.10'
[property] answers property_label='Conflict resolution' key='Conflict resolution' answers=['Majority voting']
[map] to_resource key='Conflict resolution' answer='Majority voting' object_id='R1544336'
[property] values_resolved property_label='Conflict resolution' key='Conflict resolution' result_ids=['R1544336']
[property] 10-values_resolved property_label='Conflict resolution' key='Conflict resolution' result_ids=['R1544336']
[sep] ────────────────────────────────────────────────────────────
[property] start predicate_id='' property_label='Measured agreement' key='Measured agreement' mapping='V.11'
[property] answers property_label='Measured agreement' key='Measured agreement' answers=['varied on the tested cases']
[literal] created key='Measured agreement' answer='varied on the tested cases' id='L3606060'
[property] values_resolved property_label='Measured agreement' key='Measured agreement' result_ids=['L3606060']
[property] 10-values_resolved property_label='Measured agreement' key='Measured agreement' result_ids=['L3606060']
[subtemplate] end label='Annotator agreement' class_id='C121035' subtemplate_id='R1544326'
[sep] ────────────────────────────────────────────────────────────
[subtemplate] end label='Annotation Process' class_id='C121025' subtemplate_id='R1544287'
[sep] ────────────────────────────────────────────────────────────
[link] created s='R1547687' p='P181031' o='R1547708'
[sep] ──────────────────────────────────────────────────────────── PREDICATE P181046 ────────────────────────────────────────────────────────────
[section] predicate id='P181046' label='Implemented approach'
[sep] ──────────────────────────────────────────────────────────── SUBTEMPLATE Implemented approach ────────────────────────────────────────────────────────────
[subtemplate] start label='Implemented approach' class_id='C121038' subtemplate_id='R1544363'
[sep] ────────────────────────────────────────────────────────────
[property] start predicate_id='' property_label='Approach type' key='Approach type' mapping='VI.1'
[property] answers property_label='Approach type' key='Approach type' answers=['Unsupervised DL']
[map] to_resource key='Approach type' answer='Unsupervised DL' object_id='R1544369'
[property] values_resolved property_label='Approach type' key='Approach type' result_ids=['R1544369']
[property] 10-values_resolved property_label='Approach type' key='Approach type' result_ids=['R1544369']
[sep] ────────────────────────────────────────────────────────────
[property] start predicate_id='' property_label='Algorithm used' key='Algorithm used' mapping='VI.2'
[property] answers property_label='Algorithm used' key='Algorithm used' answers=['word2vec']
[resource] created label='word2vec' class_id='C121040' id='R1547713'
[unmapped] categorical_created key='Algorithm used' answer='word2vec' id='R1547713'
[property] values_resolved property_label='Algorithm used' key='Algorithm used' result_ids=['R1547713']
[property] 10-values_resolved property_label='Algorithm used' key='Algorithm used' result_ids=['R1547713']
[sep] ────────────────────────────────────────────────────────────
[property] start predicate_id='' property_label='Running requirements' key='Running requirements' mapping='VI.4'
[property] answers property_label='Running requirements' key='Running requirements' answers=['No installation is needed']
[map] to_resource key='Running requirements' answer='No installation is needed' object_id='R1544379'
[property] values_resolved property_label='Running requirements' key='Running requirements' result_ids=['R1544379']
[property] 10-values_resolved property_label='Running requirements' key='Running requirements' result_ids=['R1544379']
[sep] ────────────────────────────────────────────────────────────
[property] start predicate_id='' property_label='Documentation' key='Documentation' mapping='VI.5'
[property] answers property_label='Documentation' key='Documentation' answers=['README file']
[map] to_resource key='Documentation' answer='README file' object_id='R1544390'
[property] values_resolved property_label='Documentation' key='Documentation' result_ids=['R1544390']
[property] 10-values_resolved property_label='Documentation' key='Documentation' result_ids=['R1544390']
[sep] ────────────────────────────────────────────────────────────
[property] start predicate_id='' property_label='Dependency' key='Dependency' mapping='VI.6'
[property] answers property_label='Dependency' key='Dependency' answers=['Open source libraries/software']
[resource] created label='Open source libraries/software' class_id='C121043' id='R1547714'
[unmapped] categorical_created key='Dependency' answer='Open source libraries/software' id='R1547714'
[property] values_resolved property_label='Dependency' key='Dependency' result_ids=['R1547714']
[property] 10-values_resolved property_label='Dependency' key='Dependency' result_ids=['R1547714']
[sep] ────────────────────────────────────────────────────────────
[property] start predicate_id='' property_label='License type' key='License type' mapping='VI.8'
[property] answers property_label='License type' key='License type' answers=['No license']
[map] to_resource key='License type' answer='No license' object_id='R1544274'
[property] values_resolved property_label='License type' key='License type' result_ids=['R1544274']
[property] 10-values_resolved property_label='License type' key='License type' result_ids=['R1544274']
[sep] ────────────────────────────────────────────────────────────
[sep] ──────────────────────────────────────────────────────────── SUBTEMPLATE Release ────────────────────────────────────────────────────────────
[subtemplate] start label='Release' class_id='C121044' subtemplate_id='R1544401'
[sep] ────────────────────────────────────────────────────────────
[property] start predicate_id='' property_label='Release format' key='Release format' mapping='VI.3'
[property] answers property_label='Release format' key='Release format' answers=['Source code']
[map] to_resource key='Release format' answer='Source code' object_id='R1544410'
[property] values_resolved property_label='Release format' key='Release format' result_ids=['R1544410']
[property] 10-values_resolved property_label='Release format' key='Release format' result_ids=['R1544410']
[sep] ────────────────────────────────────────────────────────────
[property] start predicate_id='' property_label='Location type' key='Tool location type' mapping='VI.7'
[property] answers property_label='Location type' key='Tool location type' answers=['In a repository (GitHub, GitLab)']
[resource] created label='In a repository (GitHub, GitLab)' class_id='C121023' id='R1547716'
[unmapped] categorical_created key='Tool location type' answer='In a repository (GitHub, GitLab)' id='R1547716'
[property] values_resolved property_label='Location type' key='Tool location type' result_ids=['R1547716']
[property] 10-values_resolved property_label='Location type' key='Tool location type' result_ids=['R1547716']
[sep] ────────────────────────────────────────────────────────────
[property] start predicate_id='' property_label='URL' key='url' mapping='VI.9'
[property] answers property_label='URL' key='url' answers=['https://zenodo.org/record/1476902']
[literal] created key='url' answer='https://zenodo.org/record/1476902' id='L3606061'
[property] values_resolved property_label='URL' key='url' result_ids=['L3606061']
[property] 10-values_resolved property_label='URL' key='url' result_ids=['L3606061']
[subtemplate] end label='Release' class_id='C121044' subtemplate_id='R1544401'
[sep] ────────────────────────────────────────────────────────────
[subtemplate] end label='Implemented approach' class_id='C121038' subtemplate_id='R1544363'
[sep] ────────────────────────────────────────────────────────────
[link] created s='R1547687' p='P181046' o='R1547712'
[sep] ──────────────────────────────────────────────────────────── PREDICATE HAS_EVALUATION ────────────────────────────────────────────────────────────
[section] predicate id='HAS_EVALUATION' label='Evaluation'
[sep] ──────────────────────────────────────────────────────────── SUBTEMPLATE Evaluation ────────────────────────────────────────────────────────────
[subtemplate] start label='Evaluation' class_id='C121047' subtemplate_id='R1544421'
[sep] ────────────────────────────────────────────────────────────
[property] start predicate_id='' property_label='Evaluation metric' key='Evaluation metric' mapping='VII.1'
[property] answers property_label='Evaluation metric' key='Evaluation metric' answers=['Other/Comments', "kendall's tau"]
[unmapped] other_value_skipped key='Evaluation metric' answer='Other/Comments'
[unmapped] other_value_skipped_resource_should_not_be_created key='Evaluation metric' answer='Other/Comments'
[unmapped] other_context_skipped key='Evaluation metric' answer="kendall's tau"
[resource] created label="kendall's tau" class_id='C121048' id='R1547718'
[map] to_resource key='Evaluation metric' answer="kendall's tau" object_id='R1547718'
[property] values_resolved property_label='Evaluation metric' key='Evaluation metric' result_ids=['R1547718']
[property] 10-values_resolved property_label='Evaluation metric' key='Evaluation metric' result_ids=['R1547718']
[sep] ────────────────────────────────────────────────────────────
[property] start predicate_id='' property_label='Validation procedure' key='Validation procedure' mapping='VII.2'
[property] answers property_label='Validation procedure' key='Validation procedure' answers=['Entire dataset']
[map] to_resource key='Validation procedure' answer='Entire dataset' object_id='R1544446'
[property] values_resolved property_label='Validation procedure' key='Validation procedure' result_ids=['R1544446']
[property] 10-values_resolved property_label='Validation procedure' key='Validation procedure' result_ids=['R1544446']
[sep] ────────────────────────────────────────────────────────────
[sep] ──────────────────────────────────────────────────────────── SUBTEMPLATE Baseline comparison ────────────────────────────────────────────────────────────
[subtemplate] start label='Baseline comparison' class_id='C121050' subtemplate_id='R1544450'
[sep] ────────────────────────────────────────────────────────────
[property] start predicate_id='' property_label='Baseline comparison type' key='Baseline comparsion type' mapping='VII.3'
[property] no_answers property_label='Baseline comparison type'
[literal] created key='Baseline comparsion type' answer='Not reported' id='L3606062'
[sep] ────────────────────────────────────────────────────────────
[property] start predicate_id='' property_label='Baseline comparison details' key='Baseline comparison details' mapping='VII.4'
[property] no_answers property_label='Baseline comparison details'
[literal] created key='Baseline comparison details' answer='Not reported' id='L3606063'
[subtemplate] end label='Baseline comparison' class_id='C121050' subtemplate_id='R1544450'
[sep] ────────────────────────────────────────────────────────────
[subtemplate] end label='Evaluation' class_id='C121047' subtemplate_id='R1544421'
[sep] ────────────────────────────────────────────────────────────
[link] created s='R1547687' p='HAS_EVALUATION' o='R1547717'
