[run] start run_id='aa9312fd'
[connect] ok host='https://orkg.org'
[json] loaded path='/Users/amirrezaalasti/Desktop/TIB/nlp4re/pdf_files/Automated_Import_to_ORKG/TEST_4.json'
[run] instance run_id='aa9312fd' instance_id='R1553290'
[sep] ──────────────────────────────────────────────────────────── PREDICATE P181002 ────────────────────────────────────────────────────────────
[section] predicate id='P181002' label='RE task'
[property] start predicate_id='' property_label='RE task' key='RE task' mapping='I.1'
[selected_answers] answer answer='Test generation' resource_mapping_key='RE task'
[options_details] answer answer='Test generation' resource_mapping_key='RE task' answer_label_type_in_options_details='No type'
[property] answers property_label='RE task' key='RE task' answers=['Test generation']
[map] to_resource key='RE task' answer='Test generation' object_id='R1544128'
[property] values_resolved property_label='RE task' key='RE task' result_ids=['R1544128']
[link] created s='R1553290' p='P181002' o='R1544128'
[sep] ──────────────────────────────────────────────────────────── PREDICATE P181003 ────────────────────────────────────────────────────────────
[section] predicate id='P181003' label='NLP task'
[sep] ──────────────────────────────────────────────────────────── SUBTEMPLATE NLP task ────────────────────────────────────────────────────────────
[subtemplate] start label='NLP task' class_id='C121004' subtemplate_id='R1544138'
[sep] ────────────────────────────────────────────────────────────
[property] start predicate_id='' property_label='NLP task type' key='NLP task type' mapping='II.1'
[selected_answers] answer answer='Translation' resource_mapping_key='NLP task type'
[options_details] answer answer='Translation' resource_mapping_key='NLP task type' answer_label_type_in_options_details='No type'
[property] answers property_label='NLP task type' key='NLP task type' answers=['Translation']
[map] to_resource key='NLP task type' answer='Translation' object_id='R1544147'
[property] values_resolved property_label='NLP task type' key='NLP task type' result_ids=['R1544147']
[property] 10-values_resolved property_label='NLP task type' key='NLP task type' result_ids=['R1544147']
[sep] ────────────────────────────────────────────────────────────
[property] start predicate_id='' property_label='NLP task input' key='NLP task input' mapping='III.1'
[selected_answers] answer answer='Sentences' resource_mapping_key='NLP task input'
[options_details] answer answer='Sentences' resource_mapping_key='NLP task input' answer_label_type_in_options_details='No type'
[property] answers property_label='NLP task input' key='NLP task input' answers=['Sentences']
[map] to_resource key='NLP task input' answer='Sentences' object_id='R1544152'
[property] values_resolved property_label='NLP task input' key='NLP task input' result_ids=['R1544152']
[property] 10-values_resolved property_label='NLP task input' key='NLP task input' result_ids=['R1544152']
[sep] ────────────────────────────────────────────────────────────
[sep] ──────────────────────────────────────────────────────────── SUBTEMPLATE NLP task output ────────────────────────────────────────────────────────────
[subtemplate] start label='NLP task output' class_id='C121007' subtemplate_id='R1544158'
[sep] ────────────────────────────────────────────────────────────
[property] start predicate_id='' property_label='NLP task output classification label' key='NLP task output classification label' mapping='III.3'
[property] no_answers property_label='NLP task output classification label'
[literal] created key='NLP task output classification label' answer='Not reported' id='L3614411'
[sep] ────────────────────────────────────────────────────────────
[property] start predicate_id='' property_label='NLP task output extracted element' key='NLP task output extracted element' mapping='III.5'
[property] no_answers property_label='NLP task output extracted element'
[literal] created key='NLP task output extracted element' answer='Not reported' id='L3614412'
[sep] ────────────────────────────────────────────────────────────
[property] start predicate_id='' property_label='NLP task output translation mapping cardinality' key='NLP task output translation mapping cardinality' mapping='III.7'
[selected_answers] answer answer='1 to 1' resource_mapping_key='NLP task output translation mapping cardinality'
[options_details] answer answer='1 to 1' resource_mapping_key='NLP task output translation mapping cardinality' answer_label_type_in_options_details='No type'
[property] answers property_label='NLP task output translation mapping cardinality' key='NLP task output translation mapping cardinality' answers=['1 to 1']
[map] to_resource key='NLP task output translation mapping cardinality' answer='1 to 1' object_id='R1544184'
[property] values_resolved property_label='NLP task output translation mapping cardinality' key='NLP task output translation mapping cardinality' result_ids=['R1544184']
[property] 10-values_resolved property_label='NLP task output translation mapping cardinality' key='NLP task output translation mapping cardinality' result_ids=['R1544184']
[sep] ────────────────────────────────────────────────────────────
[property] start predicate_id='' property_label='NLP task output type' key='NLP task output type' mapping="['III.2', 'III.4', 'III.6', 'III.8', 'III.9']"
[selected_answers] answer answer='Other/Comments' resource_mapping_key='NLP task output type'
[selected_answers] answer answer='test oracles' resource_mapping_key='NLP task output type'
[options_details] answer answer='Other/Comments' resource_mapping_key='NLP task output type' answer_label_type_in_options_details='No type'
[options_details] answer answer='test oracles' resource_mapping_key='NLP task output type' answer_label_type_in_options_details='Text'
[property] answers property_label='NLP task output type' key='NLP task output type' answers=['Other/Comments', 'test oracles']
[unmapped] other_value_skipped key='NLP task output type' answer='Other/Comments'
[unmapped] other_value_skipped_resource_should_not_be_created key='NLP task output type' answer='Other/Comments'
[unmapped] other_context_skipped key='NLP task output type' answer='test oracles'
[resource] created label='test oracles' class_id='C121008' id='R1553293'
[map] to_resource key='NLP task output type' answer='test oracles' object_id='R1553293'
[property] values_resolved property_label='NLP task output type' key='NLP task output type' result_ids=['R1553293']
[property] 10-values_resolved property_label='NLP task output type' key='NLP task output type' result_ids=['R1553293']
[subtemplate] end label='NLP task output' class_id='C121007' subtemplate_id='R1544158'
[sep] ────────────────────────────────────────────────────────────
[subtemplate] end label='NLP task' class_id='C121004' subtemplate_id='R1544138'
[sep] ────────────────────────────────────────────────────────────
[link] created s='R1553290' p='P181003' o='R1553291'
[sep] ──────────────────────────────────────────────────────────── PREDICATE P181011 ────────────────────────────────────────────────────────────
[section] predicate id='P181011' label='NLP dataset'
[sep] ──────────────────────────────────────────────────────────── SUBTEMPLATE NLP dataset ────────────────────────────────────────────────────────────
[subtemplate] start label='NLP dataset' class_id='C121010' subtemplate_id='R1544216'
[sep] ────────────────────────────────────────────────────────────
[property] start predicate_id='' property_label='NLP data item' key='NLP data item' mapping='IV.1'
[options_details] answer answer='11, 18, 17, 6, 23, 8, 43, 23 (requirements from each dataset)' resource_mapping_key='NLP data item' answer_label_type_in_options_details='Text'
[property] answers property_label='NLP data item' key='NLP data item' answers=['11, 18, 17, 6, 23, 8, 43, 23 (requirements from each dataset)']
[literal] created key='NLP data item' answer='11, 18, 17, 6, 23, 8, 43, 23 (requirements from each dataset)' id='L3614413'
[property] values_resolved property_label='NLP data item' key='NLP data item' result_ids=['L3614413']
[property] 10-values_resolved property_label='NLP data item' key='NLP data item' result_ids=['L3614413']
[sep] ────────────────────────────────────────────────────────────
[property] start predicate_id='' property_label='NLP data production time' key='NLP data prodcution time' mapping='IV.2'
[property] no_answers property_label='NLP data production time'
[literal] created key='NLP data prodcution time' answer='Not reported' id='L3614414'
[sep] ────────────────────────────────────────────────────────────
[sep] ──────────────────────────────────────────────────────────── SUBTEMPLATE NLP data source ────────────────────────────────────────────────────────────
[subtemplate] start label='NLP data source' class_id='C121011' subtemplate_id='R1544223'
[sep] ────────────────────────────────────────────────────────────
[property] start predicate_id='' property_label='NLP data source type' key='NLP data source type' mapping='IV.3'
[selected_answers] answer answer='Industrial project, publicly available data' resource_mapping_key='NLP data source type'
[options_details] answer answer='Industrial project, publicly available data' resource_mapping_key='NLP data source type' answer_label_type_in_options_details='No type'
[property] answers property_label='NLP data source type' key='NLP data source type' answers=['Industrial project, publicly available data']
[map] to_resource key='NLP data source type' answer='Industrial project, publicly available data' object_id='R1544230'
[property] values_resolved property_label='NLP data source type' key='NLP data source type' result_ids=['R1544230']
[property] 10-values_resolved property_label='NLP data source type' key='NLP data source type' result_ids=['R1544230']
[sep] ────────────────────────────────────────────────────────────
[property] start predicate_id='' property_label='Number of data sources' key='Number of data sources' mapping='IV.9'
[options_details] answer answer='8' resource_mapping_key='Number of data sources' answer_label_type_in_options_details='Text'
[property] answers property_label='Number of data sources' key='Number of data sources' answers=['8']
[Integer literal] fallback_to_text key='Number of data sources' answer='8'
[literal] created key='Number of data sources' answer='8' id='L3614415'
[property] values_resolved property_label='Number of data sources' key='Number of data sources' result_ids=['L3614415']
[property] 10-values_resolved property_label='Number of data sources' key='Number of data sources' result_ids=['L3614415']
[sep] ────────────────────────────────────────────────────────────
[property] start predicate_id='' property_label='NLP data source domain' key='NLP data source domain' mapping='IV.8'
[options_details] answer answer='Shopping android app, Medical android app, Food & drink android app, \rDesktop app, Educational website, Artificial intelligence website, \rEducational android app, LifeStyle android app \r\rShopping android app\rMedical android app\rFood & drink android app\rDesktop app\rEducational website\rArtificial intelligence website\rEducational android app\rLifeStyle android app' resource_mapping_key='NLP data source domain' answer_label_type_in_options_details='Text'
[property] answers property_label='NLP data source domain' key='NLP data source domain' answers=['Shopping android app', 'Medical android app', 'Food & drink android app', 'Desktop app', 'Educational website', 'Artificial intelligence website', 'Educational android app', 'LifeStyle android app \r\rShopping android app\rMedical android app\rFood & drink android app\rDesktop app\rEducational website\rArtificial intelligence website\rEducational android app\rLifeStyle android app']
[resource] created label='Shopping android app' class_id='C121053' id='R1553296'
[unmapped] categorical_created key='NLP data source domain' answer='Shopping android app' id='R1553296'
[resource] created label='Medical android app' class_id='C121053' id='R1553297'
[unmapped] categorical_created key='NLP data source domain' answer='Medical android app' id='R1553297'
[resource] created label='Food & drink android app' class_id='C121053' id='R1553298'
[unmapped] categorical_created key='NLP data source domain' answer='Food & drink android app' id='R1553298'
[resource] created label='Desktop app' class_id='C121053' id='R1553299'
[unmapped] categorical_created key='NLP data source domain' answer='Desktop app' id='R1553299'
[resource] created label='Educational website' class_id='C121053' id='R1553300'
[unmapped] categorical_created key='NLP data source domain' answer='Educational website' id='R1553300'
[resource] created label='Artificial intelligence website' class_id='C121053' id='R1553301'
[unmapped] categorical_created key='NLP data source domain' answer='Artificial intelligence website' id='R1553301'
[resource] created label='Educational android app' class_id='C121053' id='R1553302'
[unmapped] categorical_created key='NLP data source domain' answer='Educational android app' id='R1553302'
[resource] created label='LifeStyle android app \r\rShopping android app\rMedical android app\rFood & drink android app\rDesktop app\rEducational website\rArtificial intelligence website\rEducational android app\rLifeStyle android app' class_id='C121053' id='R1553303'
[unmapped] categorical_created key='NLP data source domain' answer='LifeStyle android app \r\rShopping android app\rMedical android app\rFood & drink android app\rDesktop app\rEducational website\rArtificial intelligence website\rEducational android app\rLifeStyle android app' id='R1553303'
[property] values_resolved property_label='NLP data source domain' key='NLP data source domain' result_ids=['R1553296', 'R1553297', 'R1553298', 'R1553299', 'R1553300', 'R1553301', 'R1553302', 'R1553303']
[property] 10-values_resolved property_label='NLP data source domain' key='NLP data source domain' result_ids=['R1553296', 'R1553297', 'R1553298', 'R1553299', 'R1553300', 'R1553301', 'R1553302', 'R1553303']
[subtemplate] end label='NLP data source' class_id='C121011' subtemplate_id='R1544223'
[sep] ────────────────────────────────────────────────────────────
[sep] ────────────────────────────────────────────────────────────
[property] start predicate_id='' property_label='NLP data abstraction level' key='NLP data abstraction level' mapping='IV.4'
[selected_answers] answer answer='Business-level' resource_mapping_key='NLP data abstraction level'
[options_details] answer answer='Business-level' resource_mapping_key='NLP data abstraction level' answer_label_type_in_options_details='No type'
[property] answers property_label='NLP data abstraction level' key='NLP data abstraction level' answers=['Business-level']
[map] to_resource key='NLP data abstraction level' answer='Business-level' object_id='R1544240'
[property] values_resolved property_label='NLP data abstraction level' key='NLP data abstraction level' result_ids=['R1544240']
[property] 10-values_resolved property_label='NLP data abstraction level' key='NLP data abstraction level' result_ids=['R1544240']
[sep] ────────────────────────────────────────────────────────────
[sep] ──────────────────────────────────────────────────────────── SUBTEMPLATE NLP data type ────────────────────────────────────────────────────────────
[subtemplate] start label='NLP data type' class_id='C121015' subtemplate_id='R1544245'
[sep] ────────────────────────────────────────────────────────────
[property] start predicate_id='' property_label='NLP data format' key='NLP data format' mapping='IV.5'
[selected_answers] answer answer='User stories' resource_mapping_key='NLP data format'
[options_details] answer answer='User stories' resource_mapping_key='NLP data format' answer_label_type_in_options_details='No type'
[property] answers property_label='NLP data format' key='NLP data format' answers=['User stories']
[map] to_resource key='NLP data format' answer='User stories' object_id='R1544248'
[property] values_resolved property_label='NLP data format' key='NLP data format' result_ids=['R1544248']
[property] 10-values_resolved property_label='NLP data format' key='NLP data format' result_ids=['R1544248']
[sep] ────────────────────────────────────────────────────────────
[property] start predicate_id='' property_label='Rigor of data format' key='Rigor of data format' mapping='IV.6'
[selected_answers] answer answer='Template-based controlled natural language' resource_mapping_key='Rigor of data format'
[options_details] answer answer='Template-based controlled natural language' resource_mapping_key='Rigor of data format' answer_label_type_in_options_details='No type'
[property] answers property_label='Rigor of data format' key='Rigor of data format' answers=['Template-based controlled natural language']
[map] to_resource key='Rigor of data format' answer='Template-based controlled natural language' object_id='R1544259'
[property] values_resolved property_label='Rigor of data format' key='Rigor of data format' result_ids=['R1544259']
[property] 10-values_resolved property_label='Rigor of data format' key='Rigor of data format' result_ids=['R1544259']
[sep] ────────────────────────────────────────────────────────────
[property] start predicate_id='' property_label='Natural language' key='Natural language' mapping='IV.7'
[options_details] answer answer='English' resource_mapping_key='Natural language' answer_label_type_in_options_details='Text'
[property] answers property_label='Natural language' key='Natural language' answers=['English']
[literal] created key='Natural language' answer='English' id='L3614416'
[property] values_resolved property_label='Natural language' key='Natural language' result_ids=['L3614416']
[property] 10-values_resolved property_label='Natural language' key='Natural language' result_ids=['L3614416']
[subtemplate] end label='NLP data type' class_id='C121015' subtemplate_id='R1544245'
[sep] ────────────────────────────────────────────────────────────
[sep] ────────────────────────────────────────────────────────────
[sep] ──────────────────────────────────────────────────────────── SUBTEMPLATE License ────────────────────────────────────────────────────────────
[subtemplate] start label='License' class_id='C121018' subtemplate_id='R1544265'
[sep] ────────────────────────────────────────────────────────────
[property] start predicate_id='' property_label='Public availability' key='Public availability' mapping='IV.10'
[selected_answers] answer answer='Other/Comments' resource_mapping_key='Public availability'
[options_details] answer answer='Other/Comments' resource_mapping_key='Public availability' answer_label_type_in_options_details='No type'
[property] answers property_label='Public availability' key='Public availability' answers=['Other/Comments']
[unmapped] other_value_skipped key='Public availability' answer='Other/Comments'
[map] to_resource key='Public availability' answer='Other/Comments' object_id='R1547306'
[property] values_resolved property_label='Public availability' key='Public availability' result_ids=['R1547306']
[property] 10-values_resolved property_label='Public availability' key='Public availability' result_ids=['R1547306']
[sep] ────────────────────────────────────────────────────────────
[property] start predicate_id='' property_label='License type' key='License type' mapping='IV.11'
[selected_answers] answer answer='No license' resource_mapping_key='License type'
[options_details] answer answer='No license' resource_mapping_key='License type' answer_label_type_in_options_details='No type'
[property] answers property_label='License type' key='License type' answers=['No license']
[map] to_resource key='License type' answer='No license' object_id='R1544274'
[property] values_resolved property_label='License type' key='License type' result_ids=['R1544274']
[property] 10-values_resolved property_label='License type' key='License type' result_ids=['R1544274']
[subtemplate] end label='License' class_id='C121018' subtemplate_id='R1544265'
[sep] ────────────────────────────────────────────────────────────
[sep] ────────────────────────────────────────────────────────────
[sep] ──────────────────────────────────────────────────────────── SUBTEMPLATE Dataset location ────────────────────────────────────────────────────────────
[subtemplate] start label='Dataset location' class_id='C121022' subtemplate_id='R1544278'
[sep] ────────────────────────────────────────────────────────────
[property] start predicate_id='' property_label='Location type' key='Dataset location type' mapping='IV.12'
[property] no_answers property_label='Location type'
[sep] ────────────────────────────────────────────────────────────
[property] start predicate_id='' property_label='URL' key='url' mapping='IV.13'
[property] no_answers property_label='URL'
[subtemplate] end label='Dataset location' class_id='C121022' subtemplate_id='R1544278'
[sep] ────────────────────────────────────────────────────────────
[subtemplate] end label='NLP dataset' class_id='C121010' subtemplate_id='R1544216'
[sep] ────────────────────────────────────────────────────────────
[link] created s='R1553290' p='P181011' o='R1553294'
[sep] ──────────────────────────────────────────────────────────── PREDICATE P181031 ────────────────────────────────────────────────────────────
[section] predicate id='P181031' label='Annotation process'
[sep] ──────────────────────────────────────────────────────────── SUBTEMPLATE Annotation process ────────────────────────────────────────────────────────────
[subtemplate] start label='Annotation process' class_id='C121025' subtemplate_id='R1544287'
[sep] ────────────────────────────────────────────────────────────
[sep] ──────────────────────────────────────────────────────────── SUBTEMPLATE Annotator ────────────────────────────────────────────────────────────
[subtemplate] start label='Annotator' class_id='C121026' subtemplate_id='R1544290'
[sep] ────────────────────────────────────────────────────────────
[property] start predicate_id='' property_label='Number of annotators' key='Number of annotators' mapping='V.1'
[property] no_answers property_label='Number of annotators'
[sep] ────────────────────────────────────────────────────────────
[property] start predicate_id='' property_label='Annotator assignment' key='Annotator assignment' mapping='V.2'
[property] no_answers property_label='Annotator assignment'
[sep] ────────────────────────────────────────────────────────────
[property] start predicate_id='' property_label='Level of application domain experience' key='Level of application domain experience' mapping='V.3'
[property] no_answers property_label='Level of application domain experience'
[sep] ────────────────────────────────────────────────────────────
[property] start predicate_id='' property_label='Annotator identity' key='Annotator identity' mapping='V.4'
[property] no_answers property_label='Annotator identity'
[subtemplate] end label='Annotator' class_id='C121026' subtemplate_id='R1544290'
[sep] ────────────────────────────────────────────────────────────
[sep] ────────────────────────────────────────────────────────────
[sep] ──────────────────────────────────────────────────────────── SUBTEMPLATE Annotation scheme ────────────────────────────────────────────────────────────
[subtemplate] start label='Annotation scheme' class_id='C121030' subtemplate_id='R1544307'
[sep] ────────────────────────────────────────────────────────────
[property] start predicate_id='' property_label='Scheme establishment' key='Scheme establishement' mapping='V.5'
[property] no_answers property_label='Scheme establishment'
[sep] ────────────────────────────────────────────────────────────
[property] start predicate_id='' property_label='Guideline availability' key='Guideline availability' mapping='V.6'
[property] no_answers property_label='Guideline availability'
[subtemplate] end label='Annotation scheme' class_id='C121030' subtemplate_id='R1544307'
[sep] ────────────────────────────────────────────────────────────
[sep] ────────────────────────────────────────────────────────────
[property] start predicate_id='' property_label='Shared material' key='Shared material' mapping='V.7'
[property] no_answers property_label='Shared material'
[sep] ────────────────────────────────────────────────────────────
[property] start predicate_id='' property_label='Fatigue mitigation technique' key='Fatigue mitigation technique' mapping='V.8'
[selected_answers] answer answer='No' resource_mapping_key='Fatigue mitigation technique'
[options_details] answer answer='No' resource_mapping_key='Fatigue mitigation technique' answer_label_type_in_options_details='No type'
[property] answers property_label='Fatigue mitigation technique' key='Fatigue mitigation technique' answers=['No']
[map] to_resource key='Fatigue mitigation technique' answer='No' object_id='R1544324'
[property] values_resolved property_label='Fatigue mitigation technique' key='Fatigue mitigation technique' result_ids=['R1544324']
[property] 10-values_resolved property_label='Fatigue mitigation technique' key='Fatigue mitigation technique' result_ids=['R1544324']
[sep] ────────────────────────────────────────────────────────────
[sep] ──────────────────────────────────────────────────────────── SUBTEMPLATE Annotator agreement ────────────────────────────────────────────────────────────
[subtemplate] start label='Annotator agreement' class_id='C121035' subtemplate_id='R1544326'
[sep] ────────────────────────────────────────────────────────────
[property] start predicate_id='' property_label='Intercoder reliability metric' key='Intercoder reliability metric' mapping='V.9'
[property] no_answers property_label='Intercoder reliability metric'
[sep] ────────────────────────────────────────────────────────────
[property] start predicate_id='' property_label='Conflict resolution' key='Conflict resolution' mapping='V.10'
[property] no_answers property_label='Conflict resolution'
[sep] ────────────────────────────────────────────────────────────
[property] start predicate_id='' property_label='Measured agreement' key='Measured agreement' mapping='V.11'
[property] no_answers property_label='Measured agreement'
[literal] created key='Measured agreement' answer='Not reported' id='L3614417'
[subtemplate] end label='Annotator agreement' class_id='C121035' subtemplate_id='R1544326'
[sep] ────────────────────────────────────────────────────────────
[subtemplate] end label='Annotation process' class_id='C121025' subtemplate_id='R1544287'
[sep] ────────────────────────────────────────────────────────────
[link] created s='R1553290' p='P181031' o='R1553307'
[sep] ──────────────────────────────────────────────────────────── PREDICATE P181046 ────────────────────────────────────────────────────────────
[section] predicate id='P181046' label='Implemented approach'
[sep] ──────────────────────────────────────────────────────────── SUBTEMPLATE Implemented approach ────────────────────────────────────────────────────────────
[subtemplate] start label='Implemented approach' class_id='C121038' subtemplate_id='R1544363'
[sep] ────────────────────────────────────────────────────────────
[property] start predicate_id='' property_label='Approach type' key='Approach type' mapping='VI.1'
[selected_answers] answer answer='Rule-based' resource_mapping_key='Approach type'
[options_details] answer answer='Rule-based' resource_mapping_key='Approach type' answer_label_type_in_options_details='No type'
[property] answers property_label='Approach type' key='Approach type' answers=['Rule-based']
[map] to_resource key='Approach type' answer='Rule-based' object_id='R1544366'
[property] values_resolved property_label='Approach type' key='Approach type' result_ids=['R1544366']
[property] 10-values_resolved property_label='Approach type' key='Approach type' result_ids=['R1544366']
[sep] ────────────────────────────────────────────────────────────
[property] start predicate_id='' property_label='Algorithm used' key='Algorithm used' mapping='VI.2'
[options_details] answer answer='RENaLART developed by the authors' resource_mapping_key='Algorithm used' answer_label_type_in_options_details='Text'
[property] answers property_label='Algorithm used' key='Algorithm used' answers=['RENaLART developed by the authors']
[resource] created label='RENaLART developed by the authors' class_id='C121040' id='R1553312'
[unmapped] categorical_created key='Algorithm used' answer='RENaLART developed by the authors' id='R1553312'
[property] values_resolved property_label='Algorithm used' key='Algorithm used' result_ids=['R1553312']
[property] 10-values_resolved property_label='Algorithm used' key='Algorithm used' result_ids=['R1553312']
[sep] ────────────────────────────────────────────────────────────
[property] start predicate_id='' property_label='Running requirements' key='Running requirements' mapping='VI.4'
[property] no_answers property_label='Running requirements'
[sep] ────────────────────────────────────────────────────────────
[property] start predicate_id='' property_label='Documentation' key='Documentation' mapping='VI.5'
[property] no_answers property_label='Documentation'
[sep] ────────────────────────────────────────────────────────────
[property] start predicate_id='' property_label='Dependency' key='Dependency' mapping='VI.6'
[property] no_answers property_label='Dependency'
[sep] ────────────────────────────────────────────────────────────
[property] start predicate_id='' property_label='License type' key='License type' mapping='VI.8'
[property] no_answers property_label='License type'
[sep] ────────────────────────────────────────────────────────────
[sep] ──────────────────────────────────────────────────────────── SUBTEMPLATE Release ────────────────────────────────────────────────────────────
[subtemplate] start label='Release' class_id='C121044' subtemplate_id='R1544401'
[sep] ────────────────────────────────────────────────────────────
[property] start predicate_id='' property_label='Release format' key='Release format' mapping='VI.3'
[selected_answers] answer answer='No tool has been released' resource_mapping_key='Release format'
[options_details] answer answer='No tool has been released' resource_mapping_key='Release format' answer_label_type_in_options_details='No type'
[property] answers property_label='Release format' key='Release format' answers=['No tool has been released']
[map] to_resource key='Release format' answer='No tool has been released' object_id='R1544406'
[property] values_resolved property_label='Release format' key='Release format' result_ids=['R1544406']
[property] 10-values_resolved property_label='Release format' key='Release format' result_ids=['R1544406']
[sep] ────────────────────────────────────────────────────────────
[property] start predicate_id='' property_label='Location type' key='Tool location type' mapping='VI.7'
[property] no_answers property_label='Location type'
[sep] ────────────────────────────────────────────────────────────
[property] start predicate_id='' property_label='URL' key='url' mapping='VI.9'
[property] no_answers property_label='URL'
[subtemplate] end label='Release' class_id='C121044' subtemplate_id='R1544401'
[sep] ────────────────────────────────────────────────────────────
[subtemplate] end label='Implemented approach' class_id='C121038' subtemplate_id='R1544363'
[sep] ────────────────────────────────────────────────────────────
[link] created s='R1553290' p='P181046' o='R1553311'
[sep] ──────────────────────────────────────────────────────────── PREDICATE HAS_EVALUATION ────────────────────────────────────────────────────────────
[section] predicate id='HAS_EVALUATION' label='Evaluation'
[sep] ──────────────────────────────────────────────────────────── SUBTEMPLATE Evaluation ────────────────────────────────────────────────────────────
[subtemplate] start label='Evaluation' class_id='C121047' subtemplate_id='R1544421'
[sep] ────────────────────────────────────────────────────────────
[property] start predicate_id='' property_label='Evaluation metric' key='Evaluation metric' mapping='VII.1'
[selected_answers] answer answer='Other/Comments' resource_mapping_key='Evaluation metric'
[selected_answers] answer answer='test pass, warning, inconclusive, fail' resource_mapping_key='Evaluation metric'
[options_details] answer answer='Other/Comments' resource_mapping_key='Evaluation metric' answer_label_type_in_options_details='No type'
[options_details] answer answer='test pass, warning, inconclusive, fail' resource_mapping_key='Evaluation metric' answer_label_type_in_options_details='Text'
[property] answers property_label='Evaluation metric' key='Evaluation metric' answers=['Other/Comments', 'test pass', 'warning', 'inconclusive', 'fail']
[unmapped] other_value_skipped key='Evaluation metric' answer='Other/Comments'
[unmapped] other_value_skipped_resource_should_not_be_created key='Evaluation metric' answer='Other/Comments'
[unmapped] other_context_skipped key='Evaluation metric' answer='test pass'
[resource] created label='test pass' class_id='C121048' id='R1553315'
[map] to_resource key='Evaluation metric' answer='test pass' object_id='R1553315'
[resource] created label='warning' class_id='C121048' id='R1553316'
[unmapped] categorical_created key='Evaluation metric' answer='warning' id='R1553316'
[resource] created label='inconclusive' class_id='C121048' id='R1553317'
[unmapped] categorical_created key='Evaluation metric' answer='inconclusive' id='R1553317'
[resource] created label='fail' class_id='C121048' id='R1553318'
[unmapped] categorical_created key='Evaluation metric' answer='fail' id='R1553318'
[property] values_resolved property_label='Evaluation metric' key='Evaluation metric' result_ids=['R1553315', 'R1553316', 'R1553317', 'R1553318']
[property] 10-values_resolved property_label='Evaluation metric' key='Evaluation metric' result_ids=['R1553315', 'R1553316', 'R1553317', 'R1553318']
[sep] ────────────────────────────────────────────────────────────
[property] start predicate_id='' property_label='Validation procedure' key='Validation procedure' mapping='VII.2'
[selected_answers] answer answer='Entire dataset' resource_mapping_key='Validation procedure'
[options_details] answer answer='Entire dataset' resource_mapping_key='Validation procedure' answer_label_type_in_options_details='No type'
[property] answers property_label='Validation procedure' key='Validation procedure' answers=['Entire dataset']
[map] to_resource key='Validation procedure' answer='Entire dataset' object_id='R1544446'
[property] values_resolved property_label='Validation procedure' key='Validation procedure' result_ids=['R1544446']
[property] 10-values_resolved property_label='Validation procedure' key='Validation procedure' result_ids=['R1544446']
[sep] ────────────────────────────────────────────────────────────
[sep] ──────────────────────────────────────────────────────────── SUBTEMPLATE Baseline comparison ────────────────────────────────────────────────────────────
[subtemplate] start label='Baseline comparison' class_id='C121050' subtemplate_id='R1544450'
[sep] ────────────────────────────────────────────────────────────
[property] start predicate_id='' property_label='Baseline comparison type' key='Baseline comparison type' mapping='VII.3'
[selected_answers] answer answer='None' resource_mapping_key='Baseline comparison type'
[options_details] answer answer='None' resource_mapping_key='Baseline comparison type' answer_label_type_in_options_details='No type'
[property] answers property_label='Baseline comparison type' key='Baseline comparison type' answers=['None']
[map] to_resource key='Baseline comparison type' answer='None' object_id='R1544454'
[property] values_resolved property_label='Baseline comparison type' key='Baseline comparison type' result_ids=['R1544454']
[property] 10-values_resolved property_label='Baseline comparison type' key='Baseline comparison type' result_ids=['R1544454']
[sep] ────────────────────────────────────────────────────────────
[property] start predicate_id='' property_label='Baseline comparison details' key='Baseline comparison details' mapping='VII.4'
[property] no_answers property_label='Baseline comparison details'
[literal] created key='Baseline comparison details' answer='Not reported' id='L3614418'
[subtemplate] end label='Baseline comparison' class_id='C121050' subtemplate_id='R1544450'
[sep] ────────────────────────────────────────────────────────────
[subtemplate] end label='Evaluation' class_id='C121047' subtemplate_id='R1544421'
[sep] ────────────────────────────────────────────────────────────
[link] created s='R1553290' p='HAS_EVALUATION' o='R1553314'
