[run] start run_id='6d589bb7'
[connect] ok host='https://orkg.org'
[json] loaded path='/Users/amirrezaalasti/Desktop/TIB/nlp4re/pdf_files/Automated_Import_to_ORKG/Categ-1.json'
[run] instance run_id='6d589bb7' instance_id='R1553270'
[sep] ──────────────────────────────────────────────────────────── PREDICATE P181002 ────────────────────────────────────────────────────────────
[section] predicate id='P181002' label='RE task'
[property] start predicate_id='' property_label='RE task' key='RE task' mapping='I.1'
[selected_answers] answer answer='Requirements classification' resource_mapping_key='RE task'
[options_details] answer answer='Requirements classification' resource_mapping_key='RE task' answer_label_type_in_options_details='No type'
[property] answers property_label='RE task' key='RE task' answers=['Requirements classification']
[map] to_resource key='RE task' answer='Requirements classification' object_id='R1544130'
[property] values_resolved property_label='RE task' key='RE task' result_ids=['R1544130']
[link] created s='R1553270' p='P181002' o='R1544130'
[sep] ──────────────────────────────────────────────────────────── PREDICATE P181003 ────────────────────────────────────────────────────────────
[section] predicate id='P181003' label='NLP task'
[sep] ──────────────────────────────────────────────────────────── SUBTEMPLATE NLP task ────────────────────────────────────────────────────────────
[subtemplate] start label='NLP task' class_id='C121004' subtemplate_id='R1544138'
[sep] ────────────────────────────────────────────────────────────
[property] start predicate_id='' property_label='NLP task type' key='NLP task type' mapping='II.1'
[selected_answers] answer answer='Classification' resource_mapping_key='NLP task type'
[options_details] answer answer='Classification' resource_mapping_key='NLP task type' answer_label_type_in_options_details='No type'
[property] answers property_label='NLP task type' key='NLP task type' answers=['Classification']
[map] to_resource key='NLP task type' answer='Classification' object_id='R1544148'
[property] values_resolved property_label='NLP task type' key='NLP task type' result_ids=['R1544148']
[property] 10-values_resolved property_label='NLP task type' key='NLP task type' result_ids=['R1544148']
[sep] ────────────────────────────────────────────────────────────
[property] start predicate_id='' property_label='NLP task input' key='NLP task input' mapping='III.1'
[selected_answers] answer answer='Sentences' resource_mapping_key='NLP task input'
[options_details] answer answer='Sentences' resource_mapping_key='NLP task input' answer_label_type_in_options_details='No type'
[property] answers property_label='NLP task input' key='NLP task input' answers=['Sentences']
[map] to_resource key='NLP task input' answer='Sentences' object_id='R1544152'
[property] values_resolved property_label='NLP task input' key='NLP task input' result_ids=['R1544152']
[property] 10-values_resolved property_label='NLP task input' key='NLP task input' result_ids=['R1544152']
[sep] ────────────────────────────────────────────────────────────
[sep] ──────────────────────────────────────────────────────────── SUBTEMPLATE NLP task output ────────────────────────────────────────────────────────────
[subtemplate] start label='NLP task output' class_id='C121007' subtemplate_id='R1544158'
[sep] ────────────────────────────────────────────────────────────
[property] start predicate_id='' property_label='NLP task output classification label' key='NLP task output classification label' mapping='III.3'
[options_details] answer answer='Functional vs. non-functional, usability vs security vs operability vs performance' resource_mapping_key='NLP task output classification label' answer_label_type_in_options_details='Text'
[property] answers property_label='NLP task output classification label' key='NLP task output classification label' answers=['Functional vs. non-functional, usability vs security vs operability vs performance']
[literal] created key='NLP task output classification label' answer='Functional vs. non-functional, usability vs security vs operability vs performance' id='L3614402'
[property] values_resolved property_label='NLP task output classification label' key='NLP task output classification label' result_ids=['L3614402']
[property] 10-values_resolved property_label='NLP task output classification label' key='NLP task output classification label' result_ids=['L3614402']
[sep] ────────────────────────────────────────────────────────────
[property] start predicate_id='' property_label='NLP task output extracted element' key='NLP task output extracted element' mapping='III.5'
[property] no_answers property_label='NLP task output extracted element'
[literal] created key='NLP task output extracted element' answer='Not reported' id='L3614403'
[sep] ────────────────────────────────────────────────────────────
[property] start predicate_id='' property_label='NLP task output translation mapping cardinality' key='NLP task output translation mapping cardinality' mapping='III.7'
[property] no_answers property_label='NLP task output translation mapping cardinality'
[sep] ────────────────────────────────────────────────────────────
[property] start predicate_id='' property_label='NLP task output type' key='NLP task output type' mapping="['III.2', 'III.4', 'III.6', 'III.8', 'III.9']"
[selected_answers] answer answer='Binary-multi label' resource_mapping_key='NLP task output type'
[selected_answers] answer answer='Multi class- Multi label' resource_mapping_key='NLP task output type'
[options_details] answer answer='Binary-multi label' resource_mapping_key='NLP task output type' answer_label_type_in_options_details='No type'
[options_details] answer answer='Multi class- Multi label' resource_mapping_key='NLP task output type' answer_label_type_in_options_details='No type'
[property] answers property_label='NLP task output type' key='NLP task output type' answers=['Binary-multi label', 'Multi class- Multi label']
[map] to_resource key='NLP task output type' answer='Binary-multi label' object_id='R1544174'
[map] to_resource key='NLP task output type' answer='Multi class- Multi label' object_id='R1544169'
[property] values_resolved property_label='NLP task output type' key='NLP task output type' result_ids=['R1544174', 'R1544169']
[property] 10-values_resolved property_label='NLP task output type' key='NLP task output type' result_ids=['R1544174', 'R1544169']
[subtemplate] end label='NLP task output' class_id='C121007' subtemplate_id='R1544158'
[sep] ────────────────────────────────────────────────────────────
[subtemplate] end label='NLP task' class_id='C121004' subtemplate_id='R1544138'
[sep] ────────────────────────────────────────────────────────────
[link] created s='R1553270' p='P181003' o='R1553271'
[sep] ──────────────────────────────────────────────────────────── PREDICATE P181011 ────────────────────────────────────────────────────────────
[section] predicate id='P181011' label='NLP dataset'
[sep] ──────────────────────────────────────────────────────────── SUBTEMPLATE NLP dataset ────────────────────────────────────────────────────────────
[subtemplate] start label='NLP dataset' class_id='C121010' subtemplate_id='R1544216'
[sep] ────────────────────────────────────────────────────────────
[property] start predicate_id='' property_label='NLP data item' key='NLP data item' mapping='IV.1'
[options_details] answer answer='The NFR dataset: 625 requirements organized into 12 classes, created by students.' resource_mapping_key='NLP data item' answer_label_type_in_options_details='Text'
[property] answers property_label='NLP data item' key='NLP data item' answers=['The NFR dataset: 625 requirements organized into 12 classes, created by students.']
[literal] created key='NLP data item' answer='The NFR dataset: 625 requirements organized into 12 classes, created by students.' id='L3614404'
[property] values_resolved property_label='NLP data item' key='NLP data item' result_ids=['L3614404']
[property] 10-values_resolved property_label='NLP data item' key='NLP data item' result_ids=['L3614404']
[sep] ────────────────────────────────────────────────────────────
[property] start predicate_id='' property_label='NLP data production time' key='NLP data prodcution time' mapping='IV.2'
[options_details] answer answer='~2007' resource_mapping_key='NLP data prodcution time' answer_label_type_in_options_details='Text'
[property] answers property_label='NLP data production time' key='NLP data prodcution time' answers=['~2007']
[literal] created key='NLP data prodcution time' answer='~2007' id='L3614405'
[property] values_resolved property_label='NLP data production time' key='NLP data prodcution time' result_ids=['L3614405']
[property] 10-values_resolved property_label='NLP data production time' key='NLP data prodcution time' result_ids=['L3614405']
[sep] ────────────────────────────────────────────────────────────
[sep] ──────────────────────────────────────────────────────────── SUBTEMPLATE NLP data source ────────────────────────────────────────────────────────────
[subtemplate] start label='NLP data source' class_id='C121011' subtemplate_id='R1544223'
[sep] ────────────────────────────────────────────────────────────
[property] start predicate_id='' property_label='NLP data source type' key='NLP data source type' mapping='IV.3'
[selected_answers] answer answer='Student projects' resource_mapping_key='NLP data source type'
[selected_answers] answer answer='Toy Requirements' resource_mapping_key='NLP data source type'
[selected_answers] answer answer='Other/Comments' resource_mapping_key='NLP data source type'
[selected_answers] answer answer="Can't tell if the requirements come from individual sessions or projects" resource_mapping_key='NLP data source type'
[options_details] answer answer='Student projects' resource_mapping_key='NLP data source type' answer_label_type_in_options_details='No type'
[options_details] answer answer='Toy Requirements' resource_mapping_key='NLP data source type' answer_label_type_in_options_details='No type'
[options_details] answer answer='Other/Comments' resource_mapping_key='NLP data source type' answer_label_type_in_options_details='No type'
[options_details] answer answer="Can't tell if the requirements come from individual sessions or projects" resource_mapping_key='NLP data source type' answer_label_type_in_options_details='Text'
[property] answers property_label='NLP data source type' key='NLP data source type' answers=['Student projects', 'Toy Requirements', 'Other/Comments', "Can't tell if the requirements come from individual sessions or projects"]
[map] to_resource key='NLP data source type' answer='Student projects' object_id='R1544231'
[map] to_resource key='NLP data source type' answer='Toy Requirements' object_id='R1544227'
[unmapped] other_value_skipped key='NLP data source type' answer='Other/Comments'
[unmapped] other_value_skipped_resource_should_not_be_created key='NLP data source type' answer='Other/Comments'
[unmapped] other_context_skipped key='NLP data source type' answer="Can't tell if the requirements come from individual sessions or projects"
[resource] created label="Can't tell if the requirements come from individual sessions or projects" class_id='C121012' id='R1553275'
[map] to_resource key='NLP data source type' answer="Can't tell if the requirements come from individual sessions or projects" object_id='R1553275'
[property] values_resolved property_label='NLP data source type' key='NLP data source type' result_ids=['R1544231', 'R1544227', 'R1553275']
[property] 10-values_resolved property_label='NLP data source type' key='NLP data source type' result_ids=['R1544231', 'R1544227', 'R1553275']
[sep] ────────────────────────────────────────────────────────────
[property] start predicate_id='' property_label='Number of data sources' key='Number of data sources' mapping='IV.9'
[options_details] answer answer='1' resource_mapping_key='Number of data sources' answer_label_type_in_options_details='Text'
[property] answers property_label='Number of data sources' key='Number of data sources' answers=['1']
[Integer literal] fallback_to_text key='Number of data sources' answer='1'
[literal] created key='Number of data sources' answer='1' id='L3614406'
[property] values_resolved property_label='Number of data sources' key='Number of data sources' result_ids=['L3614406']
[property] 10-values_resolved property_label='Number of data sources' key='Number of data sources' result_ids=['L3614406']
[sep] ────────────────────────────────────────────────────────────
[property] start predicate_id='' property_label='NLP data source domain' key='NLP data source domain' mapping='IV.8'
[options_details] answer answer='Information systems' resource_mapping_key='NLP data source domain' answer_label_type_in_options_details='Text'
[property] answers property_label='NLP data source domain' key='NLP data source domain' answers=['Information systems']
[resource] created label='Information systems' class_id='C121053' id='R1553276'
[unmapped] categorical_created key='NLP data source domain' answer='Information systems' id='R1553276'
[property] values_resolved property_label='NLP data source domain' key='NLP data source domain' result_ids=['R1553276']
[property] 10-values_resolved property_label='NLP data source domain' key='NLP data source domain' result_ids=['R1553276']
[subtemplate] end label='NLP data source' class_id='C121011' subtemplate_id='R1544223'
[sep] ────────────────────────────────────────────────────────────
[sep] ────────────────────────────────────────────────────────────
[property] start predicate_id='' property_label='NLP data abstraction level' key='NLP data abstraction level' mapping='IV.4'
[selected_answers] answer answer='System-level' resource_mapping_key='NLP data abstraction level'
[options_details] answer answer='System-level' resource_mapping_key='NLP data abstraction level' answer_label_type_in_options_details='No type'
[property] answers property_label='NLP data abstraction level' key='NLP data abstraction level' answers=['System-level']
[map] to_resource key='NLP data abstraction level' answer='System-level' object_id='R1544241'
[property] values_resolved property_label='NLP data abstraction level' key='NLP data abstraction level' result_ids=['R1544241']
[property] 10-values_resolved property_label='NLP data abstraction level' key='NLP data abstraction level' result_ids=['R1544241']
[sep] ────────────────────────────────────────────────────────────
[sep] ──────────────────────────────────────────────────────────── SUBTEMPLATE NLP data type ────────────────────────────────────────────────────────────
[subtemplate] start label='NLP data type' class_id='C121015' subtemplate_id='R1544245'
[sep] ────────────────────────────────────────────────────────────
[property] start predicate_id='' property_label='NLP data format' key='NLP data format' mapping='IV.5'
[selected_answers] answer answer='"Shall" requirements' resource_mapping_key='NLP data format'
[options_details] answer answer='"Shall" requirements' resource_mapping_key='NLP data format' answer_label_type_in_options_details='No type'
[property] answers property_label='NLP data format' key='NLP data format' answers=['"Shall" requirements']
[map] to_resource key='NLP data format' answer='"Shall" requirements' object_id='R1544249'
[property] values_resolved property_label='NLP data format' key='NLP data format' result_ids=['R1544249']
[property] 10-values_resolved property_label='NLP data format' key='NLP data format' result_ids=['R1544249']
[sep] ────────────────────────────────────────────────────────────
[property] start predicate_id='' property_label='Rigor of data format' key='Rigor of data format' mapping='IV.6'
[selected_answers] answer answer='Unconstrained natural language' resource_mapping_key='Rigor of data format'
[options_details] answer answer='Unconstrained natural language' resource_mapping_key='Rigor of data format' answer_label_type_in_options_details='No type'
[property] answers property_label='Rigor of data format' key='Rigor of data format' answers=['Unconstrained natural language']
[map] to_resource key='Rigor of data format' answer='Unconstrained natural language' object_id='R1544258'
[property] values_resolved property_label='Rigor of data format' key='Rigor of data format' result_ids=['R1544258']
[property] 10-values_resolved property_label='Rigor of data format' key='Rigor of data format' result_ids=['R1544258']
[sep] ────────────────────────────────────────────────────────────
[property] start predicate_id='' property_label='Natural language' key='Natural language' mapping='IV.7'
[options_details] answer answer='English' resource_mapping_key='Natural language' answer_label_type_in_options_details='Text'
[property] answers property_label='Natural language' key='Natural language' answers=['English']
[literal] created key='Natural language' answer='English' id='L3614407'
[property] values_resolved property_label='Natural language' key='Natural language' result_ids=['L3614407']
[property] 10-values_resolved property_label='Natural language' key='Natural language' result_ids=['L3614407']
[subtemplate] end label='NLP data type' class_id='C121015' subtemplate_id='R1544245'
[sep] ────────────────────────────────────────────────────────────
[sep] ────────────────────────────────────────────────────────────
[sep] ──────────────────────────────────────────────────────────── SUBTEMPLATE License ────────────────────────────────────────────────────────────
[subtemplate] start label='License' class_id='C121018' subtemplate_id='R1544265'
[sep] ────────────────────────────────────────────────────────────
[property] start predicate_id='' property_label='Public availability' key='Public availability' mapping='IV.10'
[selected_answers] answer answer='Fully' resource_mapping_key='Public availability'
[options_details] answer answer='Fully' resource_mapping_key='Public availability' answer_label_type_in_options_details='No type'
[property] answers property_label='Public availability' key='Public availability' answers=['Fully']
[map] to_resource key='Public availability' answer='Fully' object_id='R1544267'
[property] values_resolved property_label='Public availability' key='Public availability' result_ids=['R1544267']
[property] 10-values_resolved property_label='Public availability' key='Public availability' result_ids=['R1544267']
[sep] ────────────────────────────────────────────────────────────
[property] start predicate_id='' property_label='License type' key='License type' mapping='IV.11'
[selected_answers] answer answer='License: Modification for any purposes' resource_mapping_key='License type'
[options_details] answer answer='License: Modification for any purposes' resource_mapping_key='License type' answer_label_type_in_options_details='No type'
[property] answers property_label='License type' key='License type' answers=['License: Modification for any purposes']
[map] to_resource key='License type' answer='License: Modification for any purposes' object_id='R1544273'
[property] values_resolved property_label='License type' key='License type' result_ids=['R1544273']
[property] 10-values_resolved property_label='License type' key='License type' result_ids=['R1544273']
[subtemplate] end label='License' class_id='C121018' subtemplate_id='R1544265'
[sep] ────────────────────────────────────────────────────────────
[sep] ────────────────────────────────────────────────────────────
[sep] ──────────────────────────────────────────────────────────── SUBTEMPLATE Dataset location ────────────────────────────────────────────────────────────
[subtemplate] start label='Dataset location' class_id='C121022' subtemplate_id='R1544278'
[sep] ────────────────────────────────────────────────────────────
[property] start predicate_id='' property_label='Location type' key='Dataset location type' mapping='IV.12'
[selected_answers] answer answer='In a persistent platform with DOI' resource_mapping_key='Dataset location type'
[options_details] answer answer='In a persistent platform with DOI' resource_mapping_key='Dataset location type' answer_label_type_in_options_details='No type'
[property] answers property_label='Location type' key='Dataset location type' answers=['In a persistent platform with DOI']
[map] to_resource key='Dataset location type' answer='In a persistent platform with DOI' object_id='R1544282'
[property] values_resolved property_label='Location type' key='Dataset location type' result_ids=['R1544282']
[property] 10-values_resolved property_label='Location type' key='Dataset location type' result_ids=['R1544282']
[sep] ────────────────────────────────────────────────────────────
[property] start predicate_id='' property_label='URL' key='url' mapping='IV.13'
[options_details] answer answer='https://zenodo.org/record/268542#.YN3MwkyxWUk' resource_mapping_key='url' answer_label_type_in_options_details='Text'
[property] answers property_label='URL' key='url' answers=['https://zenodo.org/record/268542#.YN3MwkyxWUk']
[literal] created key='url' answer='https://zenodo.org/record/268542#.YN3MwkyxWUk' id='L3614408'
[property] values_resolved property_label='URL' key='url' result_ids=['L3614408']
[property] 10-values_resolved property_label='URL' key='url' result_ids=['L3614408']
[subtemplate] end label='Dataset location' class_id='C121022' subtemplate_id='R1544278'
[sep] ────────────────────────────────────────────────────────────
[subtemplate] end label='NLP dataset' class_id='C121010' subtemplate_id='R1544216'
[sep] ────────────────────────────────────────────────────────────
[link] created s='R1553270' p='P181011' o='R1553273'
[sep] ──────────────────────────────────────────────────────────── PREDICATE P181031 ────────────────────────────────────────────────────────────
[section] predicate id='P181031' label='Annotation process'
[sep] ──────────────────────────────────────────────────────────── SUBTEMPLATE Annotation process ────────────────────────────────────────────────────────────
[subtemplate] start label='Annotation process' class_id='C121025' subtemplate_id='R1544287'
[sep] ────────────────────────────────────────────────────────────
[sep] ──────────────────────────────────────────────────────────── SUBTEMPLATE Annotator ────────────────────────────────────────────────────────────
[subtemplate] start label='Annotator' class_id='C121026' subtemplate_id='R1544290'
[sep] ────────────────────────────────────────────────────────────
[property] start predicate_id='' property_label='Number of annotators' key='Number of annotators' mapping='V.1'
[property] no_answers property_label='Number of annotators'
[sep] ────────────────────────────────────────────────────────────
[property] start predicate_id='' property_label='Annotator assignment' key='Annotator assignment' mapping='V.2'
[property] no_answers property_label='Annotator assignment'
[sep] ────────────────────────────────────────────────────────────
[property] start predicate_id='' property_label='Level of application domain experience' key='Level of application domain experience' mapping='V.3'
[property] no_answers property_label='Level of application domain experience'
[sep] ────────────────────────────────────────────────────────────
[property] start predicate_id='' property_label='Annotator identity' key='Annotator identity' mapping='V.4'
[property] no_answers property_label='Annotator identity'
[subtemplate] end label='Annotator' class_id='C121026' subtemplate_id='R1544290'
[sep] ────────────────────────────────────────────────────────────
[sep] ────────────────────────────────────────────────────────────
[sep] ──────────────────────────────────────────────────────────── SUBTEMPLATE Annotation scheme ────────────────────────────────────────────────────────────
[subtemplate] start label='Annotation scheme' class_id='C121030' subtemplate_id='R1544307'
[sep] ────────────────────────────────────────────────────────────
[property] start predicate_id='' property_label='Scheme establishment' key='Scheme establishement' mapping='V.5'
[property] no_answers property_label='Scheme establishment'
[sep] ────────────────────────────────────────────────────────────
[property] start predicate_id='' property_label='Guideline availability' key='Guideline availability' mapping='V.6'
[property] no_answers property_label='Guideline availability'
[subtemplate] end label='Annotation scheme' class_id='C121030' subtemplate_id='R1544307'
[sep] ────────────────────────────────────────────────────────────
[sep] ────────────────────────────────────────────────────────────
[property] start predicate_id='' property_label='Shared material' key='Shared material' mapping='V.7'
[property] no_answers property_label='Shared material'
[sep] ────────────────────────────────────────────────────────────
[property] start predicate_id='' property_label='Fatigue mitigation technique' key='Fatigue mitigation technique' mapping='V.8'
[property] no_answers property_label='Fatigue mitigation technique'
[sep] ────────────────────────────────────────────────────────────
[sep] ──────────────────────────────────────────────────────────── SUBTEMPLATE Annotator agreement ────────────────────────────────────────────────────────────
[subtemplate] start label='Annotator agreement' class_id='C121035' subtemplate_id='R1544326'
[sep] ────────────────────────────────────────────────────────────
[property] start predicate_id='' property_label='Intercoder reliability metric' key='Intercoder reliability metric' mapping='V.9'
[property] no_answers property_label='Intercoder reliability metric'
[sep] ────────────────────────────────────────────────────────────
[property] start predicate_id='' property_label='Conflict resolution' key='Conflict resolution' mapping='V.10'
[property] no_answers property_label='Conflict resolution'
[sep] ────────────────────────────────────────────────────────────
[property] start predicate_id='' property_label='Measured agreement' key='Measured agreement' mapping='V.11'
[property] no_answers property_label='Measured agreement'
[literal] created key='Measured agreement' answer='Not reported' id='L3614409'
[subtemplate] end label='Annotator agreement' class_id='C121035' subtemplate_id='R1544326'
[sep] ────────────────────────────────────────────────────────────
[subtemplate] end label='Annotation process' class_id='C121025' subtemplate_id='R1544287'
[sep] ────────────────────────────────────────────────────────────
[link] created s='R1553270' p='P181031' o='R1553280'
[sep] ──────────────────────────────────────────────────────────── PREDICATE P181046 ────────────────────────────────────────────────────────────
[section] predicate id='P181046' label='Implemented approach'
[sep] ──────────────────────────────────────────────────────────── SUBTEMPLATE Implemented approach ────────────────────────────────────────────────────────────
[subtemplate] start label='Implemented approach' class_id='C121038' subtemplate_id='R1544363'
[sep] ────────────────────────────────────────────────────────────
[property] start predicate_id='' property_label='Approach type' key='Approach type' mapping='VI.1'
[selected_answers] answer answer='Supervised ML' resource_mapping_key='Approach type'
[options_details] answer answer='Supervised ML' resource_mapping_key='Approach type' answer_label_type_in_options_details='No type'
[property] answers property_label='Approach type' key='Approach type' answers=['Supervised ML']
[map] to_resource key='Approach type' answer='Supervised ML' object_id='R1544368'
[property] values_resolved property_label='Approach type' key='Approach type' result_ids=['R1544368']
[property] 10-values_resolved property_label='Approach type' key='Approach type' result_ids=['R1544368']
[sep] ────────────────────────────────────────────────────────────
[property] start predicate_id='' property_label='Algorithm used' key='Algorithm used' mapping='VI.2'
[options_details] answer answer="SVM's implementation SVC" resource_mapping_key='Algorithm used' answer_label_type_in_options_details='Text'
[property] answers property_label='Algorithm used' key='Algorithm used' answers=["SVM's implementation SVC"]
[resource] created label="SVM's implementation SVC" class_id='C121040' id='R1553285'
[unmapped] categorical_created key='Algorithm used' answer="SVM's implementation SVC" id='R1553285'
[property] values_resolved property_label='Algorithm used' key='Algorithm used' result_ids=['R1553285']
[property] 10-values_resolved property_label='Algorithm used' key='Algorithm used' result_ids=['R1553285']
[sep] ────────────────────────────────────────────────────────────
[property] start predicate_id='' property_label='Running requirements' key='Running requirements' mapping='VI.4'
[property] no_answers property_label='Running requirements'
[sep] ────────────────────────────────────────────────────────────
[property] start predicate_id='' property_label='Documentation' key='Documentation' mapping='VI.5'
[property] no_answers property_label='Documentation'
[sep] ────────────────────────────────────────────────────────────
[property] start predicate_id='' property_label='Dependency' key='Dependency' mapping='VI.6'
[property] no_answers property_label='Dependency'
[sep] ────────────────────────────────────────────────────────────
[property] start predicate_id='' property_label='License type' key='License type' mapping='VI.8'
[property] no_answers property_label='License type'
[sep] ────────────────────────────────────────────────────────────
[sep] ──────────────────────────────────────────────────────────── SUBTEMPLATE Release ────────────────────────────────────────────────────────────
[subtemplate] start label='Release' class_id='C121044' subtemplate_id='R1544401'
[sep] ────────────────────────────────────────────────────────────
[property] start predicate_id='' property_label='Release format' key='Release format' mapping='VI.3'
[selected_answers] answer answer='No tool has been released' resource_mapping_key='Release format'
[options_details] answer answer='No tool has been released' resource_mapping_key='Release format' answer_label_type_in_options_details='No type'
[property] answers property_label='Release format' key='Release format' answers=['No tool has been released']
[map] to_resource key='Release format' answer='No tool has been released' object_id='R1544406'
[property] values_resolved property_label='Release format' key='Release format' result_ids=['R1544406']
[property] 10-values_resolved property_label='Release format' key='Release format' result_ids=['R1544406']
[sep] ────────────────────────────────────────────────────────────
[property] start predicate_id='' property_label='Location type' key='Tool location type' mapping='VI.7'
[property] no_answers property_label='Location type'
[sep] ────────────────────────────────────────────────────────────
[property] start predicate_id='' property_label='URL' key='url' mapping='VI.9'
[property] no_answers property_label='URL'
[subtemplate] end label='Release' class_id='C121044' subtemplate_id='R1544401'
[sep] ────────────────────────────────────────────────────────────
[subtemplate] end label='Implemented approach' class_id='C121038' subtemplate_id='R1544363'
[sep] ────────────────────────────────────────────────────────────
[link] created s='R1553270' p='P181046' o='R1553284'
[sep] ──────────────────────────────────────────────────────────── PREDICATE HAS_EVALUATION ────────────────────────────────────────────────────────────
[section] predicate id='HAS_EVALUATION' label='Evaluation'
[sep] ──────────────────────────────────────────────────────────── SUBTEMPLATE Evaluation ────────────────────────────────────────────────────────────
[subtemplate] start label='Evaluation' class_id='C121047' subtemplate_id='R1544421'
[sep] ────────────────────────────────────────────────────────────
[property] start predicate_id='' property_label='Evaluation metric' key='Evaluation metric' mapping='VII.1'
[selected_answers] answer answer='Precision/Recall' resource_mapping_key='Evaluation metric'
[selected_answers] answer answer='F-Score' resource_mapping_key='Evaluation metric'
[options_details] answer answer='Precision/Recall' resource_mapping_key='Evaluation metric' answer_label_type_in_options_details='No type'
[options_details] answer answer='F-Score' resource_mapping_key='Evaluation metric' answer_label_type_in_options_details='No type'
[property] answers property_label='Evaluation metric' key='Evaluation metric' answers=['Precision/Recall', 'F-Score']
[map] to_resource key='Evaluation metric' answer='Precision/Recall' object_id='R1544436'
[map] to_resource key='Evaluation metric' answer='F-Score' object_id='R1544442'
[property] values_resolved property_label='Evaluation metric' key='Evaluation metric' result_ids=['R1544436', 'R1544442']
[property] 10-values_resolved property_label='Evaluation metric' key='Evaluation metric' result_ids=['R1544436', 'R1544442']
[sep] ────────────────────────────────────────────────────────────
[property] start predicate_id='' property_label='Validation procedure' key='Validation procedure' mapping='VII.2'
[selected_answers] answer answer='Cross-validation' resource_mapping_key='Validation procedure'
[options_details] answer answer='Cross-validation' resource_mapping_key='Validation procedure' answer_label_type_in_options_details='No type'
[property] answers property_label='Validation procedure' key='Validation procedure' answers=['Cross-validation']
[map] to_resource key='Validation procedure' answer='Cross-validation' object_id='R1544448'
[property] values_resolved property_label='Validation procedure' key='Validation procedure' result_ids=['R1544448']
[property] 10-values_resolved property_label='Validation procedure' key='Validation procedure' result_ids=['R1544448']
[sep] ────────────────────────────────────────────────────────────
[sep] ──────────────────────────────────────────────────────────── SUBTEMPLATE Baseline comparison ────────────────────────────────────────────────────────────
[subtemplate] start label='Baseline comparison' class_id='C121050' subtemplate_id='R1544450'
[sep] ────────────────────────────────────────────────────────────
[property] start predicate_id='' property_label='Baseline comparison type' key='Baseline comparison type' mapping='VII.3'
[selected_answers] answer answer='None' resource_mapping_key='Baseline comparison type'
[selected_answers] answer answer='Other/Comments' resource_mapping_key='Baseline comparison type'
[selected_answers] answer answer='They test multiple variations of the same algorithm' resource_mapping_key='Baseline comparison type'
[options_details] answer answer='None' resource_mapping_key='Baseline comparison type' answer_label_type_in_options_details='No type'
[options_details] answer answer='Other/Comments' resource_mapping_key='Baseline comparison type' answer_label_type_in_options_details='No type'
[options_details] answer answer='They test multiple variations of the same algorithm' resource_mapping_key='Baseline comparison type' answer_label_type_in_options_details='Text'
[property] answers property_label='Baseline comparison type' key='Baseline comparison type' answers=['None', 'Other/Comments', 'They test multiple variations of the same algorithm']
[map] to_resource key='Baseline comparison type' answer='None' object_id='R1544454'
[unmapped] other_value_skipped key='Baseline comparison type' answer='Other/Comments'
[unmapped] other_value_skipped_resource_should_not_be_created key='Baseline comparison type' answer='Other/Comments'
[unmapped] other_context_skipped key='Baseline comparison type' answer='They test multiple variations of the same algorithm'
[resource] created label='They test multiple variations of the same algorithm' class_id='C121051' id='R1553289'
[map] to_resource key='Baseline comparison type' answer='They test multiple variations of the same algorithm' object_id='R1553289'
[property] values_resolved property_label='Baseline comparison type' key='Baseline comparison type' result_ids=['R1544454', 'R1553289']
[property] 10-values_resolved property_label='Baseline comparison type' key='Baseline comparison type' result_ids=['R1544454', 'R1553289']
[sep] ────────────────────────────────────────────────────────────
[property] start predicate_id='' property_label='Baseline comparison details' key='Baseline comparison details' mapping='VII.4'
[options_details] answer answer='There is also a sentence that talks of self-defined features, against which the authors have compared the automated feature selection. The results are not in the paper.' resource_mapping_key='Baseline comparison details' answer_label_type_in_options_details='Text'
[property] answers property_label='Baseline comparison details' key='Baseline comparison details' answers=['There is also a sentence that talks of self-defined features, against which the authors have compared the automated feature selection. The results are not in the paper.']
[literal] created key='Baseline comparison details' answer='There is also a sentence that talks of self-defined features, against which the authors have compared the automated feature selection. The results are not in the paper.' id='L3614410'
[property] values_resolved property_label='Baseline comparison details' key='Baseline comparison details' result_ids=['L3614410']
[property] 10-values_resolved property_label='Baseline comparison details' key='Baseline comparison details' result_ids=['L3614410']
[subtemplate] end label='Baseline comparison' class_id='C121050' subtemplate_id='R1544450'
[sep] ────────────────────────────────────────────────────────────
[subtemplate] end label='Evaluation' class_id='C121047' subtemplate_id='R1544421'
[sep] ────────────────────────────────────────────────────────────
[link] created s='R1553270' p='HAS_EVALUATION' o='R1553287'
