[run] start run_id='737e2049'
[connect] ok host='https://orkg.org'
[json] loaded path='/Users/amirrezaalasti/Desktop/TIB/nlp4re/pdf_files/Automated_Import_to_ORKG/Defects-1.json'
[run] instance run_id='737e2049' instance_id='R1552649'
[sep] ──────────────────────────────────────────────────────────── PREDICATE P181002 ────────────────────────────────────────────────────────────
[section] predicate id='P181002' label='RE task'
[property] start predicate_id='' property_label='RE task' key='RE task' mapping='I.1'
[selected_answers] answer answer='Requirements defect detection' resource_mapping_key='RE task'
[options_details] answer answer='Requirements defect detection' resource_mapping_key='RE task' answer_label_type_in_options_details='No type'
[property] answers property_label='RE task' key='RE task' answers=['Requirements defect detection']
[map] to_resource key='RE task' answer='Requirements defect detection' object_id='R1544134'
[property] values_resolved property_label='RE task' key='RE task' result_ids=['R1544134']
[link] created s='R1552649' p='P181002' o='R1544134'
[sep] ──────────────────────────────────────────────────────────── PREDICATE P181003 ────────────────────────────────────────────────────────────
[section] predicate id='P181003' label='NLP task'
[sep] ──────────────────────────────────────────────────────────── SUBTEMPLATE NLP task ────────────────────────────────────────────────────────────
[subtemplate] start label='NLP task' class_id='C121004' subtemplate_id='R1544138'
[sep] ────────────────────────────────────────────────────────────
[property] start predicate_id='' property_label='NLP task type' key='NLP task type' mapping='II.1'
[selected_answers] answer answer='Classification' resource_mapping_key='NLP task type'
[selected_answers] answer answer='Information extraction' resource_mapping_key='NLP task type'
[options_details] answer answer='Classification' resource_mapping_key='NLP task type' answer_label_type_in_options_details='No type'
[options_details] answer answer='Information extraction' resource_mapping_key='NLP task type' answer_label_type_in_options_details='No type'
[property] answers property_label='NLP task type' key='NLP task type' answers=['Classification', 'Information extraction']
[map] to_resource key='NLP task type' answer='Classification' object_id='R1544148'
[map] to_resource key='NLP task type' answer='Information extraction' object_id='R1544150'
[property] values_resolved property_label='NLP task type' key='NLP task type' result_ids=['R1544148', 'R1544150']
[property] 10-values_resolved property_label='NLP task type' key='NLP task type' result_ids=['R1544148', 'R1544150']
[sep] ────────────────────────────────────────────────────────────
[property] start predicate_id='' property_label='NLP task input' key='NLP task input' mapping='III.1'
[selected_answers] answer answer='Sentences' resource_mapping_key='NLP task input'
[options_details] answer answer='Sentences' resource_mapping_key='NLP task input' answer_label_type_in_options_details='No type'
[property] answers property_label='NLP task input' key='NLP task input' answers=['Sentences']
[map] to_resource key='NLP task input' answer='Sentences' object_id='R1544152'
[property] values_resolved property_label='NLP task input' key='NLP task input' result_ids=['R1544152']
[property] 10-values_resolved property_label='NLP task input' key='NLP task input' result_ids=['R1544152']
[sep] ────────────────────────────────────────────────────────────
[sep] ──────────────────────────────────────────────────────────── SUBTEMPLATE NLP task output ────────────────────────────────────────────────────────────
[subtemplate] start label='NLP task output' class_id='C121007' subtemplate_id='R1544158'
[sep] ────────────────────────────────────────────────────────────
[property] start predicate_id='' property_label='NLP task output classification label' key='NLP task output classification label' mapping='III.3'
[options_details] answer answer='Defect type, see Section 3.2' resource_mapping_key='NLP task output classification label' answer_label_type_in_options_details='Text'
[property] answers property_label='NLP task output classification label' key='NLP task output classification label' answers=['Defect type, see Section 3.2']
[literal] created key='NLP task output classification label' answer='Defect type, see Section 3.2' id='L3614147'
[property] values_resolved property_label='NLP task output classification label' key='NLP task output classification label' result_ids=['L3614147']
[property] 10-values_resolved property_label='NLP task output classification label' key='NLP task output classification label' result_ids=['L3614147']
[sep] ────────────────────────────────────────────────────────────
[property] start predicate_id='' property_label='NLP task output extracted element' key='NLP task output extracted element' mapping='III.5'
[options_details] answer answer='Words or phrases that indicate possible requirement smells' resource_mapping_key='NLP task output extracted element' answer_label_type_in_options_details='Text'
[property] answers property_label='NLP task output extracted element' key='NLP task output extracted element' answers=['Words or phrases that indicate possible requirement smells']
[literal] created key='NLP task output extracted element' answer='Words or phrases that indicate possible requirement smells' id='L3614148'
[property] values_resolved property_label='NLP task output extracted element' key='NLP task output extracted element' result_ids=['L3614148']
[property] 10-values_resolved property_label='NLP task output extracted element' key='NLP task output extracted element' result_ids=['L3614148']
[sep] ────────────────────────────────────────────────────────────
[property] start predicate_id='' property_label='NLP task output translation mapping cardinality' key='NLP task output translation mapping cardinality' mapping='III.7'
[property] no_answers property_label='NLP task output translation mapping cardinality'
[sep] ────────────────────────────────────────────────────────────
[property] start predicate_id='' property_label='NLP task output type' key='NLP task output type' mapping="['III.2', 'III.4', 'III.6', 'III.8', 'III.9']"
[selected_answers] answer answer='Multi class- Multi label' resource_mapping_key='NLP task output type'
[options_details] answer answer='Multi class- Multi label' resource_mapping_key='NLP task output type' answer_label_type_in_options_details='No type'
[selected_answers] answer answer='Phrases' resource_mapping_key='NLP task output type'
[selected_answers] answer answer='Words' resource_mapping_key='NLP task output type'
[options_details] answer answer='Phrases' resource_mapping_key='NLP task output type' answer_label_type_in_options_details='No type'
[options_details] answer answer='Words' resource_mapping_key='NLP task output type' answer_label_type_in_options_details='No type'
[property] answers property_label='NLP task output type' key='NLP task output type' answers=['Multi class- Multi label', 'Phrases', 'Words']
[map] to_resource key='NLP task output type' answer='Multi class- Multi label' object_id='R1544169'
[map] to_resource key='NLP task output type' answer='Phrases' object_id='R1544167'
[map] to_resource key='NLP task output type' answer='Words' object_id='R1544170'
[property] values_resolved property_label='NLP task output type' key='NLP task output type' result_ids=['R1544169', 'R1544167', 'R1544170']
[property] 10-values_resolved property_label='NLP task output type' key='NLP task output type' result_ids=['R1544169', 'R1544167', 'R1544170']
[subtemplate] end label='NLP task output' class_id='C121007' subtemplate_id='R1544158'
[sep] ────────────────────────────────────────────────────────────
[subtemplate] end label='NLP task' class_id='C121004' subtemplate_id='R1544138'
[sep] ────────────────────────────────────────────────────────────
[link] created s='R1552649' p='P181003' o='R1552650'
[sep] ──────────────────────────────────────────────────────────── PREDICATE P181011 ────────────────────────────────────────────────────────────
[section] predicate id='P181011' label='NLP dataset'
[sep] ──────────────────────────────────────────────────────────── SUBTEMPLATE NLP dataset ────────────────────────────────────────────────────────────
[subtemplate] start label='NLP dataset' class_id='C121010' subtemplate_id='R1544216'
[sep] ────────────────────────────────────────────────────────────
[property] start predicate_id='' property_label='NLP data item' key='NLP data item' mapping='IV.1'
[options_details] answer answer='336 requirements, 53 use cases, 1082 user stories from four cases' resource_mapping_key='NLP data item' answer_label_type_in_options_details='Text'
[property] answers property_label='NLP data item' key='NLP data item' answers=['336 requirements, 53 use cases, 1082 user stories from four cases']
[literal] created key='NLP data item' answer='336 requirements, 53 use cases, 1082 user stories from four cases' id='L3614149'
[property] values_resolved property_label='NLP data item' key='NLP data item' result_ids=['L3614149']
[property] 10-values_resolved property_label='NLP data item' key='NLP data item' result_ids=['L3614149']
[sep] ────────────────────────────────────────────────────────────
[property] start predicate_id='' property_label='NLP data production time' key='NLP data prodcution time' mapping='IV.2'
[options_details] answer answer='Around the time the paper was published, perhaps a couple years before' resource_mapping_key='NLP data prodcution time' answer_label_type_in_options_details='Text'
[property] answers property_label='NLP data production time' key='NLP data prodcution time' answers=['Around the time the paper was published, perhaps a couple years before']
[literal] created key='NLP data prodcution time' answer='Around the time the paper was published, perhaps a couple years before' id='L3614150'
[property] values_resolved property_label='NLP data production time' key='NLP data prodcution time' result_ids=['L3614150']
[property] 10-values_resolved property_label='NLP data production time' key='NLP data prodcution time' result_ids=['L3614150']
[sep] ────────────────────────────────────────────────────────────
[sep] ──────────────────────────────────────────────────────────── SUBTEMPLATE NLP data source ────────────────────────────────────────────────────────────
[subtemplate] start label='NLP data source' class_id='C121011' subtemplate_id='R1544223'
[sep] ────────────────────────────────────────────────────────────
[property] start predicate_id='' property_label='NLP data source type' key='NLP data source type' mapping='IV.3'
[selected_answers] answer answer='Industrial project, proprietary data' resource_mapping_key='NLP data source type'
[options_details] answer answer='Industrial project, proprietary data' resource_mapping_key='NLP data source type' answer_label_type_in_options_details='No type'
[property] answers property_label='NLP data source type' key='NLP data source type' answers=['Industrial project, proprietary data']
[map] to_resource key='NLP data source type' answer='Industrial project, proprietary data' object_id='R1544228'
[property] values_resolved property_label='NLP data source type' key='NLP data source type' result_ids=['R1544228']
[property] 10-values_resolved property_label='NLP data source type' key='NLP data source type' result_ids=['R1544228']
[sep] ────────────────────────────────────────────────────────────
[property] start predicate_id='' property_label='Number of data sources' key='Number of data sources' mapping='IV.9'
[options_details] answer answer='4' resource_mapping_key='Number of data sources' answer_label_type_in_options_details='Text'
[property] answers property_label='Number of data sources' key='Number of data sources' answers=['4']
[Integer literal] fallback_to_text key='Number of data sources' answer='4'
[literal] created key='Number of data sources' answer='4' id='L3614151'
[property] values_resolved property_label='Number of data sources' key='Number of data sources' result_ids=['L3614151']
[property] 10-values_resolved property_label='Number of data sources' key='Number of data sources' result_ids=['L3614151']
[sep] ────────────────────────────────────────────────────────────
[property] start predicate_id='' property_label='NLP data source domain' key='NLP data source domain' mapping='IV.8'
[options_details] answer answer='Automotive, business information system, web development' resource_mapping_key='NLP data source domain' answer_label_type_in_options_details='Text'
[property] answers property_label='NLP data source domain' key='NLP data source domain' answers=['Automotive', 'business information system', 'web development']
[resource] created label='Automotive' class_id='C121053' id='R1552654'
[unmapped] categorical_created key='NLP data source domain' answer='Automotive' id='R1552654'
[resource] created label='business information system' class_id='C121053' id='R1552655'
[unmapped] categorical_created key='NLP data source domain' answer='business information system' id='R1552655'
[resource] created label='web development' class_id='C121053' id='R1552656'
[unmapped] categorical_created key='NLP data source domain' answer='web development' id='R1552656'
[property] values_resolved property_label='NLP data source domain' key='NLP data source domain' result_ids=['R1552654', 'R1552655', 'R1552656']
[property] 10-values_resolved property_label='NLP data source domain' key='NLP data source domain' result_ids=['R1552654', 'R1552655', 'R1552656']
[subtemplate] end label='NLP data source' class_id='C121011' subtemplate_id='R1544223'
[sep] ────────────────────────────────────────────────────────────
[sep] ────────────────────────────────────────────────────────────
[property] start predicate_id='' property_label='NLP data abstraction level' key='NLP data abstraction level' mapping='IV.4'
[selected_answers] answer answer='User-level' resource_mapping_key='NLP data abstraction level'
[selected_answers] answer answer='System-level' resource_mapping_key='NLP data abstraction level'
[options_details] answer answer='User-level' resource_mapping_key='NLP data abstraction level' answer_label_type_in_options_details='No type'
[options_details] answer answer='System-level' resource_mapping_key='NLP data abstraction level' answer_label_type_in_options_details='No type'
[property] answers property_label='NLP data abstraction level' key='NLP data abstraction level' answers=['User-level', 'System-level']
[map] to_resource key='NLP data abstraction level' answer='User-level' object_id='R1544238'
[map] to_resource key='NLP data abstraction level' answer='System-level' object_id='R1544241'
[property] values_resolved property_label='NLP data abstraction level' key='NLP data abstraction level' result_ids=['R1544238', 'R1544241']
[property] 10-values_resolved property_label='NLP data abstraction level' key='NLP data abstraction level' result_ids=['R1544238', 'R1544241']
[sep] ────────────────────────────────────────────────────────────
[sep] ──────────────────────────────────────────────────────────── SUBTEMPLATE NLP data type ────────────────────────────────────────────────────────────
[subtemplate] start label='NLP data type' class_id='C121015' subtemplate_id='R1544245'
[sep] ────────────────────────────────────────────────────────────
[property] start predicate_id='' property_label='NLP data format' key='NLP data format' mapping='IV.5'
[selected_answers] answer answer='"Shall" requirements' resource_mapping_key='NLP data format'
[selected_answers] answer answer='User stories' resource_mapping_key='NLP data format'
[selected_answers] answer answer='Use cases' resource_mapping_key='NLP data format'
[options_details] answer answer='"Shall" requirements' resource_mapping_key='NLP data format' answer_label_type_in_options_details='No type'
[options_details] answer answer='User stories' resource_mapping_key='NLP data format' answer_label_type_in_options_details='No type'
[options_details] answer answer='Use cases' resource_mapping_key='NLP data format' answer_label_type_in_options_details='No type'
[property] answers property_label='NLP data format' key='NLP data format' answers=['"Shall" requirements', 'User stories', 'Use cases']
[map] to_resource key='NLP data format' answer='"Shall" requirements' object_id='R1544249'
[map] to_resource key='NLP data format' answer='User stories' object_id='R1544248'
[map] to_resource key='NLP data format' answer='Use cases' object_id='R1544251'
[property] values_resolved property_label='NLP data format' key='NLP data format' result_ids=['R1544249', 'R1544248', 'R1544251']
[property] 10-values_resolved property_label='NLP data format' key='NLP data format' result_ids=['R1544249', 'R1544248', 'R1544251']
[sep] ────────────────────────────────────────────────────────────
[property] start predicate_id='' property_label='Rigor of data format' key='Rigor of data format' mapping='IV.6'
[selected_answers] answer answer='Unconstrained natural language' resource_mapping_key='Rigor of data format'
[options_details] answer answer='Unconstrained natural language' resource_mapping_key='Rigor of data format' answer_label_type_in_options_details='No type'
[property] answers property_label='Rigor of data format' key='Rigor of data format' answers=['Unconstrained natural language']
[map] to_resource key='Rigor of data format' answer='Unconstrained natural language' object_id='R1544258'
[property] values_resolved property_label='Rigor of data format' key='Rigor of data format' result_ids=['R1544258']
[property] 10-values_resolved property_label='Rigor of data format' key='Rigor of data format' result_ids=['R1544258']
[sep] ────────────────────────────────────────────────────────────
[property] start predicate_id='' property_label='Natural language' key='Natural language' mapping='IV.7'
[options_details] answer answer='German' resource_mapping_key='Natural language' answer_label_type_in_options_details='Text'
[property] answers property_label='Natural language' key='Natural language' answers=['German']
[literal] created key='Natural language' answer='German' id='L3614152'
[property] values_resolved property_label='Natural language' key='Natural language' result_ids=['L3614152']
[property] 10-values_resolved property_label='Natural language' key='Natural language' result_ids=['L3614152']
[subtemplate] end label='NLP data type' class_id='C121015' subtemplate_id='R1544245'
[sep] ────────────────────────────────────────────────────────────
[sep] ────────────────────────────────────────────────────────────
[sep] ──────────────────────────────────────────────────────────── SUBTEMPLATE License ────────────────────────────────────────────────────────────
[subtemplate] start label='License' class_id='C121018' subtemplate_id='R1544265'
[sep] ────────────────────────────────────────────────────────────
[property] start predicate_id='' property_label='Public availability' key='Public availability' mapping='IV.10'
[selected_answers] answer answer='No' resource_mapping_key='Public availability'
[options_details] answer answer='No' resource_mapping_key='Public availability' answer_label_type_in_options_details='No type'
[property] answers property_label='Public availability' key='Public availability' answers=['No']
[map] to_resource key='Public availability' answer='No' object_id='R1544268'
[property] values_resolved property_label='Public availability' key='Public availability' result_ids=['R1544268']
[property] 10-values_resolved property_label='Public availability' key='Public availability' result_ids=['R1544268']
[sep] ────────────────────────────────────────────────────────────
[property] start predicate_id='' property_label='License type' key='License type' mapping='IV.11'
[property] no_answers property_label='License type'
[subtemplate] end label='License' class_id='C121018' subtemplate_id='R1544265'
[sep] ────────────────────────────────────────────────────────────
[sep] ────────────────────────────────────────────────────────────
[sep] ──────────────────────────────────────────────────────────── SUBTEMPLATE Dataset location ────────────────────────────────────────────────────────────
[subtemplate] start label='Dataset location' class_id='C121022' subtemplate_id='R1544278'
[sep] ────────────────────────────────────────────────────────────
[property] start predicate_id='' property_label='Location type' key='Dataset location type' mapping='IV.12'
[property] no_answers property_label='Location type'
[sep] ────────────────────────────────────────────────────────────
[property] start predicate_id='' property_label='URL' key='url' mapping='IV.13'
[property] no_answers property_label='URL'
[subtemplate] end label='Dataset location' class_id='C121022' subtemplate_id='R1544278'
[sep] ────────────────────────────────────────────────────────────
[subtemplate] end label='NLP dataset' class_id='C121010' subtemplate_id='R1544216'
[sep] ────────────────────────────────────────────────────────────
[link] created s='R1552649' p='P181011' o='R1552652'
[sep] ──────────────────────────────────────────────────────────── PREDICATE P181031 ────────────────────────────────────────────────────────────
[section] predicate id='P181031' label='Annotation process'
[sep] ──────────────────────────────────────────────────────────── SUBTEMPLATE Annotation process ────────────────────────────────────────────────────────────
[subtemplate] start label='Annotation process' class_id='C121025' subtemplate_id='R1544287'
[sep] ────────────────────────────────────────────────────────────
[sep] ──────────────────────────────────────────────────────────── SUBTEMPLATE Annotator ────────────────────────────────────────────────────────────
[subtemplate] start label='Annotator' class_id='C121026' subtemplate_id='R1544290'
[sep] ────────────────────────────────────────────────────────────
[property] start predicate_id='' property_label='Number of annotators' key='Number of annotators' mapping='V.1'
[options_details] answer answer='1' resource_mapping_key='Number of annotators' answer_label_type_in_options_details='Text'
[property] answers property_label='Number of annotators' key='Number of annotators' answers=['1']
[Integer literal] fallback_to_text key='Number of annotators' answer='1'
[literal] created key='Number of annotators' answer='1' id='L3614153'
[property] values_resolved property_label='Number of annotators' key='Number of annotators' result_ids=['L3614153']
[property] 10-values_resolved property_label='Number of annotators' key='Number of annotators' result_ids=['L3614153']
[sep] ────────────────────────────────────────────────────────────
[property] start predicate_id='' property_label='Annotator assignment' key='Annotator assignment' mapping='V.2'
[selected_answers] answer answer='One annotator per entry (no quality control)' resource_mapping_key='Annotator assignment'
[options_details] answer answer='One annotator per entry (no quality control)' resource_mapping_key='Annotator assignment' answer_label_type_in_options_details='No type'
[property] answers property_label='Annotator assignment' key='Annotator assignment' answers=['One annotator per entry']
[resource] created label='One annotator per entry' class_id='C121027' id='R1552662'
[unmapped] categorical_created key='Annotator assignment' answer='One annotator per entry' id='R1552662'
[property] values_resolved property_label='Annotator assignment' key='Annotator assignment' result_ids=['R1552662']
[property] 10-values_resolved property_label='Annotator assignment' key='Annotator assignment' result_ids=['R1552662']
[sep] ────────────────────────────────────────────────────────────
[property] start predicate_id='' property_label='Level of application domain experience' key='Level of application domain experience' mapping='V.3'
[selected_answers] answer answer='Informed outsider' resource_mapping_key='Level of application domain experience'
[options_details] answer answer='Informed outsider' resource_mapping_key='Level of application domain experience' answer_label_type_in_options_details='No type'
[property] answers property_label='Level of application domain experience' key='Level of application domain experience' answers=['Informed outsider']
[map] to_resource key='Level of application domain experience' answer='Informed outsider' object_id='R1544300'
[property] values_resolved property_label='Level of application domain experience' key='Level of application domain experience' result_ids=['R1544300']
[property] 10-values_resolved property_label='Level of application domain experience' key='Level of application domain experience' result_ids=['R1544300']
[sep] ────────────────────────────────────────────────────────────
[property] start predicate_id='' property_label='Annotator identity' key='Annotator identity' mapping='V.4'
[selected_answers] answer answer='The designers of the technique/tool' resource_mapping_key='Annotator identity'
[options_details] answer answer='The designers of the technique/tool' resource_mapping_key='Annotator identity' answer_label_type_in_options_details='No type'
[property] answers property_label='Annotator identity' key='Annotator identity' answers=['The designers of the technique/tool']
[map] to_resource key='Annotator identity' answer='The designers of the technique/tool' object_id='R1544302'
[property] values_resolved property_label='Annotator identity' key='Annotator identity' result_ids=['R1544302']
[property] 10-values_resolved property_label='Annotator identity' key='Annotator identity' result_ids=['R1544302']
[subtemplate] end label='Annotator' class_id='C121026' subtemplate_id='R1544290'
[sep] ────────────────────────────────────────────────────────────
[sep] ────────────────────────────────────────────────────────────
[sep] ──────────────────────────────────────────────────────────── SUBTEMPLATE Annotation scheme ────────────────────────────────────────────────────────────
[subtemplate] start label='Annotation scheme' class_id='C121030' subtemplate_id='R1544307'
[sep] ────────────────────────────────────────────────────────────
[property] start predicate_id='' property_label='Scheme establishment' key='Scheme establishement' mapping='V.5'
[property] no_answers property_label='Scheme establishment'
[sep] ────────────────────────────────────────────────────────────
[property] start predicate_id='' property_label='Guideline availability' key='Guideline availability' mapping='V.6'
[selected_answers] answer answer='No' resource_mapping_key='Guideline availability'
[options_details] answer answer='No' resource_mapping_key='Guideline availability' answer_label_type_in_options_details='No type'
[property] answers property_label='Guideline availability' key='Guideline availability' answers=['No']
[map] to_resource key='Guideline availability' answer='No' object_id='R1544314'
[property] values_resolved property_label='Guideline availability' key='Guideline availability' result_ids=['R1544314']
[property] 10-values_resolved property_label='Guideline availability' key='Guideline availability' result_ids=['R1544314']
[subtemplate] end label='Annotation scheme' class_id='C121030' subtemplate_id='R1544307'
[sep] ────────────────────────────────────────────────────────────
[sep] ────────────────────────────────────────────────────────────
[property] start predicate_id='' property_label='Shared material' key='Shared material' mapping='V.7'
[selected_answers] answer answer='Entire document' resource_mapping_key='Shared material'
[options_details] answer answer='Entire document' resource_mapping_key='Shared material' answer_label_type_in_options_details='No type'
[property] answers property_label='Shared material' key='Shared material' answers=['Entire document']
[map] to_resource key='Shared material' answer='Entire document' object_id='R1544321'
[property] values_resolved property_label='Shared material' key='Shared material' result_ids=['R1544321']
[property] 10-values_resolved property_label='Shared material' key='Shared material' result_ids=['R1544321']
[sep] ────────────────────────────────────────────────────────────
[property] start predicate_id='' property_label='Fatigue mitigation technique' key='Fatigue mitigation technique' mapping='V.8'
[selected_answers] answer answer='Other/Comments' resource_mapping_key='Fatigue mitigation technique'
[options_details] answer answer='Other/Comments' resource_mapping_key='Fatigue mitigation technique' answer_label_type_in_options_details='No type'
[property] answers property_label='Fatigue mitigation technique' key='Fatigue mitigation technique' answers=['Other/Comments']
[unmapped] other_value_skipped key='Fatigue mitigation technique' answer='Other/Comments'
[map] to_resource key='Fatigue mitigation technique' answer='Other/Comments' object_id='R1547312'
[property] values_resolved property_label='Fatigue mitigation technique' key='Fatigue mitigation technique' result_ids=['R1547312']
[property] 10-values_resolved property_label='Fatigue mitigation technique' key='Fatigue mitigation technique' result_ids=['R1547312']
[sep] ────────────────────────────────────────────────────────────
[sep] ──────────────────────────────────────────────────────────── SUBTEMPLATE Annotator agreement ────────────────────────────────────────────────────────────
[subtemplate] start label='Annotator agreement' class_id='C121035' subtemplate_id='R1544326'
[sep] ────────────────────────────────────────────────────────────
[property] start predicate_id='' property_label='Intercoder reliability metric' key='Intercoder reliability metric' mapping='V.9'
[property] no_answers property_label='Intercoder reliability metric'
[sep] ────────────────────────────────────────────────────────────
[property] start predicate_id='' property_label='Conflict resolution' key='Conflict resolution' mapping='V.10'
[property] no_answers property_label='Conflict resolution'
[sep] ────────────────────────────────────────────────────────────
[property] start predicate_id='' property_label='Measured agreement' key='Measured agreement' mapping='V.11'
[property] no_answers property_label='Measured agreement'
[literal] created key='Measured agreement' answer='Not reported' id='L3614154'
[subtemplate] end label='Annotator agreement' class_id='C121035' subtemplate_id='R1544326'
[sep] ────────────────────────────────────────────────────────────
[subtemplate] end label='Annotation process' class_id='C121025' subtemplate_id='R1544287'
[sep] ────────────────────────────────────────────────────────────
[link] created s='R1552649' p='P181031' o='R1552660'
[sep] ──────────────────────────────────────────────────────────── PREDICATE P181046 ────────────────────────────────────────────────────────────
[section] predicate id='P181046' label='Implemented approach'
[sep] ──────────────────────────────────────────────────────────── SUBTEMPLATE Implemented approach ────────────────────────────────────────────────────────────
[subtemplate] start label='Implemented approach' class_id='C121038' subtemplate_id='R1544363'
[sep] ────────────────────────────────────────────────────────────
[property] start predicate_id='' property_label='Approach type' key='Approach type' mapping='VI.1'
[selected_answers] answer answer='Rule-based' resource_mapping_key='Approach type'
[options_details] answer answer='Rule-based' resource_mapping_key='Approach type' answer_label_type_in_options_details='No type'
[property] answers property_label='Approach type' key='Approach type' answers=['Rule-based']
[map] to_resource key='Approach type' answer='Rule-based' object_id='R1544366'
[property] values_resolved property_label='Approach type' key='Approach type' result_ids=['R1544366']
[property] 10-values_resolved property_label='Approach type' key='Approach type' result_ids=['R1544366']
[sep] ────────────────────────────────────────────────────────────
[property] start predicate_id='' property_label='Algorithm used' key='Algorithm used' mapping='VI.2'
[options_details] answer answer='Dictionary, Morphological analysis, POS tagging' resource_mapping_key='Algorithm used' answer_label_type_in_options_details='Text'
[property] answers property_label='Algorithm used' key='Algorithm used' answers=['Dictionary', 'Morphological analysis', 'POS tagging']
[resource] created label='Dictionary' class_id='C121040' id='R1552666'
[unmapped] categorical_created key='Algorithm used' answer='Dictionary' id='R1552666'
[resource] created label='Morphological analysis' class_id='C121040' id='R1552667'
[unmapped] categorical_created key='Algorithm used' answer='Morphological analysis' id='R1552667'
[resource] created label='POS tagging' class_id='C121040' id='R1552668'
[unmapped] categorical_created key='Algorithm used' answer='POS tagging' id='R1552668'
[property] values_resolved property_label='Algorithm used' key='Algorithm used' result_ids=['R1552666', 'R1552667', 'R1552668']
[property] 10-values_resolved property_label='Algorithm used' key='Algorithm used' result_ids=['R1552666', 'R1552667', 'R1552668']
[sep] ────────────────────────────────────────────────────────────
[property] start predicate_id='' property_label='Running requirements' key='Running requirements' mapping='VI.4'
[property] no_answers property_label='Running requirements'
[sep] ────────────────────────────────────────────────────────────
[property] start predicate_id='' property_label='Documentation' key='Documentation' mapping='VI.5'
[property] no_answers property_label='Documentation'
[sep] ────────────────────────────────────────────────────────────
[property] start predicate_id='' property_label='Dependency' key='Dependency' mapping='VI.6'
[property] no_answers property_label='Dependency'
[sep] ────────────────────────────────────────────────────────────
[property] start predicate_id='' property_label='License type' key='License type' mapping='VI.8'
[property] no_answers property_label='License type'
[sep] ────────────────────────────────────────────────────────────
[sep] ──────────────────────────────────────────────────────────── SUBTEMPLATE Release ────────────────────────────────────────────────────────────
[subtemplate] start label='Release' class_id='C121044' subtemplate_id='R1544401'
[sep] ────────────────────────────────────────────────────────────
[property] start predicate_id='' property_label='Release format' key='Release format' mapping='VI.3'
[selected_answers] answer answer='No tool has been released' resource_mapping_key='Release format'
[selected_answers] answer answer='Other/Comments' resource_mapping_key='Release format'
[selected_answers] answer answer='The work is part of a commercial tool' resource_mapping_key='Release format'
[options_details] answer answer='No tool has been released' resource_mapping_key='Release format' answer_label_type_in_options_details='No type'
[options_details] answer answer='Other/Comments' resource_mapping_key='Release format' answer_label_type_in_options_details='No type'
[options_details] answer answer='The work is part of a commercial tool' resource_mapping_key='Release format' answer_label_type_in_options_details='Text'
[property] answers property_label='Release format' key='Release format' answers=['No tool has been released', 'Other/Comments', 'The work is part of a commercial tool']
[map] to_resource key='Release format' answer='No tool has been released' object_id='R1544406'
[unmapped] other_value_skipped key='Release format' answer='Other/Comments'
[unmapped] other_value_skipped_resource_should_not_be_created key='Release format' answer='Other/Comments'
[unmapped] other_context_skipped key='Release format' answer='The work is part of a commercial tool'
[resource] created label='The work is part of a commercial tool' class_id='C121046' id='R1552670'
[map] to_resource key='Release format' answer='The work is part of a commercial tool' object_id='R1552670'
[property] values_resolved property_label='Release format' key='Release format' result_ids=['R1544406', 'R1552670']
[property] 10-values_resolved property_label='Release format' key='Release format' result_ids=['R1544406', 'R1552670']
[sep] ────────────────────────────────────────────────────────────
[property] start predicate_id='' property_label='Location type' key='Tool location type' mapping='VI.7'
[property] no_answers property_label='Location type'
[sep] ────────────────────────────────────────────────────────────
[property] start predicate_id='' property_label='URL' key='url' mapping='VI.9'
[property] no_answers property_label='URL'
[subtemplate] end label='Release' class_id='C121044' subtemplate_id='R1544401'
[sep] ────────────────────────────────────────────────────────────
[subtemplate] end label='Implemented approach' class_id='C121038' subtemplate_id='R1544363'
[sep] ────────────────────────────────────────────────────────────
[link] created s='R1552649' p='P181046' o='R1552665'
[sep] ──────────────────────────────────────────────────────────── PREDICATE HAS_EVALUATION ────────────────────────────────────────────────────────────
[section] predicate id='HAS_EVALUATION' label='Evaluation'
[sep] ──────────────────────────────────────────────────────────── SUBTEMPLATE Evaluation ────────────────────────────────────────────────────────────
[subtemplate] start label='Evaluation' class_id='C121047' subtemplate_id='R1544421'
[sep] ────────────────────────────────────────────────────────────
[property] start predicate_id='' property_label='Evaluation metric' key='Evaluation metric' mapping='VII.1'
[selected_answers] answer answer='Precision/Recall' resource_mapping_key='Evaluation metric'
[selected_answers] answer answer='Other/Comments' resource_mapping_key='Evaluation metric'
[selected_answers] answer answer='Sampling was executed' resource_mapping_key='Evaluation metric'
[options_details] answer answer='Precision/Recall' resource_mapping_key='Evaluation metric' answer_label_type_in_options_details='No type'
[options_details] answer answer='Other/Comments' resource_mapping_key='Evaluation metric' answer_label_type_in_options_details='No type'
[options_details] answer answer='Sampling was executed' resource_mapping_key='Evaluation metric' answer_label_type_in_options_details='Text'
[property] answers property_label='Evaluation metric' key='Evaluation metric' answers=['Precision/Recall', 'Other/Comments', 'Sampling was executed']
[map] to_resource key='Evaluation metric' answer='Precision/Recall' object_id='R1544436'
[unmapped] other_value_skipped key='Evaluation metric' answer='Other/Comments'
[unmapped] other_value_skipped_resource_should_not_be_created key='Evaluation metric' answer='Other/Comments'
[unmapped] other_context_skipped key='Evaluation metric' answer='Sampling was executed'
[resource] created label='Sampling was executed' class_id='C121048' id='R1552672'
[map] to_resource key='Evaluation metric' answer='Sampling was executed' object_id='R1552672'
[property] values_resolved property_label='Evaluation metric' key='Evaluation metric' result_ids=['R1544436', 'R1552672']
[property] 10-values_resolved property_label='Evaluation metric' key='Evaluation metric' result_ids=['R1544436', 'R1552672']
[sep] ────────────────────────────────────────────────────────────
[property] start predicate_id='' property_label='Validation procedure' key='Validation procedure' mapping='VII.2'
[selected_answers] answer answer='Entire dataset' resource_mapping_key='Validation procedure'
[options_details] answer answer='Entire dataset' resource_mapping_key='Validation procedure' answer_label_type_in_options_details='No type'
[property] answers property_label='Validation procedure' key='Validation procedure' answers=['Entire dataset']
[map] to_resource key='Validation procedure' answer='Entire dataset' object_id='R1544446'
[property] values_resolved property_label='Validation procedure' key='Validation procedure' result_ids=['R1544446']
[property] 10-values_resolved property_label='Validation procedure' key='Validation procedure' result_ids=['R1544446']
[sep] ────────────────────────────────────────────────────────────
[sep] ──────────────────────────────────────────────────────────── SUBTEMPLATE Baseline comparison ────────────────────────────────────────────────────────────
[subtemplate] start label='Baseline comparison' class_id='C121050' subtemplate_id='R1544450'
[sep] ────────────────────────────────────────────────────────────
[property] start predicate_id='' property_label='Baseline comparison type' key='Baseline comparison type' mapping='VII.3'
[selected_answers] answer answer='None' resource_mapping_key='Baseline comparison type'
[options_details] answer answer='None' resource_mapping_key='Baseline comparison type' answer_label_type_in_options_details='No type'
[property] answers property_label='Baseline comparison type' key='Baseline comparison type' answers=['None']
[map] to_resource key='Baseline comparison type' answer='None' object_id='R1544454'
[property] values_resolved property_label='Baseline comparison type' key='Baseline comparison type' result_ids=['R1544454']
[property] 10-values_resolved property_label='Baseline comparison type' key='Baseline comparison type' result_ids=['R1544454']
[sep] ────────────────────────────────────────────────────────────
[property] start predicate_id='' property_label='Baseline comparison details' key='Baseline comparison details' mapping='VII.4'
[property] no_answers property_label='Baseline comparison details'
[literal] created key='Baseline comparison details' answer='Not reported' id='L3614155'
[subtemplate] end label='Baseline comparison' class_id='C121050' subtemplate_id='R1544450'
[sep] ────────────────────────────────────────────────────────────
[subtemplate] end label='Evaluation' class_id='C121047' subtemplate_id='R1544421'
[sep] ────────────────────────────────────────────────────────────
[link] created s='R1552649' p='HAS_EVALUATION' o='R1552671'
