[run] start run_id='40425c54'
[connect] ok host='https://orkg.org'
[json] loaded path='/Users/amirrezaalasti/Desktop/TIB/nlp4re/pdf2JSON_Results/AnjaliSree-Kumar-etal-SSPL18.json'
[sep] ──────────────────────────────────────────────────────────── PREDICATE P181002 ────────────────────────────────────────────────────────────
[section] predicate id='P181002' label='RE task'
[property] start predicate_id='' property_label='RE task' key='RE task' mapping='I.1'
[property] answers property_label='RE task' key='RE task' answers=['Information extraction']
[resource] created label='Information extraction' class_id='C121003' id='R1547752'
[unmapped] categorical_created key='RE task' answer='Information extraction' id='R1547752'
[property] values_resolved property_label='RE task' key='RE task' result_ids=['R1547752']
[link] created s='R1547751' p='P181002' o='R1547752'
[sep] ──────────────────────────────────────────────────────────── PREDICATE P181003 ────────────────────────────────────────────────────────────
[section] predicate id='P181003' label='NLP task'
[sep] ──────────────────────────────────────────────────────────── SUBTEMPLATE NLP task ────────────────────────────────────────────────────────────
[subtemplate] start label='NLP task' class_id='C121004' subtemplate_id='R1544138'
[sep] ────────────────────────────────────────────────────────────
[property] start predicate_id='' property_label='NLP task type' key='NLP task type' mapping='II.1'
[property] answers property_label='NLP task type' key='NLP task type' answers=['Classification (choose among classes)', 'Information Extraction (glossary, terms)']
[resource] created label='Classification (choose among classes)' class_id='C121005' id='R1547754'
[unmapped] categorical_created key='NLP task type' answer='Classification (choose among classes)' id='R1547754'
[resource] created label='Information Extraction (glossary, terms)' class_id='C121005' id='R1547755'
[unmapped] categorical_created key='NLP task type' answer='Information Extraction (glossary, terms)' id='R1547755'
[property] values_resolved property_label='NLP task type' key='NLP task type' result_ids=['R1547754', 'R1547755']
[property] 10-values_resolved property_label='NLP task type' key='NLP task type' result_ids=['R1547754', 'R1547755']
[sep] ────────────────────────────────────────────────────────────
[property] start predicate_id='' property_label='NLP task input' key='NLP task input' mapping='III.1'
[property] answers property_label='NLP task input' key='NLP task input' answers=['Document', 'Paragraphs', 'Sentences']
[map] to_resource key='NLP task input' answer='Document' object_id='R1544153'
[map] to_resource key='NLP task input' answer='Paragraphs' object_id='R1544151'
[map] to_resource key='NLP task input' answer='Sentences' object_id='R1544152'
[property] values_resolved property_label='NLP task input' key='NLP task input' result_ids=['R1544153', 'R1544151', 'R1544152']
[property] 10-values_resolved property_label='NLP task input' key='NLP task input' result_ids=['R1544153', 'R1544151', 'R1544152']
[sep] ────────────────────────────────────────────────────────────
[sep] ──────────────────────────────────────────────────────────── SUBTEMPLATE NLP task output ────────────────────────────────────────────────────────────
[subtemplate] start label='NLP task output' class_id='C121007' subtemplate_id='R1544158'
[sep] ────────────────────────────────────────────────────────────
[property] start predicate_id='' property_label='NLP task output classification label' key='NLP task output classification label' mapping='III.3'
[property] answers property_label='NLP task output classification label' key='NLP task output classification label' answers=['Section 3.3.1 Labels = M, O, E, I']
[literal] created key='NLP task output classification label' answer='Section 3.3.1 Labels = M, O, E, I' id='L3606075'
[property] values_resolved property_label='NLP task output classification label' key='NLP task output classification label' result_ids=['L3606075']
[property] 10-values_resolved property_label='NLP task output classification label' key='NLP task output classification label' result_ids=['L3606075']
[sep] ────────────────────────────────────────────────────────────
[property] start predicate_id='' property_label='NLP task output extracted element' key='NLP task output extracted element' mapping='III.5'
[property] answers property_label='NLP task output extracted element' key='NLP task output extracted element' answers=['string']
[literal] created key='NLP task output extracted element' answer='string' id='L3606076'
[property] values_resolved property_label='NLP task output extracted element' key='NLP task output extracted element' result_ids=['L3606076']
[property] 10-values_resolved property_label='NLP task output extracted element' key='NLP task output extracted element' result_ids=['L3606076']
[sep] ────────────────────────────────────────────────────────────
[property] start predicate_id='' property_label='NLP task output translation mapping cardinality' key='NLP task output translation mapping cardinality' mapping='III.7'
[property] no_answers property_label='NLP task output translation mapping cardinality'
[sep] ────────────────────────────────────────────────────────────
[property] start predicate_id='' property_label='NLP task output type' key='NLP task output type' mapping="['III.2', 'III.4', 'III.6', 'III.8', 'III.9']"
[property] answers property_label='NLP task output type' key='NLP task output type' answers=['Multi class- Multi label', 'Phrases', 'Words']
[resource] created label='Multi class- Multi label' class_id='C121008' id='R1547757'
[unmapped] categorical_created key='NLP task output type' answer='Multi class- Multi label' id='R1547757'
[map] to_resource key='NLP task output type' answer='Phrases' object_id='R1544167'
[map] to_resource key='NLP task output type' answer='Words' object_id='R1544170'
[property] values_resolved property_label='NLP task output type' key='NLP task output type' result_ids=['R1547757', 'R1544167', 'R1544170']
[property] 10-values_resolved property_label='NLP task output type' key='NLP task output type' result_ids=['R1547757', 'R1544167', 'R1544170']
[subtemplate] end label='NLP task output' class_id='C121007' subtemplate_id='R1544158'
[sep] ────────────────────────────────────────────────────────────
[subtemplate] end label='NLP task' class_id='C121004' subtemplate_id='R1544138'
[sep] ────────────────────────────────────────────────────────────
[link] created s='R1547751' p='P181003' o='R1547753'
[sep] ──────────────────────────────────────────────────────────── PREDICATE P181011 ────────────────────────────────────────────────────────────
[section] predicate id='P181011' label='NLP dataset'
[sep] ──────────────────────────────────────────────────────────── SUBTEMPLATE NLP dataset ────────────────────────────────────────────────────────────
[subtemplate] start label='NLP dataset' class_id='C121010' subtemplate_id='R1544216'
[sep] ────────────────────────────────────────────────────────────
[property] start predicate_id='' property_label='NLP data item' key='NLP data item' mapping='IV.1'
[property] answers property_label='NLP data item' key='NLP data item' answers=['6 Requirements specification documents Each document contains 450 to 30000 words 4 of the case study data can be found here - https://github.com/5Quintessential/FeatureX/tree/master/examples/Specifications%20used%20in%20the%20paper']
[literal] created key='NLP data item' answer='6 Requirements specification documents Each document contains 450 to 30000 words 4 of the case study data can be found here - https://github.com/5Quintessential/FeatureX/tree/master/examples/Specifications%20used%20in%20the%20paper' id='L3606077'
[property] values_resolved property_label='NLP data item' key='NLP data item' result_ids=['L3606077']
[property] 10-values_resolved property_label='NLP data item' key='NLP data item' result_ids=['L3606077']
[sep] ────────────────────────────────────────────────────────────
[property] start predicate_id='' property_label='NLP data production time' key='NLP data prodcution time' mapping='IV.2'
[property] answers property_label='NLP data production time' key='NLP data prodcution time' answers=['2012-2018']
[literal] created key='NLP data prodcution time' answer='2012-2018' id='L3606078'
[property] values_resolved property_label='NLP data production time' key='NLP data prodcution time' result_ids=['L3606078']
[property] 10-values_resolved property_label='NLP data production time' key='NLP data prodcution time' result_ids=['L3606078']
[sep] ────────────────────────────────────────────────────────────
[sep] ──────────────────────────────────────────────────────────── SUBTEMPLATE NLP data source ────────────────────────────────────────────────────────────
[subtemplate] start label='NLP data source' class_id='C121011' subtemplate_id='R1544223'
[sep] ────────────────────────────────────────────────────────────
[property] start predicate_id='' property_label='NLP data source type' key='NLP data source type' mapping='IV.3'
[property] answers property_label='NLP data source type' key='NLP data source type' answers=['Industrial Project, publicly available data', 'Community-based', 'Toy Requirements']
[map] to_resource key='NLP data source type' answer='Industrial Project, publicly available data' object_id='R1544230'
[resource] created label='Community-based' class_id='C121012' id='R1547760'
[unmapped] categorical_created key='NLP data source type' answer='Community-based' id='R1547760'
[map] to_resource key='NLP data source type' answer='Toy Requirements' object_id='R1544227'
[property] values_resolved property_label='NLP data source type' key='NLP data source type' result_ids=['R1544230', 'R1547760', 'R1544227']
[property] 10-values_resolved property_label='NLP data source type' key='NLP data source type' result_ids=['R1544230', 'R1547760', 'R1544227']
[sep] ────────────────────────────────────────────────────────────
[property] start predicate_id='' property_label='Number of data sources' key='Number of data sources' mapping='IV.9'
[property] answers property_label='Number of data sources' key='Number of data sources' answers=['5']
[Integer literal] fallback_to_text key='Number of data sources' answer='5'
[literal] created key='Number of data sources' answer='5' id='L3606079'
[property] values_resolved property_label='Number of data sources' key='Number of data sources' result_ids=['L3606079']
[property] 10-values_resolved property_label='Number of data sources' key='Number of data sources' result_ids=['L3606079']
[sep] ────────────────────────────────────────────────────────────
[property] start predicate_id='' property_label='NLP data source domain' key='NLP data source domain' mapping='IV.8'
[property] answers property_label='NLP data source domain' key='NLP data source domain' answers=['blockchain', 'information systems', 'e-commerce', 'anti-virus/smart home systems']
[resource] created label='blockchain' class_id='C121053' id='R1547761'
[unmapped] categorical_created key='NLP data source domain' answer='blockchain' id='R1547761'
[resource] created label='information systems' class_id='C121053' id='R1547762'
[unmapped] categorical_created key='NLP data source domain' answer='information systems' id='R1547762'
[resource] created label='e-commerce' class_id='C121053' id='R1547763'
[unmapped] categorical_created key='NLP data source domain' answer='e-commerce' id='R1547763'
[resource] created label='anti-virus/smart home systems' class_id='C121053' id='R1547764'
[unmapped] categorical_created key='NLP data source domain' answer='anti-virus/smart home systems' id='R1547764'
[property] values_resolved property_label='NLP data source domain' key='NLP data source domain' result_ids=['R1547761', 'R1547762', 'R1547763', 'R1547764']
[property] 10-values_resolved property_label='NLP data source domain' key='NLP data source domain' result_ids=['R1547761', 'R1547762', 'R1547763', 'R1547764']
[subtemplate] end label='NLP data source' class_id='C121011' subtemplate_id='R1544223'
[sep] ────────────────────────────────────────────────────────────
[sep] ────────────────────────────────────────────────────────────
[property] start predicate_id='' property_label='NLP data abstraction level' key='NLP data abstraction level' mapping='IV.4'
[property] answers property_label='NLP data abstraction level' key='NLP data abstraction level' answers=['Business-level', 'System-level', 'Module-level']
[map] to_resource key='NLP data abstraction level' answer='Business-level' object_id='R1544240'
[map] to_resource key='NLP data abstraction level' answer='System-level' object_id='R1544241'
[map] to_resource key='NLP data abstraction level' answer='Module-level' object_id='R1544243'
[property] values_resolved property_label='NLP data abstraction level' key='NLP data abstraction level' result_ids=['R1544240', 'R1544241', 'R1544243']
[property] 10-values_resolved property_label='NLP data abstraction level' key='NLP data abstraction level' result_ids=['R1544240', 'R1544241', 'R1544243']
[sep] ────────────────────────────────────────────────────────────
[sep] ──────────────────────────────────────────────────────────── SUBTEMPLATE NLP data type ────────────────────────────────────────────────────────────
[subtemplate] start label='NLP data type' class_id='C121015' subtemplate_id='R1544245'
[sep] ────────────────────────────────────────────────────────────
[property] start predicate_id='' property_label='NLP data format' key='NLP data format' mapping='IV.5'
[property] answers property_label='NLP data format' key='NLP data format' answers=['Use cases', 'Scenarios (other than use cases)', 'Other artefacts', 'white papers']
[map] to_resource key='NLP data format' answer='Use cases' object_id='R1544251'
[resource] created label='Scenarios (other than use cases)' class_id='C121016' id='R1547766'
[map] to_resource key='NLP data format' answer='Scenarios (other than use cases)' object_id='R1547766'
[resource] created label='Other artefacts' class_id='C121016' id='R1547767'
[map] to_resource key='NLP data format' answer='Other artefacts' object_id='R1547767'
[resource] created label='white papers' class_id='C121016' id='R1547768'
[unmapped] categorical_created key='NLP data format' answer='white papers' id='R1547768'
[property] values_resolved property_label='NLP data format' key='NLP data format' result_ids=['R1544251', 'R1547766', 'R1547767', 'R1547768']
[property] 10-values_resolved property_label='NLP data format' key='NLP data format' result_ids=['R1544251', 'R1547766', 'R1547767', 'R1547768']
[sep] ────────────────────────────────────────────────────────────
[property] start predicate_id='' property_label='Rigor of data format' key='Rigor of data format' mapping='IV.6'
[property] answers property_label='Rigor of data format' key='Rigor of data format' answers=['Unconstrained natural language']
[map] to_resource key='Rigor of data format' answer='Unconstrained natural language' object_id='R1544258'
[property] values_resolved property_label='Rigor of data format' key='Rigor of data format' result_ids=['R1544258']
[property] 10-values_resolved property_label='Rigor of data format' key='Rigor of data format' result_ids=['R1544258']
[sep] ────────────────────────────────────────────────────────────
[property] start predicate_id='' property_label='Natural language' key='Natural language' mapping='IV.7'
[property] answers property_label='Natural language' key='Natural language' answers=['English']
[literal] created key='Natural language' answer='English' id='L3606080'
[property] values_resolved property_label='Natural language' key='Natural language' result_ids=['L3606080']
[property] 10-values_resolved property_label='Natural language' key='Natural language' result_ids=['L3606080']
[subtemplate] end label='NLP data type' class_id='C121015' subtemplate_id='R1544245'
[sep] ────────────────────────────────────────────────────────────
[sep] ────────────────────────────────────────────────────────────
[sep] ──────────────────────────────────────────────────────────── SUBTEMPLATE License ────────────────────────────────────────────────────────────
[subtemplate] start label='License' class_id='C121018' subtemplate_id='R1544265'
[sep] ────────────────────────────────────────────────────────────
[property] start predicate_id='' property_label='Public availability' key='Public availability' mapping='IV.10'
[property] answers property_label='Public availability' key='Public availability' answers=['Fully']
[map] to_resource key='Public availability' answer='Fully' object_id='R1544267'
[property] values_resolved property_label='Public availability' key='Public availability' result_ids=['R1544267']
[property] 10-values_resolved property_label='Public availability' key='Public availability' result_ids=['R1544267']
[sep] ────────────────────────────────────────────────────────────
[property] start predicate_id='' property_label='License type' key='License type' mapping='IV.11'
[property] answers property_label='License type' key='License type' answers=['No license']
[map] to_resource key='License type' answer='No license' object_id='R1544274'
[property] values_resolved property_label='License type' key='License type' result_ids=['R1544274']
[property] 10-values_resolved property_label='License type' key='License type' result_ids=['R1544274']
[subtemplate] end label='License' class_id='C121018' subtemplate_id='R1544265'
[sep] ────────────────────────────────────────────────────────────
[sep] ────────────────────────────────────────────────────────────
[sep] ──────────────────────────────────────────────────────────── SUBTEMPLATE Dataset location ────────────────────────────────────────────────────────────
[subtemplate] start label='Dataset location' class_id='C121022' subtemplate_id='R1544278'
[sep] ────────────────────────────────────────────────────────────
[property] start predicate_id='' property_label='Location type' key='Dataset location type' mapping='IV.12'
[property] answers property_label='Location type' key='Dataset location type' answers=['In a repository (GitHub, GitLab)']
[resource] created label='In a repository (GitHub, GitLab)' class_id='C121024' id='R1547771'
[unmapped] categorical_created key='Dataset location type' answer='In a repository (GitHub, GitLab)' id='R1547771'
[property] values_resolved property_label='Location type' key='Dataset location type' result_ids=['R1547771']
[property] 10-values_resolved property_label='Location type' key='Dataset location type' result_ids=['R1547771']
[sep] ────────────────────────────────────────────────────────────
[property] start predicate_id='' property_label='URL' key='url' mapping='IV.13'
[property] answers property_label='URL' key='url' answers=['https://github.com/5Quintessential/FeatureX/tree/master/examples/Specifications%20used%20in%20the%20paper']
[literal] created key='url' answer='https://github.com/5Quintessential/FeatureX/tree/master/examples/Specifications%20used%20in%20the%20paper' id='L3606081'
[property] values_resolved property_label='URL' key='url' result_ids=['L3606081']
[property] 10-values_resolved property_label='URL' key='url' result_ids=['L3606081']
[subtemplate] end label='Dataset location' class_id='C121022' subtemplate_id='R1544278'
[sep] ────────────────────────────────────────────────────────────
[subtemplate] end label='NLP dataset' class_id='C121010' subtemplate_id='R1544216'
[sep] ────────────────────────────────────────────────────────────
[link] created s='R1547751' p='P181011' o='R1547758'
[sep] ──────────────────────────────────────────────────────────── PREDICATE P181031 ────────────────────────────────────────────────────────────
[section] predicate id='P181031' label='Annotation Process'
[sep] ──────────────────────────────────────────────────────────── SUBTEMPLATE Annotation Process ────────────────────────────────────────────────────────────
[subtemplate] start label='Annotation Process' class_id='C121025' subtemplate_id='R1544287'
[sep] ────────────────────────────────────────────────────────────
[sep] ──────────────────────────────────────────────────────────── SUBTEMPLATE Annotator ────────────────────────────────────────────────────────────
[subtemplate] start label='Annotator' class_id='C121026' subtemplate_id='R1544290'
[sep] ────────────────────────────────────────────────────────────
[property] start predicate_id='' property_label='Number of annotators' key='Number of annotators' mapping='V.1'
[property] no_answers property_label='Number of annotators'
[literal] created key='Number of annotators' answer='Not reported' id='L3606082'
[sep] ────────────────────────────────────────────────────────────
[property] start predicate_id='' property_label='Annotator assignment' key='Annotator assignment' mapping='V.2'
[property] no_answers property_label='Annotator assignment'
[literal] created key='Annotator assignment' answer='Not reported' id='L3606083'
[sep] ────────────────────────────────────────────────────────────
[property] start predicate_id='' property_label='Level of application domain experience' key='Level of application domain experience' mapping='V.3'
[property] no_answers property_label='Level of application domain experience'
[literal] created key='Level of application domain experience' answer='Not reported' id='L3606084'
[sep] ────────────────────────────────────────────────────────────
[property] start predicate_id='' property_label='Annotator identity' key='Annotator identity' mapping='V.4'
[property] no_answers property_label='Annotator identity'
[literal] created key='Annotator identity' answer='Not reported' id='L3606085'
[subtemplate] end label='Annotator' class_id='C121026' subtemplate_id='R1544290'
[sep] ────────────────────────────────────────────────────────────
[sep] ────────────────────────────────────────────────────────────
[sep] ──────────────────────────────────────────────────────────── SUBTEMPLATE Annotation scheme ────────────────────────────────────────────────────────────
[subtemplate] start label='Annotation scheme' class_id='C121030' subtemplate_id='R1544307'
[sep] ────────────────────────────────────────────────────────────
[property] start predicate_id='' property_label='Scheme establishment' key='Scheme establishement' mapping='V.5'
[property] no_answers property_label='Scheme establishment'
[literal] created key='Scheme establishement' answer='Not reported' id='L3606086'
[sep] ────────────────────────────────────────────────────────────
[property] start predicate_id='' property_label='Guideline availability' key='Guideline availability' mapping='V.6'
[property] no_answers property_label='Guideline availability'
[subtemplate] end label='Annotation scheme' class_id='C121030' subtemplate_id='R1544307'
[sep] ────────────────────────────────────────────────────────────
[sep] ────────────────────────────────────────────────────────────
[property] start predicate_id='' property_label='Shared material' key='Shared material' mapping='V.7'
[property] no_answers property_label='Shared material'
[literal] created key='Shared material' answer='Not reported' id='L3606087'
[sep] ────────────────────────────────────────────────────────────
[property] start predicate_id='' property_label='Fatigue mitigation technique' key='Fatigue mitigation technique' mapping='V.8'
[property] no_answers property_label='Fatigue mitigation technique'
[literal] created key='Fatigue mitigation technique' answer='Not reported' id='L3606088'
[sep] ────────────────────────────────────────────────────────────
[sep] ──────────────────────────────────────────────────────────── SUBTEMPLATE Annotator agreement ────────────────────────────────────────────────────────────
[subtemplate] start label='Annotator agreement' class_id='C121035' subtemplate_id='R1544326'
[sep] ────────────────────────────────────────────────────────────
[property] start predicate_id='' property_label='Intercoder reliability metric' key='Intercoder reliability metric' mapping='V.9'
[property] no_answers property_label='Intercoder reliability metric'
[sep] ────────────────────────────────────────────────────────────
[property] start predicate_id='' property_label='Conflict resolution' key='Conflict resolution' mapping='V.10'
[property] no_answers property_label='Conflict resolution'
[literal] created key='Conflict resolution' answer='Not reported' id='L3606089'
[sep] ────────────────────────────────────────────────────────────
[property] start predicate_id='' property_label='Measured agreement' key='Measured agreement' mapping='V.11'
[property] no_answers property_label='Measured agreement'
[literal] created key='Measured agreement' answer='Not reported' id='L3606090'
[subtemplate] end label='Annotator agreement' class_id='C121035' subtemplate_id='R1544326'
[sep] ────────────────────────────────────────────────────────────
[subtemplate] end label='Annotation Process' class_id='C121025' subtemplate_id='R1544287'
[sep] ────────────────────────────────────────────────────────────
[link] created s='R1547751' p='P181031' o='R1547772'
[sep] ──────────────────────────────────────────────────────────── PREDICATE P181046 ────────────────────────────────────────────────────────────
[section] predicate id='P181046' label='Implemented approach'
[sep] ──────────────────────────────────────────────────────────── SUBTEMPLATE Implemented approach ────────────────────────────────────────────────────────────
[subtemplate] start label='Implemented approach' class_id='C121038' subtemplate_id='R1544363'
[sep] ────────────────────────────────────────────────────────────
[property] start predicate_id='' property_label='Approach type' key='Approach type' mapping='VI.1'
[property] answers property_label='Approach type' key='Approach type' answers=['Unsupervised ML', 'Rule-based']
[map] to_resource key='Approach type' answer='Unsupervised ML' object_id='R1544367'
[map] to_resource key='Approach type' answer='Rule-based' object_id='R1544366'
[property] values_resolved property_label='Approach type' key='Approach type' result_ids=['R1544367', 'R1544366']
[property] 10-values_resolved property_label='Approach type' key='Approach type' result_ids=['R1544367', 'R1544366']
[sep] ────────────────────────────────────────────────────────────
[property] start predicate_id='' property_label='Algorithm used' key='Algorithm used' mapping='VI.2'
[property] answers property_label='Algorithm used' key='Algorithm used' answers=['Naive Bayes']
[resource] created label='Naive Bayes' class_id='C121040' id='R1547777'
[unmapped] categorical_created key='Algorithm used' answer='Naive Bayes' id='R1547777'
[property] values_resolved property_label='Algorithm used' key='Algorithm used' result_ids=['R1547777']
[property] 10-values_resolved property_label='Algorithm used' key='Algorithm used' result_ids=['R1547777']
[sep] ────────────────────────────────────────────────────────────
[property] start predicate_id='' property_label='Running requirements' key='Running requirements' mapping='VI.4'
[property] no_answers property_label='Running requirements'
[sep] ────────────────────────────────────────────────────────────
[property] start predicate_id='' property_label='Documentation' key='Documentation' mapping='VI.5'
[property] no_answers property_label='Documentation'
[sep] ────────────────────────────────────────────────────────────
[property] start predicate_id='' property_label='Dependency' key='Dependency' mapping='VI.6'
[property] no_answers property_label='Dependency'
[sep] ────────────────────────────────────────────────────────────
[property] start predicate_id='' property_label='License type' key='License type' mapping='VI.8'
[property] no_answers property_label='License type'
[sep] ────────────────────────────────────────────────────────────
[sep] ──────────────────────────────────────────────────────────── SUBTEMPLATE Release ────────────────────────────────────────────────────────────
[subtemplate] start label='Release' class_id='C121044' subtemplate_id='R1544401'
[sep] ────────────────────────────────────────────────────────────
[property] start predicate_id='' property_label='Release format' key='Release format' mapping='VI.3'
[property] answers property_label='Release format' key='Release format' answers=['Source code']
[map] to_resource key='Release format' answer='Source code' object_id='R1544410'
[property] values_resolved property_label='Release format' key='Release format' result_ids=['R1544410']
[property] 10-values_resolved property_label='Release format' key='Release format' result_ids=['R1544410']
[sep] ────────────────────────────────────────────────────────────
[property] start predicate_id='' property_label='Location type' key='Tool location type' mapping='VI.7'
[property] no_answers property_label='Location type'
[sep] ────────────────────────────────────────────────────────────
[property] start predicate_id='' property_label='URL' key='url' mapping='VI.9'
[property] no_answers property_label='URL'
[literal] created key='url' answer='Not reported' id='L3606091'
[subtemplate] end label='Release' class_id='C121044' subtemplate_id='R1544401'
[sep] ────────────────────────────────────────────────────────────
[subtemplate] end label='Implemented approach' class_id='C121038' subtemplate_id='R1544363'
[sep] ────────────────────────────────────────────────────────────
[link] created s='R1547751' p='P181046' o='R1547776'
[sep] ──────────────────────────────────────────────────────────── PREDICATE HAS_EVALUATION ────────────────────────────────────────────────────────────
[section] predicate id='HAS_EVALUATION' label='Evaluation'
[sep] ──────────────────────────────────────────────────────────── SUBTEMPLATE Evaluation ────────────────────────────────────────────────────────────
[subtemplate] start label='Evaluation' class_id='C121047' subtemplate_id='R1544421'
[sep] ────────────────────────────────────────────────────────────
[property] start predicate_id='' property_label='Evaluation metric' key='Evaluation metric' mapping='VII.1'
[property] answers property_label='Evaluation metric' key='Evaluation metric' answers=['Precision/Recall']
[map] to_resource key='Evaluation metric' answer='Precision/Recall' object_id='R1544436'
[property] values_resolved property_label='Evaluation metric' key='Evaluation metric' result_ids=['R1544436']
[property] 10-values_resolved property_label='Evaluation metric' key='Evaluation metric' result_ids=['R1544436']
[sep] ────────────────────────────────────────────────────────────
[property] start predicate_id='' property_label='Validation procedure' key='Validation procedure' mapping='VII.2'
[property] answers property_label='Validation procedure' key='Validation procedure' answers=['Other/Comments', 'Manual validation']
[unmapped] other_value_skipped key='Validation procedure' answer='Other/Comments'
[unmapped] other_value_skipped_resource_should_not_be_created key='Validation procedure' answer='Other/Comments'
[unmapped] other_context_skipped key='Validation procedure' answer='Manual validation'
[resource] created label='Manual validation' class_id='C121049' id='R1547780'
[map] to_resource key='Validation procedure' answer='Manual validation' object_id='R1547780'
[property] values_resolved property_label='Validation procedure' key='Validation procedure' result_ids=['R1547780']
[property] 10-values_resolved property_label='Validation procedure' key='Validation procedure' result_ids=['R1547780']
[sep] ────────────────────────────────────────────────────────────
[sep] ──────────────────────────────────────────────────────────── SUBTEMPLATE Baseline comparison ────────────────────────────────────────────────────────────
[subtemplate] start label='Baseline comparison' class_id='C121050' subtemplate_id='R1544450'
[sep] ────────────────────────────────────────────────────────────
[property] start predicate_id='' property_label='Baseline comparison type' key='Baseline comparsion type' mapping='VII.3'
[property] answers property_label='Baseline comparison type' key='Baseline comparsion type' answers=['Human baseline (i.e., comparison against human']
[resource] created label='Human baseline (i.e., comparison against human' class_id='C121051' id='R1547782'
[unmapped] categorical_created key='Baseline comparsion type' answer='Human baseline (i.e., comparison against human' id='R1547782'
[property] values_resolved property_label='Baseline comparison type' key='Baseline comparsion type' result_ids=['R1547782']
[property] 10-values_resolved property_label='Baseline comparison type' key='Baseline comparsion type' result_ids=['R1547782']
[sep] ────────────────────────────────────────────────────────────
[property] start predicate_id='' property_label='Baseline comparison details' key='Baseline comparison details' mapping='VII.4'
[property] no_answers property_label='Baseline comparison details'
[literal] created key='Baseline comparison details' answer='Not reported' id='L3606092'
[subtemplate] end label='Baseline comparison' class_id='C121050' subtemplate_id='R1544450'
[sep] ────────────────────────────────────────────────────────────
[subtemplate] end label='Evaluation' class_id='C121047' subtemplate_id='R1544421'
[sep] ────────────────────────────────────────────────────────────
[link] created s='R1547751' p='HAS_EVALUATION' o='R1547779'
