[run] start run_id='1a32c1d3'
[connect] ok host='https://orkg.org'
[json] loaded path='/Users/amirrezaalasti/Desktop/TIB/nlp4re/pdf2JSON_Results/AminSleimi-etal-RE19.json'
[sep] ──────────────────────────────────────────────────────────── PREDICATE P181002 ────────────────────────────────────────────────────────────
[section] predicate id='P181002' label='RE task'
[property] start predicate_id='' property_label='RE task' key='RE task' mapping='I.1'
[property] answers property_label='RE task' key='RE task' answers=['Information extraction from legal documents']
[map] to_resource key='RE task' answer='Information extraction from legal documents' object_id='R1544136'
[property] values_resolved property_label='RE task' key='RE task' result_ids=['R1544136']
[link] created s='R1547720' p='P181002' o='R1544136'
[sep] ──────────────────────────────────────────────────────────── PREDICATE P181003 ────────────────────────────────────────────────────────────
[section] predicate id='P181003' label='NLP task'
[sep] ──────────────────────────────────────────────────────────── SUBTEMPLATE NLP task ────────────────────────────────────────────────────────────
[subtemplate] start label='NLP task' class_id='C121004' subtemplate_id='R1544138'
[sep] ────────────────────────────────────────────────────────────
[property] start predicate_id='' property_label='NLP task type' key='NLP task type' mapping='II.1'
[property] answers property_label='NLP task type' key='NLP task type' answers=['Classification (choose among classes)', 'Information Extraction (glossary, terms)', 'Information Retrieval (search/rank)']
[resource] created label='Classification (choose among classes)' class_id='C121005' id='R1547722'
[unmapped] categorical_created key='NLP task type' answer='Classification (choose among classes)' id='R1547722'
[resource] created label='Information Extraction (glossary, terms)' class_id='C121005' id='R1547723'
[unmapped] categorical_created key='NLP task type' answer='Information Extraction (glossary, terms)' id='R1547723'
[resource] created label='Information Retrieval (search/rank)' class_id='C121005' id='R1547724'
[unmapped] categorical_created key='NLP task type' answer='Information Retrieval (search/rank)' id='R1547724'
[property] values_resolved property_label='NLP task type' key='NLP task type' result_ids=['R1547722', 'R1547723', 'R1547724']
[property] 10-values_resolved property_label='NLP task type' key='NLP task type' result_ids=['R1547722', 'R1547723', 'R1547724']
[sep] ────────────────────────────────────────────────────────────
[property] start predicate_id='' property_label='NLP task input' key='NLP task input' mapping='III.1'
[property] answers property_label='NLP task input' key='NLP task input' answers=['Document']
[map] to_resource key='NLP task input' answer='Document' object_id='R1544153'
[property] values_resolved property_label='NLP task input' key='NLP task input' result_ids=['R1544153']
[property] 10-values_resolved property_label='NLP task input' key='NLP task input' result_ids=['R1544153']
[sep] ────────────────────────────────────────────────────────────
[sep] ──────────────────────────────────────────────────────────── SUBTEMPLATE NLP task output ────────────────────────────────────────────────────────────
[subtemplate] start label='NLP task output' class_id='C121007' subtemplate_id='R1544158'
[sep] ────────────────────────────────────────────────────────────
[property] start predicate_id='' property_label='NLP task output classification label' key='NLP task output classification label' mapping='III.3'
[property] answers property_label='NLP task output classification label' key='NLP task output classification label' answers=['TABLE I MAPPING BETWEEN QUESTIONS AND METADATA TYPES IN OUR CONCEPTUAL MODEL']
[literal] created key='NLP task output classification label' answer='TABLE I MAPPING BETWEEN QUESTIONS AND METADATA TYPES IN OUR CONCEPTUAL MODEL' id='L3606064'
[property] values_resolved property_label='NLP task output classification label' key='NLP task output classification label' result_ids=['L3606064']
[property] 10-values_resolved property_label='NLP task output classification label' key='NLP task output classification label' result_ids=['L3606064']
[sep] ────────────────────────────────────────────────────────────
[property] start predicate_id='' property_label='NLP task output extracted element' key='NLP task output extracted element' mapping='III.5'
[property] answers property_label='NLP task output extracted element' key='NLP task output extracted element' answers=['semantic legal metadata :actor, agent, target, auxiliary party, artifact, situation, location, time, definition, obligation, prohibition, permission, constraint, condition, exception, penalty, violation, sanction']
[literal] created key='NLP task output extracted element' answer='semantic legal metadata :actor, agent, target, auxiliary party, artifact, situation, location, time, definition, obligation, prohibition, permission, constraint, condition, exception, penalty, violation, sanction' id='L3606065'
[property] values_resolved property_label='NLP task output extracted element' key='NLP task output extracted element' result_ids=['L3606065']
[property] 10-values_resolved property_label='NLP task output extracted element' key='NLP task output extracted element' result_ids=['L3606065']
[sep] ────────────────────────────────────────────────────────────
[property] start predicate_id='' property_label='NLP task output translation mapping cardinality' key='NLP task output translation mapping cardinality' mapping='III.7'
[property] no_answers property_label='NLP task output translation mapping cardinality'
[sep] ────────────────────────────────────────────────────────────
[property] start predicate_id='' property_label='NLP task output type' key='NLP task output type' mapping="['III.2', 'III.4', 'III.6', 'III.8', 'III.9']"
[property] answers property_label='NLP task output type' key='NLP task output type' answers=['Multi class- Multi label', 'Sentences', 'Phrases', 'Words', 'Paragraphs', 'Sentences', 'Phrases', 'Words', 'Other', 'articles', 'articles from legal texts with highlighted elements']
[resource] created label='Multi class- Multi label' class_id='C121008' id='R1547726'
[unmapped] categorical_created key='NLP task output type' answer='Multi class- Multi label' id='R1547726'
[map] to_resource key='NLP task output type' answer='Sentences' object_id='R1544173'
[map] to_resource key='NLP task output type' answer='Phrases' object_id='R1544167'
[map] to_resource key='NLP task output type' answer='Words' object_id='R1544170'
[map] to_resource key='NLP task output type' answer='Paragraphs' object_id='R1544164'
[map] to_resource key='NLP task output type' answer='Sentences' object_id='R1544173'
[map] to_resource key='NLP task output type' answer='Phrases' object_id='R1544167'
[map] to_resource key='NLP task output type' answer='Words' object_id='R1544170'
[unmapped] other_value_skipped key='NLP task output type' answer='Other'
[unmapped] other_value_skipped_resource_should_not_be_created key='NLP task output type' answer='Other'
[unmapped] other_context_skipped key='NLP task output type' answer='articles'
[resource] created label='articles' class_id='C121008' id='R1547727'
[map] to_resource key='NLP task output type' answer='articles' object_id='R1547727'
[resource] created label='articles from legal texts with highlighted elements' class_id='C121008' id='R1547728'
[unmapped] categorical_created key='NLP task output type' answer='articles from legal texts with highlighted elements' id='R1547728'
[property] values_resolved property_label='NLP task output type' key='NLP task output type' result_ids=['R1547726', 'R1544173', 'R1544167', 'R1544170', 'R1544164', 'R1544173', 'R1544167', 'R1544170', 'R1547727', 'R1547728']
[property] 10-values_resolved property_label='NLP task output type' key='NLP task output type' result_ids=['R1547726', 'R1544173', 'R1544167', 'R1544170', 'R1544164', 'R1544173', 'R1544167', 'R1544170', 'R1547727', 'R1547728']
[subtemplate] end label='NLP task output' class_id='C121007' subtemplate_id='R1544158'
[sep] ────────────────────────────────────────────────────────────
[subtemplate] end label='NLP task' class_id='C121004' subtemplate_id='R1544138'
[sep] ────────────────────────────────────────────────────────────
[link] created s='R1547720' p='P181003' o='R1547721'
[sep] ──────────────────────────────────────────────────────────── PREDICATE P181011 ────────────────────────────────────────────────────────────
[section] predicate id='P181011' label='NLP dataset'
[sep] ──────────────────────────────────────────────────────────── SUBTEMPLATE NLP dataset ────────────────────────────────────────────────────────────
[subtemplate] start label='NLP dataset' class_id='C121010' subtemplate_id='R1544216'
[sep] ────────────────────────────────────────────────────────────
[property] start predicate_id='' property_label='NLP data item' key='NLP data item' mapping='IV.1'
[property] answers property_label='NLP data item' key='NLP data item' answers=['112 elements are in the ground truth']
[literal] created key='NLP data item' answer='112 elements are in the ground truth' id='L3606066'
[property] values_resolved property_label='NLP data item' key='NLP data item' result_ids=['L3606066']
[property] 10-values_resolved property_label='NLP data item' key='NLP data item' result_ids=['L3606066']
[sep] ────────────────────────────────────────────────────────────
[property] start predicate_id='' property_label='NLP data production time' key='NLP data prodcution time' mapping='IV.2'
[property] answers property_label='NLP data production time' key='NLP data prodcution time' answers=['2018-2019']
[literal] created key='NLP data prodcution time' answer='2018-2019' id='L3606067'
[property] values_resolved property_label='NLP data production time' key='NLP data prodcution time' result_ids=['L3606067']
[property] 10-values_resolved property_label='NLP data production time' key='NLP data prodcution time' result_ids=['L3606067']
[sep] ────────────────────────────────────────────────────────────
[sep] ──────────────────────────────────────────────────────────── SUBTEMPLATE NLP data source ────────────────────────────────────────────────────────────
[subtemplate] start label='NLP data source' class_id='C121011' subtemplate_id='R1544223'
[sep] ────────────────────────────────────────────────────────────
[property] start predicate_id='' property_label='NLP data source type' key='NLP data source type' mapping='IV.3'
[property] answers property_label='NLP data source type' key='NLP data source type' answers=['Community-based', 'Legal/regulatory']
[resource] created label='Community-based' class_id='C121012' id='R1547731'
[unmapped] categorical_created key='NLP data source type' answer='Community-based' id='R1547731'
[resource] created label='Legal/regulatory' class_id='C121012' id='R1547732'
[unmapped] categorical_created key='NLP data source type' answer='Legal/regulatory' id='R1547732'
[property] values_resolved property_label='NLP data source type' key='NLP data source type' result_ids=['R1547731', 'R1547732']
[property] 10-values_resolved property_label='NLP data source type' key='NLP data source type' result_ids=['R1547731', 'R1547732']
[sep] ────────────────────────────────────────────────────────────
[property] start predicate_id='' property_label='Number of data sources' key='Number of data sources' mapping='IV.9'
[property] answers property_label='Number of data sources' key='Number of data sources' answers=['1']
[Integer literal] fallback_to_text key='Number of data sources' answer='1'
[literal] created key='Number of data sources' answer='1' id='L3606068'
[property] values_resolved property_label='Number of data sources' key='Number of data sources' result_ids=['L3606068']
[property] 10-values_resolved property_label='Number of data sources' key='Number of data sources' result_ids=['L3606068']
[sep] ────────────────────────────────────────────────────────────
[property] start predicate_id='' property_label='NLP data source domain' key='NLP data source domain' mapping='IV.8'
[property] answers property_label='NLP data source domain' key='NLP data source domain' answers=['Taxation domain <legal act>']
[resource] created label='Taxation domain <legal act>' class_id='C121053' id='R1547733'
[unmapped] categorical_created key='NLP data source domain' answer='Taxation domain <legal act>' id='R1547733'
[property] values_resolved property_label='NLP data source domain' key='NLP data source domain' result_ids=['R1547733']
[property] 10-values_resolved property_label='NLP data source domain' key='NLP data source domain' result_ids=['R1547733']
[subtemplate] end label='NLP data source' class_id='C121011' subtemplate_id='R1544223'
[sep] ────────────────────────────────────────────────────────────
[sep] ────────────────────────────────────────────────────────────
[property] start predicate_id='' property_label='NLP data abstraction level' key='NLP data abstraction level' mapping='IV.4'
[property] answers property_label='NLP data abstraction level' key='NLP data abstraction level' answers=['Normative-level']
[map] to_resource key='NLP data abstraction level' answer='Normative-level' object_id='R1544239'
[property] values_resolved property_label='NLP data abstraction level' key='NLP data abstraction level' result_ids=['R1544239']
[property] 10-values_resolved property_label='NLP data abstraction level' key='NLP data abstraction level' result_ids=['R1544239']
[sep] ────────────────────────────────────────────────────────────
[sep] ──────────────────────────────────────────────────────────── SUBTEMPLATE NLP data type ────────────────────────────────────────────────────────────
[subtemplate] start label='NLP data type' class_id='C121015' subtemplate_id='R1544245'
[sep] ────────────────────────────────────────────────────────────
[property] start predicate_id='' property_label='NLP data format' key='NLP data format' mapping='IV.5'
[property] answers property_label='NLP data format' key='NLP data format' answers=['Legal text']
[map] to_resource key='NLP data format' answer='Legal text' object_id='R1544255'
[property] values_resolved property_label='NLP data format' key='NLP data format' result_ids=['R1544255']
[property] 10-values_resolved property_label='NLP data format' key='NLP data format' result_ids=['R1544255']
[sep] ────────────────────────────────────────────────────────────
[property] start predicate_id='' property_label='Rigor of data format' key='Rigor of data format' mapping='IV.6'
[property] answers property_label='Rigor of data format' key='Rigor of data format' answers=['Unconstrained natural language', 'Semantically-augmented']
[map] to_resource key='Rigor of data format' answer='Unconstrained natural language' object_id='R1544258'
[resource] created label='Semantically-augmented' class_id='C121017' id='R1547735'
[unmapped] categorical_created key='Rigor of data format' answer='Semantically-augmented' id='R1547735'
[property] values_resolved property_label='Rigor of data format' key='Rigor of data format' result_ids=['R1544258', 'R1547735']
[property] 10-values_resolved property_label='Rigor of data format' key='Rigor of data format' result_ids=['R1544258', 'R1547735']
[sep] ────────────────────────────────────────────────────────────
[property] start predicate_id='' property_label='Natural language' key='Natural language' mapping='IV.7'
[property] answers property_label='Natural language' key='Natural language' answers=['French']
[literal] created key='Natural language' answer='French' id='L3606069'
[property] values_resolved property_label='Natural language' key='Natural language' result_ids=['L3606069']
[property] 10-values_resolved property_label='Natural language' key='Natural language' result_ids=['L3606069']
[subtemplate] end label='NLP data type' class_id='C121015' subtemplate_id='R1544245'
[sep] ────────────────────────────────────────────────────────────
[sep] ────────────────────────────────────────────────────────────
[sep] ──────────────────────────────────────────────────────────── SUBTEMPLATE License ────────────────────────────────────────────────────────────
[subtemplate] start label='License' class_id='C121018' subtemplate_id='R1544265'
[sep] ────────────────────────────────────────────────────────────
[property] start predicate_id='' property_label='Public availability' key='Public availability' mapping='IV.10'
[property] answers property_label='Public availability' key='Public availability' answers=['No']
[map] to_resource key='Public availability' answer='No' object_id='R1544268'
[property] values_resolved property_label='Public availability' key='Public availability' result_ids=['R1544268']
[property] 10-values_resolved property_label='Public availability' key='Public availability' result_ids=['R1544268']
[sep] ────────────────────────────────────────────────────────────
[property] start predicate_id='' property_label='License type' key='License type' mapping='IV.11'
[property] answers property_label='License type' key='License type' answers=['No license']
[map] to_resource key='License type' answer='No license' object_id='R1544274'
[property] values_resolved property_label='License type' key='License type' result_ids=['R1544274']
[property] 10-values_resolved property_label='License type' key='License type' result_ids=['R1544274']
[subtemplate] end label='License' class_id='C121018' subtemplate_id='R1544265'
[sep] ────────────────────────────────────────────────────────────
[sep] ────────────────────────────────────────────────────────────
[sep] ──────────────────────────────────────────────────────────── SUBTEMPLATE Dataset location ────────────────────────────────────────────────────────────
[subtemplate] start label='Dataset location' class_id='C121022' subtemplate_id='R1544278'
[sep] ────────────────────────────────────────────────────────────
[property] start predicate_id='' property_label='Location type' key='Dataset location type' mapping='IV.12'
[property] no_answers property_label='Location type'
[sep] ────────────────────────────────────────────────────────────
[property] start predicate_id='' property_label='URL' key='url' mapping='IV.13'
[property] no_answers property_label='URL'
[literal] created key='url' answer='Not reported' id='L3606070'
[subtemplate] end label='Dataset location' class_id='C121022' subtemplate_id='R1544278'
[sep] ────────────────────────────────────────────────────────────
[subtemplate] end label='NLP dataset' class_id='C121010' subtemplate_id='R1544216'
[sep] ────────────────────────────────────────────────────────────
[link] created s='R1547720' p='P181011' o='R1547729'
[sep] ──────────────────────────────────────────────────────────── PREDICATE P181031 ────────────────────────────────────────────────────────────
[section] predicate id='P181031' label='Annotation Process'
[sep] ──────────────────────────────────────────────────────────── SUBTEMPLATE Annotation Process ────────────────────────────────────────────────────────────
[subtemplate] start label='Annotation Process' class_id='C121025' subtemplate_id='R1544287'
[sep] ────────────────────────────────────────────────────────────
[sep] ──────────────────────────────────────────────────────────── SUBTEMPLATE Annotator ────────────────────────────────────────────────────────────
[subtemplate] start label='Annotator' class_id='C121026' subtemplate_id='R1544290'
[sep] ────────────────────────────────────────────────────────────
[property] start predicate_id='' property_label='Number of annotators' key='Number of annotators' mapping='V.1'
[property] answers property_label='Number of annotators' key='Number of annotators' answers=['3']
[Integer literal] fallback_to_text key='Number of annotators' answer='3'
[literal] created key='Number of annotators' answer='3' id='L3606071'
[property] values_resolved property_label='Number of annotators' key='Number of annotators' result_ids=['L3606071']
[property] 10-values_resolved property_label='Number of annotators' key='Number of annotators' result_ids=['L3606071']
[sep] ────────────────────────────────────────────────────────────
[property] start predicate_id='' property_label='Annotator assignment' key='Annotator assignment' mapping='V.2'
[property] answers property_label='Annotator assignment' key='Annotator assignment' answers=['Multiple annotators per entry']
[map] to_resource key='Annotator assignment' answer='Multiple annotators per entry' object_id='R1544293'
[property] values_resolved property_label='Annotator assignment' key='Annotator assignment' result_ids=['R1544293']
[property] 10-values_resolved property_label='Annotator assignment' key='Annotator assignment' result_ids=['R1544293']
[sep] ────────────────────────────────────────────────────────────
[property] start predicate_id='' property_label='Level of application domain experience' key='Level of application domain experience' mapping='V.3'
[property] answers property_label='Level of application domain experience' key='Level of application domain experience' answers=['Informed outsider', 'Domain expert']
[map] to_resource key='Level of application domain experience' answer='Informed outsider' object_id='R1544300'
[map] to_resource key='Level of application domain experience' answer='Domain expert' object_id='R1544299'
[property] values_resolved property_label='Level of application domain experience' key='Level of application domain experience' result_ids=['R1544300', 'R1544299']
[property] 10-values_resolved property_label='Level of application domain experience' key='Level of application domain experience' result_ids=['R1544300', 'R1544299']
[sep] ────────────────────────────────────────────────────────────
[property] start predicate_id='' property_label='Annotator identity' key='Annotator identity' mapping='V.4'
[property] answers property_label='Annotator identity' key='Annotator identity' answers=['The designers of the technique/tool', 'People who have direct contact with the designers']
[map] to_resource key='Annotator identity' answer='The designers of the technique/tool' object_id='R1544302'
[map] to_resource key='Annotator identity' answer='People who have direct contact with the designers' object_id='R1544304'
[property] values_resolved property_label='Annotator identity' key='Annotator identity' result_ids=['R1544302', 'R1544304']
[property] 10-values_resolved property_label='Annotator identity' key='Annotator identity' result_ids=['R1544302', 'R1544304']
[subtemplate] end label='Annotator' class_id='C121026' subtemplate_id='R1544290'
[sep] ────────────────────────────────────────────────────────────
[sep] ────────────────────────────────────────────────────────────
[sep] ──────────────────────────────────────────────────────────── SUBTEMPLATE Annotation scheme ────────────────────────────────────────────────────────────
[subtemplate] start label='Annotation scheme' class_id='C121030' subtemplate_id='R1544307'
[sep] ────────────────────────────────────────────────────────────
[property] start predicate_id='' property_label='Scheme establishment' key='Scheme establishement' mapping='V.5'
[property] answers property_label='Scheme establishment' key='Scheme establishement' answers=['Written guidelines with definitions and examples']
[map] to_resource key='Scheme establishement' answer='Written guidelines with definitions and examples' object_id='R1544310'
[property] values_resolved property_label='Scheme establishment' key='Scheme establishement' result_ids=['R1544310']
[property] 10-values_resolved property_label='Scheme establishment' key='Scheme establishement' result_ids=['R1544310']
[sep] ────────────────────────────────────────────────────────────
[property] start predicate_id='' property_label='Guideline availability' key='Guideline availability' mapping='V.6'
[property] no_answers property_label='Guideline availability'
[subtemplate] end label='Annotation scheme' class_id='C121030' subtemplate_id='R1544307'
[sep] ────────────────────────────────────────────────────────────
[sep] ────────────────────────────────────────────────────────────
[property] start predicate_id='' property_label='Shared material' key='Shared material' mapping='V.7'
[property] answers property_label='Shared material' key='Shared material' answers=['Entire document']
[map] to_resource key='Shared material' answer='Entire document' object_id='R1544321'
[property] values_resolved property_label='Shared material' key='Shared material' result_ids=['R1544321']
[property] 10-values_resolved property_label='Shared material' key='Shared material' result_ids=['R1544321']
[sep] ────────────────────────────────────────────────────────────
[property] start predicate_id='' property_label='Fatigue mitigation technique' key='Fatigue mitigation technique' mapping='V.8'
[property] answers property_label='Fatigue mitigation technique' key='Fatigue mitigation technique' answers=['Other/Comments']
[unmapped] other_context_skipped key='Fatigue mitigation technique' answer='Other/Comments'
[resource] created label='Other/Comments' class_id='C121034' id='R1547741'
[map] to_resource key='Fatigue mitigation technique' answer='Other/Comments' object_id='R1547741'
[property] values_resolved property_label='Fatigue mitigation technique' key='Fatigue mitigation technique' result_ids=['R1547741']
[property] 10-values_resolved property_label='Fatigue mitigation technique' key='Fatigue mitigation technique' result_ids=['R1547741']
[sep] ────────────────────────────────────────────────────────────
[sep] ──────────────────────────────────────────────────────────── SUBTEMPLATE Annotator agreement ────────────────────────────────────────────────────────────
[subtemplate] start label='Annotator agreement' class_id='C121035' subtemplate_id='R1544326'
[sep] ────────────────────────────────────────────────────────────
[property] start predicate_id='' property_label='Intercoder reliability metric' key='Intercoder reliability metric' mapping='V.9'
[property] answers property_label='Intercoder reliability metric' key='Intercoder reliability metric' answers=["Cohen's K"]
[map] to_resource key='Intercoder reliability metric' answer="Cohen's K" object_id='R1544328'
[property] values_resolved property_label='Intercoder reliability metric' key='Intercoder reliability metric' result_ids=['R1544328']
[property] 10-values_resolved property_label='Intercoder reliability metric' key='Intercoder reliability metric' result_ids=['R1544328']
[sep] ────────────────────────────────────────────────────────────
[property] start predicate_id='' property_label='Conflict resolution' key='Conflict resolution' mapping='V.10'
[property] answers property_label='Conflict resolution' key='Conflict resolution' answers=['Discussion among taggers', 'Other/Comments', 'a super-annotator made the final decision if disagreement persisted']
[resource] created label='Discussion among taggers' class_id='C121037' id='R1547743'
[unmapped] categorical_created key='Conflict resolution' answer='Discussion among taggers' id='R1547743'
[unmapped] other_value_skipped key='Conflict resolution' answer='Other/Comments'
[unmapped] other_value_skipped_resource_should_not_be_created key='Conflict resolution' answer='Other/Comments'
[unmapped] other_context_skipped key='Conflict resolution' answer='a super-annotator made the final decision if disagreement persisted'
[resource] created label='a super-annotator made the final decision if disagreement persisted' class_id='C121037' id='R1547744'
[map] to_resource key='Conflict resolution' answer='a super-annotator made the final decision if disagreement persisted' object_id='R1547744'
[property] values_resolved property_label='Conflict resolution' key='Conflict resolution' result_ids=['R1547743', 'R1547744']
[property] 10-values_resolved property_label='Conflict resolution' key='Conflict resolution' result_ids=['R1547743', 'R1547744']
[sep] ────────────────────────────────────────────────────────────
[property] start predicate_id='' property_label='Measured agreement' key='Measured agreement' mapping='V.11'
[property] no_answers property_label='Measured agreement'
[literal] created key='Measured agreement' answer='Not reported' id='L3606072'
[subtemplate] end label='Annotator agreement' class_id='C121035' subtemplate_id='R1544326'
[sep] ────────────────────────────────────────────────────────────
[subtemplate] end label='Annotation Process' class_id='C121025' subtemplate_id='R1544287'
[sep] ────────────────────────────────────────────────────────────
[link] created s='R1547720' p='P181031' o='R1547738'
[sep] ──────────────────────────────────────────────────────────── PREDICATE P181046 ────────────────────────────────────────────────────────────
[section] predicate id='P181046' label='Implemented approach'
[sep] ──────────────────────────────────────────────────────────── SUBTEMPLATE Implemented approach ────────────────────────────────────────────────────────────
[subtemplate] start label='Implemented approach' class_id='C121038' subtemplate_id='R1544363'
[sep] ────────────────────────────────────────────────────────────
[property] start predicate_id='' property_label='Approach type' key='Approach type' mapping='VI.1'
[property] answers property_label='Approach type' key='Approach type' answers=['Rule-based']
[map] to_resource key='Approach type' answer='Rule-based' object_id='R1544366'
[property] values_resolved property_label='Approach type' key='Approach type' result_ids=['R1544366']
[property] 10-values_resolved property_label='Approach type' key='Approach type' result_ids=['R1544366']
[sep] ────────────────────────────────────────────────────────────
[property] start predicate_id='' property_label='Algorithm used' key='Algorithm used' mapping='VI.2'
[property] no_answers property_label='Algorithm used'
[sep] ────────────────────────────────────────────────────────────
[property] start predicate_id='' property_label='Running requirements' key='Running requirements' mapping='VI.4'
[property] answers property_label='Running requirements' key='Running requirements' answers=['Reproduce the tool from the explanation in the paper']
[map] to_resource key='Running requirements' answer='Reproduce the tool from the explanation in the paper' object_id='R1544382'
[property] values_resolved property_label='Running requirements' key='Running requirements' result_ids=['R1544382']
[property] 10-values_resolved property_label='Running requirements' key='Running requirements' result_ids=['R1544382']
[sep] ────────────────────────────────────────────────────────────
[property] start predicate_id='' property_label='Documentation' key='Documentation' mapping='VI.5'
[property] answers property_label='Documentation' key='Documentation' answers=['An academic paper']
[map] to_resource key='Documentation' answer='An academic paper' object_id='R1544386'
[property] values_resolved property_label='Documentation' key='Documentation' result_ids=['R1544386']
[property] 10-values_resolved property_label='Documentation' key='Documentation' result_ids=['R1544386']
[sep] ────────────────────────────────────────────────────────────
[property] start predicate_id='' property_label='Dependency' key='Dependency' mapping='VI.6'
[property] answers property_label='Dependency' key='Dependency' answers=['Open source libraries/software']
[resource] created label='Open source libraries/software' class_id='C121043' id='R1547746'
[unmapped] categorical_created key='Dependency' answer='Open source libraries/software' id='R1547746'
[property] values_resolved property_label='Dependency' key='Dependency' result_ids=['R1547746']
[property] 10-values_resolved property_label='Dependency' key='Dependency' result_ids=['R1547746']
[sep] ────────────────────────────────────────────────────────────
[property] start predicate_id='' property_label='License type' key='License type' mapping='VI.8'
[property] no_answers property_label='License type'
[sep] ────────────────────────────────────────────────────────────
[sep] ──────────────────────────────────────────────────────────── SUBTEMPLATE Release ────────────────────────────────────────────────────────────
[subtemplate] start label='Release' class_id='C121044' subtemplate_id='R1544401'
[sep] ────────────────────────────────────────────────────────────
[property] start predicate_id='' property_label='Release format' key='Release format' mapping='VI.3'
[property] answers property_label='Release format' key='Release format' answers=['Service on the web']
[map] to_resource key='Release format' answer='Service on the web' object_id='R1544408'
[property] values_resolved property_label='Release format' key='Release format' result_ids=['R1544408']
[property] 10-values_resolved property_label='Release format' key='Release format' result_ids=['R1544408']
[sep] ────────────────────────────────────────────────────────────
[property] start predicate_id='' property_label='Location type' key='Tool location type' mapping='VI.7'
[property] no_answers property_label='Location type'
[sep] ────────────────────────────────────────────────────────────
[property] start predicate_id='' property_label='URL' key='url' mapping='VI.9'
[property] no_answers property_label='URL'
[literal] created key='url' answer='Not reported' id='L3606073'
[subtemplate] end label='Release' class_id='C121044' subtemplate_id='R1544401'
[sep] ────────────────────────────────────────────────────────────
[subtemplate] end label='Implemented approach' class_id='C121038' subtemplate_id='R1544363'
[sep] ────────────────────────────────────────────────────────────
[link] created s='R1547720' p='P181046' o='R1547745'
[sep] ──────────────────────────────────────────────────────────── PREDICATE HAS_EVALUATION ────────────────────────────────────────────────────────────
[section] predicate id='HAS_EVALUATION' label='Evaluation'
[sep] ──────────────────────────────────────────────────────────── SUBTEMPLATE Evaluation ────────────────────────────────────────────────────────────
[subtemplate] start label='Evaluation' class_id='C121047' subtemplate_id='R1544421'
[sep] ────────────────────────────────────────────────────────────
[property] start predicate_id='' property_label='Evaluation metric' key='Evaluation metric' mapping='VII.1'
[property] answers property_label='Evaluation metric' key='Evaluation metric' answers=['Precision/Recall']
[map] to_resource key='Evaluation metric' answer='Precision/Recall' object_id='R1544436'
[property] values_resolved property_label='Evaluation metric' key='Evaluation metric' result_ids=['R1544436']
[property] 10-values_resolved property_label='Evaluation metric' key='Evaluation metric' result_ids=['R1544436']
[sep] ────────────────────────────────────────────────────────────
[property] start predicate_id='' property_label='Validation procedure' key='Validation procedure' mapping='VII.2'
[property] answers property_label='Validation procedure' key='Validation procedure' answers=['Entire dataset']
[map] to_resource key='Validation procedure' answer='Entire dataset' object_id='R1544446'
[property] values_resolved property_label='Validation procedure' key='Validation procedure' result_ids=['R1544446']
[property] 10-values_resolved property_label='Validation procedure' key='Validation procedure' result_ids=['R1544446']
[sep] ────────────────────────────────────────────────────────────
[sep] ──────────────────────────────────────────────────────────── SUBTEMPLATE Baseline comparison ────────────────────────────────────────────────────────────
[subtemplate] start label='Baseline comparison' class_id='C121050' subtemplate_id='R1544450'
[sep] ────────────────────────────────────────────────────────────
[property] start predicate_id='' property_label='Baseline comparison type' key='Baseline comparsion type' mapping='VII.3'
[property] answers property_label='Baseline comparison type' key='Baseline comparsion type' answers=['Human baseline (i.e., comparison against human']
[resource] created label='Human baseline (i.e., comparison against human' class_id='C121051' id='R1547750'
[unmapped] categorical_created key='Baseline comparsion type' answer='Human baseline (i.e., comparison against human' id='R1547750'
[property] values_resolved property_label='Baseline comparison type' key='Baseline comparsion type' result_ids=['R1547750']
[property] 10-values_resolved property_label='Baseline comparison type' key='Baseline comparsion type' result_ids=['R1547750']
[sep] ────────────────────────────────────────────────────────────
[property] start predicate_id='' property_label='Baseline comparison details' key='Baseline comparison details' mapping='VII.4'
[property] no_answers property_label='Baseline comparison details'
[literal] created key='Baseline comparison details' answer='Not reported' id='L3606074'
[subtemplate] end label='Baseline comparison' class_id='C121050' subtemplate_id='R1544450'
[sep] ────────────────────────────────────────────────────────────
[subtemplate] end label='Evaluation' class_id='C121047' subtemplate_id='R1544421'
[sep] ────────────────────────────────────────────────────────────
[link] created s='R1547720' p='HAS_EVALUATION' o='R1547748'
