[run] start run_id='426a1bd6'
[connect] ok host='https://orkg.org'
[json] loaded path='/Users/amirrezaalasti/Desktop/TIB/nlp4re/pdf_files/Automated_Import_to_ORKG/Categ-3.json'
[run] instance run_id='426a1bd6' instance_id='R1553185'
[sep] ──────────────────────────────────────────────────────────── PREDICATE P181002 ────────────────────────────────────────────────────────────
[section] predicate id='P181002' label='RE task'
[property] start predicate_id='' property_label='RE task' key='RE task' mapping='I.1'
[selected_answers] answer answer='Requirements classification' resource_mapping_key='RE task'
[options_details] answer answer='Requirements classification' resource_mapping_key='RE task' answer_label_type_in_options_details='No type'
[property] answers property_label='RE task' key='RE task' answers=['Requirements classification']
[map] to_resource key='RE task' answer='Requirements classification' object_id='R1544130'
[property] values_resolved property_label='RE task' key='RE task' result_ids=['R1544130']
[link] created s='R1553185' p='P181002' o='R1544130'
[sep] ──────────────────────────────────────────────────────────── PREDICATE P181003 ────────────────────────────────────────────────────────────
[section] predicate id='P181003' label='NLP task'
[sep] ──────────────────────────────────────────────────────────── SUBTEMPLATE NLP task ────────────────────────────────────────────────────────────
[subtemplate] start label='NLP task' class_id='C121004' subtemplate_id='R1544138'
[sep] ────────────────────────────────────────────────────────────
[property] start predicate_id='' property_label='NLP task type' key='NLP task type' mapping='II.1'
[selected_answers] answer answer='Classification' resource_mapping_key='NLP task type'
[options_details] answer answer='Classification' resource_mapping_key='NLP task type' answer_label_type_in_options_details='No type'
[property] answers property_label='NLP task type' key='NLP task type' answers=['Classification']
[map] to_resource key='NLP task type' answer='Classification' object_id='R1544148'
[property] values_resolved property_label='NLP task type' key='NLP task type' result_ids=['R1544148']
[property] 10-values_resolved property_label='NLP task type' key='NLP task type' result_ids=['R1544148']
[sep] ────────────────────────────────────────────────────────────
[property] start predicate_id='' property_label='NLP task input' key='NLP task input' mapping='III.1'
[selected_answers] answer answer='Sentences' resource_mapping_key='NLP task input'
[options_details] answer answer='Sentences' resource_mapping_key='NLP task input' answer_label_type_in_options_details='No type'
[property] answers property_label='NLP task input' key='NLP task input' answers=['Sentences']
[map] to_resource key='NLP task input' answer='Sentences' object_id='R1544152'
[property] values_resolved property_label='NLP task input' key='NLP task input' result_ids=['R1544152']
[property] 10-values_resolved property_label='NLP task input' key='NLP task input' result_ids=['R1544152']
[sep] ────────────────────────────────────────────────────────────
[sep] ──────────────────────────────────────────────────────────── SUBTEMPLATE NLP task output ────────────────────────────────────────────────────────────
[subtemplate] start label='NLP task output' class_id='C121007' subtemplate_id='R1544158'
[sep] ────────────────────────────────────────────────────────────
[property] start predicate_id='' property_label='NLP task output classification label' key='NLP task output classification label' mapping='III.3'
[options_details] answer answer='Requirement vs. non-requirement' resource_mapping_key='NLP task output classification label' answer_label_type_in_options_details='Text'
[property] answers property_label='NLP task output classification label' key='NLP task output classification label' answers=['Requirement vs. non-requirement']
[literal] created key='NLP task output classification label' answer='Requirement vs. non-requirement' id='L3614372'
[property] values_resolved property_label='NLP task output classification label' key='NLP task output classification label' result_ids=['L3614372']
[property] 10-values_resolved property_label='NLP task output classification label' key='NLP task output classification label' result_ids=['L3614372']
[sep] ────────────────────────────────────────────────────────────
[property] start predicate_id='' property_label='NLP task output extracted element' key='NLP task output extracted element' mapping='III.5'
[property] no_answers property_label='NLP task output extracted element'
[literal] created key='NLP task output extracted element' answer='Not reported' id='L3614373'
[sep] ────────────────────────────────────────────────────────────
[property] start predicate_id='' property_label='NLP task output translation mapping cardinality' key='NLP task output translation mapping cardinality' mapping='III.7'
[property] no_answers property_label='NLP task output translation mapping cardinality'
[sep] ────────────────────────────────────────────────────────────
[property] start predicate_id='' property_label='NLP task output type' key='NLP task output type' mapping="['III.2', 'III.4', 'III.6', 'III.8', 'III.9']"
[selected_answers] answer answer='Binary-single label' resource_mapping_key='NLP task output type'
[options_details] answer answer='Binary-single label' resource_mapping_key='NLP task output type' answer_label_type_in_options_details='No type'
[property] answers property_label='NLP task output type' key='NLP task output type' answers=['Binary-single label']
[map] to_resource key='NLP task output type' answer='Binary-single label' object_id='R1544161'
[property] values_resolved property_label='NLP task output type' key='NLP task output type' result_ids=['R1544161']
[property] 10-values_resolved property_label='NLP task output type' key='NLP task output type' result_ids=['R1544161']
[subtemplate] end label='NLP task output' class_id='C121007' subtemplate_id='R1544158'
[sep] ────────────────────────────────────────────────────────────
[subtemplate] end label='NLP task' class_id='C121004' subtemplate_id='R1544138'
[sep] ────────────────────────────────────────────────────────────
[link] created s='R1553185' p='P181003' o='R1553186'
[sep] ──────────────────────────────────────────────────────────── PREDICATE P181011 ────────────────────────────────────────────────────────────
[section] predicate id='P181011' label='NLP dataset'
[sep] ──────────────────────────────────────────────────────────── SUBTEMPLATE NLP dataset ────────────────────────────────────────────────────────────
[subtemplate] start label='NLP dataset' class_id='C121010' subtemplate_id='R1544216'
[sep] ────────────────────────────────────────────────────────────
[property] start predicate_id='' property_label='NLP data item' key='NLP data item' mapping='IV.1'
[options_details] answer answer='33 industrial RSs from 14 different application domains and originating from 20 different organizations. Collectively, these contain 8046 requirements and 12673 non-requirements.' resource_mapping_key='NLP data item' answer_label_type_in_options_details='Text'
[property] answers property_label='NLP data item' key='NLP data item' answers=['33 industrial RSs from 14 different application domains and originating from 20 different organizations. Collectively, these contain 8046 requirements and 12673 non-requirements.']
[literal] created key='NLP data item' answer='33 industrial RSs from 14 different application domains and originating from 20 different organizations. Collectively, these contain 8046 requirements and 12673 non-requirements.' id='L3614374'
[property] values_resolved property_label='NLP data item' key='NLP data item' result_ids=['L3614374']
[property] 10-values_resolved property_label='NLP data item' key='NLP data item' result_ids=['L3614374']
[sep] ────────────────────────────────────────────────────────────
[property] start predicate_id='' property_label='NLP data production time' key='NLP data prodcution time' mapping='IV.2'
[property] no_answers property_label='NLP data production time'
[literal] created key='NLP data prodcution time' answer='Not reported' id='L3614375'
[sep] ────────────────────────────────────────────────────────────
[sep] ──────────────────────────────────────────────────────────── SUBTEMPLATE NLP data source ────────────────────────────────────────────────────────────
[subtemplate] start label='NLP data source' class_id='C121011' subtemplate_id='R1544223'
[sep] ────────────────────────────────────────────────────────────
[property] start predicate_id='' property_label='NLP data source type' key='NLP data source type' mapping='IV.3'
[selected_answers] answer answer='Industrial project, proprietary data' resource_mapping_key='NLP data source type'
[selected_answers] answer answer='Industrial project, publicly available data' resource_mapping_key='NLP data source type'
[options_details] answer answer='Industrial project, proprietary data' resource_mapping_key='NLP data source type' answer_label_type_in_options_details='No type'
[options_details] answer answer='Industrial project, publicly available data' resource_mapping_key='NLP data source type' answer_label_type_in_options_details='No type'
[property] answers property_label='NLP data source type' key='NLP data source type' answers=['Industrial project, proprietary data', 'Industrial project, publicly available data']
[map] to_resource key='NLP data source type' answer='Industrial project, proprietary data' object_id='R1544228'
[map] to_resource key='NLP data source type' answer='Industrial project, publicly available data' object_id='R1544230'
[property] values_resolved property_label='NLP data source type' key='NLP data source type' result_ids=['R1544228', 'R1544230']
[property] 10-values_resolved property_label='NLP data source type' key='NLP data source type' result_ids=['R1544228', 'R1544230']
[sep] ────────────────────────────────────────────────────────────
[property] start predicate_id='' property_label='Number of data sources' key='Number of data sources' mapping='IV.9'
[options_details] answer answer='20' resource_mapping_key='Number of data sources' answer_label_type_in_options_details='Text'
[property] answers property_label='Number of data sources' key='Number of data sources' answers=['20']
[Integer literal] fallback_to_text key='Number of data sources' answer='20'
[literal] created key='Number of data sources' answer='20' id='L3614376'
[property] values_resolved property_label='Number of data sources' key='Number of data sources' result_ids=['L3614376']
[property] 10-values_resolved property_label='Number of data sources' key='Number of data sources' result_ids=['L3614376']
[sep] ────────────────────────────────────────────────────────────
[property] start predicate_id='' property_label='NLP data source domain' key='NLP data source domain' mapping='IV.8'
[options_details] answer answer='information systems, automotive, healthcare, aviation,\raerospace, maritime, telecommunications, control systems, networks' resource_mapping_key='NLP data source domain' answer_label_type_in_options_details='Text'
[property] answers property_label='NLP data source domain' key='NLP data source domain' answers=['information systems', 'automotive', 'healthcare', 'aviation', 'aerospace', 'maritime', 'telecommunications', 'control systems', 'networks']
[resource] created label='information systems' class_id='C121053' id='R1553190'
[unmapped] categorical_created key='NLP data source domain' answer='information systems' id='R1553190'
[resource] created label='automotive' class_id='C121053' id='R1553191'
[unmapped] categorical_created key='NLP data source domain' answer='automotive' id='R1553191'
[resource] created label='healthcare' class_id='C121053' id='R1553192'
[unmapped] categorical_created key='NLP data source domain' answer='healthcare' id='R1553192'
[resource] created label='aviation' class_id='C121053' id='R1553193'
[unmapped] categorical_created key='NLP data source domain' answer='aviation' id='R1553193'
[resource] created label='aerospace' class_id='C121053' id='R1553194'
[unmapped] categorical_created key='NLP data source domain' answer='aerospace' id='R1553194'
[resource] created label='maritime' class_id='C121053' id='R1553195'
[unmapped] categorical_created key='NLP data source domain' answer='maritime' id='R1553195'
[resource] created label='telecommunications' class_id='C121053' id='R1553196'
[unmapped] categorical_created key='NLP data source domain' answer='telecommunications' id='R1553196'
[resource] created label='control systems' class_id='C121053' id='R1553197'
[unmapped] categorical_created key='NLP data source domain' answer='control systems' id='R1553197'
[resource] created label='networks' class_id='C121053' id='R1553198'
[unmapped] categorical_created key='NLP data source domain' answer='networks' id='R1553198'
[property] values_resolved property_label='NLP data source domain' key='NLP data source domain' result_ids=['R1553190', 'R1553191', 'R1553192', 'R1553193', 'R1553194', 'R1553195', 'R1553196', 'R1553197', 'R1553198']
[property] 10-values_resolved property_label='NLP data source domain' key='NLP data source domain' result_ids=['R1553190', 'R1553191', 'R1553192', 'R1553193', 'R1553194', 'R1553195', 'R1553196', 'R1553197', 'R1553198']
[subtemplate] end label='NLP data source' class_id='C121011' subtemplate_id='R1544223'
[sep] ────────────────────────────────────────────────────────────
[sep] ────────────────────────────────────────────────────────────
[property] start predicate_id='' property_label='NLP data abstraction level' key='NLP data abstraction level' mapping='IV.4'
[selected_answers] answer answer='System-level' resource_mapping_key='NLP data abstraction level'
[options_details] answer answer='System-level' resource_mapping_key='NLP data abstraction level' answer_label_type_in_options_details='No type'
[property] answers property_label='NLP data abstraction level' key='NLP data abstraction level' answers=['System-level']
[map] to_resource key='NLP data abstraction level' answer='System-level' object_id='R1544241'
[property] values_resolved property_label='NLP data abstraction level' key='NLP data abstraction level' result_ids=['R1544241']
[property] 10-values_resolved property_label='NLP data abstraction level' key='NLP data abstraction level' result_ids=['R1544241']
[sep] ────────────────────────────────────────────────────────────
[sep] ──────────────────────────────────────────────────────────── SUBTEMPLATE NLP data type ────────────────────────────────────────────────────────────
[subtemplate] start label='NLP data type' class_id='C121015' subtemplate_id='R1544245'
[sep] ────────────────────────────────────────────────────────────
[property] start predicate_id='' property_label='NLP data format' key='NLP data format' mapping='IV.5'
[selected_answers] answer answer='"Shall" requirements' resource_mapping_key='NLP data format'
[options_details] answer answer='"Shall" requirements' resource_mapping_key='NLP data format' answer_label_type_in_options_details='No type'
[property] answers property_label='NLP data format' key='NLP data format' answers=['"Shall" requirements']
[map] to_resource key='NLP data format' answer='"Shall" requirements' object_id='R1544249'
[property] values_resolved property_label='NLP data format' key='NLP data format' result_ids=['R1544249']
[property] 10-values_resolved property_label='NLP data format' key='NLP data format' result_ids=['R1544249']
[sep] ────────────────────────────────────────────────────────────
[property] start predicate_id='' property_label='Rigor of data format' key='Rigor of data format' mapping='IV.6'
[selected_answers] answer answer='Unconstrained natural language' resource_mapping_key='Rigor of data format'
[options_details] answer answer='Unconstrained natural language' resource_mapping_key='Rigor of data format' answer_label_type_in_options_details='No type'
[property] answers property_label='Rigor of data format' key='Rigor of data format' answers=['Unconstrained natural language']
[map] to_resource key='Rigor of data format' answer='Unconstrained natural language' object_id='R1544258'
[property] values_resolved property_label='Rigor of data format' key='Rigor of data format' result_ids=['R1544258']
[property] 10-values_resolved property_label='Rigor of data format' key='Rigor of data format' result_ids=['R1544258']
[sep] ────────────────────────────────────────────────────────────
[property] start predicate_id='' property_label='Natural language' key='Natural language' mapping='IV.7'
[options_details] answer answer='English' resource_mapping_key='Natural language' answer_label_type_in_options_details='Text'
[property] answers property_label='Natural language' key='Natural language' answers=['English']
[literal] created key='Natural language' answer='English' id='L3614377'
[property] values_resolved property_label='Natural language' key='Natural language' result_ids=['L3614377']
[property] 10-values_resolved property_label='Natural language' key='Natural language' result_ids=['L3614377']
[subtemplate] end label='NLP data type' class_id='C121015' subtemplate_id='R1544245'
[sep] ────────────────────────────────────────────────────────────
[sep] ────────────────────────────────────────────────────────────
[sep] ──────────────────────────────────────────────────────────── SUBTEMPLATE License ────────────────────────────────────────────────────────────
[subtemplate] start label='License' class_id='C121018' subtemplate_id='R1544265'
[sep] ────────────────────────────────────────────────────────────
[property] start predicate_id='' property_label='Public availability' key='Public availability' mapping='IV.10'
[selected_answers] answer answer='Partially' resource_mapping_key='Public availability'
[options_details] answer answer='Partially' resource_mapping_key='Public availability' answer_label_type_in_options_details='No type'
[property] answers property_label='Public availability' key='Public availability' answers=['Partially']
[map] to_resource key='Public availability' answer='Partially' object_id='R1544269'
[property] values_resolved property_label='Public availability' key='Public availability' result_ids=['R1544269']
[property] 10-values_resolved property_label='Public availability' key='Public availability' result_ids=['R1544269']
[sep] ────────────────────────────────────────────────────────────
[property] start predicate_id='' property_label='License type' key='License type' mapping='IV.11'
[selected_answers] answer answer='No license' resource_mapping_key='License type'
[options_details] answer answer='No license' resource_mapping_key='License type' answer_label_type_in_options_details='No type'
[property] answers property_label='License type' key='License type' answers=['No license']
[map] to_resource key='License type' answer='No license' object_id='R1544274'
[property] values_resolved property_label='License type' key='License type' result_ids=['R1544274']
[property] 10-values_resolved property_label='License type' key='License type' result_ids=['R1544274']
[subtemplate] end label='License' class_id='C121018' subtemplate_id='R1544265'
[sep] ────────────────────────────────────────────────────────────
[sep] ────────────────────────────────────────────────────────────
[sep] ──────────────────────────────────────────────────────────── SUBTEMPLATE Dataset location ────────────────────────────────────────────────────────────
[subtemplate] start label='Dataset location' class_id='C121022' subtemplate_id='R1544278'
[sep] ────────────────────────────────────────────────────────────
[property] start predicate_id='' property_label='Location type' key='Dataset location type' mapping='IV.12'
[selected_answers] answer answer='On a private/corporate website' resource_mapping_key='Dataset location type'
[options_details] answer answer='On a private/corporate website' resource_mapping_key='Dataset location type' answer_label_type_in_options_details='No type'
[property] answers property_label='Location type' key='Dataset location type' answers=['On a private/corporate website']
[map] to_resource key='Dataset location type' answer='On a private/corporate website' object_id='R1544280'
[property] values_resolved property_label='Location type' key='Dataset location type' result_ids=['R1544280']
[property] 10-values_resolved property_label='Location type' key='Dataset location type' result_ids=['R1544280']
[sep] ────────────────────────────────────────────────────────────
[property] start predicate_id='' property_label='URL' key='url' mapping='IV.13'
[options_details] answer answer='https://sites.google.com/view/demarq' resource_mapping_key='url' answer_label_type_in_options_details='Text'
[property] answers property_label='URL' key='url' answers=['https://sites.google.com/view/demarq']
[literal] created key='url' answer='https://sites.google.com/view/demarq' id='L3614378'
[property] values_resolved property_label='URL' key='url' result_ids=['L3614378']
[property] 10-values_resolved property_label='URL' key='url' result_ids=['L3614378']
[subtemplate] end label='Dataset location' class_id='C121022' subtemplate_id='R1544278'
[sep] ────────────────────────────────────────────────────────────
[subtemplate] end label='NLP dataset' class_id='C121010' subtemplate_id='R1544216'
[sep] ────────────────────────────────────────────────────────────
[link] created s='R1553185' p='P181011' o='R1553188'
[sep] ──────────────────────────────────────────────────────────── PREDICATE P181031 ────────────────────────────────────────────────────────────
[section] predicate id='P181031' label='Annotation process'
[sep] ──────────────────────────────────────────────────────────── SUBTEMPLATE Annotation process ────────────────────────────────────────────────────────────
[subtemplate] start label='Annotation process' class_id='C121025' subtemplate_id='R1544287'
[sep] ────────────────────────────────────────────────────────────
[sep] ──────────────────────────────────────────────────────────── SUBTEMPLATE Annotator ────────────────────────────────────────────────────────────
[subtemplate] start label='Annotator' class_id='C121026' subtemplate_id='R1544290'
[sep] ────────────────────────────────────────────────────────────
[property] start predicate_id='' property_label='Number of annotators' key='Number of annotators' mapping='V.1'
[options_details] answer answer='1' resource_mapping_key='Number of annotators' answer_label_type_in_options_details='Text'
[property] answers property_label='Number of annotators' key='Number of annotators' answers=['1']
[Integer literal] fallback_to_text key='Number of annotators' answer='1'
[literal] created key='Number of annotators' answer='1' id='L3614379'
[property] values_resolved property_label='Number of annotators' key='Number of annotators' result_ids=['L3614379']
[property] 10-values_resolved property_label='Number of annotators' key='Number of annotators' result_ids=['L3614379']
[sep] ────────────────────────────────────────────────────────────
[property] start predicate_id='' property_label='Annotator assignment' key='Annotator assignment' mapping='V.2'
[selected_answers] answer answer='One annotator per entry (no quality control)' resource_mapping_key='Annotator assignment'
[options_details] answer answer='One annotator per entry (no quality control)' resource_mapping_key='Annotator assignment' answer_label_type_in_options_details='No type'
[property] answers property_label='Annotator assignment' key='Annotator assignment' answers=['One annotator per entry']
[resource] created label='One annotator per entry' class_id='C121027' id='R1553204'
[unmapped] categorical_created key='Annotator assignment' answer='One annotator per entry' id='R1553204'
[property] values_resolved property_label='Annotator assignment' key='Annotator assignment' result_ids=['R1553204']
[property] 10-values_resolved property_label='Annotator assignment' key='Annotator assignment' result_ids=['R1553204']
[sep] ────────────────────────────────────────────────────────────
[property] start predicate_id='' property_label='Level of application domain experience' key='Level of application domain experience' mapping='V.3'
[selected_answers] answer answer='None or unknown' resource_mapping_key='Level of application domain experience'
[options_details] answer answer='None or unknown' resource_mapping_key='Level of application domain experience' answer_label_type_in_options_details='No type'
[property] answers property_label='Level of application domain experience' key='Level of application domain experience' answers=['None or unknown']
[map] to_resource key='Level of application domain experience' answer='None or unknown' object_id='R1544298'
[property] values_resolved property_label='Level of application domain experience' key='Level of application domain experience' result_ids=['R1544298']
[property] 10-values_resolved property_label='Level of application domain experience' key='Level of application domain experience' result_ids=['R1544298']
[sep] ────────────────────────────────────────────────────────────
[property] start predicate_id='' property_label='Annotator identity' key='Annotator identity' mapping='V.4'
[selected_answers] answer answer='Independent annotators' resource_mapping_key='Annotator identity'
[selected_answers] answer answer='Other/Comments' resource_mapping_key='Annotator identity'
[selected_answers] answer answer='Paid annotator' resource_mapping_key='Annotator identity'
[options_details] answer answer='Independent annotators' resource_mapping_key='Annotator identity' answer_label_type_in_options_details='No type'
[options_details] answer answer='Other/Comments' resource_mapping_key='Annotator identity' answer_label_type_in_options_details='No type'
[options_details] answer answer='Paid annotator' resource_mapping_key='Annotator identity' answer_label_type_in_options_details='Text'
[property] answers property_label='Annotator identity' key='Annotator identity' answers=['Independent annotators', 'Other/Comments', 'Paid annotator']
[map] to_resource key='Annotator identity' answer='Independent annotators' object_id='R1544303'
[unmapped] other_value_skipped key='Annotator identity' answer='Other/Comments'
[unmapped] other_value_skipped_resource_should_not_be_created key='Annotator identity' answer='Other/Comments'
[unmapped] other_context_skipped key='Annotator identity' answer='Paid annotator'
[resource] created label='Paid annotator' class_id='C121029' id='R1553205'
[map] to_resource key='Annotator identity' answer='Paid annotator' object_id='R1553205'
[property] values_resolved property_label='Annotator identity' key='Annotator identity' result_ids=['R1544303', 'R1553205']
[property] 10-values_resolved property_label='Annotator identity' key='Annotator identity' result_ids=['R1544303', 'R1553205']
[subtemplate] end label='Annotator' class_id='C121026' subtemplate_id='R1544290'
[sep] ────────────────────────────────────────────────────────────
[sep] ────────────────────────────────────────────────────────────
[sep] ──────────────────────────────────────────────────────────── SUBTEMPLATE Annotation scheme ────────────────────────────────────────────────────────────
[subtemplate] start label='Annotation scheme' class_id='C121030' subtemplate_id='R1544307'
[sep] ────────────────────────────────────────────────────────────
[property] start predicate_id='' property_label='Scheme establishment' key='Scheme establishement' mapping='V.5'
[selected_answers] answer answer='Oral agreement among the taggers' resource_mapping_key='Scheme establishement'
[selected_answers] answer answer='Other/Comments' resource_mapping_key='Scheme establishement'
[options_details] answer answer='Oral agreement among the taggers' resource_mapping_key='Scheme establishement' answer_label_type_in_options_details='No type'
[options_details] answer answer='Other/Comments' resource_mapping_key='Scheme establishement' answer_label_type_in_options_details='No type'
[property] answers property_label='Scheme establishment' key='Scheme establishement' answers=['Oral agreement among the taggers', 'Other/Comments']
[map] to_resource key='Scheme establishement' answer='Oral agreement among the taggers' object_id='R1544311'
[unmapped] other_value_skipped key='Scheme establishement' answer='Other/Comments'
[unmapped] other_value_skipped_resource_should_not_be_created key='Scheme establishement' answer='Other/Comments'
[property] values_resolved property_label='Scheme establishment' key='Scheme establishement' result_ids=['R1544311']
[property] 10-values_resolved property_label='Scheme establishment' key='Scheme establishement' result_ids=['R1544311']
[sep] ────────────────────────────────────────────────────────────
[property] start predicate_id='' property_label='Guideline availability' key='Guideline availability' mapping='V.6'
[selected_answers] answer answer='No' resource_mapping_key='Guideline availability'
[options_details] answer answer='No' resource_mapping_key='Guideline availability' answer_label_type_in_options_details='No type'
[property] answers property_label='Guideline availability' key='Guideline availability' answers=['No']
[map] to_resource key='Guideline availability' answer='No' object_id='R1544314'
[property] values_resolved property_label='Guideline availability' key='Guideline availability' result_ids=['R1544314']
[property] 10-values_resolved property_label='Guideline availability' key='Guideline availability' result_ids=['R1544314']
[subtemplate] end label='Annotation scheme' class_id='C121030' subtemplate_id='R1544307'
[sep] ────────────────────────────────────────────────────────────
[sep] ────────────────────────────────────────────────────────────
[property] start predicate_id='' property_label='Shared material' key='Shared material' mapping='V.7'
[selected_answers] answer answer='Entire document' resource_mapping_key='Shared material'
[options_details] answer answer='Entire document' resource_mapping_key='Shared material' answer_label_type_in_options_details='No type'
[property] answers property_label='Shared material' key='Shared material' answers=['Entire document']
[map] to_resource key='Shared material' answer='Entire document' object_id='R1544321'
[property] values_resolved property_label='Shared material' key='Shared material' result_ids=['R1544321']
[property] 10-values_resolved property_label='Shared material' key='Shared material' result_ids=['R1544321']
[sep] ────────────────────────────────────────────────────────────
[property] start predicate_id='' property_label='Fatigue mitigation technique' key='Fatigue mitigation technique' mapping='V.8'
[selected_answers] answer answer='Other/Comments' resource_mapping_key='Fatigue mitigation technique'
[selected_answers] answer answer='The annotator was paid and could decide on the preferred strategy' resource_mapping_key='Fatigue mitigation technique'
[options_details] answer answer='Other/Comments' resource_mapping_key='Fatigue mitigation technique' answer_label_type_in_options_details='No type'
[options_details] answer answer='The annotator was paid and could decide on the preferred strategy' resource_mapping_key='Fatigue mitigation technique' answer_label_type_in_options_details='Text'
[property] answers property_label='Fatigue mitigation technique' key='Fatigue mitigation technique' answers=['Other/Comments', 'The annotator was paid and could decide on the preferred strategy']
[unmapped] other_value_skipped key='Fatigue mitigation technique' answer='Other/Comments'
[unmapped] other_value_skipped_resource_should_not_be_created key='Fatigue mitigation technique' answer='Other/Comments'
[unmapped] other_context_skipped key='Fatigue mitigation technique' answer='The annotator was paid and could decide on the preferred strategy'
[resource] created label='The annotator was paid and could decide on the preferred strategy' class_id='C121034' id='R1553207'
[map] to_resource key='Fatigue mitigation technique' answer='The annotator was paid and could decide on the preferred strategy' object_id='R1553207'
[property] values_resolved property_label='Fatigue mitigation technique' key='Fatigue mitigation technique' result_ids=['R1553207']
[property] 10-values_resolved property_label='Fatigue mitigation technique' key='Fatigue mitigation technique' result_ids=['R1553207']
[sep] ────────────────────────────────────────────────────────────
[sep] ──────────────────────────────────────────────────────────── SUBTEMPLATE Annotator agreement ────────────────────────────────────────────────────────────
[subtemplate] start label='Annotator agreement' class_id='C121035' subtemplate_id='R1544326'
[sep] ────────────────────────────────────────────────────────────
[property] start predicate_id='' property_label='Intercoder reliability metric' key='Intercoder reliability metric' mapping='V.9'
[property] no_answers property_label='Intercoder reliability metric'
[sep] ────────────────────────────────────────────────────────────
[property] start predicate_id='' property_label='Conflict resolution' key='Conflict resolution' mapping='V.10'
[property] no_answers property_label='Conflict resolution'
[sep] ────────────────────────────────────────────────────────────
[property] start predicate_id='' property_label='Measured agreement' key='Measured agreement' mapping='V.11'
[property] no_answers property_label='Measured agreement'
[literal] created key='Measured agreement' answer='Not reported' id='L3614380'
[subtemplate] end label='Annotator agreement' class_id='C121035' subtemplate_id='R1544326'
[sep] ────────────────────────────────────────────────────────────
[subtemplate] end label='Annotation process' class_id='C121025' subtemplate_id='R1544287'
[sep] ────────────────────────────────────────────────────────────
[link] created s='R1553185' p='P181031' o='R1553202'
[sep] ──────────────────────────────────────────────────────────── PREDICATE P181046 ────────────────────────────────────────────────────────────
[section] predicate id='P181046' label='Implemented approach'
[sep] ──────────────────────────────────────────────────────────── SUBTEMPLATE Implemented approach ────────────────────────────────────────────────────────────
[subtemplate] start label='Implemented approach' class_id='C121038' subtemplate_id='R1544363'
[sep] ────────────────────────────────────────────────────────────
[property] start predicate_id='' property_label='Approach type' key='Approach type' mapping='VI.1'
[selected_answers] answer answer='Supervised ML' resource_mapping_key='Approach type'
[options_details] answer answer='Supervised ML' resource_mapping_key='Approach type' answer_label_type_in_options_details='No type'
[property] answers property_label='Approach type' key='Approach type' answers=['Supervised ML']
[map] to_resource key='Approach type' answer='Supervised ML' object_id='R1544368'
[property] values_resolved property_label='Approach type' key='Approach type' result_ids=['R1544368']
[property] 10-values_resolved property_label='Approach type' key='Approach type' result_ids=['R1544368']
[sep] ────────────────────────────────────────────────────────────
[property] start predicate_id='' property_label='Algorithm used' key='Algorithm used' mapping='VI.2'
[options_details] answer answer='optimized random forest via random search' resource_mapping_key='Algorithm used' answer_label_type_in_options_details='Text'
[property] answers property_label='Algorithm used' key='Algorithm used' answers=['optimized random forest via random search']
[resource] created label='optimized random forest via random search' class_id='C121040' id='R1553210'
[unmapped] categorical_created key='Algorithm used' answer='optimized random forest via random search' id='R1553210'
[property] values_resolved property_label='Algorithm used' key='Algorithm used' result_ids=['R1553210']
[property] 10-values_resolved property_label='Algorithm used' key='Algorithm used' result_ids=['R1553210']
[sep] ────────────────────────────────────────────────────────────
[property] start predicate_id='' property_label='Running requirements' key='Running requirements' mapping='VI.4'
[selected_answers] answer answer='Import and integrate into your own code' resource_mapping_key='Running requirements'
[selected_answers] answer answer='Other/Comments' resource_mapping_key='Running requirements'
[selected_answers] answer answer='An academic paper' resource_mapping_key='Running requirements'
[options_details] answer answer='Import and integrate into your own code' resource_mapping_key='Running requirements' answer_label_type_in_options_details='No type'
[options_details] answer answer='Other/Comments' resource_mapping_key='Running requirements' answer_label_type_in_options_details='No type'
[options_details] answer answer='An academic paper' resource_mapping_key='Running requirements' answer_label_type_in_options_details='Text'
[property] answers property_label='Running requirements' key='Running requirements' answers=['Import and integrate into your own code', 'Other/Comments', 'An academic paper']
[map] to_resource key='Running requirements' answer='Import and integrate into your own code' object_id='R1544381'
[unmapped] other_value_skipped key='Running requirements' answer='Other/Comments'
[unmapped] other_value_skipped_resource_should_not_be_created key='Running requirements' answer='Other/Comments'
[unmapped] other_context_skipped key='Running requirements' answer='An academic paper'
[resource] created label='An academic paper' class_id='C121041' id='R1553211'
[map] to_resource key='Running requirements' answer='An academic paper' object_id='R1553211'
[property] values_resolved property_label='Running requirements' key='Running requirements' result_ids=['R1544381', 'R1553211']
[property] 10-values_resolved property_label='Running requirements' key='Running requirements' result_ids=['R1544381', 'R1553211']
[sep] ────────────────────────────────────────────────────────────
[property] start predicate_id='' property_label='Documentation' key='Documentation' mapping='VI.5'
[selected_answers] answer answer='Pseudocode / illustration in the paper' resource_mapping_key='Documentation'
[selected_answers] answer answer='Wiki or dedicated website' resource_mapping_key='Documentation'
[selected_answers] answer answer='An academic paper' resource_mapping_key='Documentation'
[options_details] answer answer='Pseudocode / illustration in the paper' resource_mapping_key='Documentation' answer_label_type_in_options_details='No type'
[options_details] answer answer='Wiki or dedicated website' resource_mapping_key='Documentation' answer_label_type_in_options_details='No type'
[options_details] answer answer='An academic paper' resource_mapping_key='Documentation' answer_label_type_in_options_details='No type'
[property] answers property_label='Documentation' key='Documentation' answers=['Pseudocode / illustration in the paper', 'Wiki or dedicated website', 'An academic paper']
[resource] created label='Pseudocode / illustration in the paper' class_id='C121042' id='R1553212'
[unmapped] categorical_created key='Documentation' answer='Pseudocode / illustration in the paper' id='R1553212'
[map] to_resource key='Documentation' answer='Wiki or dedicated website' object_id='R1544391'
[map] to_resource key='Documentation' answer='An academic paper' object_id='R1544386'
[property] values_resolved property_label='Documentation' key='Documentation' result_ids=['R1553212', 'R1544391', 'R1544386']
[property] 10-values_resolved property_label='Documentation' key='Documentation' result_ids=['R1553212', 'R1544391', 'R1544386']
[sep] ────────────────────────────────────────────────────────────
[property] start predicate_id='' property_label='Dependency' key='Dependency' mapping='VI.6'
[selected_answers] answer answer='Open source libraries / software' resource_mapping_key='Dependency'
[options_details] answer answer='Open source libraries / software' resource_mapping_key='Dependency' answer_label_type_in_options_details='No type'
[property] answers property_label='Dependency' key='Dependency' answers=['Open source libraries / software']
[map] to_resource key='Dependency' answer='Open source libraries / software' object_id='R1544394'
[property] values_resolved property_label='Dependency' key='Dependency' result_ids=['R1544394']
[property] 10-values_resolved property_label='Dependency' key='Dependency' result_ids=['R1544394']
[sep] ────────────────────────────────────────────────────────────
[property] start predicate_id='' property_label='License type' key='License type' mapping='VI.8'
[property] no_answers property_label='License type'
[sep] ────────────────────────────────────────────────────────────
[sep] ──────────────────────────────────────────────────────────── SUBTEMPLATE Release ────────────────────────────────────────────────────────────
[subtemplate] start label='Release' class_id='C121044' subtemplate_id='R1544401'
[sep] ────────────────────────────────────────────────────────────
[property] start predicate_id='' property_label='Release format' key='Release format' mapping='VI.3'
[selected_answers] answer answer='Tool (e.g., a binary file) -- standalone' resource_mapping_key='Release format'
[options_details] answer answer='Tool (e.g., a binary file) -- standalone' resource_mapping_key='Release format' answer_label_type_in_options_details='No type'
[property] answers property_label='Release format' key='Release format' answers=['Tool -- standalone']
[resource] created label='Tool -- standalone' class_id='C121046' id='R1553214'
[unmapped] categorical_created key='Release format' answer='Tool -- standalone' id='R1553214'
[property] values_resolved property_label='Release format' key='Release format' result_ids=['R1553214']
[property] 10-values_resolved property_label='Release format' key='Release format' result_ids=['R1553214']
[sep] ────────────────────────────────────────────────────────────
[property] start predicate_id='' property_label='Location type' key='Tool location type' mapping='VI.7'
[selected_answers] answer answer='In a repository' resource_mapping_key='Tool location type'
[selected_answers] answer answer='In a persistent platform with DOI' resource_mapping_key='Tool location type'
[options_details] answer answer='In a repository' resource_mapping_key='Tool location type' answer_label_type_in_options_details='No type'
[options_details] answer answer='In a persistent platform with DOI' resource_mapping_key='Tool location type' answer_label_type_in_options_details='No type'
[property] answers property_label='Location type' key='Tool location type' answers=['In a repository', 'In a persistent platform with DOI']
[map] to_resource key='Tool location type' answer='In a repository' object_id='R1544415'
[map] to_resource key='Tool location type' answer='In a persistent platform with DOI' object_id='R1544414'
[property] values_resolved property_label='Location type' key='Tool location type' result_ids=['R1544415', 'R1544414']
[property] 10-values_resolved property_label='Location type' key='Tool location type' result_ids=['R1544415', 'R1544414']
[sep] ────────────────────────────────────────────────────────────
[property] start predicate_id='' property_label='URL' key='url' mapping='VI.9'
[options_details] answer answer='https://github.com/frieden84/DemaRQ, https://zenodo.org/record/3881549#.YO7i_0yxVhE' resource_mapping_key='url' answer_label_type_in_options_details='Text'
[property] answers property_label='URL' key='url' answers=['https://github.com/frieden84/DemaRQ', 'https://zenodo.org/record/3881549#.YO7i_0yxVhE']
[literal] created key='url' answer='https://github.com/frieden84/DemaRQ' id='L3614381'
[literal] created key='url' answer='https://zenodo.org/record/3881549#.YO7i_0yxVhE' id='L3614382'
[property] values_resolved property_label='URL' key='url' result_ids=['L3614381', 'L3614382']
[property] 10-values_resolved property_label='URL' key='url' result_ids=['L3614381', 'L3614382']
[subtemplate] end label='Release' class_id='C121044' subtemplate_id='R1544401'
[sep] ────────────────────────────────────────────────────────────
[subtemplate] end label='Implemented approach' class_id='C121038' subtemplate_id='R1544363'
[sep] ────────────────────────────────────────────────────────────
[link] created s='R1553185' p='P181046' o='R1553209'
[sep] ──────────────────────────────────────────────────────────── PREDICATE HAS_EVALUATION ────────────────────────────────────────────────────────────
[section] predicate id='HAS_EVALUATION' label='Evaluation'
[sep] ──────────────────────────────────────────────────────────── SUBTEMPLATE Evaluation ────────────────────────────────────────────────────────────
[subtemplate] start label='Evaluation' class_id='C121047' subtemplate_id='R1544421'
[sep] ────────────────────────────────────────────────────────────
[property] start predicate_id='' property_label='Evaluation metric' key='Evaluation metric' mapping='VII.1'
[selected_answers] answer answer='Precision/Recall' resource_mapping_key='Evaluation metric'
[selected_answers] answer answer='Accuracy' resource_mapping_key='Evaluation metric'
[options_details] answer answer='Precision/Recall' resource_mapping_key='Evaluation metric' answer_label_type_in_options_details='No type'
[options_details] answer answer='Accuracy' resource_mapping_key='Evaluation metric' answer_label_type_in_options_details='No type'
[property] answers property_label='Evaluation metric' key='Evaluation metric' answers=['Precision/Recall', 'Accuracy']
[map] to_resource key='Evaluation metric' answer='Precision/Recall' object_id='R1544436'
[map] to_resource key='Evaluation metric' answer='Accuracy' object_id='R1544440'
[property] values_resolved property_label='Evaluation metric' key='Evaluation metric' result_ids=['R1544436', 'R1544440']
[property] 10-values_resolved property_label='Evaluation metric' key='Evaluation metric' result_ids=['R1544436', 'R1544440']
[sep] ────────────────────────────────────────────────────────────
[property] start predicate_id='' property_label='Validation procedure' key='Validation procedure' mapping='VII.2'
[selected_answers] answer answer='Cross-validation' resource_mapping_key='Validation procedure'
[options_details] answer answer='Cross-validation' resource_mapping_key='Validation procedure' answer_label_type_in_options_details='No type'
[property] answers property_label='Validation procedure' key='Validation procedure' answers=['Cross-validation']
[map] to_resource key='Validation procedure' answer='Cross-validation' object_id='R1544448'
[property] values_resolved property_label='Validation procedure' key='Validation procedure' result_ids=['R1544448']
[property] 10-values_resolved property_label='Validation procedure' key='Validation procedure' result_ids=['R1544448']
[sep] ────────────────────────────────────────────────────────────
[sep] ──────────────────────────────────────────────────────────── SUBTEMPLATE Baseline comparison ────────────────────────────────────────────────────────────
[subtemplate] start label='Baseline comparison' class_id='C121050' subtemplate_id='R1544450'
[sep] ────────────────────────────────────────────────────────────
[property] start predicate_id='' property_label='Baseline comparison type' key='Baseline comparison type' mapping='VII.3'
[selected_answers] answer answer='Automated, but self-defined' resource_mapping_key='Baseline comparison type'
[options_details] answer answer='Automated, but self-defined' resource_mapping_key='Baseline comparison type' answer_label_type_in_options_details='No type'
[property] answers property_label='Baseline comparison type' key='Baseline comparison type' answers=['Automated, but self-defined']
[map] to_resource key='Baseline comparison type' answer='Automated, but self-defined' object_id='R1544453'
[property] values_resolved property_label='Baseline comparison type' key='Baseline comparison type' result_ids=['R1544453']
[property] 10-values_resolved property_label='Baseline comparison type' key='Baseline comparison type' result_ids=['R1544453']
[sep] ────────────────────────────────────────────────────────────
[property] start predicate_id='' property_label='Baseline comparison details' key='Baseline comparison details' mapping='VII.4'
[options_details] answer answer='(B1) marking as requirement any requirement candidate containing a modal verb; \r(B2) marking as requirement any requirement candidate containing the most frequent modal verb of the underlying RS;\r(B3) marking as requirement any requirement candidate beginning with an alphanumeric pattern; \r(B4) taking the union of the results from B1 and B3; \r(B5) taking the union of the results from B2 and B3.' resource_mapping_key='Baseline comparison details' answer_label_type_in_options_details='Text'
[property] answers property_label='Baseline comparison details' key='Baseline comparison details' answers=['(B1) marking as requirement any requirement candidate containing a modal verb; \r(B2) marking as requirement any requirement candidate containing the most frequent modal verb of the underlying RS;\r(B3) marking as requirement any requirement candidate beginning with an alphanumeric pattern; \r(B4) taking the union of the results from B1 and B3; \r(B5) taking the union of the results from B2 and B3.']
[literal] created key='Baseline comparison details' answer='(B1) marking as requirement any requirement candidate containing a modal verb; \r(B2) marking as requirement any requirement candidate containing the most frequent modal verb of the underlying RS;\r(B3) marking as requirement any requirement candidate beginning with an alphanumeric pattern; \r(B4) taking the union of the results from B1 and B3; \r(B5) taking the union of the results from B2 and B3.' id='L3614383'
[property] values_resolved property_label='Baseline comparison details' key='Baseline comparison details' result_ids=['L3614383']
[property] 10-values_resolved property_label='Baseline comparison details' key='Baseline comparison details' result_ids=['L3614383']
[subtemplate] end label='Baseline comparison' class_id='C121050' subtemplate_id='R1544450'
[sep] ────────────────────────────────────────────────────────────
[subtemplate] end label='Evaluation' class_id='C121047' subtemplate_id='R1544421'
[sep] ────────────────────────────────────────────────────────────
[link] created s='R1553185' p='HAS_EVALUATION' o='R1553215'
