[run] start run_id='e82a30b2'
[connect] ok host='https://orkg.org'
[json] loaded path='/Users/amirrezaalasti/Desktop/TIB/nlp4re/pdf2JSON_Results/AminSleimi-etal-RE19.json'
[run] instance run_id='e82a30b2' instance_id='R1548226'
[sep] ──────────────────────────────────────────────────────────── PREDICATE P181002 ────────────────────────────────────────────────────────────
[section] predicate id='P181002' label='RE task'
[property] start predicate_id='' property_label='RE task' key='RE task' mapping='I.1'
[property] answers property_label='RE task' key='RE task' answers=['Information extraction from legal documents']
[map] to_resource key='RE task' answer='Information extraction from legal documents' object_id='R1544136'
[property] values_resolved property_label='RE task' key='RE task' result_ids=['R1544136']
[link] created s='R1548226' p='P181002' o='R1544136'
[sep] ──────────────────────────────────────────────────────────── PREDICATE P181003 ────────────────────────────────────────────────────────────
[section] predicate id='P181003' label='NLP task'
[sep] ──────────────────────────────────────────────────────────── SUBTEMPLATE NLP task ────────────────────────────────────────────────────────────
[subtemplate] start label='NLP task' class_id='C121004' subtemplate_id='R1544138'
[sep] ────────────────────────────────────────────────────────────
[property] start predicate_id='' property_label='NLP task type' key='NLP task type' mapping='II.1'
[property] answers property_label='NLP task type' key='NLP task type' answers=['Classification', 'Information Extraction', 'Information Retrieval']
[map] to_resource key='NLP task type' answer='Classification' object_id='R1544148'
[map] to_resource key='NLP task type' answer='Information Extraction' object_id='R1544150'
[map] to_resource key='NLP task type' answer='Information Retrieval' object_id='R1544149'
[property] values_resolved property_label='NLP task type' key='NLP task type' result_ids=['R1544148', 'R1544150', 'R1544149']
[property] 10-values_resolved property_label='NLP task type' key='NLP task type' result_ids=['R1544148', 'R1544150', 'R1544149']
[sep] ────────────────────────────────────────────────────────────
[property] start predicate_id='' property_label='NLP task input' key='NLP task input' mapping='III.1'
[property] answers property_label='NLP task input' key='NLP task input' answers=['Document']
[map] to_resource key='NLP task input' answer='Document' object_id='R1544153'
[property] values_resolved property_label='NLP task input' key='NLP task input' result_ids=['R1544153']
[property] 10-values_resolved property_label='NLP task input' key='NLP task input' result_ids=['R1544153']
[sep] ────────────────────────────────────────────────────────────
[sep] ──────────────────────────────────────────────────────────── SUBTEMPLATE NLP task output ────────────────────────────────────────────────────────────
[subtemplate] start label='NLP task output' class_id='C121007' subtemplate_id='R1544158'
[sep] ────────────────────────────────────────────────────────────
[property] start predicate_id='' property_label='NLP task output classification label' key='NLP task output classification label' mapping='III.3'
[property] answers property_label='NLP task output classification label' key='NLP task output classification label' answers=['TABLE I MAPPING BETWEEN QUESTIONS AND METADATA TYPES IN OUR CONCEPTUAL MODEL']
[literal] created key='NLP task output classification label' answer='TABLE I MAPPING BETWEEN QUESTIONS AND METADATA TYPES IN OUR CONCEPTUAL MODEL' id='L3606257'
[property] values_resolved property_label='NLP task output classification label' key='NLP task output classification label' result_ids=['L3606257']
[property] 10-values_resolved property_label='NLP task output classification label' key='NLP task output classification label' result_ids=['L3606257']
[sep] ────────────────────────────────────────────────────────────
[property] start predicate_id='' property_label='NLP task output extracted element' key='NLP task output extracted element' mapping='III.5'
[property] answers property_label='NLP task output extracted element' key='NLP task output extracted element' answers=['semantic legal metadata :actor, agent, target, auxiliary party, artifact, situation, location, time, definition, obligation, prohibition, permission, constraint, condition, exception, penalty, violation, sanction']
[literal] created key='NLP task output extracted element' answer='semantic legal metadata :actor, agent, target, auxiliary party, artifact, situation, location, time, definition, obligation, prohibition, permission, constraint, condition, exception, penalty, violation, sanction' id='L3606258'
[property] values_resolved property_label='NLP task output extracted element' key='NLP task output extracted element' result_ids=['L3606258']
[property] 10-values_resolved property_label='NLP task output extracted element' key='NLP task output extracted element' result_ids=['L3606258']
[sep] ────────────────────────────────────────────────────────────
[property] start predicate_id='' property_label='NLP task output translation mapping cardinality' key='NLP task output translation mapping cardinality' mapping='III.7'
[property] no_answers property_label='NLP task output translation mapping cardinality'
[sep] ────────────────────────────────────────────────────────────
[property] start predicate_id='' property_label='NLP task output type' key='NLP task output type' mapping="['III.2', 'III.4', 'III.6', 'III.8', 'III.9']"
[property] answers property_label='NLP task output type' key='NLP task output type' answers=['Multi class- Multi label', 'Sentences', 'Phrases', 'Words', 'Paragraphs', 'Sentences', 'Phrases', 'Words', 'Other/Comments', 'articles from legal texts with highlighted elements']
[map] to_resource key='NLP task output type' answer='Multi class- Multi label' object_id='R1544169'
[map] to_resource key='NLP task output type' answer='Sentences' object_id='R1544173'
[map] to_resource key='NLP task output type' answer='Phrases' object_id='R1544167'
[map] to_resource key='NLP task output type' answer='Words' object_id='R1544170'
[map] to_resource key='NLP task output type' answer='Paragraphs' object_id='R1544164'
[map] to_resource key='NLP task output type' answer='Sentences' object_id='R1544173'
[map] to_resource key='NLP task output type' answer='Phrases' object_id='R1544167'
[map] to_resource key='NLP task output type' answer='Words' object_id='R1544170'
[unmapped] other_value_skipped key='NLP task output type' answer='Other/Comments'
[unmapped] other_value_skipped_resource_should_not_be_created key='NLP task output type' answer='Other/Comments'
[unmapped] other_context_skipped key='NLP task output type' answer='articles from legal texts with highlighted elements'
[resource] created label='articles from legal texts with highlighted elements' class_id='C121008' id='R1548229'
[map] to_resource key='NLP task output type' answer='articles from legal texts with highlighted elements' object_id='R1548229'
[property] values_resolved property_label='NLP task output type' key='NLP task output type' result_ids=['R1544169', 'R1544173', 'R1544167', 'R1544170', 'R1544164', 'R1544173', 'R1544167', 'R1544170', 'R1548229']
[property] 10-values_resolved property_label='NLP task output type' key='NLP task output type' result_ids=['R1544169', 'R1544173', 'R1544167', 'R1544170', 'R1544164', 'R1544173', 'R1544167', 'R1544170', 'R1548229']
[subtemplate] end label='NLP task output' class_id='C121007' subtemplate_id='R1544158'
[sep] ────────────────────────────────────────────────────────────
[subtemplate] end label='NLP task' class_id='C121004' subtemplate_id='R1544138'
[sep] ────────────────────────────────────────────────────────────
[link] created s='R1548226' p='P181003' o='R1548227'
[sep] ──────────────────────────────────────────────────────────── PREDICATE P181011 ────────────────────────────────────────────────────────────
[section] predicate id='P181011' label='NLP dataset'
[sep] ──────────────────────────────────────────────────────────── SUBTEMPLATE NLP dataset ────────────────────────────────────────────────────────────
[subtemplate] start label='NLP dataset' class_id='C121010' subtemplate_id='R1544216'
[sep] ────────────────────────────────────────────────────────────
[property] start predicate_id='' property_label='NLP data item' key='NLP data item' mapping='IV.1'
[property] answers property_label='NLP data item' key='NLP data item' answers=['112 elements are in the ground truth']
[literal] created key='NLP data item' answer='112 elements are in the ground truth' id='L3606259'
[property] values_resolved property_label='NLP data item' key='NLP data item' result_ids=['L3606259']
[property] 10-values_resolved property_label='NLP data item' key='NLP data item' result_ids=['L3606259']
[sep] ────────────────────────────────────────────────────────────
[property] start predicate_id='' property_label='NLP data production time' key='NLP data prodcution time' mapping='IV.2'
[property] answers property_label='NLP data production time' key='NLP data prodcution time' answers=['2018-2019']
[literal] created key='NLP data prodcution time' answer='2018-2019' id='L3606260'
[property] values_resolved property_label='NLP data production time' key='NLP data prodcution time' result_ids=['L3606260']
[property] 10-values_resolved property_label='NLP data production time' key='NLP data prodcution time' result_ids=['L3606260']
[sep] ────────────────────────────────────────────────────────────
[sep] ──────────────────────────────────────────────────────────── SUBTEMPLATE NLP data source ────────────────────────────────────────────────────────────
[subtemplate] start label='NLP data source' class_id='C121011' subtemplate_id='R1544223'
[sep] ────────────────────────────────────────────────────────────
[property] start predicate_id='' property_label='NLP data source type' key='NLP data source type' mapping='IV.3'
[property] answers property_label='NLP data source type' key='NLP data source type' answers=['Community-based Open Source Projects', 'Legal/regulatory documents']
[map] to_resource key='NLP data source type' answer='Community-based Open Source Projects' object_id='R1544225'
[map] to_resource key='NLP data source type' answer='Legal/regulatory documents' object_id='R1544226'
[property] values_resolved property_label='NLP data source type' key='NLP data source type' result_ids=['R1544225', 'R1544226']
[property] 10-values_resolved property_label='NLP data source type' key='NLP data source type' result_ids=['R1544225', 'R1544226']
[sep] ────────────────────────────────────────────────────────────
[property] start predicate_id='' property_label='Number of data sources' key='Number of data sources' mapping='IV.9'
[property] answers property_label='Number of data sources' key='Number of data sources' answers=['1']
[Integer literal] fallback_to_text key='Number of data sources' answer='1'
[literal] created key='Number of data sources' answer='1' id='L3606261'
[property] values_resolved property_label='Number of data sources' key='Number of data sources' result_ids=['L3606261']
[property] 10-values_resolved property_label='Number of data sources' key='Number of data sources' result_ids=['L3606261']
[sep] ────────────────────────────────────────────────────────────
[property] start predicate_id='' property_label='NLP data source domain' key='NLP data source domain' mapping='IV.8'
[property] answers property_label='NLP data source domain' key='NLP data source domain' answers=['Taxation domain <legal act>']
[resource] created label='Taxation domain <legal act>' class_id='C121053' id='R1548232'
[unmapped] categorical_created key='NLP data source domain' answer='Taxation domain <legal act>' id='R1548232'
[property] values_resolved property_label='NLP data source domain' key='NLP data source domain' result_ids=['R1548232']
[property] 10-values_resolved property_label='NLP data source domain' key='NLP data source domain' result_ids=['R1548232']
[subtemplate] end label='NLP data source' class_id='C121011' subtemplate_id='R1544223'
[sep] ────────────────────────────────────────────────────────────
[sep] ────────────────────────────────────────────────────────────
[property] start predicate_id='' property_label='NLP data abstraction level' key='NLP data abstraction level' mapping='IV.4'
[property] answers property_label='NLP data abstraction level' key='NLP data abstraction level' answers=['Normative-level']
[map] to_resource key='NLP data abstraction level' answer='Normative-level' object_id='R1544239'
[property] values_resolved property_label='NLP data abstraction level' key='NLP data abstraction level' result_ids=['R1544239']
[property] 10-values_resolved property_label='NLP data abstraction level' key='NLP data abstraction level' result_ids=['R1544239']
[sep] ────────────────────────────────────────────────────────────
[sep] ──────────────────────────────────────────────────────────── SUBTEMPLATE NLP data type ────────────────────────────────────────────────────────────
[subtemplate] start label='NLP data type' class_id='C121015' subtemplate_id='R1544245'
[sep] ────────────────────────────────────────────────────────────
[property] start predicate_id='' property_label='NLP data format' key='NLP data format' mapping='IV.5'
[property] answers property_label='NLP data format' key='NLP data format' answers=['Legal text']
[map] to_resource key='NLP data format' answer='Legal text' object_id='R1544255'
[property] values_resolved property_label='NLP data format' key='NLP data format' result_ids=['R1544255']
[property] 10-values_resolved property_label='NLP data format' key='NLP data format' result_ids=['R1544255']
[sep] ────────────────────────────────────────────────────────────
[property] start predicate_id='' property_label='Rigor of data format' key='Rigor of data format' mapping='IV.6'
[property] answers property_label='Rigor of data format' key='Rigor of data format' answers=['Unconstrained natural language', 'Semantically-augmented natural language']
[map] to_resource key='Rigor of data format' answer='Unconstrained natural language' object_id='R1544258'
[map] to_resource key='Rigor of data format' answer='Semantically-augmented natural language' object_id='R1544261'
[property] values_resolved property_label='Rigor of data format' key='Rigor of data format' result_ids=['R1544258', 'R1544261']
[property] 10-values_resolved property_label='Rigor of data format' key='Rigor of data format' result_ids=['R1544258', 'R1544261']
[sep] ────────────────────────────────────────────────────────────
[property] start predicate_id='' property_label='Natural language' key='Natural language' mapping='IV.7'
[property] answers property_label='Natural language' key='Natural language' answers=['French']
[literal] created key='Natural language' answer='French' id='L3606262'
[property] values_resolved property_label='Natural language' key='Natural language' result_ids=['L3606262']
[property] 10-values_resolved property_label='Natural language' key='Natural language' result_ids=['L3606262']
[subtemplate] end label='NLP data type' class_id='C121015' subtemplate_id='R1544245'
[sep] ────────────────────────────────────────────────────────────
[sep] ────────────────────────────────────────────────────────────
[sep] ──────────────────────────────────────────────────────────── SUBTEMPLATE License ────────────────────────────────────────────────────────────
[subtemplate] start label='License' class_id='C121018' subtemplate_id='R1544265'
[sep] ────────────────────────────────────────────────────────────
[property] start predicate_id='' property_label='Public availability' key='Public availability' mapping='IV.10'
[property] answers property_label='Public availability' key='Public availability' answers=['No']
[map] to_resource key='Public availability' answer='No' object_id='R1544268'
[property] values_resolved property_label='Public availability' key='Public availability' result_ids=['R1544268']
[property] 10-values_resolved property_label='Public availability' key='Public availability' result_ids=['R1544268']
[sep] ────────────────────────────────────────────────────────────
[property] start predicate_id='' property_label='License type' key='License type' mapping='IV.11'
[property] answers property_label='License type' key='License type' answers=['No license']
[map] to_resource key='License type' answer='No license' object_id='R1544274'
[property] values_resolved property_label='License type' key='License type' result_ids=['R1544274']
[property] 10-values_resolved property_label='License type' key='License type' result_ids=['R1544274']
[subtemplate] end label='License' class_id='C121018' subtemplate_id='R1544265'
[sep] ────────────────────────────────────────────────────────────
[sep] ────────────────────────────────────────────────────────────
[sep] ──────────────────────────────────────────────────────────── SUBTEMPLATE Dataset location ────────────────────────────────────────────────────────────
[subtemplate] start label='Dataset location' class_id='C121022' subtemplate_id='R1544278'
[sep] ────────────────────────────────────────────────────────────
[property] start predicate_id='' property_label='Location type' key='Dataset location type' mapping='IV.12'
[property] no_answers property_label='Location type'
[sep] ────────────────────────────────────────────────────────────
[property] start predicate_id='' property_label='URL' key='url' mapping='IV.13'
[property] no_answers property_label='URL'
[subtemplate] end label='Dataset location' class_id='C121022' subtemplate_id='R1544278'
[sep] ────────────────────────────────────────────────────────────
[subtemplate] end label='NLP dataset' class_id='C121010' subtemplate_id='R1544216'
[sep] ────────────────────────────────────────────────────────────
[link] created s='R1548226' p='P181011' o='R1548230'
[sep] ──────────────────────────────────────────────────────────── PREDICATE P181031 ────────────────────────────────────────────────────────────
[section] predicate id='P181031' label='Annotation process'
[sep] ──────────────────────────────────────────────────────────── SUBTEMPLATE Annotation process ────────────────────────────────────────────────────────────
[subtemplate] start label='Annotation process' class_id='C121025' subtemplate_id='R1544287'
[sep] ────────────────────────────────────────────────────────────
[sep] ──────────────────────────────────────────────────────────── SUBTEMPLATE Annotator ────────────────────────────────────────────────────────────
[subtemplate] start label='Annotator' class_id='C121026' subtemplate_id='R1544290'
[sep] ────────────────────────────────────────────────────────────
[property] start predicate_id='' property_label='Number of annotators' key='Number of annotators' mapping='V.1'
[property] answers property_label='Number of annotators' key='Number of annotators' answers=['3']
[Integer literal] fallback_to_text key='Number of annotators' answer='3'
[literal] created key='Number of annotators' answer='3' id='L3606263'
[property] values_resolved property_label='Number of annotators' key='Number of annotators' result_ids=['L3606263']
[property] 10-values_resolved property_label='Number of annotators' key='Number of annotators' result_ids=['L3606263']
[sep] ────────────────────────────────────────────────────────────
[property] start predicate_id='' property_label='Annotator assignment' key='Annotator assignment' mapping='V.2'
[property] answers property_label='Annotator assignment' key='Annotator assignment' answers=['Multiple annotators per entry']
[map] to_resource key='Annotator assignment' answer='Multiple annotators per entry' object_id='R1544293'
[property] values_resolved property_label='Annotator assignment' key='Annotator assignment' result_ids=['R1544293']
[property] 10-values_resolved property_label='Annotator assignment' key='Annotator assignment' result_ids=['R1544293']
[sep] ────────────────────────────────────────────────────────────
[property] start predicate_id='' property_label='Level of application domain experience' key='Level of application domain experience' mapping='V.3'
[property] answers property_label='Level of application domain experience' key='Level of application domain experience' answers=['Informed outsider', 'Domain expert']
[map] to_resource key='Level of application domain experience' answer='Informed outsider' object_id='R1544300'
[map] to_resource key='Level of application domain experience' answer='Domain expert' object_id='R1544299'
[property] values_resolved property_label='Level of application domain experience' key='Level of application domain experience' result_ids=['R1544300', 'R1544299']
[property] 10-values_resolved property_label='Level of application domain experience' key='Level of application domain experience' result_ids=['R1544300', 'R1544299']
[sep] ────────────────────────────────────────────────────────────
[property] start predicate_id='' property_label='Annotator identity' key='Annotator identity' mapping='V.4'
[property] answers property_label='Annotator identity' key='Annotator identity' answers=['The designers of the technique/tool', 'People who have direct contact with the designers']
[map] to_resource key='Annotator identity' answer='The designers of the technique/tool' object_id='R1544302'
[map] to_resource key='Annotator identity' answer='People who have direct contact with the designers' object_id='R1544304'
[property] values_resolved property_label='Annotator identity' key='Annotator identity' result_ids=['R1544302', 'R1544304']
[property] 10-values_resolved property_label='Annotator identity' key='Annotator identity' result_ids=['R1544302', 'R1544304']
[subtemplate] end label='Annotator' class_id='C121026' subtemplate_id='R1544290'
[sep] ────────────────────────────────────────────────────────────
[sep] ────────────────────────────────────────────────────────────
[sep] ──────────────────────────────────────────────────────────── SUBTEMPLATE Annotation scheme ────────────────────────────────────────────────────────────
[subtemplate] start label='Annotation scheme' class_id='C121030' subtemplate_id='R1544307'
[sep] ────────────────────────────────────────────────────────────
[property] start predicate_id='' property_label='Scheme establishment' key='Scheme establishement' mapping='V.5'
[property] answers property_label='Scheme establishment' key='Scheme establishement' answers=['Written guidelines with definitions and examples']
[map] to_resource key='Scheme establishement' answer='Written guidelines with definitions and examples' object_id='R1544310'
[property] values_resolved property_label='Scheme establishment' key='Scheme establishement' result_ids=['R1544310']
[property] 10-values_resolved property_label='Scheme establishment' key='Scheme establishement' result_ids=['R1544310']
[sep] ────────────────────────────────────────────────────────────
[property] start predicate_id='' property_label='Guideline availability' key='Guideline availability' mapping='V.6'
[property] no_answers property_label='Guideline availability'
[subtemplate] end label='Annotation scheme' class_id='C121030' subtemplate_id='R1544307'
[sep] ────────────────────────────────────────────────────────────
[sep] ────────────────────────────────────────────────────────────
[property] start predicate_id='' property_label='Shared material' key='Shared material' mapping='V.7'
[property] answers property_label='Shared material' key='Shared material' answers=['Entire document']
[map] to_resource key='Shared material' answer='Entire document' object_id='R1544321'
[property] values_resolved property_label='Shared material' key='Shared material' result_ids=['R1544321']
[property] 10-values_resolved property_label='Shared material' key='Shared material' result_ids=['R1544321']
[sep] ────────────────────────────────────────────────────────────
[property] start predicate_id='' property_label='Fatigue mitigation technique' key='Fatigue mitigation technique' mapping='V.8'
[property] answers property_label='Fatigue mitigation technique' key='Fatigue mitigation technique' answers=['regular checkpoints and discussions over the annotatio']
[resource] created label='regular checkpoints and discussions over the annotatio' class_id='C121034' id='R1548239'
[unmapped] categorical_created key='Fatigue mitigation technique' answer='regular checkpoints and discussions over the annotatio' id='R1548239'
[property] values_resolved property_label='Fatigue mitigation technique' key='Fatigue mitigation technique' result_ids=['R1548239']
[property] 10-values_resolved property_label='Fatigue mitigation technique' key='Fatigue mitigation technique' result_ids=['R1548239']
[sep] ────────────────────────────────────────────────────────────
[sep] ──────────────────────────────────────────────────────────── SUBTEMPLATE Annotator agreement ────────────────────────────────────────────────────────────
[subtemplate] start label='Annotator agreement' class_id='C121035' subtemplate_id='R1544326'
[sep] ────────────────────────────────────────────────────────────
[property] start predicate_id='' property_label='Intercoder reliability metric' key='Intercoder reliability metric' mapping='V.9'
[property] answers property_label='Intercoder reliability metric' key='Intercoder reliability metric' answers=["Cohen's K"]
[map] to_resource key='Intercoder reliability metric' answer="Cohen's K" object_id='R1544328'
[property] values_resolved property_label='Intercoder reliability metric' key='Intercoder reliability metric' result_ids=['R1544328']
[property] 10-values_resolved property_label='Intercoder reliability metric' key='Intercoder reliability metric' result_ids=['R1544328']
[sep] ────────────────────────────────────────────────────────────
[property] start predicate_id='' property_label='Conflict resolution' key='Conflict resolution' mapping='V.10'
[property] answers property_label='Conflict resolution' key='Conflict resolution' answers=['Discussion among taggers', 'a super-annotator made the final decision if disagreement persisted', 'a super-annotato']
[resource] created label='Discussion among taggers' class_id='C121037' id='R1548241'
[unmapped] categorical_created key='Conflict resolution' answer='Discussion among taggers' id='R1548241'
[resource] created label='a super-annotator made the final decision if disagreement persisted' class_id='C121037' id='R1548242'
[unmapped] categorical_created key='Conflict resolution' answer='a super-annotator made the final decision if disagreement persisted' id='R1548242'
[resource] created label='a super-annotato' class_id='C121037' id='R1548243'
[unmapped] categorical_created key='Conflict resolution' answer='a super-annotato' id='R1548243'
[property] values_resolved property_label='Conflict resolution' key='Conflict resolution' result_ids=['R1548241', 'R1548242', 'R1548243']
[property] 10-values_resolved property_label='Conflict resolution' key='Conflict resolution' result_ids=['R1548241', 'R1548242', 'R1548243']
[sep] ────────────────────────────────────────────────────────────
[property] start predicate_id='' property_label='Measured agreement' key='Measured agreement' mapping='V.11'
[property] no_answers property_label='Measured agreement'
[literal] created key='Measured agreement' answer='Not reported' id='L3606264'
[subtemplate] end label='Annotator agreement' class_id='C121035' subtemplate_id='R1544326'
[sep] ────────────────────────────────────────────────────────────
[subtemplate] end label='Annotation process' class_id='C121025' subtemplate_id='R1544287'
[sep] ────────────────────────────────────────────────────────────
[link] created s='R1548226' p='P181031' o='R1548236'
[sep] ──────────────────────────────────────────────────────────── PREDICATE P181046 ────────────────────────────────────────────────────────────
[section] predicate id='P181046' label='Implemented approach'
[sep] ──────────────────────────────────────────────────────────── SUBTEMPLATE Implemented approach ────────────────────────────────────────────────────────────
[subtemplate] start label='Implemented approach' class_id='C121038' subtemplate_id='R1544363'
[sep] ────────────────────────────────────────────────────────────
[property] start predicate_id='' property_label='Approach type' key='Approach type' mapping='VI.1'
[property] answers property_label='Approach type' key='Approach type' answers=['Rule-based']
[map] to_resource key='Approach type' answer='Rule-based' object_id='R1544366'
[property] values_resolved property_label='Approach type' key='Approach type' result_ids=['R1544366']
[property] 10-values_resolved property_label='Approach type' key='Approach type' result_ids=['R1544366']
[sep] ────────────────────────────────────────────────────────────
[property] start predicate_id='' property_label='Algorithm used' key='Algorithm used' mapping='VI.2'
[property] no_answers property_label='Algorithm used'
[sep] ────────────────────────────────────────────────────────────
[property] start predicate_id='' property_label='Running requirements' key='Running requirements' mapping='VI.4'
[property] answers property_label='Running requirements' key='Running requirements' answers=['Reproduce the tool from the explanation in the paper']
[map] to_resource key='Running requirements' answer='Reproduce the tool from the explanation in the paper' object_id='R1544382'
[property] values_resolved property_label='Running requirements' key='Running requirements' result_ids=['R1544382']
[property] 10-values_resolved property_label='Running requirements' key='Running requirements' result_ids=['R1544382']
[sep] ────────────────────────────────────────────────────────────
[property] start predicate_id='' property_label='Documentation' key='Documentation' mapping='VI.5'
[property] answers property_label='Documentation' key='Documentation' answers=['An academic paper']
[map] to_resource key='Documentation' answer='An academic paper' object_id='R1544386'
[property] values_resolved property_label='Documentation' key='Documentation' result_ids=['R1544386']
[property] 10-values_resolved property_label='Documentation' key='Documentation' result_ids=['R1544386']
[sep] ────────────────────────────────────────────────────────────
[property] start predicate_id='' property_label='Dependency' key='Dependency' mapping='VI.6'
[property] answers property_label='Dependency' key='Dependency' answers=['Open source libraries / software']
[map] to_resource key='Dependency' answer='Open source libraries / software' object_id='R1544394'
[property] values_resolved property_label='Dependency' key='Dependency' result_ids=['R1544394']
[property] 10-values_resolved property_label='Dependency' key='Dependency' result_ids=['R1544394']
[sep] ────────────────────────────────────────────────────────────
[property] start predicate_id='' property_label='License type' key='License type' mapping='VI.8'
[property] no_answers property_label='License type'
[sep] ────────────────────────────────────────────────────────────
[sep] ──────────────────────────────────────────────────────────── SUBTEMPLATE Release ────────────────────────────────────────────────────────────
[subtemplate] start label='Release' class_id='C121044' subtemplate_id='R1544401'
[sep] ────────────────────────────────────────────────────────────
[property] start predicate_id='' property_label='Release format' key='Release format' mapping='VI.3'
[property] answers property_label='Release format' key='Release format' answers=['Service on the web']
[map] to_resource key='Release format' answer='Service on the web' object_id='R1544408'
[property] values_resolved property_label='Release format' key='Release format' result_ids=['R1544408']
[property] 10-values_resolved property_label='Release format' key='Release format' result_ids=['R1544408']
[sep] ────────────────────────────────────────────────────────────
[property] start predicate_id='' property_label='Location type' key='Tool location type' mapping='VI.7'
[property] no_answers property_label='Location type'
[sep] ────────────────────────────────────────────────────────────
[property] start predicate_id='' property_label='URL' key='url' mapping='VI.9'
[property] no_answers property_label='URL'
[subtemplate] end label='Release' class_id='C121044' subtemplate_id='R1544401'
[sep] ────────────────────────────────────────────────────────────
[subtemplate] end label='Implemented approach' class_id='C121038' subtemplate_id='R1544363'
[sep] ────────────────────────────────────────────────────────────
[link] created s='R1548226' p='P181046' o='R1548244'
[sep] ──────────────────────────────────────────────────────────── PREDICATE HAS_EVALUATION ────────────────────────────────────────────────────────────
[section] predicate id='HAS_EVALUATION' label='Evaluation'
[sep] ──────────────────────────────────────────────────────────── SUBTEMPLATE Evaluation ────────────────────────────────────────────────────────────
[subtemplate] start label='Evaluation' class_id='C121047' subtemplate_id='R1544421'
[sep] ────────────────────────────────────────────────────────────
[property] start predicate_id='' property_label='Evaluation metric' key='Evaluation metric' mapping='VII.1'
[property] answers property_label='Evaluation metric' key='Evaluation metric' answers=['Precision/Recall']
[map] to_resource key='Evaluation metric' answer='Precision/Recall' object_id='R1544436'
[property] values_resolved property_label='Evaluation metric' key='Evaluation metric' result_ids=['R1544436']
[property] 10-values_resolved property_label='Evaluation metric' key='Evaluation metric' result_ids=['R1544436']
[sep] ────────────────────────────────────────────────────────────
[property] start predicate_id='' property_label='Validation procedure' key='Validation procedure' mapping='VII.2'
[property] answers property_label='Validation procedure' key='Validation procedure' answers=['Entire dataset']
[map] to_resource key='Validation procedure' answer='Entire dataset' object_id='R1544446'
[property] values_resolved property_label='Validation procedure' key='Validation procedure' result_ids=['R1544446']
[property] 10-values_resolved property_label='Validation procedure' key='Validation procedure' result_ids=['R1544446']
[sep] ────────────────────────────────────────────────────────────
[sep] ──────────────────────────────────────────────────────────── SUBTEMPLATE Baseline comparison ────────────────────────────────────────────────────────────
[subtemplate] start label='Baseline comparison' class_id='C121050' subtemplate_id='R1544450'
[sep] ────────────────────────────────────────────────────────────
[property] start predicate_id='' property_label='Baseline comparison type' key='Baseline comparsion type' mapping='VII.3'
[property] answers property_label='Baseline comparison type' key='Baseline comparsion type' answers=['Human baseline']
[map] to_resource key='Baseline comparsion type' answer='Human baseline' object_id='R1544452'
[property] values_resolved property_label='Baseline comparison type' key='Baseline comparsion type' result_ids=['R1544452']
[property] 10-values_resolved property_label='Baseline comparison type' key='Baseline comparsion type' result_ids=['R1544452']
[sep] ────────────────────────────────────────────────────────────
[property] start predicate_id='' property_label='Baseline comparison details' key='Baseline comparison details' mapping='VII.4'
[property] no_answers property_label='Baseline comparison details'
[literal] created key='Baseline comparison details' answer='Not reported' id='L3606265'
[subtemplate] end label='Baseline comparison' class_id='C121050' subtemplate_id='R1544450'
[sep] ────────────────────────────────────────────────────────────
[subtemplate] end label='Evaluation' class_id='C121047' subtemplate_id='R1544421'
[sep] ────────────────────────────────────────────────────────────
[link] created s='R1548226' p='HAS_EVALUATION' o='R1548246'
