[run] start run_id='3a2e2a43'
[connect] ok host='https://orkg.org'
[json] loaded path='/Users/amirrezaalasti/Desktop/TIB/nlp4re/pdf_files/Automated_Import_to_ORKG/IE-Req-2.json'
[run] instance run_id='3a2e2a43' instance_id='R1553026'
[sep] ──────────────────────────────────────────────────────────── PREDICATE P181002 ────────────────────────────────────────────────────────────
[section] predicate id='P181002' label='RE task'
[property] start predicate_id='' property_label='RE task' key='RE task' mapping='I.1'
[selected_answers] answer answer='Information extraction (e.g., features, terms) from' resource_mapping_key='RE task'
[options_details] answer answer='Information extraction (e.g., features, terms) from' resource_mapping_key='RE task' answer_label_type_in_options_details='No type'
[property] answers property_label='RE task' key='RE task' answers=['Information extraction from']
[resource] created label='Information extraction from' class_id='C121003' id='R1553027'
[unmapped] categorical_created key='RE task' answer='Information extraction from' id='R1553027'
[property] values_resolved property_label='RE task' key='RE task' result_ids=['R1553027']
[link] created s='R1553026' p='P181002' o='R1553027'
[sep] ──────────────────────────────────────────────────────────── PREDICATE P181003 ────────────────────────────────────────────────────────────
[section] predicate id='P181003' label='NLP task'
[sep] ──────────────────────────────────────────────────────────── SUBTEMPLATE NLP task ────────────────────────────────────────────────────────────
[subtemplate] start label='NLP task' class_id='C121004' subtemplate_id='R1544138'
[sep] ────────────────────────────────────────────────────────────
[property] start predicate_id='' property_label='NLP task type' key='NLP task type' mapping='II.1'
[selected_answers] answer answer='Information extraction' resource_mapping_key='NLP task type'
[options_details] answer answer='Information extraction' resource_mapping_key='NLP task type' answer_label_type_in_options_details='No type'
[property] answers property_label='NLP task type' key='NLP task type' answers=['Information extraction']
[map] to_resource key='NLP task type' answer='Information extraction' object_id='R1544150'
[property] values_resolved property_label='NLP task type' key='NLP task type' result_ids=['R1544150']
[property] 10-values_resolved property_label='NLP task type' key='NLP task type' result_ids=['R1544150']
[sep] ────────────────────────────────────────────────────────────
[property] start predicate_id='' property_label='NLP task input' key='NLP task input' mapping='III.1'
[selected_answers] answer answer='Document' resource_mapping_key='NLP task input'
[options_details] answer answer='Document' resource_mapping_key='NLP task input' answer_label_type_in_options_details='No type'
[property] answers property_label='NLP task input' key='NLP task input' answers=['Document']
[map] to_resource key='NLP task input' answer='Document' object_id='R1544153'
[property] values_resolved property_label='NLP task input' key='NLP task input' result_ids=['R1544153']
[property] 10-values_resolved property_label='NLP task input' key='NLP task input' result_ids=['R1544153']
[sep] ────────────────────────────────────────────────────────────
[sep] ──────────────────────────────────────────────────────────── SUBTEMPLATE NLP task output ────────────────────────────────────────────────────────────
[subtemplate] start label='NLP task output' class_id='C121007' subtemplate_id='R1544158'
[sep] ────────────────────────────────────────────────────────────
[property] start predicate_id='' property_label='NLP task output classification label' key='NLP task output classification label' mapping='III.3'
[property] no_answers property_label='NLP task output classification label'
[literal] created key='NLP task output classification label' answer='Not reported' id='L3614305'
[sep] ────────────────────────────────────────────────────────────
[property] start predicate_id='' property_label='NLP task output extracted element' key='NLP task output extracted element' mapping='III.5'
[options_details] answer answer='feature-relevant, feature-not relevant' resource_mapping_key='NLP task output extracted element' answer_label_type_in_options_details='Text'
[property] answers property_label='NLP task output extracted element' key='NLP task output extracted element' answers=['feature-relevant, feature-not relevant']
[literal] created key='NLP task output extracted element' answer='feature-relevant, feature-not relevant' id='L3614306'
[property] values_resolved property_label='NLP task output extracted element' key='NLP task output extracted element' result_ids=['L3614306']
[property] 10-values_resolved property_label='NLP task output extracted element' key='NLP task output extracted element' result_ids=['L3614306']
[sep] ────────────────────────────────────────────────────────────
[property] start predicate_id='' property_label='NLP task output translation mapping cardinality' key='NLP task output translation mapping cardinality' mapping='III.7'
[property] no_answers property_label='NLP task output translation mapping cardinality'
[sep] ────────────────────────────────────────────────────────────
[property] start predicate_id='' property_label='NLP task output type' key='NLP task output type' mapping="['III.2', 'III.4', 'III.6', 'III.8', 'III.9']"
[selected_answers] answer answer='Sentences' resource_mapping_key='NLP task output type'
[options_details] answer answer='Sentences' resource_mapping_key='NLP task output type' answer_label_type_in_options_details='No type'
[property] answers property_label='NLP task output type' key='NLP task output type' answers=['Sentences']
[map] to_resource key='NLP task output type' answer='Sentences' object_id='R1544173'
[property] values_resolved property_label='NLP task output type' key='NLP task output type' result_ids=['R1544173']
[property] 10-values_resolved property_label='NLP task output type' key='NLP task output type' result_ids=['R1544173']
[subtemplate] end label='NLP task output' class_id='C121007' subtemplate_id='R1544158'
[sep] ────────────────────────────────────────────────────────────
[subtemplate] end label='NLP task' class_id='C121004' subtemplate_id='R1544138'
[sep] ────────────────────────────────────────────────────────────
[link] created s='R1553026' p='P181003' o='R1553028'
[sep] ──────────────────────────────────────────────────────────── PREDICATE P181011 ────────────────────────────────────────────────────────────
[section] predicate id='P181011' label='NLP dataset'
[sep] ──────────────────────────────────────────────────────────── SUBTEMPLATE NLP dataset ────────────────────────────────────────────────────────────
[subtemplate] start label='NLP dataset' class_id='C121010' subtemplate_id='R1544216'
[sep] ────────────────────────────────────────────────────────────
[property] start predicate_id='' property_label='NLP data item' key='NLP data item' mapping='IV.1'
[options_details] answer answer='1161 sentences' resource_mapping_key='NLP data item' answer_label_type_in_options_details='Text'
[property] answers property_label='NLP data item' key='NLP data item' answers=['1161 sentences']
[literal] created key='NLP data item' answer='1161 sentences' id='L3614307'
[property] values_resolved property_label='NLP data item' key='NLP data item' result_ids=['L3614307']
[property] 10-values_resolved property_label='NLP data item' key='NLP data item' result_ids=['L3614307']
[sep] ────────────────────────────────────────────────────────────
[property] start predicate_id='' property_label='NLP data production time' key='NLP data prodcution time' mapping='IV.2'
[options_details] answer answer='2015' resource_mapping_key='NLP data prodcution time' answer_label_type_in_options_details='Text'
[property] answers property_label='NLP data production time' key='NLP data prodcution time' answers=['2015']
[literal] created key='NLP data prodcution time' answer='2015' id='L3614308'
[property] values_resolved property_label='NLP data production time' key='NLP data prodcution time' result_ids=['L3614308']
[property] 10-values_resolved property_label='NLP data production time' key='NLP data prodcution time' result_ids=['L3614308']
[sep] ────────────────────────────────────────────────────────────
[sep] ──────────────────────────────────────────────────────────── SUBTEMPLATE NLP data source ────────────────────────────────────────────────────────────
[subtemplate] start label='NLP data source' class_id='C121011' subtemplate_id='R1544223'
[sep] ────────────────────────────────────────────────────────────
[property] start predicate_id='' property_label='NLP data source type' key='NLP data source type' mapping='IV.3'
[selected_answers] answer answer='Industrial project, proprietary data' resource_mapping_key='NLP data source type'
[options_details] answer answer='Industrial project, proprietary data' resource_mapping_key='NLP data source type' answer_label_type_in_options_details='No type'
[property] answers property_label='NLP data source type' key='NLP data source type' answers=['Industrial project, proprietary data']
[map] to_resource key='NLP data source type' answer='Industrial project, proprietary data' object_id='R1544228'
[property] values_resolved property_label='NLP data source type' key='NLP data source type' result_ids=['R1544228']
[property] 10-values_resolved property_label='NLP data source type' key='NLP data source type' result_ids=['R1544228']
[sep] ────────────────────────────────────────────────────────────
[property] start predicate_id='' property_label='Number of data sources' key='Number of data sources' mapping='IV.9'
[options_details] answer answer='1' resource_mapping_key='Number of data sources' answer_label_type_in_options_details='Text'
[property] answers property_label='Number of data sources' key='Number of data sources' answers=['1']
[Integer literal] fallback_to_text key='Number of data sources' answer='1'
[literal] created key='Number of data sources' answer='1' id='L3614309'
[property] values_resolved property_label='Number of data sources' key='Number of data sources' result_ids=['L3614309']
[property] 10-values_resolved property_label='Number of data sources' key='Number of data sources' result_ids=['L3614309']
[sep] ────────────────────────────────────────────────────────────
[property] start predicate_id='' property_label='NLP data source domain' key='NLP data source domain' mapping='IV.8'
[options_details] answer answer='Global Deal Calculator' resource_mapping_key='NLP data source domain' answer_label_type_in_options_details='Text'
[property] answers property_label='NLP data source domain' key='NLP data source domain' answers=['Global Deal Calculator']
[resource] created label='Global Deal Calculator' class_id='C121053' id='R1553032'
[unmapped] categorical_created key='NLP data source domain' answer='Global Deal Calculator' id='R1553032'
[property] values_resolved property_label='NLP data source domain' key='NLP data source domain' result_ids=['R1553032']
[property] 10-values_resolved property_label='NLP data source domain' key='NLP data source domain' result_ids=['R1553032']
[subtemplate] end label='NLP data source' class_id='C121011' subtemplate_id='R1544223'
[sep] ────────────────────────────────────────────────────────────
[sep] ────────────────────────────────────────────────────────────
[property] start predicate_id='' property_label='NLP data abstraction level' key='NLP data abstraction level' mapping='IV.4'
[selected_answers] answer answer='System-level' resource_mapping_key='NLP data abstraction level'
[options_details] answer answer='System-level' resource_mapping_key='NLP data abstraction level' answer_label_type_in_options_details='No type'
[property] answers property_label='NLP data abstraction level' key='NLP data abstraction level' answers=['System-level']
[map] to_resource key='NLP data abstraction level' answer='System-level' object_id='R1544241'
[property] values_resolved property_label='NLP data abstraction level' key='NLP data abstraction level' result_ids=['R1544241']
[property] 10-values_resolved property_label='NLP data abstraction level' key='NLP data abstraction level' result_ids=['R1544241']
[sep] ────────────────────────────────────────────────────────────
[sep] ──────────────────────────────────────────────────────────── SUBTEMPLATE NLP data type ────────────────────────────────────────────────────────────
[subtemplate] start label='NLP data type' class_id='C121015' subtemplate_id='R1544245'
[sep] ────────────────────────────────────────────────────────────
[property] start predicate_id='' property_label='NLP data format' key='NLP data format' mapping='IV.5'
[selected_answers] answer answer='Other artefacts (e.g., slides)/Comments' resource_mapping_key='NLP data format'
[selected_answers] answer answer='user manual' resource_mapping_key='NLP data format'
[options_details] answer answer='Other artefacts (e.g., slides)/Comments' resource_mapping_key='NLP data format' answer_label_type_in_options_details='No type'
[options_details] answer answer='user manual' resource_mapping_key='NLP data format' answer_label_type_in_options_details='Text'
[property] answers property_label='NLP data format' key='NLP data format' answers=['Other artefacts /Comments', 'user manual']
[resource] created label='Other artefacts /Comments' class_id='C121016' id='R1553034'
[map] to_resource key='NLP data format' answer='Other artefacts /Comments' object_id='R1553034'
[resource] created label='user manual' class_id='C121016' id='R1553035'
[unmapped] categorical_created key='NLP data format' answer='user manual' id='R1553035'
[property] values_resolved property_label='NLP data format' key='NLP data format' result_ids=['R1553034', 'R1553035']
[property] 10-values_resolved property_label='NLP data format' key='NLP data format' result_ids=['R1553034', 'R1553035']
[sep] ────────────────────────────────────────────────────────────
[property] start predicate_id='' property_label='Rigor of data format' key='Rigor of data format' mapping='IV.6'
[selected_answers] answer answer='Unconstrained natural language' resource_mapping_key='Rigor of data format'
[options_details] answer answer='Unconstrained natural language' resource_mapping_key='Rigor of data format' answer_label_type_in_options_details='No type'
[property] answers property_label='Rigor of data format' key='Rigor of data format' answers=['Unconstrained natural language']
[map] to_resource key='Rigor of data format' answer='Unconstrained natural language' object_id='R1544258'
[property] values_resolved property_label='Rigor of data format' key='Rigor of data format' result_ids=['R1544258']
[property] 10-values_resolved property_label='Rigor of data format' key='Rigor of data format' result_ids=['R1544258']
[sep] ────────────────────────────────────────────────────────────
[property] start predicate_id='' property_label='Natural language' key='Natural language' mapping='IV.7'
[options_details] answer answer='English' resource_mapping_key='Natural language' answer_label_type_in_options_details='Text'
[property] answers property_label='Natural language' key='Natural language' answers=['English']
[literal] created key='Natural language' answer='English' id='L3614310'
[property] values_resolved property_label='Natural language' key='Natural language' result_ids=['L3614310']
[property] 10-values_resolved property_label='Natural language' key='Natural language' result_ids=['L3614310']
[subtemplate] end label='NLP data type' class_id='C121015' subtemplate_id='R1544245'
[sep] ────────────────────────────────────────────────────────────
[sep] ────────────────────────────────────────────────────────────
[sep] ──────────────────────────────────────────────────────────── SUBTEMPLATE License ────────────────────────────────────────────────────────────
[subtemplate] start label='License' class_id='C121018' subtemplate_id='R1544265'
[sep] ────────────────────────────────────────────────────────────
[property] start predicate_id='' property_label='Public availability' key='Public availability' mapping='IV.10'
[selected_answers] answer answer='No' resource_mapping_key='Public availability'
[options_details] answer answer='No' resource_mapping_key='Public availability' answer_label_type_in_options_details='No type'
[property] answers property_label='Public availability' key='Public availability' answers=['No']
[map] to_resource key='Public availability' answer='No' object_id='R1544268'
[property] values_resolved property_label='Public availability' key='Public availability' result_ids=['R1544268']
[property] 10-values_resolved property_label='Public availability' key='Public availability' result_ids=['R1544268']
[sep] ────────────────────────────────────────────────────────────
[property] start predicate_id='' property_label='License type' key='License type' mapping='IV.11'
[selected_answers] answer answer='Other/Comments' resource_mapping_key='License type'
[options_details] answer answer='Other/Comments' resource_mapping_key='License type' answer_label_type_in_options_details='No type'
[property] answers property_label='License type' key='License type' answers=['Other/Comments']
[unmapped] other_value_skipped key='License type' answer='Other/Comments'
[map] to_resource key='License type' answer='Other/Comments' object_id='R1544495'
[property] values_resolved property_label='License type' key='License type' result_ids=['R1544495']
[property] 10-values_resolved property_label='License type' key='License type' result_ids=['R1544495']
[subtemplate] end label='License' class_id='C121018' subtemplate_id='R1544265'
[sep] ────────────────────────────────────────────────────────────
[sep] ────────────────────────────────────────────────────────────
[sep] ──────────────────────────────────────────────────────────── SUBTEMPLATE Dataset location ────────────────────────────────────────────────────────────
[subtemplate] start label='Dataset location' class_id='C121022' subtemplate_id='R1544278'
[sep] ────────────────────────────────────────────────────────────
[property] start predicate_id='' property_label='Location type' key='Dataset location type' mapping='IV.12'
[property] no_answers property_label='Location type'
[sep] ────────────────────────────────────────────────────────────
[property] start predicate_id='' property_label='URL' key='url' mapping='IV.13'
[property] no_answers property_label='URL'
[subtemplate] end label='Dataset location' class_id='C121022' subtemplate_id='R1544278'
[sep] ────────────────────────────────────────────────────────────
[subtemplate] end label='NLP dataset' class_id='C121010' subtemplate_id='R1544216'
[sep] ────────────────────────────────────────────────────────────
[link] created s='R1553026' p='P181011' o='R1553030'
[sep] ──────────────────────────────────────────────────────────── PREDICATE P181031 ────────────────────────────────────────────────────────────
[section] predicate id='P181031' label='Annotation process'
[sep] ──────────────────────────────────────────────────────────── SUBTEMPLATE Annotation process ────────────────────────────────────────────────────────────
[subtemplate] start label='Annotation process' class_id='C121025' subtemplate_id='R1544287'
[sep] ────────────────────────────────────────────────────────────
[sep] ──────────────────────────────────────────────────────────── SUBTEMPLATE Annotator ────────────────────────────────────────────────────────────
[subtemplate] start label='Annotator' class_id='C121026' subtemplate_id='R1544290'
[sep] ────────────────────────────────────────────────────────────
[property] start predicate_id='' property_label='Number of annotators' key='Number of annotators' mapping='V.1'
[property] no_answers property_label='Number of annotators'
[sep] ────────────────────────────────────────────────────────────
[property] start predicate_id='' property_label='Annotator assignment' key='Annotator assignment' mapping='V.2'
[property] no_answers property_label='Annotator assignment'
[sep] ────────────────────────────────────────────────────────────
[property] start predicate_id='' property_label='Level of application domain experience' key='Level of application domain experience' mapping='V.3'
[selected_answers] answer answer='Domain expert' resource_mapping_key='Level of application domain experience'
[options_details] answer answer='Domain expert' resource_mapping_key='Level of application domain experience' answer_label_type_in_options_details='No type'
[property] answers property_label='Level of application domain experience' key='Level of application domain experience' answers=['Domain expert']
[map] to_resource key='Level of application domain experience' answer='Domain expert' object_id='R1544299'
[property] values_resolved property_label='Level of application domain experience' key='Level of application domain experience' result_ids=['R1544299']
[property] 10-values_resolved property_label='Level of application domain experience' key='Level of application domain experience' result_ids=['R1544299']
[sep] ────────────────────────────────────────────────────────────
[property] start predicate_id='' property_label='Annotator identity' key='Annotator identity' mapping='V.4'
[selected_answers] answer answer='People who have direct contact with the designers' resource_mapping_key='Annotator identity'
[options_details] answer answer='People who have direct contact with the designers' resource_mapping_key='Annotator identity' answer_label_type_in_options_details='No type'
[property] answers property_label='Annotator identity' key='Annotator identity' answers=['People who have direct contact with the designers']
[map] to_resource key='Annotator identity' answer='People who have direct contact with the designers' object_id='R1544304'
[property] values_resolved property_label='Annotator identity' key='Annotator identity' result_ids=['R1544304']
[property] 10-values_resolved property_label='Annotator identity' key='Annotator identity' result_ids=['R1544304']
[subtemplate] end label='Annotator' class_id='C121026' subtemplate_id='R1544290'
[sep] ────────────────────────────────────────────────────────────
[sep] ────────────────────────────────────────────────────────────
[sep] ──────────────────────────────────────────────────────────── SUBTEMPLATE Annotation scheme ────────────────────────────────────────────────────────────
[subtemplate] start label='Annotation scheme' class_id='C121030' subtemplate_id='R1544307'
[sep] ────────────────────────────────────────────────────────────
[property] start predicate_id='' property_label='Scheme establishment' key='Scheme establishement' mapping='V.5'
[property] no_answers property_label='Scheme establishment'
[sep] ────────────────────────────────────────────────────────────
[property] start predicate_id='' property_label='Guideline availability' key='Guideline availability' mapping='V.6'
[selected_answers] answer answer='No' resource_mapping_key='Guideline availability'
[options_details] answer answer='No' resource_mapping_key='Guideline availability' answer_label_type_in_options_details='No type'
[property] answers property_label='Guideline availability' key='Guideline availability' answers=['No']
[map] to_resource key='Guideline availability' answer='No' object_id='R1544314'
[property] values_resolved property_label='Guideline availability' key='Guideline availability' result_ids=['R1544314']
[property] 10-values_resolved property_label='Guideline availability' key='Guideline availability' result_ids=['R1544314']
[subtemplate] end label='Annotation scheme' class_id='C121030' subtemplate_id='R1544307'
[sep] ────────────────────────────────────────────────────────────
[sep] ────────────────────────────────────────────────────────────
[property] start predicate_id='' property_label='Shared material' key='Shared material' mapping='V.7'
[selected_answers] answer answer='Entire document' resource_mapping_key='Shared material'
[options_details] answer answer='Entire document' resource_mapping_key='Shared material' answer_label_type_in_options_details='No type'
[property] answers property_label='Shared material' key='Shared material' answers=['Entire document']
[map] to_resource key='Shared material' answer='Entire document' object_id='R1544321'
[property] values_resolved property_label='Shared material' key='Shared material' result_ids=['R1544321']
[property] 10-values_resolved property_label='Shared material' key='Shared material' result_ids=['R1544321']
[sep] ────────────────────────────────────────────────────────────
[property] start predicate_id='' property_label='Fatigue mitigation technique' key='Fatigue mitigation technique' mapping='V.8'
[selected_answers] answer answer='Other/Comments' resource_mapping_key='Fatigue mitigation technique'
[options_details] answer answer='Other/Comments' resource_mapping_key='Fatigue mitigation technique' answer_label_type_in_options_details='No type'
[property] answers property_label='Fatigue mitigation technique' key='Fatigue mitigation technique' answers=['Other/Comments']
[unmapped] other_value_skipped key='Fatigue mitigation technique' answer='Other/Comments'
[map] to_resource key='Fatigue mitigation technique' answer='Other/Comments' object_id='R1547312'
[property] values_resolved property_label='Fatigue mitigation technique' key='Fatigue mitigation technique' result_ids=['R1547312']
[property] 10-values_resolved property_label='Fatigue mitigation technique' key='Fatigue mitigation technique' result_ids=['R1547312']
[sep] ────────────────────────────────────────────────────────────
[sep] ──────────────────────────────────────────────────────────── SUBTEMPLATE Annotator agreement ────────────────────────────────────────────────────────────
[subtemplate] start label='Annotator agreement' class_id='C121035' subtemplate_id='R1544326'
[sep] ────────────────────────────────────────────────────────────
[property] start predicate_id='' property_label='Intercoder reliability metric' key='Intercoder reliability metric' mapping='V.9'
[property] no_answers property_label='Intercoder reliability metric'
[sep] ────────────────────────────────────────────────────────────
[property] start predicate_id='' property_label='Conflict resolution' key='Conflict resolution' mapping='V.10'
[property] no_answers property_label='Conflict resolution'
[sep] ────────────────────────────────────────────────────────────
[property] start predicate_id='' property_label='Measured agreement' key='Measured agreement' mapping='V.11'
[property] no_answers property_label='Measured agreement'
[literal] created key='Measured agreement' answer='Not reported' id='L3614311'
[subtemplate] end label='Annotator agreement' class_id='C121035' subtemplate_id='R1544326'
[sep] ────────────────────────────────────────────────────────────
[subtemplate] end label='Annotation process' class_id='C121025' subtemplate_id='R1544287'
[sep] ────────────────────────────────────────────────────────────
[link] created s='R1553026' p='P181031' o='R1553038'
[sep] ──────────────────────────────────────────────────────────── PREDICATE P181046 ────────────────────────────────────────────────────────────
[section] predicate id='P181046' label='Implemented approach'
[sep] ──────────────────────────────────────────────────────────── SUBTEMPLATE Implemented approach ────────────────────────────────────────────────────────────
[subtemplate] start label='Implemented approach' class_id='C121038' subtemplate_id='R1544363'
[sep] ────────────────────────────────────────────────────────────
[property] start predicate_id='' property_label='Approach type' key='Approach type' mapping='VI.1'
[selected_answers] answer answer='Other/Comments' resource_mapping_key='Approach type'
[selected_answers] answer answer='NLP text analysis' resource_mapping_key='Approach type'
[options_details] answer answer='Other/Comments' resource_mapping_key='Approach type' answer_label_type_in_options_details='No type'
[options_details] answer answer='NLP text analysis' resource_mapping_key='Approach type' answer_label_type_in_options_details='Text'
[property] answers property_label='Approach type' key='Approach type' answers=['Other/Comments', 'NLP text analysis']
[unmapped] other_value_skipped key='Approach type' answer='Other/Comments'
[unmapped] other_value_skipped_resource_should_not_be_created key='Approach type' answer='Other/Comments'
[unmapped] other_context_skipped key='Approach type' answer='NLP text analysis'
[resource] created label='NLP text analysis' class_id='C121039' id='R1553043'
[map] to_resource key='Approach type' answer='NLP text analysis' object_id='R1553043'
[property] values_resolved property_label='Approach type' key='Approach type' result_ids=['R1553043']
[property] 10-values_resolved property_label='Approach type' key='Approach type' result_ids=['R1553043']
[sep] ────────────────────────────────────────────────────────────
[property] start predicate_id='' property_label='Algorithm used' key='Algorithm used' mapping='VI.2'
[options_details] answer answer='syntactic analysis' resource_mapping_key='Algorithm used' answer_label_type_in_options_details='Text'
[property] answers property_label='Algorithm used' key='Algorithm used' answers=['syntactic analysis']
[resource] created label='syntactic analysis' class_id='C121040' id='R1553044'
[unmapped] categorical_created key='Algorithm used' answer='syntactic analysis' id='R1553044'
[property] values_resolved property_label='Algorithm used' key='Algorithm used' result_ids=['R1553044']
[property] 10-values_resolved property_label='Algorithm used' key='Algorithm used' result_ids=['R1553044']
[sep] ────────────────────────────────────────────────────────────
[property] start predicate_id='' property_label='Running requirements' key='Running requirements' mapping='VI.4'
[selected_answers] answer answer='Reproduce the tool from the explanation in the paper' resource_mapping_key='Running requirements'
[options_details] answer answer='Reproduce the tool from the explanation in the paper' resource_mapping_key='Running requirements' answer_label_type_in_options_details='No type'
[property] answers property_label='Running requirements' key='Running requirements' answers=['Reproduce the tool from the explanation in the paper']
[map] to_resource key='Running requirements' answer='Reproduce the tool from the explanation in the paper' object_id='R1544382'
[property] values_resolved property_label='Running requirements' key='Running requirements' result_ids=['R1544382']
[property] 10-values_resolved property_label='Running requirements' key='Running requirements' result_ids=['R1544382']
[sep] ────────────────────────────────────────────────────────────
[property] start predicate_id='' property_label='Documentation' key='Documentation' mapping='VI.5'
[selected_answers] answer answer='An academic paper' resource_mapping_key='Documentation'
[options_details] answer answer='An academic paper' resource_mapping_key='Documentation' answer_label_type_in_options_details='No type'
[property] answers property_label='Documentation' key='Documentation' answers=['An academic paper']
[map] to_resource key='Documentation' answer='An academic paper' object_id='R1544386'
[property] values_resolved property_label='Documentation' key='Documentation' result_ids=['R1544386']
[property] 10-values_resolved property_label='Documentation' key='Documentation' result_ids=['R1544386']
[sep] ────────────────────────────────────────────────────────────
[property] start predicate_id='' property_label='Dependency' key='Dependency' mapping='VI.6'
[selected_answers] answer answer='Open source libraries / software' resource_mapping_key='Dependency'
[options_details] answer answer='Open source libraries / software' resource_mapping_key='Dependency' answer_label_type_in_options_details='No type'
[property] answers property_label='Dependency' key='Dependency' answers=['Open source libraries / software']
[map] to_resource key='Dependency' answer='Open source libraries / software' object_id='R1544394'
[property] values_resolved property_label='Dependency' key='Dependency' result_ids=['R1544394']
[property] 10-values_resolved property_label='Dependency' key='Dependency' result_ids=['R1544394']
[sep] ────────────────────────────────────────────────────────────
[property] start predicate_id='' property_label='License type' key='License type' mapping='VI.8'
[selected_answers] answer answer='Other/Comments' resource_mapping_key='License type'
[options_details] answer answer='Other/Comments' resource_mapping_key='License type' answer_label_type_in_options_details='No type'
[property] answers property_label='License type' key='License type' answers=['Other/Comments']
[unmapped] other_value_skipped key='License type' answer='Other/Comments'
[map] to_resource key='License type' answer='Other/Comments' object_id='R1544495'
[property] values_resolved property_label='License type' key='License type' result_ids=['R1544495']
[property] 10-values_resolved property_label='License type' key='License type' result_ids=['R1544495']
[sep] ────────────────────────────────────────────────────────────
[sep] ──────────────────────────────────────────────────────────── SUBTEMPLATE Release ────────────────────────────────────────────────────────────
[subtemplate] start label='Release' class_id='C121044' subtemplate_id='R1544401'
[sep] ────────────────────────────────────────────────────────────
[property] start predicate_id='' property_label='Release format' key='Release format' mapping='VI.3'
[selected_answers] answer answer='No tool has been released' resource_mapping_key='Release format'
[options_details] answer answer='No tool has been released' resource_mapping_key='Release format' answer_label_type_in_options_details='No type'
[property] answers property_label='Release format' key='Release format' answers=['No tool has been released']
[map] to_resource key='Release format' answer='No tool has been released' object_id='R1544406'
[property] values_resolved property_label='Release format' key='Release format' result_ids=['R1544406']
[property] 10-values_resolved property_label='Release format' key='Release format' result_ids=['R1544406']
[sep] ────────────────────────────────────────────────────────────
[property] start predicate_id='' property_label='Location type' key='Tool location type' mapping='VI.7'
[property] no_answers property_label='Location type'
[sep] ────────────────────────────────────────────────────────────
[property] start predicate_id='' property_label='URL' key='url' mapping='VI.9'
[property] no_answers property_label='URL'
[subtemplate] end label='Release' class_id='C121044' subtemplate_id='R1544401'
[sep] ────────────────────────────────────────────────────────────
[subtemplate] end label='Implemented approach' class_id='C121038' subtemplate_id='R1544363'
[sep] ────────────────────────────────────────────────────────────
[link] created s='R1553026' p='P181046' o='R1553042'
[sep] ──────────────────────────────────────────────────────────── PREDICATE HAS_EVALUATION ────────────────────────────────────────────────────────────
[section] predicate id='HAS_EVALUATION' label='Evaluation'
[sep] ──────────────────────────────────────────────────────────── SUBTEMPLATE Evaluation ────────────────────────────────────────────────────────────
[subtemplate] start label='Evaluation' class_id='C121047' subtemplate_id='R1544421'
[sep] ────────────────────────────────────────────────────────────
[property] start predicate_id='' property_label='Evaluation metric' key='Evaluation metric' mapping='VII.1'
[selected_answers] answer answer='Precision/Recall' resource_mapping_key='Evaluation metric'
[selected_answers] answer answer='F-Score' resource_mapping_key='Evaluation metric'
[options_details] answer answer='Precision/Recall' resource_mapping_key='Evaluation metric' answer_label_type_in_options_details='No type'
[options_details] answer answer='F-Score' resource_mapping_key='Evaluation metric' answer_label_type_in_options_details='No type'
[property] answers property_label='Evaluation metric' key='Evaluation metric' answers=['Precision/Recall', 'F-Score']
[map] to_resource key='Evaluation metric' answer='Precision/Recall' object_id='R1544436'
[map] to_resource key='Evaluation metric' answer='F-Score' object_id='R1544442'
[property] values_resolved property_label='Evaluation metric' key='Evaluation metric' result_ids=['R1544436', 'R1544442']
[property] 10-values_resolved property_label='Evaluation metric' key='Evaluation metric' result_ids=['R1544436', 'R1544442']
[sep] ────────────────────────────────────────────────────────────
[property] start predicate_id='' property_label='Validation procedure' key='Validation procedure' mapping='VII.2'
[selected_answers] answer answer='Entire dataset' resource_mapping_key='Validation procedure'
[options_details] answer answer='Entire dataset' resource_mapping_key='Validation procedure' answer_label_type_in_options_details='No type'
[property] answers property_label='Validation procedure' key='Validation procedure' answers=['Entire dataset']
[map] to_resource key='Validation procedure' answer='Entire dataset' object_id='R1544446'
[property] values_resolved property_label='Validation procedure' key='Validation procedure' result_ids=['R1544446']
[property] 10-values_resolved property_label='Validation procedure' key='Validation procedure' result_ids=['R1544446']
[sep] ────────────────────────────────────────────────────────────
[sep] ──────────────────────────────────────────────────────────── SUBTEMPLATE Baseline comparison ────────────────────────────────────────────────────────────
[subtemplate] start label='Baseline comparison' class_id='C121050' subtemplate_id='R1544450'
[sep] ────────────────────────────────────────────────────────────
[property] start predicate_id='' property_label='Baseline comparison type' key='Baseline comparison type' mapping='VII.3'
[selected_answers] answer answer='None' resource_mapping_key='Baseline comparison type'
[options_details] answer answer='None' resource_mapping_key='Baseline comparison type' answer_label_type_in_options_details='No type'
[property] answers property_label='Baseline comparison type' key='Baseline comparison type' answers=['None']
[map] to_resource key='Baseline comparison type' answer='None' object_id='R1544454'
[property] values_resolved property_label='Baseline comparison type' key='Baseline comparison type' result_ids=['R1544454']
[property] 10-values_resolved property_label='Baseline comparison type' key='Baseline comparison type' result_ids=['R1544454']
[sep] ────────────────────────────────────────────────────────────
[property] start predicate_id='' property_label='Baseline comparison details' key='Baseline comparison details' mapping='VII.4'
[property] no_answers property_label='Baseline comparison details'
[literal] created key='Baseline comparison details' answer='Not reported' id='L3614312'
[subtemplate] end label='Baseline comparison' class_id='C121050' subtemplate_id='R1544450'
[sep] ────────────────────────────────────────────────────────────
[subtemplate] end label='Evaluation' class_id='C121047' subtemplate_id='R1544421'
[sep] ────────────────────────────────────────────────────────────
[link] created s='R1553026' p='HAS_EVALUATION' o='R1553046'
