[run] start run_id='6199eb06'
[connect] ok host='https://orkg.org'
[json] loaded path='/Users/amirrezaalasti/Desktop/TIB/nlp4re/pdf_files/CleanedExternalValidation/GarmLucassen-etal-REJ16.json'
[run] instance run_id='6199eb06' instance_id='R1550752'
[sep] ──────────────────────────────────────────────────────────── PREDICATE P181002 ────────────────────────────────────────────────────────────
[section] predicate id='P181002' label='RE task'
[property] start predicate_id='' property_label='RE task' key='RE task' mapping='I.1'
[selected_answers] answer answer='Model generation' resource_mapping_key='RE task'
[options_details] answer answer='Model generation' resource_mapping_key='RE task' answer_label_type_in_options_details='No type'
[property] answers property_label='RE task' key='RE task' answers=['Model generation']
[map] to_resource key='RE task' answer='Model generation' object_id='R1544132'
[property] values_resolved property_label='RE task' key='RE task' result_ids=['R1544132']
[link] created s='R1550752' p='P181002' o='R1544132'
[sep] ──────────────────────────────────────────────────────────── PREDICATE P181003 ────────────────────────────────────────────────────────────
[section] predicate id='P181003' label='NLP task'
[sep] ──────────────────────────────────────────────────────────── SUBTEMPLATE NLP task ────────────────────────────────────────────────────────────
[subtemplate] start label='NLP task' class_id='C121004' subtemplate_id='R1544138'
[sep] ────────────────────────────────────────────────────────────
[property] start predicate_id='' property_label='NLP task type' key='NLP task type' mapping='II.1'
[selected_answers] answer answer='Translation (models, tests, etc.)' resource_mapping_key='NLP task type'
[options_details] answer answer='Translation (models, tests, etc.)' resource_mapping_key='NLP task type' answer_label_type_in_options_details='No type'
[property] answers property_label='NLP task type' key='NLP task type' answers=['Translation']
[map] to_resource key='NLP task type' answer='Translation' object_id='R1544147'
[property] values_resolved property_label='NLP task type' key='NLP task type' result_ids=['R1544147']
[property] 10-values_resolved property_label='NLP task type' key='NLP task type' result_ids=['R1544147']
[sep] ────────────────────────────────────────────────────────────
[property] start predicate_id='' property_label='NLP task input' key='NLP task input' mapping='III.1'
[selected_answers] answer answer='Sentences' resource_mapping_key='NLP task input'
[selected_answers] answer answer='Other (e.g., models, trace links, diagrams, code comments)/Comments' resource_mapping_key='NLP task input'
[selected_answers] answer answer='Sentences are semi-structured (user story format)' resource_mapping_key='NLP task input'
[options_details] answer answer='Sentences' resource_mapping_key='NLP task input' answer_label_type_in_options_details='No type'
[options_details] answer answer='Other (e.g., models, trace links, diagrams, code comments)/Comments' resource_mapping_key='NLP task input' answer_label_type_in_options_details='No type'
[options_details] answer answer='Sentences are semi-structured (user story format)' resource_mapping_key='NLP task input' answer_label_type_in_options_details='Text'
[property] answers property_label='NLP task input' key='NLP task input' answers=['Sentences', 'Other /Comments', 'Sentences are semi-structured (user story format)']
[map] to_resource key='NLP task input' answer='Sentences' object_id='R1544152'
[unmapped] other_value_skipped key='NLP task input' answer='Other /Comments'
[unmapped] other_value_skipped_resource_should_not_be_created key='NLP task input' answer='Other /Comments'
[unmapped] other_context_skipped key='NLP task input' answer='Sentences are semi-structured (user story format)'
[resource] created label='Sentences are semi-structured (user story format)' class_id='C121006' id='R1550754'
[map] to_resource key='NLP task input' answer='Sentences are semi-structured (user story format)' object_id='R1550754'
[property] values_resolved property_label='NLP task input' key='NLP task input' result_ids=['R1544152', 'R1550754']
[property] 10-values_resolved property_label='NLP task input' key='NLP task input' result_ids=['R1544152', 'R1550754']
[sep] ────────────────────────────────────────────────────────────
[sep] ──────────────────────────────────────────────────────────── SUBTEMPLATE NLP task output ────────────────────────────────────────────────────────────
[subtemplate] start label='NLP task output' class_id='C121007' subtemplate_id='R1544158'
[sep] ────────────────────────────────────────────────────────────
[property] start predicate_id='' property_label='NLP task output classification label' key='NLP task output classification label' mapping='III.3'
[property] no_answers property_label='NLP task output classification label'
[literal] created key='NLP task output classification label' answer='Not reported' id='L3612956'
[sep] ────────────────────────────────────────────────────────────
[property] start predicate_id='' property_label='NLP task output extracted element' key='NLP task output extracted element' mapping='III.5'
[property] no_answers property_label='NLP task output extracted element'
[literal] created key='NLP task output extracted element' answer='Not reported' id='L3612957'
[sep] ────────────────────────────────────────────────────────────
[property] start predicate_id='' property_label='NLP task output translation mapping cardinality' key='NLP task output translation mapping cardinality' mapping='III.7'
[selected_answers] answer answer='Many to 1 (e.g., many requirements translated into' resource_mapping_key='NLP task output translation mapping cardinality'
[options_details] answer answer='Many to 1 (e.g., many requirements translated into' resource_mapping_key='NLP task output translation mapping cardinality' answer_label_type_in_options_details='No type'
[property] answers property_label='NLP task output translation mapping cardinality' key='NLP task output translation mapping cardinality' answers=['Many to 1']
[map] to_resource key='NLP task output translation mapping cardinality' answer='Many to 1' object_id='R1544186'
[property] values_resolved property_label='NLP task output translation mapping cardinality' key='NLP task output translation mapping cardinality' result_ids=['R1544186']
[property] 10-values_resolved property_label='NLP task output translation mapping cardinality' key='NLP task output translation mapping cardinality' result_ids=['R1544186']
[sep] ────────────────────────────────────────────────────────────
[property] start predicate_id='' property_label='NLP task output type' key='NLP task output type' mapping="['III.2', 'III.4', 'III.6', 'III.8', 'III.9']"
[selected_answers] answer answer='Graphical diagram (e.g., generate UML diagram' resource_mapping_key='NLP task output type'
[options_details] answer answer='Graphical diagram (e.g., generate UML diagram' resource_mapping_key='NLP task output type' answer_label_type_in_options_details='No type'
[property] answers property_label='NLP task output type' key='NLP task output type' answers=['Graphical diagram']
[map] to_resource key='NLP task output type' answer='Graphical diagram' object_id='R1544168'
[property] values_resolved property_label='NLP task output type' key='NLP task output type' result_ids=['R1544168']
[property] 10-values_resolved property_label='NLP task output type' key='NLP task output type' result_ids=['R1544168']
[subtemplate] end label='NLP task output' class_id='C121007' subtemplate_id='R1544158'
[sep] ────────────────────────────────────────────────────────────
[subtemplate] end label='NLP task' class_id='C121004' subtemplate_id='R1544138'
[sep] ────────────────────────────────────────────────────────────
[link] created s='R1550752' p='P181003' o='R1550753'
[sep] ──────────────────────────────────────────────────────────── PREDICATE P181011 ────────────────────────────────────────────────────────────
[section] predicate id='P181011' label='NLP dataset'
[sep] ──────────────────────────────────────────────────────────── SUBTEMPLATE NLP dataset ────────────────────────────────────────────────────────────
[subtemplate] start label='NLP dataset' class_id='C121010' subtemplate_id='R1544216'
[sep] ────────────────────────────────────────────────────────────
[property] start predicate_id='' property_label='NLP data item' key='NLP data item' mapping='IV.1'
[options_details] answer answer='Four datasets:\r- Web (79 user stories)\r- CMSCompany (32 user stories)\r- Michigan State (17 user stories)\r- ArchivesSpace (49 user stories)' resource_mapping_key='NLP data item' answer_label_type_in_options_details='No type'
[property] answers property_label='NLP data item' key='NLP data item' answers=['Four datasets: - Web - CMSCompany - Michigan State - ArchivesSpace']
[literal] created key='NLP data item' answer='Four datasets: - Web - CMSCompany - Michigan State - ArchivesSpace' id='L3612958'
[property] values_resolved property_label='NLP data item' key='NLP data item' result_ids=['L3612958']
[property] 10-values_resolved property_label='NLP data item' key='NLP data item' result_ids=['L3612958']
[sep] ────────────────────────────────────────────────────────────
[property] start predicate_id='' property_label='NLP data production time' key='NLP data prodcution time' mapping='IV.2'
[options_details] answer answer='2015-2017' resource_mapping_key='NLP data prodcution time' answer_label_type_in_options_details='No type'
[property] answers property_label='NLP data production time' key='NLP data prodcution time' answers=['2015-2017']
[literal] created key='NLP data prodcution time' answer='2015-2017' id='L3612959'
[property] values_resolved property_label='NLP data production time' key='NLP data prodcution time' result_ids=['L3612959']
[property] 10-values_resolved property_label='NLP data production time' key='NLP data prodcution time' result_ids=['L3612959']
[sep] ────────────────────────────────────────────────────────────
[sep] ──────────────────────────────────────────────────────────── SUBTEMPLATE NLP data source ────────────────────────────────────────────────────────────
[subtemplate] start label='NLP data source' class_id='C121011' subtemplate_id='R1544223'
[sep] ────────────────────────────────────────────────────────────
[property] start predicate_id='' property_label='NLP data source type' key='NLP data source type' mapping='IV.3'
[selected_answers] answer answer='Industrial Project, proprietary data' resource_mapping_key='NLP data source type'
[selected_answers] answer answer='Community-based open source projects' resource_mapping_key='NLP data source type'
[options_details] answer answer='Industrial Project, proprietary data' resource_mapping_key='NLP data source type' answer_label_type_in_options_details='No type'
[options_details] answer answer='Community-based open source projects' resource_mapping_key='NLP data source type' answer_label_type_in_options_details='No type'
[property] answers property_label='NLP data source type' key='NLP data source type' answers=['Industrial Project, proprietary data', 'Community-based open source projects']
[map] to_resource key='NLP data source type' answer='Industrial Project, proprietary data' object_id='R1544228'
[map] to_resource key='NLP data source type' answer='Community-based open source projects' object_id='R1544225'
[property] values_resolved property_label='NLP data source type' key='NLP data source type' result_ids=['R1544228', 'R1544225']
[property] 10-values_resolved property_label='NLP data source type' key='NLP data source type' result_ids=['R1544228', 'R1544225']
[sep] ────────────────────────────────────────────────────────────
[property] start predicate_id='' property_label='Number of data sources' key='Number of data sources' mapping='IV.9'
[options_details] answer answer='4' resource_mapping_key='Number of data sources' answer_label_type_in_options_details='No type'
[property] answers property_label='Number of data sources' key='Number of data sources' answers=['4']
[Integer literal] fallback_to_text key='Number of data sources' answer='4'
[literal] created key='Number of data sources' answer='4' id='L3612960'
[property] values_resolved property_label='Number of data sources' key='Number of data sources' result_ids=['L3612960']
[property] 10-values_resolved property_label='Number of data sources' key='Number of data sources' result_ids=['L3612960']
[sep] ────────────────────────────────────────────────────────────
[property] start predicate_id='' property_label='NLP data source domain' key='NLP data source domain' mapping='IV.8'
[options_details] answer answer='customer management system (CMS), public works, archival software, web development' resource_mapping_key='NLP data source domain' answer_label_type_in_options_details='No type'
[property] answers property_label='NLP data source domain' key='NLP data source domain' answers=['customer management system', 'public works', 'archival software', 'web development']
[resource] created label='customer management system' class_id='C121053' id='R1550758'
[unmapped] categorical_created key='NLP data source domain' answer='customer management system' id='R1550758'
[resource] created label='public works' class_id='C121053' id='R1550759'
[unmapped] categorical_created key='NLP data source domain' answer='public works' id='R1550759'
[resource] created label='archival software' class_id='C121053' id='R1550760'
[unmapped] categorical_created key='NLP data source domain' answer='archival software' id='R1550760'
[resource] created label='web development' class_id='C121053' id='R1550761'
[unmapped] categorical_created key='NLP data source domain' answer='web development' id='R1550761'
[property] values_resolved property_label='NLP data source domain' key='NLP data source domain' result_ids=['R1550758', 'R1550759', 'R1550760', 'R1550761']
[property] 10-values_resolved property_label='NLP data source domain' key='NLP data source domain' result_ids=['R1550758', 'R1550759', 'R1550760', 'R1550761']
[subtemplate] end label='NLP data source' class_id='C121011' subtemplate_id='R1544223'
[sep] ────────────────────────────────────────────────────────────
[sep] ────────────────────────────────────────────────────────────
[property] start predicate_id='' property_label='NLP data abstraction level' key='NLP data abstraction level' mapping='IV.4'
[selected_answers] answer answer='Normative-level' resource_mapping_key='NLP data abstraction level'
[selected_answers] answer answer='Business-level (e.g., "Provide customer with a pleasant' resource_mapping_key='NLP data abstraction level'
[options_details] answer answer='Normative-level' resource_mapping_key='NLP data abstraction level' answer_label_type_in_options_details='No type'
[options_details] answer answer='Business-level (e.g., "Provide customer with a pleasant' resource_mapping_key='NLP data abstraction level' answer_label_type_in_options_details='No type'
[property] answers property_label='NLP data abstraction level' key='NLP data abstraction level' answers=['Normative-level', 'Business-level']
[map] to_resource key='NLP data abstraction level' answer='Normative-level' object_id='R1544239'
[map] to_resource key='NLP data abstraction level' answer='Business-level' object_id='R1544240'
[property] values_resolved property_label='NLP data abstraction level' key='NLP data abstraction level' result_ids=['R1544239', 'R1544240']
[property] 10-values_resolved property_label='NLP data abstraction level' key='NLP data abstraction level' result_ids=['R1544239', 'R1544240']
[sep] ────────────────────────────────────────────────────────────
[sep] ──────────────────────────────────────────────────────────── SUBTEMPLATE NLP data type ────────────────────────────────────────────────────────────
[subtemplate] start label='NLP data type' class_id='C121015' subtemplate_id='R1544245'
[sep] ────────────────────────────────────────────────────────────
[property] start predicate_id='' property_label='NLP data format' key='NLP data format' mapping='IV.5'
[selected_answers] answer answer='User stories' resource_mapping_key='NLP data format'
[options_details] answer answer='User stories' resource_mapping_key='NLP data format' answer_label_type_in_options_details='No type'
[property] answers property_label='NLP data format' key='NLP data format' answers=['User stories']
[map] to_resource key='NLP data format' answer='User stories' object_id='R1544248'
[property] values_resolved property_label='NLP data format' key='NLP data format' result_ids=['R1544248']
[property] 10-values_resolved property_label='NLP data format' key='NLP data format' result_ids=['R1544248']
[sep] ────────────────────────────────────────────────────────────
[property] start predicate_id='' property_label='Rigor of data format' key='Rigor of data format' mapping='IV.6'
[selected_answers] answer answer='Template-based controlled natural language' resource_mapping_key='Rigor of data format'
[options_details] answer answer='Template-based controlled natural language' resource_mapping_key='Rigor of data format' answer_label_type_in_options_details='No type'
[property] answers property_label='Rigor of data format' key='Rigor of data format' answers=['Template-based controlled natural language']
[map] to_resource key='Rigor of data format' answer='Template-based controlled natural language' object_id='R1544259'
[property] values_resolved property_label='Rigor of data format' key='Rigor of data format' result_ids=['R1544259']
[property] 10-values_resolved property_label='Rigor of data format' key='Rigor of data format' result_ids=['R1544259']
[sep] ────────────────────────────────────────────────────────────
[property] start predicate_id='' property_label='Natural language' key='Natural language' mapping='IV.7'
[options_details] answer answer='English' resource_mapping_key='Natural language' answer_label_type_in_options_details='No type'
[property] answers property_label='Natural language' key='Natural language' answers=['English']
[literal] created key='Natural language' answer='English' id='L3612961'
[property] values_resolved property_label='Natural language' key='Natural language' result_ids=['L3612961']
[property] 10-values_resolved property_label='Natural language' key='Natural language' result_ids=['L3612961']
[subtemplate] end label='NLP data type' class_id='C121015' subtemplate_id='R1544245'
[sep] ────────────────────────────────────────────────────────────
[sep] ────────────────────────────────────────────────────────────
[sep] ──────────────────────────────────────────────────────────── SUBTEMPLATE License ────────────────────────────────────────────────────────────
[subtemplate] start label='License' class_id='C121018' subtemplate_id='R1544265'
[sep] ────────────────────────────────────────────────────────────
[property] start predicate_id='' property_label='Public availability' key='Public availability' mapping='IV.10'
[selected_answers] answer answer='Partially' resource_mapping_key='Public availability'
[options_details] answer answer='Partially' resource_mapping_key='Public availability' answer_label_type_in_options_details='No type'
[property] answers property_label='Public availability' key='Public availability' answers=['Partially']
[map] to_resource key='Public availability' answer='Partially' object_id='R1544269'
[property] values_resolved property_label='Public availability' key='Public availability' result_ids=['R1544269']
[property] 10-values_resolved property_label='Public availability' key='Public availability' result_ids=['R1544269']
[sep] ────────────────────────────────────────────────────────────
[property] start predicate_id='' property_label='License type' key='License type' mapping='IV.11'
[selected_answers] answer answer='License: modification for any' resource_mapping_key='License type'
[options_details] answer answer='License: modification for any' resource_mapping_key='License type' answer_label_type_in_options_details='No type'
[property] answers property_label='License type' key='License type' answers=['License: modification for any']
[resource] created label='License: modification for any' class_id='C121020' id='R1550764'
[unmapped] categorical_created key='License type' answer='License: modification for any' id='R1550764'
[property] values_resolved property_label='License type' key='License type' result_ids=['R1550764']
[property] 10-values_resolved property_label='License type' key='License type' result_ids=['R1550764']
[subtemplate] end label='License' class_id='C121018' subtemplate_id='R1544265'
[sep] ────────────────────────────────────────────────────────────
[sep] ────────────────────────────────────────────────────────────
[sep] ──────────────────────────────────────────────────────────── SUBTEMPLATE Dataset location ────────────────────────────────────────────────────────────
[subtemplate] start label='Dataset location' class_id='C121022' subtemplate_id='R1544278'
[sep] ────────────────────────────────────────────────────────────
[property] start predicate_id='' property_label='Location type' key='Dataset location type' mapping='IV.12'
[selected_answers] answer answer='In a persistent platform with DOI' resource_mapping_key='Dataset location type'
[options_details] answer answer='In a persistent platform with DOI' resource_mapping_key='Dataset location type' answer_label_type_in_options_details='No type'
[property] answers property_label='Location type' key='Dataset location type' answers=['In a persistent platform with DOI']
[map] to_resource key='Dataset location type' answer='In a persistent platform with DOI' object_id='R1544282'
[property] values_resolved property_label='Location type' key='Dataset location type' result_ids=['R1544282']
[property] 10-values_resolved property_label='Location type' key='Dataset location type' result_ids=['R1544282']
[sep] ────────────────────────────────────────────────────────────
[property] start predicate_id='' property_label='URL' key='url' mapping='IV.13'
[options_details] answer answer='https://dx.doi.org/10.17632/7zbk8zsd8y.1' resource_mapping_key='url' answer_label_type_in_options_details='No type'
[property] answers property_label='URL' key='url' answers=['https://dx.doi.org/10.17632/7zbk8zsd8y.1']
[literal] created key='url' answer='https://dx.doi.org/10.17632/7zbk8zsd8y.1' id='L3612962'
[property] values_resolved property_label='URL' key='url' result_ids=['L3612962']
[property] 10-values_resolved property_label='URL' key='url' result_ids=['L3612962']
[subtemplate] end label='Dataset location' class_id='C121022' subtemplate_id='R1544278'
[sep] ────────────────────────────────────────────────────────────
[subtemplate] end label='NLP dataset' class_id='C121010' subtemplate_id='R1544216'
[sep] ────────────────────────────────────────────────────────────
[link] created s='R1550752' p='P181011' o='R1550756'
[sep] ──────────────────────────────────────────────────────────── PREDICATE P181031 ────────────────────────────────────────────────────────────
[section] predicate id='P181031' label='Annotation process'
[sep] ──────────────────────────────────────────────────────────── SUBTEMPLATE Annotation process ────────────────────────────────────────────────────────────
[subtemplate] start label='Annotation process' class_id='C121025' subtemplate_id='R1544287'
[sep] ────────────────────────────────────────────────────────────
[sep] ──────────────────────────────────────────────────────────── SUBTEMPLATE Annotator ────────────────────────────────────────────────────────────
[subtemplate] start label='Annotator' class_id='C121026' subtemplate_id='R1544290'
[sep] ────────────────────────────────────────────────────────────
[property] start predicate_id='' property_label='Number of annotators' key='Number of annotators' mapping='V.1'
[property] no_answers property_label='Number of annotators'
[sep] ────────────────────────────────────────────────────────────
[property] start predicate_id='' property_label='Annotator assignment' key='Annotator assignment' mapping='V.2'
[property] no_answers property_label='Annotator assignment'
[sep] ────────────────────────────────────────────────────────────
[property] start predicate_id='' property_label='Level of application domain experience' key='Level of application domain experience' mapping='V.3'
[property] no_answers property_label='Level of application domain experience'
[sep] ────────────────────────────────────────────────────────────
[property] start predicate_id='' property_label='Annotator identity' key='Annotator identity' mapping='V.4'
[property] no_answers property_label='Annotator identity'
[subtemplate] end label='Annotator' class_id='C121026' subtemplate_id='R1544290'
[sep] ────────────────────────────────────────────────────────────
[sep] ────────────────────────────────────────────────────────────
[sep] ──────────────────────────────────────────────────────────── SUBTEMPLATE Annotation scheme ────────────────────────────────────────────────────────────
[subtemplate] start label='Annotation scheme' class_id='C121030' subtemplate_id='R1544307'
[sep] ────────────────────────────────────────────────────────────
[property] start predicate_id='' property_label='Scheme establishment' key='Scheme establishement' mapping='V.5'
[property] no_answers property_label='Scheme establishment'
[sep] ────────────────────────────────────────────────────────────
[property] start predicate_id='' property_label='Guideline availability' key='Guideline availability' mapping='V.6'
[property] no_answers property_label='Guideline availability'
[subtemplate] end label='Annotation scheme' class_id='C121030' subtemplate_id='R1544307'
[sep] ────────────────────────────────────────────────────────────
[sep] ────────────────────────────────────────────────────────────
[property] start predicate_id='' property_label='Shared material' key='Shared material' mapping='V.7'
[property] no_answers property_label='Shared material'
[sep] ────────────────────────────────────────────────────────────
[property] start predicate_id='' property_label='Fatigue mitigation technique' key='Fatigue mitigation technique' mapping='V.8'
[property] no_answers property_label='Fatigue mitigation technique'
[sep] ────────────────────────────────────────────────────────────
[sep] ──────────────────────────────────────────────────────────── SUBTEMPLATE Annotator agreement ────────────────────────────────────────────────────────────
[subtemplate] start label='Annotator agreement' class_id='C121035' subtemplate_id='R1544326'
[sep] ────────────────────────────────────────────────────────────
[property] start predicate_id='' property_label='Intercoder reliability metric' key='Intercoder reliability metric' mapping='V.9'
[property] no_answers property_label='Intercoder reliability metric'
[sep] ────────────────────────────────────────────────────────────
[property] start predicate_id='' property_label='Conflict resolution' key='Conflict resolution' mapping='V.10'
[property] no_answers property_label='Conflict resolution'
[sep] ────────────────────────────────────────────────────────────
[property] start predicate_id='' property_label='Measured agreement' key='Measured agreement' mapping='V.11'
[property] no_answers property_label='Measured agreement'
[literal] created key='Measured agreement' answer='Not reported' id='L3612963'
[subtemplate] end label='Annotator agreement' class_id='C121035' subtemplate_id='R1544326'
[sep] ────────────────────────────────────────────────────────────
[subtemplate] end label='Annotation process' class_id='C121025' subtemplate_id='R1544287'
[sep] ────────────────────────────────────────────────────────────
[link] created s='R1550752' p='P181031' o='R1550766'
[sep] ──────────────────────────────────────────────────────────── PREDICATE P181046 ────────────────────────────────────────────────────────────
[section] predicate id='P181046' label='Implemented approach'
[sep] ──────────────────────────────────────────────────────────── SUBTEMPLATE Implemented approach ────────────────────────────────────────────────────────────
[subtemplate] start label='Implemented approach' class_id='C121038' subtemplate_id='R1544363'
[sep] ────────────────────────────────────────────────────────────
[property] start predicate_id='' property_label='Approach type' key='Approach type' mapping='VI.1'
[selected_answers] answer answer='Rule-based' resource_mapping_key='Approach type'
[options_details] answer answer='Rule-based' resource_mapping_key='Approach type' answer_label_type_in_options_details='No type'
[property] answers property_label='Approach type' key='Approach type' answers=['Rule-based']
[map] to_resource key='Approach type' answer='Rule-based' object_id='R1544366'
[property] values_resolved property_label='Approach type' key='Approach type' result_ids=['R1544366']
[property] 10-values_resolved property_label='Approach type' key='Approach type' result_ids=['R1544366']
[sep] ────────────────────────────────────────────────────────────
[property] start predicate_id='' property_label='Algorithm used' key='Algorithm used' mapping='VI.2'
[options_details] answer answer='spaCy' resource_mapping_key='Algorithm used' answer_label_type_in_options_details='No type'
[property] answers property_label='Algorithm used' key='Algorithm used' answers=['spaCy']
[resource] created label='spaCy' class_id='C121040' id='R1550771'
[unmapped] categorical_created key='Algorithm used' answer='spaCy' id='R1550771'
[property] values_resolved property_label='Algorithm used' key='Algorithm used' result_ids=['R1550771']
[property] 10-values_resolved property_label='Algorithm used' key='Algorithm used' result_ids=['R1550771']
[sep] ────────────────────────────────────────────────────────────
[property] start predicate_id='' property_label='Running requirements' key='Running requirements' mapping='VI.4'
[selected_answers] answer answer='Compile and run' resource_mapping_key='Running requirements'
[options_details] answer answer='Compile and run' resource_mapping_key='Running requirements' answer_label_type_in_options_details='No type'
[property] answers property_label='Running requirements' key='Running requirements' answers=['Compile and run']
[map] to_resource key='Running requirements' answer='Compile and run' object_id='R1544380'
[property] values_resolved property_label='Running requirements' key='Running requirements' result_ids=['R1544380']
[property] 10-values_resolved property_label='Running requirements' key='Running requirements' result_ids=['R1544380']
[sep] ────────────────────────────────────────────────────────────
[property] start predicate_id='' property_label='Documentation' key='Documentation' mapping='VI.5'
[selected_answers] answer answer='README file' resource_mapping_key='Documentation'
[selected_answers] answer answer='Pseudocode / illustration in the paper' resource_mapping_key='Documentation'
[selected_answers] answer answer='Tutorial' resource_mapping_key='Documentation'
[selected_answers] answer answer='Ready-to-use examples' resource_mapping_key='Documentation'
[selected_answers] answer answer='An academic paper' resource_mapping_key='Documentation'
[options_details] answer answer='README file' resource_mapping_key='Documentation' answer_label_type_in_options_details='No type'
[options_details] answer answer='Pseudocode / illustration in the paper' resource_mapping_key='Documentation' answer_label_type_in_options_details='No type'
[options_details] answer answer='Tutorial' resource_mapping_key='Documentation' answer_label_type_in_options_details='No type'
[options_details] answer answer='Ready-to-use examples' resource_mapping_key='Documentation' answer_label_type_in_options_details='No type'
[options_details] answer answer='An academic paper' resource_mapping_key='Documentation' answer_label_type_in_options_details='No type'
[property] answers property_label='Documentation' key='Documentation' answers=['README file', 'Pseudocode / illustration in the paper', 'Tutorial', 'Ready-to-use examples', 'An academic paper']
[map] to_resource key='Documentation' answer='README file' object_id='R1544390'
[resource] created label='Pseudocode / illustration in the paper' class_id='C121042' id='R1550772'
[unmapped] categorical_created key='Documentation' answer='Pseudocode / illustration in the paper' id='R1550772'
[map] to_resource key='Documentation' answer='Tutorial' object_id='R1544388'
[map] to_resource key='Documentation' answer='Ready-to-use examples' object_id='R1544387'
[map] to_resource key='Documentation' answer='An academic paper' object_id='R1544386'
[property] values_resolved property_label='Documentation' key='Documentation' result_ids=['R1544390', 'R1550772', 'R1544388', 'R1544387', 'R1544386']
[property] 10-values_resolved property_label='Documentation' key='Documentation' result_ids=['R1544390', 'R1550772', 'R1544388', 'R1544387', 'R1544386']
[sep] ────────────────────────────────────────────────────────────
[property] start predicate_id='' property_label='Dependency' key='Dependency' mapping='VI.6'
[selected_answers] answer answer='Open source libraries / software (e.g., python libraries,' resource_mapping_key='Dependency'
[options_details] answer answer='Open source libraries / software (e.g., python libraries,' resource_mapping_key='Dependency' answer_label_type_in_options_details='No type'
[property] answers property_label='Dependency' key='Dependency' answers=['Open source libraries / software']
[map] to_resource key='Dependency' answer='Open source libraries / software' object_id='R1544394'
[property] values_resolved property_label='Dependency' key='Dependency' result_ids=['R1544394']
[property] 10-values_resolved property_label='Dependency' key='Dependency' result_ids=['R1544394']
[sep] ────────────────────────────────────────────────────────────
[property] start predicate_id='' property_label='License type' key='License type' mapping='VI.8'
[selected_answers] answer answer='No license' resource_mapping_key='License type'
[options_details] answer answer='No license' resource_mapping_key='License type' answer_label_type_in_options_details='No type'
[property] answers property_label='License type' key='License type' answers=['No license']
[map] to_resource key='License type' answer='No license' object_id='R1544274'
[property] values_resolved property_label='License type' key='License type' result_ids=['R1544274']
[property] 10-values_resolved property_label='License type' key='License type' result_ids=['R1544274']
[sep] ────────────────────────────────────────────────────────────
[sep] ──────────────────────────────────────────────────────────── SUBTEMPLATE Release ────────────────────────────────────────────────────────────
[subtemplate] start label='Release' class_id='C121044' subtemplate_id='R1544401'
[sep] ────────────────────────────────────────────────────────────
[property] start predicate_id='' property_label='Release format' key='Release format' mapping='VI.3'
[selected_answers] answer answer='Source code' resource_mapping_key='Release format'
[options_details] answer answer='Source code' resource_mapping_key='Release format' answer_label_type_in_options_details='No type'
[property] answers property_label='Release format' key='Release format' answers=['Source code']
[map] to_resource key='Release format' answer='Source code' object_id='R1544410'
[property] values_resolved property_label='Release format' key='Release format' result_ids=['R1544410']
[property] 10-values_resolved property_label='Release format' key='Release format' result_ids=['R1544410']
[sep] ────────────────────────────────────────────────────────────
[property] start predicate_id='' property_label='Location type' key='Tool location type' mapping='VI.7'
[selected_answers] answer answer='In a repository (GitHub, GitLab)' resource_mapping_key='Tool location type'
[options_details] answer answer='In a repository (GitHub, GitLab)' resource_mapping_key='Tool location type' answer_label_type_in_options_details='No type'
[property] answers property_label='Location type' key='Tool location type' answers=['In a repository']
[map] to_resource key='Tool location type' answer='In a repository' object_id='R1544415'
[property] values_resolved property_label='Location type' key='Tool location type' result_ids=['R1544415']
[property] 10-values_resolved property_label='Location type' key='Tool location type' result_ids=['R1544415']
[sep] ────────────────────────────────────────────────────────────
[property] start predicate_id='' property_label='URL' key='url' mapping='VI.9'
[options_details] answer answer='https://github.com/MarcelRobeer/VisualNarrator' resource_mapping_key='url' answer_label_type_in_options_details='No type'
[property] answers property_label='URL' key='url' answers=['https://github.com/MarcelRobeer/VisualNarrator']
[literal] created key='url' answer='https://github.com/MarcelRobeer/VisualNarrator' id='L3612964'
[property] values_resolved property_label='URL' key='url' result_ids=['L3612964']
[property] 10-values_resolved property_label='URL' key='url' result_ids=['L3612964']
[subtemplate] end label='Release' class_id='C121044' subtemplate_id='R1544401'
[sep] ────────────────────────────────────────────────────────────
[subtemplate] end label='Implemented approach' class_id='C121038' subtemplate_id='R1544363'
[sep] ────────────────────────────────────────────────────────────
[link] created s='R1550752' p='P181046' o='R1550770'
[sep] ──────────────────────────────────────────────────────────── PREDICATE HAS_EVALUATION ────────────────────────────────────────────────────────────
[section] predicate id='HAS_EVALUATION' label='Evaluation'
[sep] ──────────────────────────────────────────────────────────── SUBTEMPLATE Evaluation ────────────────────────────────────────────────────────────
[subtemplate] start label='Evaluation' class_id='C121047' subtemplate_id='R1544421'
[sep] ────────────────────────────────────────────────────────────
[property] start predicate_id='' property_label='Evaluation metric' key='Evaluation metric' mapping='VII.1'
[selected_answers] answer answer='Precision/Recall' resource_mapping_key='Evaluation metric'
[options_details] answer answer='Precision/Recall' resource_mapping_key='Evaluation metric' answer_label_type_in_options_details='No type'
[property] answers property_label='Evaluation metric' key='Evaluation metric' answers=['Precision/Recall']
[map] to_resource key='Evaluation metric' answer='Precision/Recall' object_id='R1544436'
[property] values_resolved property_label='Evaluation metric' key='Evaluation metric' result_ids=['R1544436']
[property] 10-values_resolved property_label='Evaluation metric' key='Evaluation metric' result_ids=['R1544436']
[sep] ────────────────────────────────────────────────────────────
[property] start predicate_id='' property_label='Validation procedure' key='Validation procedure' mapping='VII.2'
[selected_answers] answer answer='Entire dataset (e.g., no training)' resource_mapping_key='Validation procedure'
[options_details] answer answer='Entire dataset (e.g., no training)' resource_mapping_key='Validation procedure' answer_label_type_in_options_details='No type'
[property] answers property_label='Validation procedure' key='Validation procedure' answers=['Entire dataset']
[map] to_resource key='Validation procedure' answer='Entire dataset' object_id='R1544446'
[property] values_resolved property_label='Validation procedure' key='Validation procedure' result_ids=['R1544446']
[property] 10-values_resolved property_label='Validation procedure' key='Validation procedure' result_ids=['R1544446']
[sep] ────────────────────────────────────────────────────────────
[sep] ──────────────────────────────────────────────────────────── SUBTEMPLATE Baseline comparison ────────────────────────────────────────────────────────────
[subtemplate] start label='Baseline comparison' class_id='C121050' subtemplate_id='R1544450'
[sep] ────────────────────────────────────────────────────────────
[property] start predicate_id='' property_label='Baseline comparison type' key='Baseline comparsion type' mapping='VII.3'
[selected_answers] answer answer='Human baseline (i.e., comparison against human' resource_mapping_key='Baseline comparsion type'
[options_details] answer answer='Human baseline (i.e., comparison against human' resource_mapping_key='Baseline comparsion type' answer_label_type_in_options_details='No type'
[property] answers property_label='Baseline comparison type' key='Baseline comparsion type' answers=['Human baseline']
[map] to_resource key='Baseline comparsion type' answer='Human baseline' object_id='R1544452'
[property] values_resolved property_label='Baseline comparison type' key='Baseline comparsion type' result_ids=['R1544452']
[property] 10-values_resolved property_label='Baseline comparison type' key='Baseline comparsion type' result_ids=['R1544452']
[sep] ────────────────────────────────────────────────────────────
[property] start predicate_id='' property_label='Baseline comparison details' key='Baseline comparison details' mapping='VII.4'
[options_details] answer answer='Let a multiple human annotators agree on entities (concepts) and relationships between them present in the user stories. Compare these entities/relationships against what the tool finds on precision & recall.' resource_mapping_key='Baseline comparison details' answer_label_type_in_options_details='No type'
[property] answers property_label='Baseline comparison details' key='Baseline comparison details' answers=['Let a multiple human annotators agree on entities and relationships between them present in the user stories. Compare these entities/relationships against what the tool finds on precision & recall.']
[literal] created key='Baseline comparison details' answer='Let a multiple human annotators agree on entities and relationships between them present in the user stories. Compare these entities/relationships against what the tool finds on precision & recall.' id='L3612965'
[property] values_resolved property_label='Baseline comparison details' key='Baseline comparison details' result_ids=['L3612965']
[property] 10-values_resolved property_label='Baseline comparison details' key='Baseline comparison details' result_ids=['L3612965']
[subtemplate] end label='Baseline comparison' class_id='C121050' subtemplate_id='R1544450'
[sep] ────────────────────────────────────────────────────────────
[subtemplate] end label='Evaluation' class_id='C121047' subtemplate_id='R1544421'
[sep] ────────────────────────────────────────────────────────────
[link] created s='R1550752' p='HAS_EVALUATION' o='R1550774'
