[run] start run_id='88d4babf'
[connect] ok host='https://orkg.org'
[json] loaded path='/Users/amirrezaalasti/Desktop/TIB/nlp4re/pdf_files/Automated_Import_to_ORKG/Categ-2.json'
[run] instance run_id='88d4babf' instance_id='R1553129'
[sep] ──────────────────────────────────────────────────────────── PREDICATE P181002 ────────────────────────────────────────────────────────────
[section] predicate id='P181002' label='RE task'
[property] start predicate_id='' property_label='RE task' key='RE task' mapping='I.1'
[selected_answers] answer answer='Requirements classification' resource_mapping_key='RE task'
[options_details] answer answer='Requirements classification' resource_mapping_key='RE task' answer_label_type_in_options_details='No type'
[property] answers property_label='RE task' key='RE task' answers=['Requirements classification']
[map] to_resource key='RE task' answer='Requirements classification' object_id='R1544130'
[property] values_resolved property_label='RE task' key='RE task' result_ids=['R1544130']
[link] created s='R1553129' p='P181002' o='R1544130'
[sep] ──────────────────────────────────────────────────────────── PREDICATE P181003 ────────────────────────────────────────────────────────────
[section] predicate id='P181003' label='NLP task'
[sep] ──────────────────────────────────────────────────────────── SUBTEMPLATE NLP task ────────────────────────────────────────────────────────────
[subtemplate] start label='NLP task' class_id='C121004' subtemplate_id='R1544138'
[sep] ────────────────────────────────────────────────────────────
[property] start predicate_id='' property_label='NLP task type' key='NLP task type' mapping='II.1'
[selected_answers] answer answer='Classification' resource_mapping_key='NLP task type'
[options_details] answer answer='Classification' resource_mapping_key='NLP task type' answer_label_type_in_options_details='No type'
[property] answers property_label='NLP task type' key='NLP task type' answers=['Classification']
[map] to_resource key='NLP task type' answer='Classification' object_id='R1544148'
[property] values_resolved property_label='NLP task type' key='NLP task type' result_ids=['R1544148']
[property] 10-values_resolved property_label='NLP task type' key='NLP task type' result_ids=['R1544148']
[sep] ────────────────────────────────────────────────────────────
[property] start predicate_id='' property_label='NLP task input' key='NLP task input' mapping='III.1'
[selected_answers] answer answer='Sentences' resource_mapping_key='NLP task input'
[options_details] answer answer='Sentences' resource_mapping_key='NLP task input' answer_label_type_in_options_details='No type'
[property] answers property_label='NLP task input' key='NLP task input' answers=['Sentences']
[map] to_resource key='NLP task input' answer='Sentences' object_id='R1544152'
[property] values_resolved property_label='NLP task input' key='NLP task input' result_ids=['R1544152']
[property] 10-values_resolved property_label='NLP task input' key='NLP task input' result_ids=['R1544152']
[sep] ────────────────────────────────────────────────────────────
[sep] ──────────────────────────────────────────────────────────── SUBTEMPLATE NLP task output ────────────────────────────────────────────────────────────
[subtemplate] start label='NLP task output' class_id='C121007' subtemplate_id='R1544158'
[sep] ────────────────────────────────────────────────────────────
[property] start predicate_id='' property_label='NLP task output classification label' key='NLP task output classification label' mapping='III.3'
[options_details] answer answer='Confidentiality, Integrity, Identification & Authentication, Availability, Accountability, Privacy' resource_mapping_key='NLP task output classification label' answer_label_type_in_options_details='Text'
[property] answers property_label='NLP task output classification label' key='NLP task output classification label' answers=['Confidentiality, Integrity, Identification & Authentication, Availability, Accountability, Privacy']
[literal] created key='NLP task output classification label' answer='Confidentiality, Integrity, Identification & Authentication, Availability, Accountability, Privacy' id='L3614350'
[property] values_resolved property_label='NLP task output classification label' key='NLP task output classification label' result_ids=['L3614350']
[property] 10-values_resolved property_label='NLP task output classification label' key='NLP task output classification label' result_ids=['L3614350']
[sep] ────────────────────────────────────────────────────────────
[property] start predicate_id='' property_label='NLP task output extracted element' key='NLP task output extracted element' mapping='III.5'
[property] no_answers property_label='NLP task output extracted element'
[literal] created key='NLP task output extracted element' answer='Not reported' id='L3614351'
[sep] ────────────────────────────────────────────────────────────
[property] start predicate_id='' property_label='NLP task output translation mapping cardinality' key='NLP task output translation mapping cardinality' mapping='III.7'
[property] no_answers property_label='NLP task output translation mapping cardinality'
[sep] ────────────────────────────────────────────────────────────
[property] start predicate_id='' property_label='NLP task output type' key='NLP task output type' mapping="['III.2', 'III.4', 'III.6', 'III.8', 'III.9']"
[selected_answers] answer answer='Multi class- Multi label' resource_mapping_key='NLP task output type'
[options_details] answer answer='Multi class- Multi label' resource_mapping_key='NLP task output type' answer_label_type_in_options_details='No type'
[property] answers property_label='NLP task output type' key='NLP task output type' answers=['Multi class- Multi label']
[map] to_resource key='NLP task output type' answer='Multi class- Multi label' object_id='R1544169'
[property] values_resolved property_label='NLP task output type' key='NLP task output type' result_ids=['R1544169']
[property] 10-values_resolved property_label='NLP task output type' key='NLP task output type' result_ids=['R1544169']
[subtemplate] end label='NLP task output' class_id='C121007' subtemplate_id='R1544158'
[sep] ────────────────────────────────────────────────────────────
[subtemplate] end label='NLP task' class_id='C121004' subtemplate_id='R1544138'
[sep] ────────────────────────────────────────────────────────────
[link] created s='R1553129' p='P181003' o='R1553130'
[sep] ──────────────────────────────────────────────────────────── PREDICATE P181011 ────────────────────────────────────────────────────────────
[section] predicate id='P181011' label='NLP dataset'
[sep] ──────────────────────────────────────────────────────────── SUBTEMPLATE NLP dataset ────────────────────────────────────────────────────────────
[subtemplate] start label='NLP dataset' class_id='C121010' subtemplate_id='R1544216'
[sep] ────────────────────────────────────────────────────────────
[property] start predicate_id='' property_label='NLP data item' key='NLP data item' mapping='IV.1'
[options_details] answer answer='6 freely available NL artifacts in healthcare. for a total of 10963 sentences' resource_mapping_key='NLP data item' answer_label_type_in_options_details='Text'
[property] answers property_label='NLP data item' key='NLP data item' answers=['6 freely available NL artifacts in healthcare. for a total of 10963 sentences']
[literal] created key='NLP data item' answer='6 freely available NL artifacts in healthcare. for a total of 10963 sentences' id='L3614352'
[property] values_resolved property_label='NLP data item' key='NLP data item' result_ids=['L3614352']
[property] 10-values_resolved property_label='NLP data item' key='NLP data item' result_ids=['L3614352']
[sep] ────────────────────────────────────────────────────────────
[property] start predicate_id='' property_label='NLP data production time' key='NLP data prodcution time' mapping='IV.2'
[property] no_answers property_label='NLP data production time'
[literal] created key='NLP data prodcution time' answer='Not reported' id='L3614353'
[sep] ────────────────────────────────────────────────────────────
[sep] ──────────────────────────────────────────────────────────── SUBTEMPLATE NLP data source ────────────────────────────────────────────────────────────
[subtemplate] start label='NLP data source' class_id='C121011' subtemplate_id='R1544223'
[sep] ────────────────────────────────────────────────────────────
[property] start predicate_id='' property_label='NLP data source type' key='NLP data source type' mapping='IV.3'
[selected_answers] answer answer='Industrial project, publicly available data' resource_mapping_key='NLP data source type'
[options_details] answer answer='Industrial project, publicly available data' resource_mapping_key='NLP data source type' answer_label_type_in_options_details='No type'
[property] answers property_label='NLP data source type' key='NLP data source type' answers=['Industrial project, publicly available data']
[map] to_resource key='NLP data source type' answer='Industrial project, publicly available data' object_id='R1544230'
[property] values_resolved property_label='NLP data source type' key='NLP data source type' result_ids=['R1544230']
[property] 10-values_resolved property_label='NLP data source type' key='NLP data source type' result_ids=['R1544230']
[sep] ────────────────────────────────────────────────────────────
[property] start predicate_id='' property_label='Number of data sources' key='Number of data sources' mapping='IV.9'
[options_details] answer answer='6' resource_mapping_key='Number of data sources' answer_label_type_in_options_details='Text'
[property] answers property_label='Number of data sources' key='Number of data sources' answers=['6']
[Integer literal] fallback_to_text key='Number of data sources' answer='6'
[literal] created key='Number of data sources' answer='6' id='L3614354'
[property] values_resolved property_label='Number of data sources' key='Number of data sources' result_ids=['L3614354']
[property] 10-values_resolved property_label='Number of data sources' key='Number of data sources' result_ids=['L3614354']
[sep] ────────────────────────────────────────────────────────────
[property] start predicate_id='' property_label='NLP data source domain' key='NLP data source domain' mapping='IV.8'
[options_details] answer answer='healthcare' resource_mapping_key='NLP data source domain' answer_label_type_in_options_details='Text'
[property] answers property_label='NLP data source domain' key='NLP data source domain' answers=['healthcare']
[resource] created label='healthcare' class_id='C121053' id='R1553134'
[unmapped] categorical_created key='NLP data source domain' answer='healthcare' id='R1553134'
[property] values_resolved property_label='NLP data source domain' key='NLP data source domain' result_ids=['R1553134']
[property] 10-values_resolved property_label='NLP data source domain' key='NLP data source domain' result_ids=['R1553134']
[subtemplate] end label='NLP data source' class_id='C121011' subtemplate_id='R1544223'
[sep] ────────────────────────────────────────────────────────────
[sep] ────────────────────────────────────────────────────────────
[property] start predicate_id='' property_label='NLP data abstraction level' key='NLP data abstraction level' mapping='IV.4'
[selected_answers] answer answer='Business-level' resource_mapping_key='NLP data abstraction level'
[options_details] answer answer='Business-level' resource_mapping_key='NLP data abstraction level' answer_label_type_in_options_details='No type'
[property] answers property_label='NLP data abstraction level' key='NLP data abstraction level' answers=['Business-level']
[map] to_resource key='NLP data abstraction level' answer='Business-level' object_id='R1544240'
[property] values_resolved property_label='NLP data abstraction level' key='NLP data abstraction level' result_ids=['R1544240']
[property] 10-values_resolved property_label='NLP data abstraction level' key='NLP data abstraction level' result_ids=['R1544240']
[sep] ────────────────────────────────────────────────────────────
[sep] ──────────────────────────────────────────────────────────── SUBTEMPLATE NLP data type ────────────────────────────────────────────────────────────
[subtemplate] start label='NLP data type' class_id='C121015' subtemplate_id='R1544245'
[sep] ────────────────────────────────────────────────────────────
[property] start predicate_id='' property_label='NLP data format' key='NLP data format' mapping='IV.5'
[selected_answers] answer answer='"Shall" requirements' resource_mapping_key='NLP data format'
[options_details] answer answer='"Shall" requirements' resource_mapping_key='NLP data format' answer_label_type_in_options_details='No type'
[property] answers property_label='NLP data format' key='NLP data format' answers=['"Shall" requirements']
[map] to_resource key='NLP data format' answer='"Shall" requirements' object_id='R1544249'
[property] values_resolved property_label='NLP data format' key='NLP data format' result_ids=['R1544249']
[property] 10-values_resolved property_label='NLP data format' key='NLP data format' result_ids=['R1544249']
[sep] ────────────────────────────────────────────────────────────
[property] start predicate_id='' property_label='Rigor of data format' key='Rigor of data format' mapping='IV.6'
[selected_answers] answer answer='Unconstrained natural language' resource_mapping_key='Rigor of data format'
[options_details] answer answer='Unconstrained natural language' resource_mapping_key='Rigor of data format' answer_label_type_in_options_details='No type'
[property] answers property_label='Rigor of data format' key='Rigor of data format' answers=['Unconstrained natural language']
[map] to_resource key='Rigor of data format' answer='Unconstrained natural language' object_id='R1544258'
[property] values_resolved property_label='Rigor of data format' key='Rigor of data format' result_ids=['R1544258']
[property] 10-values_resolved property_label='Rigor of data format' key='Rigor of data format' result_ids=['R1544258']
[sep] ────────────────────────────────────────────────────────────
[property] start predicate_id='' property_label='Natural language' key='Natural language' mapping='IV.7'
[options_details] answer answer='English' resource_mapping_key='Natural language' answer_label_type_in_options_details='Text'
[property] answers property_label='Natural language' key='Natural language' answers=['English']
[literal] created key='Natural language' answer='English' id='L3614355'
[property] values_resolved property_label='Natural language' key='Natural language' result_ids=['L3614355']
[property] 10-values_resolved property_label='Natural language' key='Natural language' result_ids=['L3614355']
[subtemplate] end label='NLP data type' class_id='C121015' subtemplate_id='R1544245'
[sep] ────────────────────────────────────────────────────────────
[sep] ────────────────────────────────────────────────────────────
[sep] ──────────────────────────────────────────────────────────── SUBTEMPLATE License ────────────────────────────────────────────────────────────
[subtemplate] start label='License' class_id='C121018' subtemplate_id='R1544265'
[sep] ────────────────────────────────────────────────────────────
[property] start predicate_id='' property_label='Public availability' key='Public availability' mapping='IV.10'
[selected_answers] answer answer='Fully' resource_mapping_key='Public availability'
[options_details] answer answer='Fully' resource_mapping_key='Public availability' answer_label_type_in_options_details='No type'
[property] answers property_label='Public availability' key='Public availability' answers=['Fully']
[map] to_resource key='Public availability' answer='Fully' object_id='R1544267'
[property] values_resolved property_label='Public availability' key='Public availability' result_ids=['R1544267']
[property] 10-values_resolved property_label='Public availability' key='Public availability' result_ids=['R1544267']
[sep] ────────────────────────────────────────────────────────────
[property] start predicate_id='' property_label='License type' key='License type' mapping='IV.11'
[selected_answers] answer answer='No license' resource_mapping_key='License type'
[options_details] answer answer='No license' resource_mapping_key='License type' answer_label_type_in_options_details='No type'
[property] answers property_label='License type' key='License type' answers=['No license']
[map] to_resource key='License type' answer='No license' object_id='R1544274'
[property] values_resolved property_label='License type' key='License type' result_ids=['R1544274']
[property] 10-values_resolved property_label='License type' key='License type' result_ids=['R1544274']
[subtemplate] end label='License' class_id='C121018' subtemplate_id='R1544265'
[sep] ────────────────────────────────────────────────────────────
[sep] ────────────────────────────────────────────────────────────
[sep] ──────────────────────────────────────────────────────────── SUBTEMPLATE Dataset location ────────────────────────────────────────────────────────────
[subtemplate] start label='Dataset location' class_id='C121022' subtemplate_id='R1544278'
[sep] ────────────────────────────────────────────────────────────
[property] start predicate_id='' property_label='Location type' key='Dataset location type' mapping='IV.12'
[selected_answers] answer answer='On a private/corporate website' resource_mapping_key='Dataset location type'
[options_details] answer answer='On a private/corporate website' resource_mapping_key='Dataset location type' answer_label_type_in_options_details='No type'
[property] answers property_label='Location type' key='Dataset location type' answers=['On a private/corporate website']
[map] to_resource key='Dataset location type' answer='On a private/corporate website' object_id='R1544280'
[property] values_resolved property_label='Location type' key='Dataset location type' result_ids=['R1544280']
[property] 10-values_resolved property_label='Location type' key='Dataset location type' result_ids=['R1544280']
[sep] ────────────────────────────────────────────────────────────
[property] start predicate_id='' property_label='URL' key='url' mapping='IV.13'
[options_details] answer answer='https://sites.google.com/site/secruritylocatordiscoverer/' resource_mapping_key='url' answer_label_type_in_options_details='Text'
[property] answers property_label='URL' key='url' answers=['https://sites.google.com/site/secruritylocatordiscoverer/']
[literal] created key='url' answer='https://sites.google.com/site/secruritylocatordiscoverer/' id='L3614356'
[property] values_resolved property_label='URL' key='url' result_ids=['L3614356']
[property] 10-values_resolved property_label='URL' key='url' result_ids=['L3614356']
[subtemplate] end label='Dataset location' class_id='C121022' subtemplate_id='R1544278'
[sep] ────────────────────────────────────────────────────────────
[subtemplate] end label='NLP dataset' class_id='C121010' subtemplate_id='R1544216'
[sep] ────────────────────────────────────────────────────────────
[link] created s='R1553129' p='P181011' o='R1553132'
[sep] ──────────────────────────────────────────────────────────── PREDICATE P181031 ────────────────────────────────────────────────────────────
[section] predicate id='P181031' label='Annotation process'
[sep] ──────────────────────────────────────────────────────────── SUBTEMPLATE Annotation process ────────────────────────────────────────────────────────────
[subtemplate] start label='Annotation process' class_id='C121025' subtemplate_id='R1544287'
[sep] ────────────────────────────────────────────────────────────
[sep] ──────────────────────────────────────────────────────────── SUBTEMPLATE Annotator ────────────────────────────────────────────────────────────
[subtemplate] start label='Annotator' class_id='C121026' subtemplate_id='R1544290'
[sep] ────────────────────────────────────────────────────────────
[property] start predicate_id='' property_label='Number of annotators' key='Number of annotators' mapping='V.1'
[options_details] answer answer='3' resource_mapping_key='Number of annotators' answer_label_type_in_options_details='Text'
[property] answers property_label='Number of annotators' key='Number of annotators' answers=['3']
[Integer literal] fallback_to_text key='Number of annotators' answer='3'
[literal] created key='Number of annotators' answer='3' id='L3614357'
[property] values_resolved property_label='Number of annotators' key='Number of annotators' result_ids=['L3614357']
[property] 10-values_resolved property_label='Number of annotators' key='Number of annotators' result_ids=['L3614357']
[sep] ────────────────────────────────────────────────────────────
[property] start predicate_id='' property_label='Annotator assignment' key='Annotator assignment' mapping='V.2'
[selected_answers] answer answer='Multiple annotators per entry' resource_mapping_key='Annotator assignment'
[selected_answers] answer answer='Other/Comments' resource_mapping_key='Annotator assignment'
[selected_answers] answer answer='2 researchers annotated, 1 solved the discrepancies' resource_mapping_key='Annotator assignment'
[options_details] answer answer='Multiple annotators per entry' resource_mapping_key='Annotator assignment' answer_label_type_in_options_details='No type'
[options_details] answer answer='Other/Comments' resource_mapping_key='Annotator assignment' answer_label_type_in_options_details='No type'
[options_details] answer answer='2 researchers annotated, 1 solved the discrepancies' resource_mapping_key='Annotator assignment' answer_label_type_in_options_details='Text'
[property] answers property_label='Annotator assignment' key='Annotator assignment' answers=['Multiple annotators per entry', 'Other/Comments', '2 researchers annotated, 1 solved the discrepancies']
[map] to_resource key='Annotator assignment' answer='Multiple annotators per entry' object_id='R1544293'
[unmapped] other_value_skipped key='Annotator assignment' answer='Other/Comments'
[unmapped] other_value_skipped_resource_should_not_be_created key='Annotator assignment' answer='Other/Comments'
[unmapped] other_context_skipped key='Annotator assignment' answer='2 researchers annotated, 1 solved the discrepancies'
[resource] created label='2 researchers annotated, 1 solved the discrepancies' class_id='C121027' id='R1553140'
[map] to_resource key='Annotator assignment' answer='2 researchers annotated, 1 solved the discrepancies' object_id='R1553140'
[property] values_resolved property_label='Annotator assignment' key='Annotator assignment' result_ids=['R1544293', 'R1553140']
[property] 10-values_resolved property_label='Annotator assignment' key='Annotator assignment' result_ids=['R1544293', 'R1553140']
[sep] ────────────────────────────────────────────────────────────
[property] start predicate_id='' property_label='Level of application domain experience' key='Level of application domain experience' mapping='V.3'
[selected_answers] answer answer='Informed outsider' resource_mapping_key='Level of application domain experience'
[options_details] answer answer='Informed outsider' resource_mapping_key='Level of application domain experience' answer_label_type_in_options_details='No type'
[property] answers property_label='Level of application domain experience' key='Level of application domain experience' answers=['Informed outsider']
[map] to_resource key='Level of application domain experience' answer='Informed outsider' object_id='R1544300'
[property] values_resolved property_label='Level of application domain experience' key='Level of application domain experience' result_ids=['R1544300']
[property] 10-values_resolved property_label='Level of application domain experience' key='Level of application domain experience' result_ids=['R1544300']
[sep] ────────────────────────────────────────────────────────────
[property] start predicate_id='' property_label='Annotator identity' key='Annotator identity' mapping='V.4'
[selected_answers] answer answer='The designers of the technique/tool' resource_mapping_key='Annotator identity'
[options_details] answer answer='The designers of the technique/tool' resource_mapping_key='Annotator identity' answer_label_type_in_options_details='No type'
[property] answers property_label='Annotator identity' key='Annotator identity' answers=['The designers of the technique/tool']
[map] to_resource key='Annotator identity' answer='The designers of the technique/tool' object_id='R1544302'
[property] values_resolved property_label='Annotator identity' key='Annotator identity' result_ids=['R1544302']
[property] 10-values_resolved property_label='Annotator identity' key='Annotator identity' result_ids=['R1544302']
[subtemplate] end label='Annotator' class_id='C121026' subtemplate_id='R1544290'
[sep] ────────────────────────────────────────────────────────────
[sep] ────────────────────────────────────────────────────────────
[sep] ──────────────────────────────────────────────────────────── SUBTEMPLATE Annotation scheme ────────────────────────────────────────────────────────────
[subtemplate] start label='Annotation scheme' class_id='C121030' subtemplate_id='R1544307'
[sep] ────────────────────────────────────────────────────────────
[property] start predicate_id='' property_label='Scheme establishment' key='Scheme establishement' mapping='V.5'
[selected_answers] answer answer='Written guidelines with label definitions' resource_mapping_key='Scheme establishement'
[options_details] answer answer='Written guidelines with label definitions' resource_mapping_key='Scheme establishement' answer_label_type_in_options_details='No type'
[property] answers property_label='Scheme establishment' key='Scheme establishement' answers=['Written guidelines with label definitions']
[map] to_resource key='Scheme establishement' answer='Written guidelines with label definitions' object_id='R1544312'
[property] values_resolved property_label='Scheme establishment' key='Scheme establishement' result_ids=['R1544312']
[property] 10-values_resolved property_label='Scheme establishment' key='Scheme establishement' result_ids=['R1544312']
[sep] ────────────────────────────────────────────────────────────
[property] start predicate_id='' property_label='Guideline availability' key='Guideline availability' mapping='V.6'
[selected_answers] answer answer='Yes, via a non-persistent URL' resource_mapping_key='Guideline availability'
[options_details] answer answer='Yes, via a non-persistent URL' resource_mapping_key='Guideline availability' answer_label_type_in_options_details='No type'
[property] answers property_label='Guideline availability' key='Guideline availability' answers=['Yes, via a non-persistent URL']
[map] to_resource key='Guideline availability' answer='Yes, via a non-persistent URL' object_id='R1544316'
[property] values_resolved property_label='Guideline availability' key='Guideline availability' result_ids=['R1544316']
[property] 10-values_resolved property_label='Guideline availability' key='Guideline availability' result_ids=['R1544316']
[subtemplate] end label='Annotation scheme' class_id='C121030' subtemplate_id='R1544307'
[sep] ────────────────────────────────────────────────────────────
[sep] ────────────────────────────────────────────────────────────
[property] start predicate_id='' property_label='Shared material' key='Shared material' mapping='V.7'
[selected_answers] answer answer='Entire document' resource_mapping_key='Shared material'
[options_details] answer answer='Entire document' resource_mapping_key='Shared material' answer_label_type_in_options_details='No type'
[property] answers property_label='Shared material' key='Shared material' answers=['Entire document']
[map] to_resource key='Shared material' answer='Entire document' object_id='R1544321'
[property] values_resolved property_label='Shared material' key='Shared material' result_ids=['R1544321']
[property] 10-values_resolved property_label='Shared material' key='Shared material' result_ids=['R1544321']
[sep] ────────────────────────────────────────────────────────────
[property] start predicate_id='' property_label='Fatigue mitigation technique' key='Fatigue mitigation technique' mapping='V.8'
[selected_answers] answer answer='Other/Comments' resource_mapping_key='Fatigue mitigation technique'
[options_details] answer answer='Other/Comments' resource_mapping_key='Fatigue mitigation technique' answer_label_type_in_options_details='No type'
[property] answers property_label='Fatigue mitigation technique' key='Fatigue mitigation technique' answers=['Other/Comments']
[unmapped] other_value_skipped key='Fatigue mitigation technique' answer='Other/Comments'
[map] to_resource key='Fatigue mitigation technique' answer='Other/Comments' object_id='R1547312'
[property] values_resolved property_label='Fatigue mitigation technique' key='Fatigue mitigation technique' result_ids=['R1547312']
[property] 10-values_resolved property_label='Fatigue mitigation technique' key='Fatigue mitigation technique' result_ids=['R1547312']
[sep] ────────────────────────────────────────────────────────────
[sep] ──────────────────────────────────────────────────────────── SUBTEMPLATE Annotator agreement ────────────────────────────────────────────────────────────
[subtemplate] start label='Annotator agreement' class_id='C121035' subtemplate_id='R1544326'
[sep] ────────────────────────────────────────────────────────────
[property] start predicate_id='' property_label='Intercoder reliability metric' key='Intercoder reliability metric' mapping='V.9'
[selected_answers] answer answer="Cohen's K" resource_mapping_key='Intercoder reliability metric'
[options_details] answer answer="Cohen's K" resource_mapping_key='Intercoder reliability metric' answer_label_type_in_options_details='No type'
[property] answers property_label='Intercoder reliability metric' key='Intercoder reliability metric' answers=["Cohen's K"]
[map] to_resource key='Intercoder reliability metric' answer="Cohen's K" object_id='R1544328'
[property] values_resolved property_label='Intercoder reliability metric' key='Intercoder reliability metric' result_ids=['R1544328']
[property] 10-values_resolved property_label='Intercoder reliability metric' key='Intercoder reliability metric' result_ids=['R1544328']
[sep] ────────────────────────────────────────────────────────────
[property] start predicate_id='' property_label='Conflict resolution' key='Conflict resolution' mapping='V.10'
[selected_answers] answer answer='Resolution by independent expert (not an annotator)' resource_mapping_key='Conflict resolution'
[options_details] answer answer='Resolution by independent expert (not an annotator)' resource_mapping_key='Conflict resolution' answer_label_type_in_options_details='No type'
[property] answers property_label='Conflict resolution' key='Conflict resolution' answers=['Resolution by independent expert']
[resource] created label='Resolution by independent expert' class_id='C121037' id='R1553143'
[unmapped] categorical_created key='Conflict resolution' answer='Resolution by independent expert' id='R1553143'
[property] values_resolved property_label='Conflict resolution' key='Conflict resolution' result_ids=['R1553143']
[property] 10-values_resolved property_label='Conflict resolution' key='Conflict resolution' result_ids=['R1553143']
[sep] ────────────────────────────────────────────────────────────
[property] start predicate_id='' property_label='Measured agreement' key='Measured agreement' mapping='V.11'
[options_details] answer answer='0.54 for security vs. non-security\r0.85 for the security sentences: explicit vs. need for security\r0.32 for the classification of objectives' resource_mapping_key='Measured agreement' answer_label_type_in_options_details='Text'
[property] answers property_label='Measured agreement' key='Measured agreement' answers=['0.54 for security vs. non-security\r0.85 for the security sentences: explicit vs. need for security\r0.32 for the classification of objectives']
[literal] created key='Measured agreement' answer='0.54 for security vs. non-security\r0.85 for the security sentences: explicit vs. need for security\r0.32 for the classification of objectives' id='L3614358'
[property] values_resolved property_label='Measured agreement' key='Measured agreement' result_ids=['L3614358']
[property] 10-values_resolved property_label='Measured agreement' key='Measured agreement' result_ids=['L3614358']
[subtemplate] end label='Annotator agreement' class_id='C121035' subtemplate_id='R1544326'
[sep] ────────────────────────────────────────────────────────────
[subtemplate] end label='Annotation process' class_id='C121025' subtemplate_id='R1544287'
[sep] ────────────────────────────────────────────────────────────
[link] created s='R1553129' p='P181031' o='R1553138'
[sep] ──────────────────────────────────────────────────────────── PREDICATE P181046 ────────────────────────────────────────────────────────────
[section] predicate id='P181046' label='Implemented approach'
[sep] ──────────────────────────────────────────────────────────── SUBTEMPLATE Implemented approach ────────────────────────────────────────────────────────────
[subtemplate] start label='Implemented approach' class_id='C121038' subtemplate_id='R1544363'
[sep] ────────────────────────────────────────────────────────────
[property] start predicate_id='' property_label='Approach type' key='Approach type' mapping='VI.1'
[selected_answers] answer answer='Supervised ML' resource_mapping_key='Approach type'
[options_details] answer answer='Supervised ML' resource_mapping_key='Approach type' answer_label_type_in_options_details='No type'
[property] answers property_label='Approach type' key='Approach type' answers=['Supervised ML']
[map] to_resource key='Approach type' answer='Supervised ML' object_id='R1544368'
[property] values_resolved property_label='Approach type' key='Approach type' result_ids=['R1544368']
[property] 10-values_resolved property_label='Approach type' key='Approach type' result_ids=['R1544368']
[sep] ────────────────────────────────────────────────────────────
[property] start predicate_id='' property_label='Algorithm used' key='Algorithm used' mapping='VI.2'
[options_details] answer answer="k-NN with a customized version of Levensthein's distance" resource_mapping_key='Algorithm used' answer_label_type_in_options_details='Text'
[property] answers property_label='Algorithm used' key='Algorithm used' answers=["k-NN with a customized version of Levensthein's distance"]
[resource] created label="k-NN with a customized version of Levensthein's distance" class_id='C121040' id='R1553145'
[unmapped] categorical_created key='Algorithm used' answer="k-NN with a customized version of Levensthein's distance" id='R1553145'
[property] values_resolved property_label='Algorithm used' key='Algorithm used' result_ids=['R1553145']
[property] 10-values_resolved property_label='Algorithm used' key='Algorithm used' result_ids=['R1553145']
[sep] ────────────────────────────────────────────────────────────
[property] start predicate_id='' property_label='Running requirements' key='Running requirements' mapping='VI.4'
[selected_answers] answer answer='No installation is needed' resource_mapping_key='Running requirements'
[selected_answers] answer answer='Other/Comments' resource_mapping_key='Running requirements'
[selected_answers] answer answer='An academic paper' resource_mapping_key='Running requirements'
[options_details] answer answer='No installation is needed' resource_mapping_key='Running requirements' answer_label_type_in_options_details='No type'
[options_details] answer answer='Other/Comments' resource_mapping_key='Running requirements' answer_label_type_in_options_details='No type'
[options_details] answer answer='An academic paper' resource_mapping_key='Running requirements' answer_label_type_in_options_details='Text'
[property] answers property_label='Running requirements' key='Running requirements' answers=['No installation is needed', 'Other/Comments', 'An academic paper']
[map] to_resource key='Running requirements' answer='No installation is needed' object_id='R1544379'
[unmapped] other_value_skipped key='Running requirements' answer='Other/Comments'
[unmapped] other_value_skipped_resource_should_not_be_created key='Running requirements' answer='Other/Comments'
[unmapped] other_context_skipped key='Running requirements' answer='An academic paper'
[resource] created label='An academic paper' class_id='C121041' id='R1553146'
[map] to_resource key='Running requirements' answer='An academic paper' object_id='R1553146'
[property] values_resolved property_label='Running requirements' key='Running requirements' result_ids=['R1544379', 'R1553146']
[property] 10-values_resolved property_label='Running requirements' key='Running requirements' result_ids=['R1544379', 'R1553146']
[sep] ────────────────────────────────────────────────────────────
[property] start predicate_id='' property_label='Documentation' key='Documentation' mapping='VI.5'
[selected_answers] answer answer='Wiki or dedicated website' resource_mapping_key='Documentation'
[selected_answers] answer answer='An academic paper' resource_mapping_key='Documentation'
[options_details] answer answer='Wiki or dedicated website' resource_mapping_key='Documentation' answer_label_type_in_options_details='No type'
[options_details] answer answer='An academic paper' resource_mapping_key='Documentation' answer_label_type_in_options_details='No type'
[property] answers property_label='Documentation' key='Documentation' answers=['Wiki or dedicated website', 'An academic paper']
[map] to_resource key='Documentation' answer='Wiki or dedicated website' object_id='R1544391'
[map] to_resource key='Documentation' answer='An academic paper' object_id='R1544386'
[property] values_resolved property_label='Documentation' key='Documentation' result_ids=['R1544391', 'R1544386']
[property] 10-values_resolved property_label='Documentation' key='Documentation' result_ids=['R1544391', 'R1544386']
[sep] ────────────────────────────────────────────────────────────
[property] start predicate_id='' property_label='Dependency' key='Dependency' mapping='VI.6'
[selected_answers] answer answer='Open source libraries / software' resource_mapping_key='Dependency'
[options_details] answer answer='Open source libraries / software' resource_mapping_key='Dependency' answer_label_type_in_options_details='No type'
[property] answers property_label='Dependency' key='Dependency' answers=['Open source libraries / software']
[map] to_resource key='Dependency' answer='Open source libraries / software' object_id='R1544394'
[property] values_resolved property_label='Dependency' key='Dependency' result_ids=['R1544394']
[property] 10-values_resolved property_label='Dependency' key='Dependency' result_ids=['R1544394']
[sep] ────────────────────────────────────────────────────────────
[property] start predicate_id='' property_label='License type' key='License type' mapping='VI.8'
[selected_answers] answer answer='No license' resource_mapping_key='License type'
[options_details] answer answer='No license' resource_mapping_key='License type' answer_label_type_in_options_details='No type'
[property] answers property_label='License type' key='License type' answers=['No license']
[map] to_resource key='License type' answer='No license' object_id='R1544274'
[property] values_resolved property_label='License type' key='License type' result_ids=['R1544274']
[property] 10-values_resolved property_label='License type' key='License type' result_ids=['R1544274']
[sep] ────────────────────────────────────────────────────────────
[sep] ──────────────────────────────────────────────────────────── SUBTEMPLATE Release ────────────────────────────────────────────────────────────
[subtemplate] start label='Release' class_id='C121044' subtemplate_id='R1544401'
[sep] ────────────────────────────────────────────────────────────
[property] start predicate_id='' property_label='Release format' key='Release format' mapping='VI.3'
[selected_answers] answer answer='Tool (e.g., a binary file) -- standalone' resource_mapping_key='Release format'
[selected_answers] answer answer='Source code' resource_mapping_key='Release format'
[options_details] answer answer='Tool (e.g., a binary file) -- standalone' resource_mapping_key='Release format' answer_label_type_in_options_details='No type'
[options_details] answer answer='Source code' resource_mapping_key='Release format' answer_label_type_in_options_details='No type'
[property] answers property_label='Release format' key='Release format' answers=['Tool -- standalone', 'Source code']
[resource] created label='Tool -- standalone' class_id='C121046' id='R1553148'
[unmapped] categorical_created key='Release format' answer='Tool -- standalone' id='R1553148'
[map] to_resource key='Release format' answer='Source code' object_id='R1544410'
[property] values_resolved property_label='Release format' key='Release format' result_ids=['R1553148', 'R1544410']
[property] 10-values_resolved property_label='Release format' key='Release format' result_ids=['R1553148', 'R1544410']
[sep] ────────────────────────────────────────────────────────────
[property] start predicate_id='' property_label='Location type' key='Tool location type' mapping='VI.7'
[selected_answers] answer answer='On a private/corporate website' resource_mapping_key='Tool location type'
[options_details] answer answer='On a private/corporate website' resource_mapping_key='Tool location type' answer_label_type_in_options_details='No type'
[property] answers property_label='Location type' key='Tool location type' answers=['On a private/corporate website']
[map] to_resource key='Tool location type' answer='On a private/corporate website' object_id='R1544413'
[property] values_resolved property_label='Location type' key='Tool location type' result_ids=['R1544413']
[property] 10-values_resolved property_label='Location type' key='Tool location type' result_ids=['R1544413']
[sep] ────────────────────────────────────────────────────────────
[property] start predicate_id='' property_label='URL' key='url' mapping='VI.9'
[options_details] answer answer='https://sites.google.com/site/secruritylocatordiscoverer/' resource_mapping_key='url' answer_label_type_in_options_details='Text'
[property] answers property_label='URL' key='url' answers=['https://sites.google.com/site/secruritylocatordiscoverer/']
[literal] created key='url' answer='https://sites.google.com/site/secruritylocatordiscoverer/' id='L3614359'
[property] values_resolved property_label='URL' key='url' result_ids=['L3614359']
[property] 10-values_resolved property_label='URL' key='url' result_ids=['L3614359']
[subtemplate] end label='Release' class_id='C121044' subtemplate_id='R1544401'
[sep] ────────────────────────────────────────────────────────────
[subtemplate] end label='Implemented approach' class_id='C121038' subtemplate_id='R1544363'
[sep] ────────────────────────────────────────────────────────────
[link] created s='R1553129' p='P181046' o='R1553144'
[sep] ──────────────────────────────────────────────────────────── PREDICATE HAS_EVALUATION ────────────────────────────────────────────────────────────
[section] predicate id='HAS_EVALUATION' label='Evaluation'
[sep] ──────────────────────────────────────────────────────────── SUBTEMPLATE Evaluation ────────────────────────────────────────────────────────────
[subtemplate] start label='Evaluation' class_id='C121047' subtemplate_id='R1544421'
[sep] ────────────────────────────────────────────────────────────
[property] start predicate_id='' property_label='Evaluation metric' key='Evaluation metric' mapping='VII.1'
[selected_answers] answer answer='Precision/Recall' resource_mapping_key='Evaluation metric'
[selected_answers] answer answer='F-Score' resource_mapping_key='Evaluation metric'
[options_details] answer answer='Precision/Recall' resource_mapping_key='Evaluation metric' answer_label_type_in_options_details='No type'
[options_details] answer answer='F-Score' resource_mapping_key='Evaluation metric' answer_label_type_in_options_details='No type'
[property] answers property_label='Evaluation metric' key='Evaluation metric' answers=['Precision/Recall', 'F-Score']
[map] to_resource key='Evaluation metric' answer='Precision/Recall' object_id='R1544436'
[map] to_resource key='Evaluation metric' answer='F-Score' object_id='R1544442'
[property] values_resolved property_label='Evaluation metric' key='Evaluation metric' result_ids=['R1544436', 'R1544442']
[property] 10-values_resolved property_label='Evaluation metric' key='Evaluation metric' result_ids=['R1544436', 'R1544442']
[sep] ────────────────────────────────────────────────────────────
[property] start predicate_id='' property_label='Validation procedure' key='Validation procedure' mapping='VII.2'
[selected_answers] answer answer='Cross-validation' resource_mapping_key='Validation procedure'
[options_details] answer answer='Cross-validation' resource_mapping_key='Validation procedure' answer_label_type_in_options_details='No type'
[property] answers property_label='Validation procedure' key='Validation procedure' answers=['Cross-validation']
[map] to_resource key='Validation procedure' answer='Cross-validation' object_id='R1544448'
[property] values_resolved property_label='Validation procedure' key='Validation procedure' result_ids=['R1544448']
[property] 10-values_resolved property_label='Validation procedure' key='Validation procedure' result_ids=['R1544448']
[sep] ────────────────────────────────────────────────────────────
[sep] ──────────────────────────────────────────────────────────── SUBTEMPLATE Baseline comparison ────────────────────────────────────────────────────────────
[subtemplate] start label='Baseline comparison' class_id='C121050' subtemplate_id='R1544450'
[sep] ────────────────────────────────────────────────────────────
[property] start predicate_id='' property_label='Baseline comparison type' key='Baseline comparison type' mapping='VII.3'
[selected_answers] answer answer='None' resource_mapping_key='Baseline comparison type'
[options_details] answer answer='None' resource_mapping_key='Baseline comparison type' answer_label_type_in_options_details='No type'
[property] answers property_label='Baseline comparison type' key='Baseline comparison type' answers=['None']
[map] to_resource key='Baseline comparison type' answer='None' object_id='R1544454'
[property] values_resolved property_label='Baseline comparison type' key='Baseline comparison type' result_ids=['R1544454']
[property] 10-values_resolved property_label='Baseline comparison type' key='Baseline comparison type' result_ids=['R1544454']
[sep] ────────────────────────────────────────────────────────────
[property] start predicate_id='' property_label='Baseline comparison details' key='Baseline comparison details' mapping='VII.4'
[property] no_answers property_label='Baseline comparison details'
[literal] created key='Baseline comparison details' answer='Not reported' id='L3614360'
[subtemplate] end label='Baseline comparison' class_id='C121050' subtemplate_id='R1544450'
[sep] ────────────────────────────────────────────────────────────
[subtemplate] end label='Evaluation' class_id='C121047' subtemplate_id='R1544421'
[sep] ────────────────────────────────────────────────────────────
[link] created s='R1553129' p='HAS_EVALUATION' o='R1553149'
