[run] start run_id='80cc43bf'
[connect] ok host='https://orkg.org'
[json] loaded path='/Users/amirrezaalasti/Desktop/TIB/nlp4re/pdf_files/Automated_Import_to_ORKG/ChunhuiWang-etal-TSE20.json'
[run] instance run_id='80cc43bf' instance_id='R1553217'
[sep] ──────────────────────────────────────────────────────────── PREDICATE P181002 ────────────────────────────────────────────────────────────
[section] predicate id='P181002' label='RE task'
[property] start predicate_id='' property_label='RE task' key='RE task' mapping='I.1'
[selected_answers] answer answer='Test generation' resource_mapping_key='RE task'
[options_details] answer answer='Test generation' resource_mapping_key='RE task' answer_label_type_in_options_details='No type'
[property] answers property_label='RE task' key='RE task' answers=['Test generation']
[map] to_resource key='RE task' answer='Test generation' object_id='R1544128'
[property] values_resolved property_label='RE task' key='RE task' result_ids=['R1544128']
[link] created s='R1553217' p='P181002' o='R1544128'
[sep] ──────────────────────────────────────────────────────────── PREDICATE P181003 ────────────────────────────────────────────────────────────
[section] predicate id='P181003' label='NLP task'
[sep] ──────────────────────────────────────────────────────────── SUBTEMPLATE NLP task ────────────────────────────────────────────────────────────
[subtemplate] start label='NLP task' class_id='C121004' subtemplate_id='R1544138'
[sep] ────────────────────────────────────────────────────────────
[property] start predicate_id='' property_label='NLP task type' key='NLP task type' mapping='II.1'
[selected_answers] answer answer='Translation' resource_mapping_key='NLP task type'
[options_details] answer answer='Translation' resource_mapping_key='NLP task type' answer_label_type_in_options_details='No type'
[property] answers property_label='NLP task type' key='NLP task type' answers=['Translation']
[map] to_resource key='NLP task type' answer='Translation' object_id='R1544147'
[property] values_resolved property_label='NLP task type' key='NLP task type' result_ids=['R1544147']
[property] 10-values_resolved property_label='NLP task type' key='NLP task type' result_ids=['R1544147']
[sep] ────────────────────────────────────────────────────────────
[property] start predicate_id='' property_label='NLP task input' key='NLP task input' mapping='III.1'
[selected_answers] answer answer='Structured/tabular text' resource_mapping_key='NLP task input'
[options_details] answer answer='Structured/tabular text' resource_mapping_key='NLP task input' answer_label_type_in_options_details='No type'
[property] answers property_label='NLP task input' key='NLP task input' answers=['Structured/tabular text']
[map] to_resource key='NLP task input' answer='Structured/tabular text' object_id='R1544155'
[property] values_resolved property_label='NLP task input' key='NLP task input' result_ids=['R1544155']
[property] 10-values_resolved property_label='NLP task input' key='NLP task input' result_ids=['R1544155']
[sep] ────────────────────────────────────────────────────────────
[sep] ──────────────────────────────────────────────────────────── SUBTEMPLATE NLP task output ────────────────────────────────────────────────────────────
[subtemplate] start label='NLP task output' class_id='C121007' subtemplate_id='R1544158'
[sep] ────────────────────────────────────────────────────────────
[property] start predicate_id='' property_label='NLP task output classification label' key='NLP task output classification label' mapping='III.3'
[property] no_answers property_label='NLP task output classification label'
[literal] created key='NLP task output classification label' answer='Not reported' id='L3614384'
[sep] ────────────────────────────────────────────────────────────
[property] start predicate_id='' property_label='NLP task output extracted element' key='NLP task output extracted element' mapping='III.5'
[property] no_answers property_label='NLP task output extracted element'
[literal] created key='NLP task output extracted element' answer='Not reported' id='L3614385'
[sep] ────────────────────────────────────────────────────────────
[property] start predicate_id='' property_label='NLP task output translation mapping cardinality' key='NLP task output translation mapping cardinality' mapping='III.7'
[selected_answers] answer answer='1 to 1' resource_mapping_key='NLP task output translation mapping cardinality'
[selected_answers] answer answer='1 to many' resource_mapping_key='NLP task output translation mapping cardinality'
[options_details] answer answer='1 to 1' resource_mapping_key='NLP task output translation mapping cardinality' answer_label_type_in_options_details='No type'
[options_details] answer answer='1 to many' resource_mapping_key='NLP task output translation mapping cardinality' answer_label_type_in_options_details='No type'
[property] answers property_label='NLP task output translation mapping cardinality' key='NLP task output translation mapping cardinality' answers=['1 to 1', '1 to many']
[map] to_resource key='NLP task output translation mapping cardinality' answer='1 to 1' object_id='R1544184'
[map] to_resource key='NLP task output translation mapping cardinality' answer='1 to many' object_id='R1544185'
[property] values_resolved property_label='NLP task output translation mapping cardinality' key='NLP task output translation mapping cardinality' result_ids=['R1544184', 'R1544185']
[property] 10-values_resolved property_label='NLP task output translation mapping cardinality' key='NLP task output translation mapping cardinality' result_ids=['R1544184', 'R1544185']
[sep] ────────────────────────────────────────────────────────────
[property] start predicate_id='' property_label='NLP task output type' key='NLP task output type' mapping="['III.2', 'III.4', 'III.6', 'III.8', 'III.9']"
[selected_answers] answer answer='Test cases' resource_mapping_key='NLP task output type'
[selected_answers] answer answer='Other/Comments' resource_mapping_key='NLP task output type'
[selected_answers] answer answer='OCL constraints, Test Models' resource_mapping_key='NLP task output type'
[options_details] answer answer='Test cases' resource_mapping_key='NLP task output type' answer_label_type_in_options_details='No type'
[options_details] answer answer='Other/Comments' resource_mapping_key='NLP task output type' answer_label_type_in_options_details='No type'
[options_details] answer answer='OCL constraints, Test Models' resource_mapping_key='NLP task output type' answer_label_type_in_options_details='Text'
[property] answers property_label='NLP task output type' key='NLP task output type' answers=['Test cases', 'Other/Comments', 'OCL constraints, Test Models']
[map] to_resource key='NLP task output type' answer='Test cases' object_id='R1544163'
[unmapped] other_value_skipped key='NLP task output type' answer='Other/Comments'
[unmapped] other_value_skipped_resource_should_not_be_created key='NLP task output type' answer='Other/Comments'
[unmapped] other_context_skipped key='NLP task output type' answer='OCL constraints, Test Models'
[resource] created label='OCL constraints, Test Models' class_id='C121008' id='R1553220'
[map] to_resource key='NLP task output type' answer='OCL constraints, Test Models' object_id='R1553220'
[property] values_resolved property_label='NLP task output type' key='NLP task output type' result_ids=['R1544163', 'R1553220']
[property] 10-values_resolved property_label='NLP task output type' key='NLP task output type' result_ids=['R1544163', 'R1553220']
[subtemplate] end label='NLP task output' class_id='C121007' subtemplate_id='R1544158'
[sep] ────────────────────────────────────────────────────────────
[subtemplate] end label='NLP task' class_id='C121004' subtemplate_id='R1544138'
[sep] ────────────────────────────────────────────────────────────
[link] created s='R1553217' p='P181003' o='R1553218'
[sep] ──────────────────────────────────────────────────────────── PREDICATE P181011 ────────────────────────────────────────────────────────────
[section] predicate id='P181011' label='NLP dataset'
[sep] ──────────────────────────────────────────────────────────── SUBTEMPLATE NLP dataset ────────────────────────────────────────────────────────────
[subtemplate] start label='NLP dataset' class_id='C121010' subtemplate_id='R1544216'
[sep] ────────────────────────────────────────────────────────────
[property] start predicate_id='' property_label='NLP data item' key='NLP data item' mapping='IV.1'
[options_details] answer answer='The subjects of our evaluation are BodySense and Hands Off Detection (HOD), two embedded systems developed by our industry partner, IEE . BodySense has 7 use case specifications, 59 use case flows and 266 use case steps. HOD has 17 use case specifications, 27 use case flows, and 76 use case steps.' resource_mapping_key='NLP data item' answer_label_type_in_options_details='Text'
[property] answers property_label='NLP data item' key='NLP data item' answers=['The subjects of our evaluation are BodySense and Hands Off Detection (HOD), two embedded systems developed by our industry partner, IEE . BodySense has 7 use case specifications, 59 use case flows and 266 use case steps. HOD has 17 use case specifications, 27 use case flows, and 76 use case steps.']
[literal] created key='NLP data item' answer='The subjects of our evaluation are BodySense and Hands Off Detection (HOD), two embedded systems developed by our industry partner, IEE . BodySense has 7 use case specifications, 59 use case flows and 266 use case steps. HOD has 17 use case specifications, 27 use case flows, and 76 use case steps.' id='L3614386'
[property] values_resolved property_label='NLP data item' key='NLP data item' result_ids=['L3614386']
[property] 10-values_resolved property_label='NLP data item' key='NLP data item' result_ids=['L3614386']
[sep] ────────────────────────────────────────────────────────────
[property] start predicate_id='' property_label='NLP data production time' key='NLP data prodcution time' mapping='IV.2'
[options_details] answer answer='2013-2019' resource_mapping_key='NLP data prodcution time' answer_label_type_in_options_details='Text'
[property] answers property_label='NLP data production time' key='NLP data prodcution time' answers=['2013-2019']
[literal] created key='NLP data prodcution time' answer='2013-2019' id='L3614387'
[property] values_resolved property_label='NLP data production time' key='NLP data prodcution time' result_ids=['L3614387']
[property] 10-values_resolved property_label='NLP data production time' key='NLP data prodcution time' result_ids=['L3614387']
[sep] ────────────────────────────────────────────────────────────
[sep] ──────────────────────────────────────────────────────────── SUBTEMPLATE NLP data source ────────────────────────────────────────────────────────────
[subtemplate] start label='NLP data source' class_id='C121011' subtemplate_id='R1544223'
[sep] ────────────────────────────────────────────────────────────
[property] start predicate_id='' property_label='NLP data source type' key='NLP data source type' mapping='IV.3'
[selected_answers] answer answer='Industrial project, proprietary data' resource_mapping_key='NLP data source type'
[options_details] answer answer='Industrial project, proprietary data' resource_mapping_key='NLP data source type' answer_label_type_in_options_details='No type'
[property] answers property_label='NLP data source type' key='NLP data source type' answers=['Industrial project, proprietary data']
[map] to_resource key='NLP data source type' answer='Industrial project, proprietary data' object_id='R1544228'
[property] values_resolved property_label='NLP data source type' key='NLP data source type' result_ids=['R1544228']
[property] 10-values_resolved property_label='NLP data source type' key='NLP data source type' result_ids=['R1544228']
[sep] ────────────────────────────────────────────────────────────
[property] start predicate_id='' property_label='Number of data sources' key='Number of data sources' mapping='IV.9'
[options_details] answer answer='1' resource_mapping_key='Number of data sources' answer_label_type_in_options_details='Text'
[property] answers property_label='Number of data sources' key='Number of data sources' answers=['1']
[Integer literal] fallback_to_text key='Number of data sources' answer='1'
[literal] created key='Number of data sources' answer='1' id='L3614388'
[property] values_resolved property_label='Number of data sources' key='Number of data sources' result_ids=['L3614388']
[property] 10-values_resolved property_label='Number of data sources' key='Number of data sources' result_ids=['L3614388']
[sep] ────────────────────────────────────────────────────────────
[property] start predicate_id='' property_label='NLP data source domain' key='NLP data source domain' mapping='IV.8'
[options_details] answer answer='Automotive' resource_mapping_key='NLP data source domain' answer_label_type_in_options_details='Text'
[property] answers property_label='NLP data source domain' key='NLP data source domain' answers=['Automotive']
[resource] created label='Automotive' class_id='C121053' id='R1553223'
[unmapped] categorical_created key='NLP data source domain' answer='Automotive' id='R1553223'
[property] values_resolved property_label='NLP data source domain' key='NLP data source domain' result_ids=['R1553223']
[property] 10-values_resolved property_label='NLP data source domain' key='NLP data source domain' result_ids=['R1553223']
[subtemplate] end label='NLP data source' class_id='C121011' subtemplate_id='R1544223'
[sep] ────────────────────────────────────────────────────────────
[sep] ────────────────────────────────────────────────────────────
[property] start predicate_id='' property_label='NLP data abstraction level' key='NLP data abstraction level' mapping='IV.4'
[selected_answers] answer answer='System-level' resource_mapping_key='NLP data abstraction level'
[options_details] answer answer='System-level' resource_mapping_key='NLP data abstraction level' answer_label_type_in_options_details='No type'
[property] answers property_label='NLP data abstraction level' key='NLP data abstraction level' answers=['System-level']
[map] to_resource key='NLP data abstraction level' answer='System-level' object_id='R1544241'
[property] values_resolved property_label='NLP data abstraction level' key='NLP data abstraction level' result_ids=['R1544241']
[property] 10-values_resolved property_label='NLP data abstraction level' key='NLP data abstraction level' result_ids=['R1544241']
[sep] ────────────────────────────────────────────────────────────
[sep] ──────────────────────────────────────────────────────────── SUBTEMPLATE NLP data type ────────────────────────────────────────────────────────────
[subtemplate] start label='NLP data type' class_id='C121015' subtemplate_id='R1544245'
[sep] ────────────────────────────────────────────────────────────
[property] start predicate_id='' property_label='NLP data format' key='NLP data format' mapping='IV.5'
[selected_answers] answer answer='Use cases' resource_mapping_key='NLP data format'
[options_details] answer answer='Use cases' resource_mapping_key='NLP data format' answer_label_type_in_options_details='No type'
[property] answers property_label='NLP data format' key='NLP data format' answers=['Use cases']
[map] to_resource key='NLP data format' answer='Use cases' object_id='R1544251'
[property] values_resolved property_label='NLP data format' key='NLP data format' result_ids=['R1544251']
[property] 10-values_resolved property_label='NLP data format' key='NLP data format' result_ids=['R1544251']
[sep] ────────────────────────────────────────────────────────────
[property] start predicate_id='' property_label='Rigor of data format' key='Rigor of data format' mapping='IV.6'
[selected_answers] answer answer='Template-based controlled natural language' resource_mapping_key='Rigor of data format'
[selected_answers] answer answer='Restricted grammar based controlled natural language' resource_mapping_key='Rigor of data format'
[options_details] answer answer='Template-based controlled natural language' resource_mapping_key='Rigor of data format' answer_label_type_in_options_details='No type'
[options_details] answer answer='Restricted grammar based controlled natural language' resource_mapping_key='Rigor of data format' answer_label_type_in_options_details='No type'
[property] answers property_label='Rigor of data format' key='Rigor of data format' answers=['Template-based controlled natural language', 'Restricted grammar based controlled natural language']
[map] to_resource key='Rigor of data format' answer='Template-based controlled natural language' object_id='R1544259'
[map] to_resource key='Rigor of data format' answer='Restricted grammar based controlled natural language' object_id='R1544260'
[property] values_resolved property_label='Rigor of data format' key='Rigor of data format' result_ids=['R1544259', 'R1544260']
[property] 10-values_resolved property_label='Rigor of data format' key='Rigor of data format' result_ids=['R1544259', 'R1544260']
[sep] ────────────────────────────────────────────────────────────
[property] start predicate_id='' property_label='Natural language' key='Natural language' mapping='IV.7'
[options_details] answer answer='English' resource_mapping_key='Natural language' answer_label_type_in_options_details='Text'
[property] answers property_label='Natural language' key='Natural language' answers=['English']
[literal] created key='Natural language' answer='English' id='L3614389'
[property] values_resolved property_label='Natural language' key='Natural language' result_ids=['L3614389']
[property] 10-values_resolved property_label='Natural language' key='Natural language' result_ids=['L3614389']
[subtemplate] end label='NLP data type' class_id='C121015' subtemplate_id='R1544245'
[sep] ────────────────────────────────────────────────────────────
[sep] ────────────────────────────────────────────────────────────
[sep] ──────────────────────────────────────────────────────────── SUBTEMPLATE License ────────────────────────────────────────────────────────────
[subtemplate] start label='License' class_id='C121018' subtemplate_id='R1544265'
[sep] ────────────────────────────────────────────────────────────
[property] start predicate_id='' property_label='Public availability' key='Public availability' mapping='IV.10'
[selected_answers] answer answer='No' resource_mapping_key='Public availability'
[options_details] answer answer='No' resource_mapping_key='Public availability' answer_label_type_in_options_details='No type'
[property] answers property_label='Public availability' key='Public availability' answers=['No']
[map] to_resource key='Public availability' answer='No' object_id='R1544268'
[property] values_resolved property_label='Public availability' key='Public availability' result_ids=['R1544268']
[property] 10-values_resolved property_label='Public availability' key='Public availability' result_ids=['R1544268']
[sep] ────────────────────────────────────────────────────────────
[property] start predicate_id='' property_label='License type' key='License type' mapping='IV.11'
[selected_answers] answer answer='No license' resource_mapping_key='License type'
[options_details] answer answer='No license' resource_mapping_key='License type' answer_label_type_in_options_details='No type'
[property] answers property_label='License type' key='License type' answers=['No license']
[map] to_resource key='License type' answer='No license' object_id='R1544274'
[property] values_resolved property_label='License type' key='License type' result_ids=['R1544274']
[property] 10-values_resolved property_label='License type' key='License type' result_ids=['R1544274']
[subtemplate] end label='License' class_id='C121018' subtemplate_id='R1544265'
[sep] ────────────────────────────────────────────────────────────
[sep] ────────────────────────────────────────────────────────────
[sep] ──────────────────────────────────────────────────────────── SUBTEMPLATE Dataset location ────────────────────────────────────────────────────────────
[subtemplate] start label='Dataset location' class_id='C121022' subtemplate_id='R1544278'
[sep] ────────────────────────────────────────────────────────────
[property] start predicate_id='' property_label='Location type' key='Dataset location type' mapping='IV.12'
[selected_answers] answer answer='On a private/corporate website' resource_mapping_key='Dataset location type'
[options_details] answer answer='On a private/corporate website' resource_mapping_key='Dataset location type' answer_label_type_in_options_details='No type'
[property] answers property_label='Location type' key='Dataset location type' answers=['On a private/corporate website']
[map] to_resource key='Dataset location type' answer='On a private/corporate website' object_id='R1544280'
[property] values_resolved property_label='Location type' key='Dataset location type' result_ids=['R1544280']
[property] 10-values_resolved property_label='Location type' key='Dataset location type' result_ids=['R1544280']
[sep] ────────────────────────────────────────────────────────────
[property] start predicate_id='' property_label='URL' key='url' mapping='IV.13'
[property] no_answers property_label='URL'
[subtemplate] end label='Dataset location' class_id='C121022' subtemplate_id='R1544278'
[sep] ────────────────────────────────────────────────────────────
[subtemplate] end label='NLP dataset' class_id='C121010' subtemplate_id='R1544216'
[sep] ────────────────────────────────────────────────────────────
[link] created s='R1553217' p='P181011' o='R1553221'
[sep] ──────────────────────────────────────────────────────────── PREDICATE P181031 ────────────────────────────────────────────────────────────
[section] predicate id='P181031' label='Annotation process'
[sep] ──────────────────────────────────────────────────────────── SUBTEMPLATE Annotation process ────────────────────────────────────────────────────────────
[subtemplate] start label='Annotation process' class_id='C121025' subtemplate_id='R1544287'
[sep] ────────────────────────────────────────────────────────────
[sep] ──────────────────────────────────────────────────────────── SUBTEMPLATE Annotator ────────────────────────────────────────────────────────────
[subtemplate] start label='Annotator' class_id='C121026' subtemplate_id='R1544290'
[sep] ────────────────────────────────────────────────────────────
[property] start predicate_id='' property_label='Number of annotators' key='Number of annotators' mapping='V.1'
[options_details] answer answer='1' resource_mapping_key='Number of annotators' answer_label_type_in_options_details='Text'
[property] answers property_label='Number of annotators' key='Number of annotators' answers=['1']
[Integer literal] fallback_to_text key='Number of annotators' answer='1'
[literal] created key='Number of annotators' answer='1' id='L3614390'
[property] values_resolved property_label='Number of annotators' key='Number of annotators' result_ids=['L3614390']
[property] 10-values_resolved property_label='Number of annotators' key='Number of annotators' result_ids=['L3614390']
[sep] ────────────────────────────────────────────────────────────
[property] start predicate_id='' property_label='Annotator assignment' key='Annotator assignment' mapping='V.2'
[selected_answers] answer answer='One annotator per entry (quality control, possibly on a sample)' resource_mapping_key='Annotator assignment'
[options_details] answer answer='One annotator per entry (quality control, possibly on a sample)' resource_mapping_key='Annotator assignment' answer_label_type_in_options_details='No type'
[property] answers property_label='Annotator assignment' key='Annotator assignment' answers=['One annotator per entry']
[resource] created label='One annotator per entry' class_id='C121027' id='R1553229'
[unmapped] categorical_created key='Annotator assignment' answer='One annotator per entry' id='R1553229'
[property] values_resolved property_label='Annotator assignment' key='Annotator assignment' result_ids=['R1553229']
[property] 10-values_resolved property_label='Annotator assignment' key='Annotator assignment' result_ids=['R1553229']
[sep] ────────────────────────────────────────────────────────────
[property] start predicate_id='' property_label='Level of application domain experience' key='Level of application domain experience' mapping='V.3'
[selected_answers] answer answer='None or unknown' resource_mapping_key='Level of application domain experience'
[options_details] answer answer='None or unknown' resource_mapping_key='Level of application domain experience' answer_label_type_in_options_details='No type'
[property] answers property_label='Level of application domain experience' key='Level of application domain experience' answers=['None or unknown']
[map] to_resource key='Level of application domain experience' answer='None or unknown' object_id='R1544298'
[property] values_resolved property_label='Level of application domain experience' key='Level of application domain experience' result_ids=['R1544298']
[property] 10-values_resolved property_label='Level of application domain experience' key='Level of application domain experience' result_ids=['R1544298']
[sep] ────────────────────────────────────────────────────────────
[property] start predicate_id='' property_label='Annotator identity' key='Annotator identity' mapping='V.4'
[selected_answers] answer answer='The designers of the technique/tool' resource_mapping_key='Annotator identity'
[options_details] answer answer='The designers of the technique/tool' resource_mapping_key='Annotator identity' answer_label_type_in_options_details='No type'
[property] answers property_label='Annotator identity' key='Annotator identity' answers=['The designers of the technique/tool']
[map] to_resource key='Annotator identity' answer='The designers of the technique/tool' object_id='R1544302'
[property] values_resolved property_label='Annotator identity' key='Annotator identity' result_ids=['R1544302']
[property] 10-values_resolved property_label='Annotator identity' key='Annotator identity' result_ids=['R1544302']
[subtemplate] end label='Annotator' class_id='C121026' subtemplate_id='R1544290'
[sep] ────────────────────────────────────────────────────────────
[sep] ────────────────────────────────────────────────────────────
[sep] ──────────────────────────────────────────────────────────── SUBTEMPLATE Annotation scheme ────────────────────────────────────────────────────────────
[subtemplate] start label='Annotation scheme' class_id='C121030' subtemplate_id='R1544307'
[sep] ────────────────────────────────────────────────────────────
[property] start predicate_id='' property_label='Scheme establishment' key='Scheme establishement' mapping='V.5'
[selected_answers] answer answer='Other/Comments' resource_mapping_key='Scheme establishement'
[options_details] answer answer='Other/Comments' resource_mapping_key='Scheme establishement' answer_label_type_in_options_details='No type'
[property] answers property_label='Scheme establishment' key='Scheme establishement' answers=['Other/Comments']
[unmapped] other_value_skipped key='Scheme establishement' answer='Other/Comments'
[map] to_resource key='Scheme establishement' answer='Other/Comments' object_id='R1547310'
[property] values_resolved property_label='Scheme establishment' key='Scheme establishement' result_ids=['R1547310']
[property] 10-values_resolved property_label='Scheme establishment' key='Scheme establishement' result_ids=['R1547310']
[sep] ────────────────────────────────────────────────────────────
[property] start predicate_id='' property_label='Guideline availability' key='Guideline availability' mapping='V.6'
[selected_answers] answer answer='No' resource_mapping_key='Guideline availability'
[options_details] answer answer='No' resource_mapping_key='Guideline availability' answer_label_type_in_options_details='No type'
[property] answers property_label='Guideline availability' key='Guideline availability' answers=['No']
[map] to_resource key='Guideline availability' answer='No' object_id='R1544314'
[property] values_resolved property_label='Guideline availability' key='Guideline availability' result_ids=['R1544314']
[property] 10-values_resolved property_label='Guideline availability' key='Guideline availability' result_ids=['R1544314']
[subtemplate] end label='Annotation scheme' class_id='C121030' subtemplate_id='R1544307'
[sep] ────────────────────────────────────────────────────────────
[sep] ────────────────────────────────────────────────────────────
[property] start predicate_id='' property_label='Shared material' key='Shared material' mapping='V.7'
[selected_answers] answer answer='No' resource_mapping_key='Shared material'
[options_details] answer answer='No' resource_mapping_key='Shared material' answer_label_type_in_options_details='No type'
[property] answers property_label='Shared material' key='Shared material' answers=['No']
[map] to_resource key='Shared material' answer='No' object_id='R1544319'
[property] values_resolved property_label='Shared material' key='Shared material' result_ids=['R1544319']
[property] 10-values_resolved property_label='Shared material' key='Shared material' result_ids=['R1544319']
[sep] ────────────────────────────────────────────────────────────
[property] start predicate_id='' property_label='Fatigue mitigation technique' key='Fatigue mitigation technique' mapping='V.8'
[selected_answers] answer answer='No' resource_mapping_key='Fatigue mitigation technique'
[options_details] answer answer='No' resource_mapping_key='Fatigue mitigation technique' answer_label_type_in_options_details='No type'
[property] answers property_label='Fatigue mitigation technique' key='Fatigue mitigation technique' answers=['No']
[map] to_resource key='Fatigue mitigation technique' answer='No' object_id='R1544324'
[property] values_resolved property_label='Fatigue mitigation technique' key='Fatigue mitigation technique' result_ids=['R1544324']
[property] 10-values_resolved property_label='Fatigue mitigation technique' key='Fatigue mitigation technique' result_ids=['R1544324']
[sep] ────────────────────────────────────────────────────────────
[sep] ──────────────────────────────────────────────────────────── SUBTEMPLATE Annotator agreement ────────────────────────────────────────────────────────────
[subtemplate] start label='Annotator agreement' class_id='C121035' subtemplate_id='R1544326'
[sep] ────────────────────────────────────────────────────────────
[property] start predicate_id='' property_label='Intercoder reliability metric' key='Intercoder reliability metric' mapping='V.9'
[property] no_answers property_label='Intercoder reliability metric'
[sep] ────────────────────────────────────────────────────────────
[property] start predicate_id='' property_label='Conflict resolution' key='Conflict resolution' mapping='V.10'
[selected_answers] answer answer='Resolution by independent expert (not an annotator)' resource_mapping_key='Conflict resolution'
[options_details] answer answer='Resolution by independent expert (not an annotator)' resource_mapping_key='Conflict resolution' answer_label_type_in_options_details='No type'
[property] answers property_label='Conflict resolution' key='Conflict resolution' answers=['Resolution by independent expert']
[resource] created label='Resolution by independent expert' class_id='C121037' id='R1553232'
[unmapped] categorical_created key='Conflict resolution' answer='Resolution by independent expert' id='R1553232'
[property] values_resolved property_label='Conflict resolution' key='Conflict resolution' result_ids=['R1553232']
[property] 10-values_resolved property_label='Conflict resolution' key='Conflict resolution' result_ids=['R1553232']
[sep] ────────────────────────────────────────────────────────────
[property] start predicate_id='' property_label='Measured agreement' key='Measured agreement' mapping='V.11'
[property] no_answers property_label='Measured agreement'
[literal] created key='Measured agreement' answer='Not reported' id='L3614391'
[subtemplate] end label='Annotator agreement' class_id='C121035' subtemplate_id='R1544326'
[sep] ────────────────────────────────────────────────────────────
[subtemplate] end label='Annotation process' class_id='C121025' subtemplate_id='R1544287'
[sep] ────────────────────────────────────────────────────────────
[link] created s='R1553217' p='P181031' o='R1553227'
[sep] ──────────────────────────────────────────────────────────── PREDICATE P181046 ────────────────────────────────────────────────────────────
[section] predicate id='P181046' label='Implemented approach'
[sep] ──────────────────────────────────────────────────────────── SUBTEMPLATE Implemented approach ────────────────────────────────────────────────────────────
[subtemplate] start label='Implemented approach' class_id='C121038' subtemplate_id='R1544363'
[sep] ────────────────────────────────────────────────────────────
[property] start predicate_id='' property_label='Approach type' key='Approach type' mapping='VI.1'
[selected_answers] answer answer='Rule-based' resource_mapping_key='Approach type'
[selected_answers] answer answer='Other/Comments' resource_mapping_key='Approach type'
[selected_answers] answer answer='n natural language processing to automatically identify test scenarios and to generate formal constraints that capture conditions triggering the execution of the scenarios, thus enabling the generation of test data' resource_mapping_key='Approach type'
[options_details] answer answer='Rule-based' resource_mapping_key='Approach type' answer_label_type_in_options_details='No type'
[options_details] answer answer='Other/Comments' resource_mapping_key='Approach type' answer_label_type_in_options_details='No type'
[options_details] answer answer='n natural language processing to automatically identify test scenarios and to generate formal constraints that capture conditions triggering the execution of the scenarios, thus enabling the generation of test data' resource_mapping_key='Approach type' answer_label_type_in_options_details='Text'
[property] answers property_label='Approach type' key='Approach type' answers=['Rule-based', 'Other/Comments', 'n natural language processing to automatically identify test scenarios and to generate formal constraints that capture conditions triggering the execution of the scenarios, thus enabling the generation of test data']
[map] to_resource key='Approach type' answer='Rule-based' object_id='R1544366'
[unmapped] other_value_skipped key='Approach type' answer='Other/Comments'
[unmapped] other_value_skipped_resource_should_not_be_created key='Approach type' answer='Other/Comments'
[unmapped] other_context_skipped key='Approach type' answer='n natural language processing to automatically identify test scenarios and to generate formal constraints that capture conditions triggering the execution of the scenarios, thus enabling the generation of test data'
[resource] created label='n natural language processing to automatically identify test scenarios and to generate formal constraints that capture conditions triggering the execution of the scenarios, thus enabling the generation of test data' class_id='C121039' id='R1553234'
[map] to_resource key='Approach type' answer='n natural language processing to automatically identify test scenarios and to generate formal constraints that capture conditions triggering the execution of the scenarios, thus enabling the generation of test data' object_id='R1553234'
[property] values_resolved property_label='Approach type' key='Approach type' result_ids=['R1544366', 'R1553234']
[property] 10-values_resolved property_label='Approach type' key='Approach type' result_ids=['R1544366', 'R1553234']
[sep] ────────────────────────────────────────────────────────────
[property] start predicate_id='' property_label='Algorithm used' key='Algorithm used' mapping='VI.2'
[options_details] answer answer='tokenization, named entity recognition, part-of-speech tagging, semantic role labeling, semantic similarity detection' resource_mapping_key='Algorithm used' answer_label_type_in_options_details='Text'
[property] answers property_label='Algorithm used' key='Algorithm used' answers=['tokenization', 'named entity recognition', 'part-of-speech tagging', 'semantic role labeling', 'semantic similarity detection']
[resource] created label='tokenization' class_id='C121040' id='R1553235'
[unmapped] categorical_created key='Algorithm used' answer='tokenization' id='R1553235'
[resource] created label='named entity recognition' class_id='C121040' id='R1553236'
[unmapped] categorical_created key='Algorithm used' answer='named entity recognition' id='R1553236'
[resource] created label='part-of-speech tagging' class_id='C121040' id='R1553237'
[unmapped] categorical_created key='Algorithm used' answer='part-of-speech tagging' id='R1553237'
[resource] created label='semantic role labeling' class_id='C121040' id='R1553238'
[unmapped] categorical_created key='Algorithm used' answer='semantic role labeling' id='R1553238'
[resource] created label='semantic similarity detection' class_id='C121040' id='R1553239'
[unmapped] categorical_created key='Algorithm used' answer='semantic similarity detection' id='R1553239'
[property] values_resolved property_label='Algorithm used' key='Algorithm used' result_ids=['R1553235', 'R1553236', 'R1553237', 'R1553238', 'R1553239']
[property] 10-values_resolved property_label='Algorithm used' key='Algorithm used' result_ids=['R1553235', 'R1553236', 'R1553237', 'R1553238', 'R1553239']
[sep] ────────────────────────────────────────────────────────────
[property] start predicate_id='' property_label='Running requirements' key='Running requirements' mapping='VI.4'
[selected_answers] answer answer='No installation is needed' resource_mapping_key='Running requirements'
[selected_answers] answer answer='Import and integrate into your own code' resource_mapping_key='Running requirements'
[options_details] answer answer='No installation is needed' resource_mapping_key='Running requirements' answer_label_type_in_options_details='No type'
[options_details] answer answer='Import and integrate into your own code' resource_mapping_key='Running requirements' answer_label_type_in_options_details='No type'
[property] answers property_label='Running requirements' key='Running requirements' answers=['No installation is needed', 'Import and integrate into your own code']
[map] to_resource key='Running requirements' answer='No installation is needed' object_id='R1544379'
[map] to_resource key='Running requirements' answer='Import and integrate into your own code' object_id='R1544381'
[property] values_resolved property_label='Running requirements' key='Running requirements' result_ids=['R1544379', 'R1544381']
[property] 10-values_resolved property_label='Running requirements' key='Running requirements' result_ids=['R1544379', 'R1544381']
[sep] ────────────────────────────────────────────────────────────
[property] start predicate_id='' property_label='Documentation' key='Documentation' mapping='VI.5'
[selected_answers] answer answer='README file' resource_mapping_key='Documentation'
[selected_answers] answer answer='Pseudocode / illustration in the paper' resource_mapping_key='Documentation'
[selected_answers] answer answer='Wiki or dedicated website' resource_mapping_key='Documentation'
[selected_answers] answer answer='Tutorial' resource_mapping_key='Documentation'
[selected_answers] answer answer='An academic paper' resource_mapping_key='Documentation'
[options_details] answer answer='README file' resource_mapping_key='Documentation' answer_label_type_in_options_details='No type'
[options_details] answer answer='Pseudocode / illustration in the paper' resource_mapping_key='Documentation' answer_label_type_in_options_details='No type'
[options_details] answer answer='Wiki or dedicated website' resource_mapping_key='Documentation' answer_label_type_in_options_details='No type'
[options_details] answer answer='Tutorial' resource_mapping_key='Documentation' answer_label_type_in_options_details='No type'
[options_details] answer answer='An academic paper' resource_mapping_key='Documentation' answer_label_type_in_options_details='No type'
[property] answers property_label='Documentation' key='Documentation' answers=['README file', 'Pseudocode / illustration in the paper', 'Wiki or dedicated website', 'Tutorial', 'An academic paper']
[map] to_resource key='Documentation' answer='README file' object_id='R1544390'
[resource] created label='Pseudocode / illustration in the paper' class_id='C121042' id='R1553240'
[unmapped] categorical_created key='Documentation' answer='Pseudocode / illustration in the paper' id='R1553240'
[map] to_resource key='Documentation' answer='Wiki or dedicated website' object_id='R1544391'
[map] to_resource key='Documentation' answer='Tutorial' object_id='R1544388'
[map] to_resource key='Documentation' answer='An academic paper' object_id='R1544386'
[property] values_resolved property_label='Documentation' key='Documentation' result_ids=['R1544390', 'R1553240', 'R1544391', 'R1544388', 'R1544386']
[property] 10-values_resolved property_label='Documentation' key='Documentation' result_ids=['R1544390', 'R1553240', 'R1544391', 'R1544388', 'R1544386']
[sep] ────────────────────────────────────────────────────────────
[property] start predicate_id='' property_label='Dependency' key='Dependency' mapping='VI.6'
[selected_answers] answer answer='Proprietary libraries / software (e.g., Google Cloud' resource_mapping_key='Dependency'
[options_details] answer answer='Proprietary libraries / software (e.g., Google Cloud' resource_mapping_key='Dependency' answer_label_type_in_options_details='No type'
[property] answers property_label='Dependency' key='Dependency' answers=['Proprietary libraries / software']
[resource] created label='Proprietary libraries / software' class_id='C121043' id='R1553241'
[unmapped] categorical_created key='Dependency' answer='Proprietary libraries / software' id='R1553241'
[property] values_resolved property_label='Dependency' key='Dependency' result_ids=['R1553241']
[property] 10-values_resolved property_label='Dependency' key='Dependency' result_ids=['R1553241']
[sep] ────────────────────────────────────────────────────────────
[property] start predicate_id='' property_label='License type' key='License type' mapping='VI.8'
[selected_answers] answer answer='No license' resource_mapping_key='License type'
[options_details] answer answer='No license' resource_mapping_key='License type' answer_label_type_in_options_details='No type'
[property] answers property_label='License type' key='License type' answers=['No license']
[map] to_resource key='License type' answer='No license' object_id='R1544274'
[property] values_resolved property_label='License type' key='License type' result_ids=['R1544274']
[property] 10-values_resolved property_label='License type' key='License type' result_ids=['R1544274']
[sep] ────────────────────────────────────────────────────────────
[sep] ──────────────────────────────────────────────────────────── SUBTEMPLATE Release ────────────────────────────────────────────────────────────
[subtemplate] start label='Release' class_id='C121044' subtemplate_id='R1544401'
[sep] ────────────────────────────────────────────────────────────
[property] start predicate_id='' property_label='Release format' key='Release format' mapping='VI.3'
[selected_answers] answer answer='Tool (e.g., a binary file) -- standalone' resource_mapping_key='Release format'
[selected_answers] answer answer='Library / API' resource_mapping_key='Release format'
[options_details] answer answer='Tool (e.g., a binary file) -- standalone' resource_mapping_key='Release format' answer_label_type_in_options_details='No type'
[options_details] answer answer='Library / API' resource_mapping_key='Release format' answer_label_type_in_options_details='No type'
[property] answers property_label='Release format' key='Release format' answers=['Tool -- standalone', 'Library / API']
[resource] created label='Tool -- standalone' class_id='C121046' id='R1553243'
[unmapped] categorical_created key='Release format' answer='Tool -- standalone' id='R1553243'
[resource] created label='Library / API' class_id='C121046' id='R1553244'
[unmapped] categorical_created key='Release format' answer='Library / API' id='R1553244'
[property] values_resolved property_label='Release format' key='Release format' result_ids=['R1553243', 'R1553244']
[property] 10-values_resolved property_label='Release format' key='Release format' result_ids=['R1553243', 'R1553244']
[sep] ────────────────────────────────────────────────────────────
[property] start predicate_id='' property_label='Location type' key='Tool location type' mapping='VI.7'
[selected_answers] answer answer='On a private/corporate website' resource_mapping_key='Tool location type'
[selected_answers] answer answer='In a repository' resource_mapping_key='Tool location type'
[options_details] answer answer='On a private/corporate website' resource_mapping_key='Tool location type' answer_label_type_in_options_details='No type'
[options_details] answer answer='In a repository' resource_mapping_key='Tool location type' answer_label_type_in_options_details='No type'
[property] answers property_label='Location type' key='Tool location type' answers=['On a private/corporate website', 'In a repository']
[map] to_resource key='Tool location type' answer='On a private/corporate website' object_id='R1544413'
[map] to_resource key='Tool location type' answer='In a repository' object_id='R1544415'
[property] values_resolved property_label='Location type' key='Tool location type' result_ids=['R1544413', 'R1544415']
[property] 10-values_resolved property_label='Location type' key='Tool location type' result_ids=['R1544413', 'R1544415']
[sep] ────────────────────────────────────────────────────────────
[property] start predicate_id='' property_label='URL' key='url' mapping='VI.9'
[options_details] answer answer='https://sites.google.com/site/umtgtestgen/, https://sntsvv.github.io/UMTG/' resource_mapping_key='url' answer_label_type_in_options_details='Text'
[property] answers property_label='URL' key='url' answers=['https://sites.google.com/site/umtgtestgen/', 'https://sntsvv.github.io/UMTG/']
[literal] created key='url' answer='https://sites.google.com/site/umtgtestgen/' id='L3614392'
[literal] created key='url' answer='https://sntsvv.github.io/UMTG/' id='L3614393'
[property] values_resolved property_label='URL' key='url' result_ids=['L3614392', 'L3614393']
[property] 10-values_resolved property_label='URL' key='url' result_ids=['L3614392', 'L3614393']
[subtemplate] end label='Release' class_id='C121044' subtemplate_id='R1544401'
[sep] ────────────────────────────────────────────────────────────
[subtemplate] end label='Implemented approach' class_id='C121038' subtemplate_id='R1544363'
[sep] ────────────────────────────────────────────────────────────
[link] created s='R1553217' p='P181046' o='R1553233'
[sep] ──────────────────────────────────────────────────────────── PREDICATE HAS_EVALUATION ────────────────────────────────────────────────────────────
[section] predicate id='HAS_EVALUATION' label='Evaluation'
[sep] ──────────────────────────────────────────────────────────── SUBTEMPLATE Evaluation ────────────────────────────────────────────────────────────
[subtemplate] start label='Evaluation' class_id='C121047' subtemplate_id='R1544421'
[sep] ────────────────────────────────────────────────────────────
[property] start predicate_id='' property_label='Evaluation metric' key='Evaluation metric' mapping='VII.1'
[selected_answers] answer answer='Precision/Recall' resource_mapping_key='Evaluation metric'
[selected_answers] answer answer='Other/Comments' resource_mapping_key='Evaluation metric'
[options_details] answer answer='Precision/Recall' resource_mapping_key='Evaluation metric' answer_label_type_in_options_details='No type'
[options_details] answer answer='Other/Comments' resource_mapping_key='Evaluation metric' answer_label_type_in_options_details='No type'
[property] answers property_label='Evaluation metric' key='Evaluation metric' answers=['Precision/Recall', 'Other/Comments']
[map] to_resource key='Evaluation metric' answer='Precision/Recall' object_id='R1544436'
[unmapped] other_value_skipped key='Evaluation metric' answer='Other/Comments'
[unmapped] other_value_skipped_resource_should_not_be_created key='Evaluation metric' answer='Other/Comments'
[property] values_resolved property_label='Evaluation metric' key='Evaluation metric' result_ids=['R1544436']
[property] 10-values_resolved property_label='Evaluation metric' key='Evaluation metric' result_ids=['R1544436']
[sep] ────────────────────────────────────────────────────────────
[property] start predicate_id='' property_label='Validation procedure' key='Validation procedure' mapping='VII.2'
[selected_answers] answer answer='Entire dataset' resource_mapping_key='Validation procedure'
[selected_answers] answer answer='Other/Comments' resource_mapping_key='Validation procedure'
[selected_answers] answer answer='We investigated, based on two industrial case studies in the automotive domain, three research questions.' resource_mapping_key='Validation procedure'
[options_details] answer answer='Entire dataset' resource_mapping_key='Validation procedure' answer_label_type_in_options_details='No type'
[options_details] answer answer='Other/Comments' resource_mapping_key='Validation procedure' answer_label_type_in_options_details='No type'
[options_details] answer answer='We investigated, based on two industrial case studies in the automotive domain, three research questions.' resource_mapping_key='Validation procedure' answer_label_type_in_options_details='Text'
[property] answers property_label='Validation procedure' key='Validation procedure' answers=['Entire dataset', 'Other/Comments', 'We investigated, based on two industrial case studies in the automotive domain, three research questions.']
[map] to_resource key='Validation procedure' answer='Entire dataset' object_id='R1544446'
[unmapped] other_value_skipped key='Validation procedure' answer='Other/Comments'
[unmapped] other_value_skipped_resource_should_not_be_created key='Validation procedure' answer='Other/Comments'
[unmapped] other_context_skipped key='Validation procedure' answer='We investigated, based on two industrial case studies in the automotive domain, three research questions.'
[resource] created label='We investigated, based on two industrial case studies in the automotive domain, three research questions.' class_id='C121049' id='R1553246'
[map] to_resource key='Validation procedure' answer='We investigated, based on two industrial case studies in the automotive domain, three research questions.' object_id='R1553246'
[property] values_resolved property_label='Validation procedure' key='Validation procedure' result_ids=['R1544446', 'R1553246']
[property] 10-values_resolved property_label='Validation procedure' key='Validation procedure' result_ids=['R1544446', 'R1553246']
[sep] ────────────────────────────────────────────────────────────
[sep] ──────────────────────────────────────────────────────────── SUBTEMPLATE Baseline comparison ────────────────────────────────────────────────────────────
[subtemplate] start label='Baseline comparison' class_id='C121050' subtemplate_id='R1544450'
[sep] ────────────────────────────────────────────────────────────
[property] start predicate_id='' property_label='Baseline comparison type' key='Baseline comparison type' mapping='VII.3'
[selected_answers] answer answer='Human baseline' resource_mapping_key='Baseline comparison type'
[options_details] answer answer='Human baseline' resource_mapping_key='Baseline comparison type' answer_label_type_in_options_details='No type'
[property] answers property_label='Baseline comparison type' key='Baseline comparison type' answers=['Human baseline']
[map] to_resource key='Baseline comparison type' answer='Human baseline' object_id='R1544452'
[property] values_resolved property_label='Baseline comparison type' key='Baseline comparison type' result_ids=['R1544452']
[property] 10-values_resolved property_label='Baseline comparison type' key='Baseline comparison type' result_ids=['R1544452']
[sep] ────────────────────────────────────────────────────────────
[property] start predicate_id='' property_label='Baseline comparison details' key='Baseline comparison details' mapping='VII.4'
[property] no_answers property_label='Baseline comparison details'
[literal] created key='Baseline comparison details' answer='Not reported' id='L3614394'
[subtemplate] end label='Baseline comparison' class_id='C121050' subtemplate_id='R1544450'
[sep] ────────────────────────────────────────────────────────────
[subtemplate] end label='Evaluation' class_id='C121047' subtemplate_id='R1544421'
[sep] ────────────────────────────────────────────────────────────
[link] created s='R1553217' p='HAS_EVALUATION' o='R1553245'
