[run] start run_id='475fba58'
[connect] ok host='https://orkg.org'
[json] loaded path='/Users/amirrezaalasti/Desktop/TIB/nlp4re/pdf_files/CleanedExternalValidation/TobiasHey-etal-RE20.json'
[run] instance run_id='475fba58' instance_id='R1550685'
[sep] ──────────────────────────────────────────────────────────── PREDICATE P181002 ────────────────────────────────────────────────────────────
[section] predicate id='P181002' label='RE task'
[property] start predicate_id='' property_label='RE task' key='RE task' mapping='I.1'
[selected_answers] answer answer='Requirements Classification' resource_mapping_key='RE task'
[options_details] answer answer='Requirements Classification' resource_mapping_key='RE task' answer_label_type_in_options_details='No type'
[property] answers property_label='RE task' key='RE task' answers=['Requirements Classification']
[map] to_resource key='RE task' answer='Requirements Classification' object_id='R1544130'
[property] values_resolved property_label='RE task' key='RE task' result_ids=['R1544130']
[link] created s='R1550685' p='P181002' o='R1544130'
[sep] ──────────────────────────────────────────────────────────── PREDICATE P181003 ────────────────────────────────────────────────────────────
[section] predicate id='P181003' label='NLP task'
[sep] ──────────────────────────────────────────────────────────── SUBTEMPLATE NLP task ────────────────────────────────────────────────────────────
[subtemplate] start label='NLP task' class_id='C121004' subtemplate_id='R1544138'
[sep] ────────────────────────────────────────────────────────────
[property] start predicate_id='' property_label='NLP task type' key='NLP task type' mapping='II.1'
[selected_answers] answer answer='Classification (choose among classes)' resource_mapping_key='NLP task type'
[options_details] answer answer='Classification (choose among classes)' resource_mapping_key='NLP task type' answer_label_type_in_options_details='No type'
[property] answers property_label='NLP task type' key='NLP task type' answers=['Classification']
[map] to_resource key='NLP task type' answer='Classification' object_id='R1544148'
[property] values_resolved property_label='NLP task type' key='NLP task type' result_ids=['R1544148']
[property] 10-values_resolved property_label='NLP task type' key='NLP task type' result_ids=['R1544148']
[sep] ────────────────────────────────────────────────────────────
[property] start predicate_id='' property_label='NLP task input' key='NLP task input' mapping='III.1'
[selected_answers] answer answer='Paragraphs' resource_mapping_key='NLP task input'
[selected_answers] answer answer='Sentences' resource_mapping_key='NLP task input'
[options_details] answer answer='Paragraphs' resource_mapping_key='NLP task input' answer_label_type_in_options_details='No type'
[options_details] answer answer='Sentences' resource_mapping_key='NLP task input' answer_label_type_in_options_details='No type'
[property] answers property_label='NLP task input' key='NLP task input' answers=['Paragraphs', 'Sentences']
[map] to_resource key='NLP task input' answer='Paragraphs' object_id='R1544151'
[map] to_resource key='NLP task input' answer='Sentences' object_id='R1544152'
[property] values_resolved property_label='NLP task input' key='NLP task input' result_ids=['R1544151', 'R1544152']
[property] 10-values_resolved property_label='NLP task input' key='NLP task input' result_ids=['R1544151', 'R1544152']
[sep] ────────────────────────────────────────────────────────────
[sep] ──────────────────────────────────────────────────────────── SUBTEMPLATE NLP task output ────────────────────────────────────────────────────────────
[subtemplate] start label='NLP task output' class_id='C121007' subtemplate_id='R1544158'
[sep] ────────────────────────────────────────────────────────────
[property] start predicate_id='' property_label='NLP task output classification label' key='NLP task output classification label' mapping='III.3'
[options_details] answer answer='functional vs. non-functional, type of quality in non-functional requirements, functional and/or quality aspects, concerns in functional requirements' resource_mapping_key='NLP task output classification label' answer_label_type_in_options_details='No type'
[property] answers property_label='NLP task output classification label' key='NLP task output classification label' answers=['functional vs. non-functional, type of quality in non-functional requirements, functional and/or quality aspects, concerns in functional requirements']
[literal] created key='NLP task output classification label' answer='functional vs. non-functional, type of quality in non-functional requirements, functional and/or quality aspects, concerns in functional requirements' id='L3612933'
[property] values_resolved property_label='NLP task output classification label' key='NLP task output classification label' result_ids=['L3612933']
[property] 10-values_resolved property_label='NLP task output classification label' key='NLP task output classification label' result_ids=['L3612933']
[sep] ────────────────────────────────────────────────────────────
[property] start predicate_id='' property_label='NLP task output extracted element' key='NLP task output extracted element' mapping='III.5'
[property] no_answers property_label='NLP task output extracted element'
[literal] created key='NLP task output extracted element' answer='Not reported' id='L3612934'
[sep] ────────────────────────────────────────────────────────────
[property] start predicate_id='' property_label='NLP task output translation mapping cardinality' key='NLP task output translation mapping cardinality' mapping='III.7'
[property] no_answers property_label='NLP task output translation mapping cardinality'
[sep] ────────────────────────────────────────────────────────────
[property] start predicate_id='' property_label='NLP task output type' key='NLP task output type' mapping="['III.2', 'III.4', 'III.6', 'III.8', 'III.9']"
[selected_answers] answer answer='Binary-Single label (e.g., ambiguous vs. unambiguous)' resource_mapping_key='NLP task output type'
[selected_answers] answer answer='Binary-Multi label (e.g., functional vs non-functional)' resource_mapping_key='NLP task output type'
[selected_answers] answer answer='Multi class- Multi label (e.g., type of quality in non-functional' resource_mapping_key='NLP task output type'
[options_details] answer answer='Binary-Single label (e.g., ambiguous vs. unambiguous)' resource_mapping_key='NLP task output type' answer_label_type_in_options_details='No type'
[options_details] answer answer='Binary-Multi label (e.g., functional vs non-functional)' resource_mapping_key='NLP task output type' answer_label_type_in_options_details='No type'
[options_details] answer answer='Multi class- Multi label (e.g., type of quality in non-functional' resource_mapping_key='NLP task output type' answer_label_type_in_options_details='No type'
[property] answers property_label='NLP task output type' key='NLP task output type' answers=['Binary-Single label', 'Binary-Multi label', 'Multi class- Multi label']
[map] to_resource key='NLP task output type' answer='Binary-Single label' object_id='R1544161'
[map] to_resource key='NLP task output type' answer='Binary-Multi label' object_id='R1544174'
[map] to_resource key='NLP task output type' answer='Multi class- Multi label' object_id='R1544169'
[property] values_resolved property_label='NLP task output type' key='NLP task output type' result_ids=['R1544161', 'R1544174', 'R1544169']
[property] 10-values_resolved property_label='NLP task output type' key='NLP task output type' result_ids=['R1544161', 'R1544174', 'R1544169']
[subtemplate] end label='NLP task output' class_id='C121007' subtemplate_id='R1544158'
[sep] ────────────────────────────────────────────────────────────
[subtemplate] end label='NLP task' class_id='C121004' subtemplate_id='R1544138'
[sep] ────────────────────────────────────────────────────────────
[link] created s='R1550685' p='P181003' o='R1550686'
[sep] ──────────────────────────────────────────────────────────── PREDICATE P181011 ────────────────────────────────────────────────────────────
[section] predicate id='P181011' label='NLP dataset'
[sep] ──────────────────────────────────────────────────────────── SUBTEMPLATE NLP dataset ────────────────────────────────────────────────────────────
[subtemplate] start label='NLP dataset' class_id='C121010' subtemplate_id='R1544216'
[sep] ────────────────────────────────────────────────────────────
[property] start predicate_id='' property_label='NLP data item' key='NLP data item' mapping='IV.1'
[options_details] answer answer='625 requirements of the NFR dataset' resource_mapping_key='NLP data item' answer_label_type_in_options_details='No type'
[property] answers property_label='NLP data item' key='NLP data item' answers=['625 requirements of the NFR dataset']
[literal] created key='NLP data item' answer='625 requirements of the NFR dataset' id='L3612935'
[property] values_resolved property_label='NLP data item' key='NLP data item' result_ids=['L3612935']
[property] 10-values_resolved property_label='NLP data item' key='NLP data item' result_ids=['L3612935']
[sep] ────────────────────────────────────────────────────────────
[property] start predicate_id='' property_label='NLP data production time' key='NLP data prodcution time' mapping='IV.2'
[options_details] answer answer='2007' resource_mapping_key='NLP data prodcution time' answer_label_type_in_options_details='No type'
[property] answers property_label='NLP data production time' key='NLP data prodcution time' answers=['2007']
[literal] created key='NLP data prodcution time' answer='2007' id='L3612936'
[property] values_resolved property_label='NLP data production time' key='NLP data prodcution time' result_ids=['L3612936']
[property] 10-values_resolved property_label='NLP data production time' key='NLP data prodcution time' result_ids=['L3612936']
[sep] ────────────────────────────────────────────────────────────
[sep] ──────────────────────────────────────────────────────────── SUBTEMPLATE NLP data source ────────────────────────────────────────────────────────────
[subtemplate] start label='NLP data source' class_id='C121011' subtemplate_id='R1544223'
[sep] ────────────────────────────────────────────────────────────
[property] start predicate_id='' property_label='NLP data source type' key='NLP data source type' mapping='IV.3'
[selected_answers] answer answer='Student Projects (i.e., requirements developed by' resource_mapping_key='NLP data source type'
[options_details] answer answer='Student Projects (i.e., requirements developed by' resource_mapping_key='NLP data source type' answer_label_type_in_options_details='No type'
[property] answers property_label='NLP data source type' key='NLP data source type' answers=['Student Projects']
[map] to_resource key='NLP data source type' answer='Student Projects' object_id='R1544231'
[property] values_resolved property_label='NLP data source type' key='NLP data source type' result_ids=['R1544231']
[property] 10-values_resolved property_label='NLP data source type' key='NLP data source type' result_ids=['R1544231']
[sep] ────────────────────────────────────────────────────────────
[property] start predicate_id='' property_label='Number of data sources' key='Number of data sources' mapping='IV.9'
[options_details] answer answer='1' resource_mapping_key='Number of data sources' answer_label_type_in_options_details='No type'
[property] answers property_label='Number of data sources' key='Number of data sources' answers=['1']
[Integer literal] fallback_to_text key='Number of data sources' answer='1'
[literal] created key='Number of data sources' answer='1' id='L3612937'
[property] values_resolved property_label='Number of data sources' key='Number of data sources' result_ids=['L3612937']
[property] 10-values_resolved property_label='Number of data sources' key='Number of data sources' result_ids=['L3612937']
[sep] ────────────────────────────────────────────────────────────
[property] start predicate_id='' property_label='NLP data source domain' key='NLP data source domain' mapping='IV.8'
[options_details] answer answer='defense, real estate, healthcare, legal, automotive, event management, entertainment, laundry, gaming, governance, sports, controlling' resource_mapping_key='NLP data source domain' answer_label_type_in_options_details='No type'
[property] answers property_label='NLP data source domain' key='NLP data source domain' answers=['defense', 'real estate', 'healthcare', 'legal', 'automotive', 'event management', 'entertainment', 'laundry', 'gaming', 'governance', 'sports', 'controlling']
[resource] created label='defense' class_id='C121053' id='R1550690'
[unmapped] categorical_created key='NLP data source domain' answer='defense' id='R1550690'
[resource] created label='real estate' class_id='C121053' id='R1550691'
[unmapped] categorical_created key='NLP data source domain' answer='real estate' id='R1550691'
[resource] created label='healthcare' class_id='C121053' id='R1550692'
[unmapped] categorical_created key='NLP data source domain' answer='healthcare' id='R1550692'
[resource] created label='legal' class_id='C121053' id='R1550693'
[unmapped] categorical_created key='NLP data source domain' answer='legal' id='R1550693'
[resource] created label='automotive' class_id='C121053' id='R1550694'
[unmapped] categorical_created key='NLP data source domain' answer='automotive' id='R1550694'
[resource] created label='event management' class_id='C121053' id='R1550695'
[unmapped] categorical_created key='NLP data source domain' answer='event management' id='R1550695'
[resource] created label='entertainment' class_id='C121053' id='R1550696'
[unmapped] categorical_created key='NLP data source domain' answer='entertainment' id='R1550696'
[resource] created label='laundry' class_id='C121053' id='R1550697'
[unmapped] categorical_created key='NLP data source domain' answer='laundry' id='R1550697'
[resource] created label='gaming' class_id='C121053' id='R1550698'
[unmapped] categorical_created key='NLP data source domain' answer='gaming' id='R1550698'
[resource] created label='governance' class_id='C121053' id='R1550699'
[unmapped] categorical_created key='NLP data source domain' answer='governance' id='R1550699'
[resource] created label='sports' class_id='C121053' id='R1550700'
[unmapped] categorical_created key='NLP data source domain' answer='sports' id='R1550700'
[resource] created label='controlling' class_id='C121053' id='R1550701'
[unmapped] categorical_created key='NLP data source domain' answer='controlling' id='R1550701'
[property] values_resolved property_label='NLP data source domain' key='NLP data source domain' result_ids=['R1550690', 'R1550691', 'R1550692', 'R1550693', 'R1550694', 'R1550695', 'R1550696', 'R1550697', 'R1550698', 'R1550699', 'R1550700', 'R1550701']
[property] 10-values_resolved property_label='NLP data source domain' key='NLP data source domain' result_ids=['R1550690', 'R1550691', 'R1550692', 'R1550693', 'R1550694', 'R1550695', 'R1550696', 'R1550697', 'R1550698', 'R1550699', 'R1550700', 'R1550701']
[subtemplate] end label='NLP data source' class_id='C121011' subtemplate_id='R1544223'
[sep] ────────────────────────────────────────────────────────────
[sep] ────────────────────────────────────────────────────────────
[property] start predicate_id='' property_label='NLP data abstraction level' key='NLP data abstraction level' mapping='IV.4'
[selected_answers] answer answer='Business-level (e.g., "Provide customer with a pleasant' resource_mapping_key='NLP data abstraction level'
[selected_answers] answer answer='System-level (e.g., "When a GSI component constraint' resource_mapping_key='NLP data abstraction level'
[options_details] answer answer='Business-level (e.g., "Provide customer with a pleasant' resource_mapping_key='NLP data abstraction level' answer_label_type_in_options_details='No type'
[options_details] answer answer='System-level (e.g., "When a GSI component constraint' resource_mapping_key='NLP data abstraction level' answer_label_type_in_options_details='No type'
[property] answers property_label='NLP data abstraction level' key='NLP data abstraction level' answers=['Business-level', 'System-level']
[map] to_resource key='NLP data abstraction level' answer='Business-level' object_id='R1544240'
[map] to_resource key='NLP data abstraction level' answer='System-level' object_id='R1544241'
[property] values_resolved property_label='NLP data abstraction level' key='NLP data abstraction level' result_ids=['R1544240', 'R1544241']
[property] 10-values_resolved property_label='NLP data abstraction level' key='NLP data abstraction level' result_ids=['R1544240', 'R1544241']
[sep] ────────────────────────────────────────────────────────────
[sep] ──────────────────────────────────────────────────────────── SUBTEMPLATE NLP data type ────────────────────────────────────────────────────────────
[subtemplate] start label='NLP data type' class_id='C121015' subtemplate_id='R1544245'
[sep] ────────────────────────────────────────────────────────────
[property] start predicate_id='' property_label='NLP data format' key='NLP data format' mapping='IV.5'
[selected_answers] answer answer='"Shall" requirements' resource_mapping_key='NLP data format'
[options_details] answer answer='"Shall" requirements' resource_mapping_key='NLP data format' answer_label_type_in_options_details='No type'
[property] answers property_label='NLP data format' key='NLP data format' answers=['"Shall" requirements']
[map] to_resource key='NLP data format' answer='"Shall" requirements' object_id='R1544249'
[property] values_resolved property_label='NLP data format' key='NLP data format' result_ids=['R1544249']
[property] 10-values_resolved property_label='NLP data format' key='NLP data format' result_ids=['R1544249']
[sep] ────────────────────────────────────────────────────────────
[property] start predicate_id='' property_label='Rigor of data format' key='Rigor of data format' mapping='IV.6'
[selected_answers] answer answer='Unconstrained natural language' resource_mapping_key='Rigor of data format'
[options_details] answer answer='Unconstrained natural language' resource_mapping_key='Rigor of data format' answer_label_type_in_options_details='No type'
[property] answers property_label='Rigor of data format' key='Rigor of data format' answers=['Unconstrained natural language']
[map] to_resource key='Rigor of data format' answer='Unconstrained natural language' object_id='R1544258'
[property] values_resolved property_label='Rigor of data format' key='Rigor of data format' result_ids=['R1544258']
[property] 10-values_resolved property_label='Rigor of data format' key='Rigor of data format' result_ids=['R1544258']
[sep] ────────────────────────────────────────────────────────────
[property] start predicate_id='' property_label='Natural language' key='Natural language' mapping='IV.7'
[options_details] answer answer='English' resource_mapping_key='Natural language' answer_label_type_in_options_details='No type'
[property] answers property_label='Natural language' key='Natural language' answers=['English']
[literal] created key='Natural language' answer='English' id='L3612938'
[property] values_resolved property_label='Natural language' key='Natural language' result_ids=['L3612938']
[property] 10-values_resolved property_label='Natural language' key='Natural language' result_ids=['L3612938']
[subtemplate] end label='NLP data type' class_id='C121015' subtemplate_id='R1544245'
[sep] ────────────────────────────────────────────────────────────
[sep] ────────────────────────────────────────────────────────────
[sep] ──────────────────────────────────────────────────────────── SUBTEMPLATE License ────────────────────────────────────────────────────────────
[subtemplate] start label='License' class_id='C121018' subtemplate_id='R1544265'
[sep] ────────────────────────────────────────────────────────────
[property] start predicate_id='' property_label='Public availability' key='Public availability' mapping='IV.10'
[selected_answers] answer answer='Fully' resource_mapping_key='Public availability'
[options_details] answer answer='Fully' resource_mapping_key='Public availability' answer_label_type_in_options_details='No type'
[property] answers property_label='Public availability' key='Public availability' answers=['Fully']
[map] to_resource key='Public availability' answer='Fully' object_id='R1544267'
[property] values_resolved property_label='Public availability' key='Public availability' result_ids=['R1544267']
[property] 10-values_resolved property_label='Public availability' key='Public availability' result_ids=['R1544267']
[sep] ────────────────────────────────────────────────────────────
[property] start predicate_id='' property_label='License type' key='License type' mapping='IV.11'
[selected_answers] answer answer='License: modification for any' resource_mapping_key='License type'
[options_details] answer answer='License: modification for any' resource_mapping_key='License type' answer_label_type_in_options_details='No type'
[property] answers property_label='License type' key='License type' answers=['License: modification for any']
[resource] created label='License: modification for any' class_id='C121020' id='R1550704'
[unmapped] categorical_created key='License type' answer='License: modification for any' id='R1550704'
[property] values_resolved property_label='License type' key='License type' result_ids=['R1550704']
[property] 10-values_resolved property_label='License type' key='License type' result_ids=['R1550704']
[subtemplate] end label='License' class_id='C121018' subtemplate_id='R1544265'
[sep] ────────────────────────────────────────────────────────────
[sep] ────────────────────────────────────────────────────────────
[sep] ──────────────────────────────────────────────────────────── SUBTEMPLATE Dataset location ────────────────────────────────────────────────────────────
[subtemplate] start label='Dataset location' class_id='C121022' subtemplate_id='R1544278'
[sep] ────────────────────────────────────────────────────────────
[property] start predicate_id='' property_label='Location type' key='Dataset location type' mapping='IV.12'
[selected_answers] answer answer='In a repository (GitHub, GitLab)' resource_mapping_key='Dataset location type'
[selected_answers] answer answer='In a persistent platform with DOI' resource_mapping_key='Dataset location type'
[options_details] answer answer='In a repository (GitHub, GitLab)' resource_mapping_key='Dataset location type' answer_label_type_in_options_details='No type'
[options_details] answer answer='In a persistent platform with DOI' resource_mapping_key='Dataset location type' answer_label_type_in_options_details='No type'
[property] answers property_label='Location type' key='Dataset location type' answers=['In a repository', 'In a persistent platform with DOI']
[map] to_resource key='Dataset location type' answer='In a repository' object_id='R1544281'
[map] to_resource key='Dataset location type' answer='In a persistent platform with DOI' object_id='R1544282'
[property] values_resolved property_label='Location type' key='Dataset location type' result_ids=['R1544281', 'R1544282']
[property] 10-values_resolved property_label='Location type' key='Dataset location type' result_ids=['R1544281', 'R1544282']
[sep] ────────────────────────────────────────────────────────────
[property] start predicate_id='' property_label='URL' key='url' mapping='IV.13'
[options_details] answer answer='http://doi.org/10.5281/zenodo.268542, https://doi.org/10.5281/zenodo.3309669, https://doi.org/10.5281/zenodo.3833660' resource_mapping_key='url' answer_label_type_in_options_details='No type'
[property] answers property_label='URL' key='url' answers=['http://doi.org/10.5281/zenodo.268542', 'https://doi.org/10.5281/zenodo.3309669', 'https://doi.org/10.5281/zenodo.3833660']
[literal] created key='url' answer='http://doi.org/10.5281/zenodo.268542' id='L3612939'
[literal] created key='url' answer='https://doi.org/10.5281/zenodo.3309669' id='L3612940'
[literal] created key='url' answer='https://doi.org/10.5281/zenodo.3833660' id='L3612941'
[property] values_resolved property_label='URL' key='url' result_ids=['L3612939', 'L3612940', 'L3612941']
[property] 10-values_resolved property_label='URL' key='url' result_ids=['L3612939', 'L3612940', 'L3612941']
[subtemplate] end label='Dataset location' class_id='C121022' subtemplate_id='R1544278'
[sep] ────────────────────────────────────────────────────────────
[subtemplate] end label='NLP dataset' class_id='C121010' subtemplate_id='R1544216'
[sep] ────────────────────────────────────────────────────────────
[link] created s='R1550685' p='P181011' o='R1550688'
[sep] ──────────────────────────────────────────────────────────── PREDICATE P181031 ────────────────────────────────────────────────────────────
[section] predicate id='P181031' label='Annotation process'
[sep] ──────────────────────────────────────────────────────────── SUBTEMPLATE Annotation process ────────────────────────────────────────────────────────────
[subtemplate] start label='Annotation process' class_id='C121025' subtemplate_id='R1544287'
[sep] ────────────────────────────────────────────────────────────
[sep] ──────────────────────────────────────────────────────────── SUBTEMPLATE Annotator ────────────────────────────────────────────────────────────
[subtemplate] start label='Annotator' class_id='C121026' subtemplate_id='R1544290'
[sep] ────────────────────────────────────────────────────────────
[property] start predicate_id='' property_label='Number of annotators' key='Number of annotators' mapping='V.1'
[options_details] answer answer='2' resource_mapping_key='Number of annotators' answer_label_type_in_options_details='No type'
[property] answers property_label='Number of annotators' key='Number of annotators' answers=['2']
[Integer literal] fallback_to_text key='Number of annotators' answer='2'
[literal] created key='Number of annotators' answer='2' id='L3612942'
[property] values_resolved property_label='Number of annotators' key='Number of annotators' result_ids=['L3612942']
[property] 10-values_resolved property_label='Number of annotators' key='Number of annotators' result_ids=['L3612942']
[sep] ────────────────────────────────────────────────────────────
[property] start predicate_id='' property_label='Annotator assignment' key='Annotator assignment' mapping='V.2'
[selected_answers] answer answer='Multiple annotators per entry' resource_mapping_key='Annotator assignment'
[options_details] answer answer='Multiple annotators per entry' resource_mapping_key='Annotator assignment' answer_label_type_in_options_details='No type'
[property] answers property_label='Annotator assignment' key='Annotator assignment' answers=['Multiple annotators per entry']
[map] to_resource key='Annotator assignment' answer='Multiple annotators per entry' object_id='R1544293'
[property] values_resolved property_label='Annotator assignment' key='Annotator assignment' result_ids=['R1544293']
[property] 10-values_resolved property_label='Annotator assignment' key='Annotator assignment' result_ids=['R1544293']
[sep] ────────────────────────────────────────────────────────────
[property] start predicate_id='' property_label='Level of application domain experience' key='Level of application domain experience' mapping='V.3'
[selected_answers] answer answer='None or unknown' resource_mapping_key='Level of application domain experience'
[options_details] answer answer='None or unknown' resource_mapping_key='Level of application domain experience' answer_label_type_in_options_details='No type'
[property] answers property_label='Level of application domain experience' key='Level of application domain experience' answers=['None or unknown']
[map] to_resource key='Level of application domain experience' answer='None or unknown' object_id='R1544298'
[property] values_resolved property_label='Level of application domain experience' key='Level of application domain experience' result_ids=['R1544298']
[property] 10-values_resolved property_label='Level of application domain experience' key='Level of application domain experience' result_ids=['R1544298']
[sep] ────────────────────────────────────────────────────────────
[property] start predicate_id='' property_label='Annotator identity' key='Annotator identity' mapping='V.4'
[selected_answers] answer answer='The designers of the technique/tool' resource_mapping_key='Annotator identity'
[options_details] answer answer='The designers of the technique/tool' resource_mapping_key='Annotator identity' answer_label_type_in_options_details='No type'
[property] answers property_label='Annotator identity' key='Annotator identity' answers=['The designers of the technique/tool']
[map] to_resource key='Annotator identity' answer='The designers of the technique/tool' object_id='R1544302'
[property] values_resolved property_label='Annotator identity' key='Annotator identity' result_ids=['R1544302']
[property] 10-values_resolved property_label='Annotator identity' key='Annotator identity' result_ids=['R1544302']
[subtemplate] end label='Annotator' class_id='C121026' subtemplate_id='R1544290'
[sep] ────────────────────────────────────────────────────────────
[sep] ────────────────────────────────────────────────────────────
[sep] ──────────────────────────────────────────────────────────── SUBTEMPLATE Annotation scheme ────────────────────────────────────────────────────────────
[subtemplate] start label='Annotation scheme' class_id='C121030' subtemplate_id='R1544307'
[sep] ────────────────────────────────────────────────────────────
[property] start predicate_id='' property_label='Scheme establishment' key='Scheme establishement' mapping='V.5'
[selected_answers] answer answer='Oral agreement among the taggers' resource_mapping_key='Scheme establishement'
[options_details] answer answer='Oral agreement among the taggers' resource_mapping_key='Scheme establishement' answer_label_type_in_options_details='No type'
[property] answers property_label='Scheme establishment' key='Scheme establishement' answers=['Oral agreement among the taggers']
[map] to_resource key='Scheme establishement' answer='Oral agreement among the taggers' object_id='R1544311'
[property] values_resolved property_label='Scheme establishment' key='Scheme establishement' result_ids=['R1544311']
[property] 10-values_resolved property_label='Scheme establishment' key='Scheme establishement' result_ids=['R1544311']
[sep] ────────────────────────────────────────────────────────────
[property] start predicate_id='' property_label='Guideline availability' key='Guideline availability' mapping='V.6'
[selected_answers] answer answer='No' resource_mapping_key='Guideline availability'
[options_details] answer answer='No' resource_mapping_key='Guideline availability' answer_label_type_in_options_details='No type'
[property] answers property_label='Guideline availability' key='Guideline availability' answers=['No']
[map] to_resource key='Guideline availability' answer='No' object_id='R1544314'
[property] values_resolved property_label='Guideline availability' key='Guideline availability' result_ids=['R1544314']
[property] 10-values_resolved property_label='Guideline availability' key='Guideline availability' result_ids=['R1544314']
[subtemplate] end label='Annotation scheme' class_id='C121030' subtemplate_id='R1544307'
[sep] ────────────────────────────────────────────────────────────
[sep] ────────────────────────────────────────────────────────────
[property] start predicate_id='' property_label='Shared material' key='Shared material' mapping='V.7'
[selected_answers] answer answer='No' resource_mapping_key='Shared material'
[options_details] answer answer='No' resource_mapping_key='Shared material' answer_label_type_in_options_details='No type'
[property] answers property_label='Shared material' key='Shared material' answers=['No']
[map] to_resource key='Shared material' answer='No' object_id='R1544319'
[property] values_resolved property_label='Shared material' key='Shared material' result_ids=['R1544319']
[property] 10-values_resolved property_label='Shared material' key='Shared material' result_ids=['R1544319']
[sep] ────────────────────────────────────────────────────────────
[property] start predicate_id='' property_label='Fatigue mitigation technique' key='Fatigue mitigation technique' mapping='V.8'
[selected_answers] answer answer='No' resource_mapping_key='Fatigue mitigation technique'
[options_details] answer answer='No' resource_mapping_key='Fatigue mitigation technique' answer_label_type_in_options_details='No type'
[property] answers property_label='Fatigue mitigation technique' key='Fatigue mitigation technique' answers=['No']
[map] to_resource key='Fatigue mitigation technique' answer='No' object_id='R1544324'
[property] values_resolved property_label='Fatigue mitigation technique' key='Fatigue mitigation technique' result_ids=['R1544324']
[property] 10-values_resolved property_label='Fatigue mitigation technique' key='Fatigue mitigation technique' result_ids=['R1544324']
[sep] ────────────────────────────────────────────────────────────
[sep] ──────────────────────────────────────────────────────────── SUBTEMPLATE Annotator agreement ────────────────────────────────────────────────────────────
[subtemplate] start label='Annotator agreement' class_id='C121035' subtemplate_id='R1544326'
[sep] ────────────────────────────────────────────────────────────
[property] start predicate_id='' property_label='Intercoder reliability metric' key='Intercoder reliability metric' mapping='V.9'
[selected_answers] answer answer="Krippendorf's Alpha" resource_mapping_key='Intercoder reliability metric'
[options_details] answer answer="Krippendorf's Alpha" resource_mapping_key='Intercoder reliability metric' answer_label_type_in_options_details='No type'
[property] answers property_label='Intercoder reliability metric' key='Intercoder reliability metric' answers=["Krippendorf's Alpha"]
[map] to_resource key='Intercoder reliability metric' answer="Krippendorf's Alpha" object_id='R1544330'
[property] values_resolved property_label='Intercoder reliability metric' key='Intercoder reliability metric' result_ids=['R1544330']
[property] 10-values_resolved property_label='Intercoder reliability metric' key='Intercoder reliability metric' result_ids=['R1544330']
[sep] ────────────────────────────────────────────────────────────
[property] start predicate_id='' property_label='Conflict resolution' key='Conflict resolution' mapping='V.10'
[selected_answers] answer answer='Discussion among taggers' resource_mapping_key='Conflict resolution'
[options_details] answer answer='Discussion among taggers' resource_mapping_key='Conflict resolution' answer_label_type_in_options_details='No type'
[property] answers property_label='Conflict resolution' key='Conflict resolution' answers=['Discussion among taggers']
[resource] created label='Discussion among taggers' class_id='C121037' id='R1550710'
[unmapped] categorical_created key='Conflict resolution' answer='Discussion among taggers' id='R1550710'
[property] values_resolved property_label='Conflict resolution' key='Conflict resolution' result_ids=['R1550710']
[property] 10-values_resolved property_label='Conflict resolution' key='Conflict resolution' result_ids=['R1550710']
[sep] ────────────────────────────────────────────────────────────
[property] start predicate_id='' property_label='Measured agreement' key='Measured agreement' mapping='V.11'
[options_details] answer answer="Krippendorf's Alpha: 0,821" resource_mapping_key='Measured agreement' answer_label_type_in_options_details='No type'
[property] answers property_label='Measured agreement' key='Measured agreement' answers=["Krippendorf's Alpha: 0,821"]
[literal] created key='Measured agreement' answer="Krippendorf's Alpha: 0,821" id='L3612943'
[property] values_resolved property_label='Measured agreement' key='Measured agreement' result_ids=['L3612943']
[property] 10-values_resolved property_label='Measured agreement' key='Measured agreement' result_ids=['L3612943']
[subtemplate] end label='Annotator agreement' class_id='C121035' subtemplate_id='R1544326'
[sep] ────────────────────────────────────────────────────────────
[subtemplate] end label='Annotation process' class_id='C121025' subtemplate_id='R1544287'
[sep] ────────────────────────────────────────────────────────────
[link] created s='R1550685' p='P181031' o='R1550706'
[sep] ──────────────────────────────────────────────────────────── PREDICATE P181046 ────────────────────────────────────────────────────────────
[section] predicate id='P181046' label='Implemented approach'
[sep] ──────────────────────────────────────────────────────────── SUBTEMPLATE Implemented approach ────────────────────────────────────────────────────────────
[subtemplate] start label='Implemented approach' class_id='C121038' subtemplate_id='R1544363'
[sep] ────────────────────────────────────────────────────────────
[property] start predicate_id='' property_label='Approach type' key='Approach type' mapping='VI.1'
[selected_answers] answer answer='Supervised ML' resource_mapping_key='Approach type'
[selected_answers] answer answer='Supervised DL' resource_mapping_key='Approach type'
[options_details] answer answer='Supervised ML' resource_mapping_key='Approach type' answer_label_type_in_options_details='No type'
[options_details] answer answer='Supervised DL' resource_mapping_key='Approach type' answer_label_type_in_options_details='No type'
[property] answers property_label='Approach type' key='Approach type' answers=['Supervised ML', 'Supervised DL']
[map] to_resource key='Approach type' answer='Supervised ML' object_id='R1544368'
[map] to_resource key='Approach type' answer='Supervised DL' object_id='R1544365'
[property] values_resolved property_label='Approach type' key='Approach type' result_ids=['R1544368', 'R1544365']
[property] 10-values_resolved property_label='Approach type' key='Approach type' result_ids=['R1544368', 'R1544365']
[sep] ────────────────────────────────────────────────────────────
[property] start predicate_id='' property_label='Algorithm used' key='Algorithm used' mapping='VI.2'
[options_details] answer answer='BERT' resource_mapping_key='Algorithm used' answer_label_type_in_options_details='No type'
[property] answers property_label='Algorithm used' key='Algorithm used' answers=['BERT']
[resource] created label='BERT' class_id='C121040' id='R1550712'
[unmapped] categorical_created key='Algorithm used' answer='BERT' id='R1550712'
[property] values_resolved property_label='Algorithm used' key='Algorithm used' result_ids=['R1550712']
[property] 10-values_resolved property_label='Algorithm used' key='Algorithm used' result_ids=['R1550712']
[sep] ────────────────────────────────────────────────────────────
[property] start predicate_id='' property_label='Running requirements' key='Running requirements' mapping='VI.4'
[selected_answers] answer answer='Compile and run' resource_mapping_key='Running requirements'
[options_details] answer answer='Compile and run' resource_mapping_key='Running requirements' answer_label_type_in_options_details='No type'
[property] answers property_label='Running requirements' key='Running requirements' answers=['Compile and run']
[map] to_resource key='Running requirements' answer='Compile and run' object_id='R1544380'
[property] values_resolved property_label='Running requirements' key='Running requirements' result_ids=['R1544380']
[property] 10-values_resolved property_label='Running requirements' key='Running requirements' result_ids=['R1544380']
[sep] ────────────────────────────────────────────────────────────
[property] start predicate_id='' property_label='Documentation' key='Documentation' mapping='VI.5'
[selected_answers] answer answer='README file' resource_mapping_key='Documentation'
[selected_answers] answer answer='Ready-to-use examples' resource_mapping_key='Documentation'
[options_details] answer answer='README file' resource_mapping_key='Documentation' answer_label_type_in_options_details='No type'
[options_details] answer answer='Ready-to-use examples' resource_mapping_key='Documentation' answer_label_type_in_options_details='No type'
[property] answers property_label='Documentation' key='Documentation' answers=['README file', 'Ready-to-use examples']
[map] to_resource key='Documentation' answer='README file' object_id='R1544390'
[map] to_resource key='Documentation' answer='Ready-to-use examples' object_id='R1544387'
[property] values_resolved property_label='Documentation' key='Documentation' result_ids=['R1544390', 'R1544387']
[property] 10-values_resolved property_label='Documentation' key='Documentation' result_ids=['R1544390', 'R1544387']
[sep] ────────────────────────────────────────────────────────────
[property] start predicate_id='' property_label='Dependency' key='Dependency' mapping='VI.6'
[selected_answers] answer answer='Open source libraries / software (e.g., python libraries,' resource_mapping_key='Dependency'
[selected_answers] answer answer='Proprietary libraries / software (e.g., Google Cloud' resource_mapping_key='Dependency'
[options_details] answer answer='Open source libraries / software (e.g., python libraries,' resource_mapping_key='Dependency' answer_label_type_in_options_details='No type'
[options_details] answer answer='Proprietary libraries / software (e.g., Google Cloud' resource_mapping_key='Dependency' answer_label_type_in_options_details='No type'
[property] answers property_label='Dependency' key='Dependency' answers=['Open source libraries / software', 'Proprietary libraries / software']
[map] to_resource key='Dependency' answer='Open source libraries / software' object_id='R1544394'
[resource] created label='Proprietary libraries / software' class_id='C121043' id='R1550713'
[unmapped] categorical_created key='Dependency' answer='Proprietary libraries / software' id='R1550713'
[property] values_resolved property_label='Dependency' key='Dependency' result_ids=['R1544394', 'R1550713']
[property] 10-values_resolved property_label='Dependency' key='Dependency' result_ids=['R1544394', 'R1550713']
[sep] ────────────────────────────────────────────────────────────
[property] start predicate_id='' property_label='License type' key='License type' mapping='VI.8'
[selected_answers] answer answer='License: modification for any' resource_mapping_key='License type'
[options_details] answer answer='License: modification for any' resource_mapping_key='License type' answer_label_type_in_options_details='No type'
[property] answers property_label='License type' key='License type' answers=['License: modification for any']
[resource] created label='License: modification for any' class_id='C121020' id='R1550714'
[unmapped] categorical_created key='License type' answer='License: modification for any' id='R1550714'
[property] values_resolved property_label='License type' key='License type' result_ids=['R1550714']
[property] 10-values_resolved property_label='License type' key='License type' result_ids=['R1550714']
[sep] ────────────────────────────────────────────────────────────
[sep] ──────────────────────────────────────────────────────────── SUBTEMPLATE Release ────────────────────────────────────────────────────────────
[subtemplate] start label='Release' class_id='C121044' subtemplate_id='R1544401'
[sep] ────────────────────────────────────────────────────────────
[property] start predicate_id='' property_label='Release format' key='Release format' mapping='VI.3'
[selected_answers] answer answer='Source code' resource_mapping_key='Release format'
[selected_answers] answer answer='Executable notebook (e.g., Jupyter)' resource_mapping_key='Release format'
[selected_answers] answer answer='Pre-trained model (ML-based trained model)' resource_mapping_key='Release format'
[options_details] answer answer='Source code' resource_mapping_key='Release format' answer_label_type_in_options_details='No type'
[options_details] answer answer='Executable notebook (e.g., Jupyter)' resource_mapping_key='Release format' answer_label_type_in_options_details='No type'
[options_details] answer answer='Pre-trained model (ML-based trained model)' resource_mapping_key='Release format' answer_label_type_in_options_details='No type'
[property] answers property_label='Release format' key='Release format' answers=['Source code', 'Executable notebook', 'Pre-trained model']
[map] to_resource key='Release format' answer='Source code' object_id='R1544410'
[map] to_resource key='Release format' answer='Executable notebook' object_id='R1544407'
[map] to_resource key='Release format' answer='Pre-trained model' object_id='R1544409'
[property] values_resolved property_label='Release format' key='Release format' result_ids=['R1544410', 'R1544407', 'R1544409']
[property] 10-values_resolved property_label='Release format' key='Release format' result_ids=['R1544410', 'R1544407', 'R1544409']
[sep] ────────────────────────────────────────────────────────────
[property] start predicate_id='' property_label='Location type' key='Tool location type' mapping='VI.7'
[selected_answers] answer answer='In a repository (GitHub, GitLab)' resource_mapping_key='Tool location type'
[selected_answers] answer answer='In a persistent platform with DOI' resource_mapping_key='Tool location type'
[options_details] answer answer='In a repository (GitHub, GitLab)' resource_mapping_key='Tool location type' answer_label_type_in_options_details='No type'
[options_details] answer answer='In a persistent platform with DOI' resource_mapping_key='Tool location type' answer_label_type_in_options_details='No type'
[property] answers property_label='Location type' key='Tool location type' answers=['In a repository', 'In a persistent platform with DOI']
[map] to_resource key='Tool location type' answer='In a repository' object_id='R1544415'
[map] to_resource key='Tool location type' answer='In a persistent platform with DOI' object_id='R1544414'
[property] values_resolved property_label='Location type' key='Tool location type' result_ids=['R1544415', 'R1544414']
[property] 10-values_resolved property_label='Location type' key='Tool location type' result_ids=['R1544415', 'R1544414']
[sep] ────────────────────────────────────────────────────────────
[property] start predicate_id='' property_label='URL' key='url' mapping='VI.9'
[options_details] answer answer='https://doi.org/10.5281/zenodo.3833660' resource_mapping_key='url' answer_label_type_in_options_details='No type'
[property] answers property_label='URL' key='url' answers=['https://doi.org/10.5281/zenodo.3833660']
[literal] created key='url' answer='https://doi.org/10.5281/zenodo.3833660' id='L3612944'
[property] values_resolved property_label='URL' key='url' result_ids=['L3612944']
[property] 10-values_resolved property_label='URL' key='url' result_ids=['L3612944']
[subtemplate] end label='Release' class_id='C121044' subtemplate_id='R1544401'
[sep] ────────────────────────────────────────────────────────────
[subtemplate] end label='Implemented approach' class_id='C121038' subtemplate_id='R1544363'
[sep] ────────────────────────────────────────────────────────────
[link] created s='R1550685' p='P181046' o='R1550711'
[sep] ──────────────────────────────────────────────────────────── PREDICATE HAS_EVALUATION ────────────────────────────────────────────────────────────
[section] predicate id='HAS_EVALUATION' label='Evaluation'
[sep] ──────────────────────────────────────────────────────────── SUBTEMPLATE Evaluation ────────────────────────────────────────────────────────────
[subtemplate] start label='Evaluation' class_id='C121047' subtemplate_id='R1544421'
[sep] ────────────────────────────────────────────────────────────
[property] start predicate_id='' property_label='Evaluation metric' key='Evaluation metric' mapping='VII.1'
[selected_answers] answer answer='Precision/Recall' resource_mapping_key='Evaluation metric'
[selected_answers] answer answer='F-Score' resource_mapping_key='Evaluation metric'
[options_details] answer answer='Precision/Recall' resource_mapping_key='Evaluation metric' answer_label_type_in_options_details='No type'
[options_details] answer answer='F-Score' resource_mapping_key='Evaluation metric' answer_label_type_in_options_details='No type'
[property] answers property_label='Evaluation metric' key='Evaluation metric' answers=['Precision/Recall', 'F-Score']
[map] to_resource key='Evaluation metric' answer='Precision/Recall' object_id='R1544436'
[map] to_resource key='Evaluation metric' answer='F-Score' object_id='R1544442'
[property] values_resolved property_label='Evaluation metric' key='Evaluation metric' result_ids=['R1544436', 'R1544442']
[property] 10-values_resolved property_label='Evaluation metric' key='Evaluation metric' result_ids=['R1544436', 'R1544442']
[sep] ────────────────────────────────────────────────────────────
[property] start predicate_id='' property_label='Validation procedure' key='Validation procedure' mapping='VII.2'
[selected_answers] answer answer='Train-test split' resource_mapping_key='Validation procedure'
[selected_answers] answer answer='Cross-validation' resource_mapping_key='Validation procedure'
[selected_answers] answer answer='Cross-project validation' resource_mapping_key='Validation procedure'
[options_details] answer answer='Train-test split' resource_mapping_key='Validation procedure' answer_label_type_in_options_details='No type'
[options_details] answer answer='Cross-validation' resource_mapping_key='Validation procedure' answer_label_type_in_options_details='No type'
[options_details] answer answer='Cross-project validation' resource_mapping_key='Validation procedure' answer_label_type_in_options_details='No type'
[property] answers property_label='Validation procedure' key='Validation procedure' answers=['Train-test split', 'Cross-validation', 'Cross-project validation']
[map] to_resource key='Validation procedure' answer='Train-test split' object_id='R1544445'
[map] to_resource key='Validation procedure' answer='Cross-validation' object_id='R1544448'
[map] to_resource key='Validation procedure' answer='Cross-project validation' object_id='R1544447'
[property] values_resolved property_label='Validation procedure' key='Validation procedure' result_ids=['R1544445', 'R1544448', 'R1544447']
[property] 10-values_resolved property_label='Validation procedure' key='Validation procedure' result_ids=['R1544445', 'R1544448', 'R1544447']
[sep] ────────────────────────────────────────────────────────────
[sep] ──────────────────────────────────────────────────────────── SUBTEMPLATE Baseline comparison ────────────────────────────────────────────────────────────
[subtemplate] start label='Baseline comparison' class_id='C121050' subtemplate_id='R1544450'
[sep] ────────────────────────────────────────────────────────────
[property] start predicate_id='' property_label='Baseline comparison type' key='Baseline comparsion type' mapping='VII.3'
[selected_answers] answer answer='Existing tool or algorithm (e.g., from another paper' resource_mapping_key='Baseline comparsion type'
[options_details] answer answer='Existing tool or algorithm (e.g., from another paper' resource_mapping_key='Baseline comparsion type' answer_label_type_in_options_details='No type'
[property] answers property_label='Baseline comparison type' key='Baseline comparsion type' answers=['Existing tool or algorithm']
[map] to_resource key='Baseline comparsion type' answer='Existing tool or algorithm' object_id='R1544455'
[property] values_resolved property_label='Baseline comparison type' key='Baseline comparsion type' result_ids=['R1544455']
[property] 10-values_resolved property_label='Baseline comparison type' key='Baseline comparsion type' result_ids=['R1544455']
[sep] ────────────────────────────────────────────────────────────
[property] start predicate_id='' property_label='Baseline comparison details' key='Baseline comparison details' mapping='VII.4'
[options_details] answer answer='Results reported in 4 previous publications' resource_mapping_key='Baseline comparison details' answer_label_type_in_options_details='No type'
[property] answers property_label='Baseline comparison details' key='Baseline comparison details' answers=['Results reported in 4 previous publications']
[literal] created key='Baseline comparison details' answer='Results reported in 4 previous publications' id='L3612945'
[property] values_resolved property_label='Baseline comparison details' key='Baseline comparison details' result_ids=['L3612945']
[property] 10-values_resolved property_label='Baseline comparison details' key='Baseline comparison details' result_ids=['L3612945']
[subtemplate] end label='Baseline comparison' class_id='C121050' subtemplate_id='R1544450'
[sep] ────────────────────────────────────────────────────────────
[subtemplate] end label='Evaluation' class_id='C121047' subtemplate_id='R1544421'
[sep] ────────────────────────────────────────────────────────────
[link] created s='R1550685' p='HAS_EVALUATION' o='R1550716'
