[run] start run_id='15298480'
[connect] ok host='https://orkg.org'
[json] loaded path='/Users/amirrezaalasti/Desktop/TIB/nlp4re/pdf_files/CleanedExternalValidation/JannikFischbach-etal-REFSQ21.json'
[run] instance run_id='15298480' instance_id='R1552011'
[sep] ──────────────────────────────────────────────────────────── PREDICATE P181002 ────────────────────────────────────────────────────────────
[section] predicate id='P181002' label='RE task'
[property] start predicate_id='' property_label='RE task' key='RE task' mapping='I.1'
[selected_answers] answer answer='Requirements classification' resource_mapping_key='RE task'
[options_details] answer answer='Requirements classification' resource_mapping_key='RE task' answer_label_type_in_options_details='No type'
[property] answers property_label='RE task' key='RE task' answers=['Requirements classification']
[map] to_resource key='RE task' answer='Requirements classification' object_id='R1544130'
[property] values_resolved property_label='RE task' key='RE task' result_ids=['R1544130']
[link] created s='R1552011' p='P181002' o='R1544130'
[sep] ──────────────────────────────────────────────────────────── PREDICATE P181003 ────────────────────────────────────────────────────────────
[section] predicate id='P181003' label='NLP task'
[sep] ──────────────────────────────────────────────────────────── SUBTEMPLATE NLP task ────────────────────────────────────────────────────────────
[subtemplate] start label='NLP task' class_id='C121004' subtemplate_id='R1544138'
[sep] ────────────────────────────────────────────────────────────
[property] start predicate_id='' property_label='NLP task type' key='NLP task type' mapping='II.1'
[selected_answers] answer answer='Classification' resource_mapping_key='NLP task type'
[options_details] answer answer='Classification' resource_mapping_key='NLP task type' answer_label_type_in_options_details='No type'
[property] answers property_label='NLP task type' key='NLP task type' answers=['Classification']
[map] to_resource key='NLP task type' answer='Classification' object_id='R1544148'
[property] values_resolved property_label='NLP task type' key='NLP task type' result_ids=['R1544148']
[property] 10-values_resolved property_label='NLP task type' key='NLP task type' result_ids=['R1544148']
[sep] ────────────────────────────────────────────────────────────
[property] start predicate_id='' property_label='NLP task input' key='NLP task input' mapping='III.1'
[selected_answers] answer answer='Sentences' resource_mapping_key='NLP task input'
[options_details] answer answer='Sentences' resource_mapping_key='NLP task input' answer_label_type_in_options_details='No type'
[property] answers property_label='NLP task input' key='NLP task input' answers=['Sentences']
[map] to_resource key='NLP task input' answer='Sentences' object_id='R1544152'
[property] values_resolved property_label='NLP task input' key='NLP task input' result_ids=['R1544152']
[property] 10-values_resolved property_label='NLP task input' key='NLP task input' result_ids=['R1544152']
[sep] ────────────────────────────────────────────────────────────
[sep] ──────────────────────────────────────────────────────────── SUBTEMPLATE NLP task output ────────────────────────────────────────────────────────────
[subtemplate] start label='NLP task output' class_id='C121007' subtemplate_id='R1544158'
[sep] ────────────────────────────────────────────────────────────
[property] start predicate_id='' property_label='NLP task output classification label' key='NLP task output classification label' mapping='III.3'
[options_details] answer answer='causal vs. not causal' resource_mapping_key='NLP task output classification label' answer_label_type_in_options_details='Text'
[property] answers property_label='NLP task output classification label' key='NLP task output classification label' answers=['causal vs. not causal']
[literal] created key='NLP task output classification label' answer='causal vs. not causal' id='L3613663'
[property] values_resolved property_label='NLP task output classification label' key='NLP task output classification label' result_ids=['L3613663']
[property] 10-values_resolved property_label='NLP task output classification label' key='NLP task output classification label' result_ids=['L3613663']
[sep] ────────────────────────────────────────────────────────────
[property] start predicate_id='' property_label='NLP task output extracted element' key='NLP task output extracted element' mapping='III.5'
[property] no_answers property_label='NLP task output extracted element'
[literal] created key='NLP task output extracted element' answer='Not reported' id='L3613664'
[sep] ────────────────────────────────────────────────────────────
[property] start predicate_id='' property_label='NLP task output translation mapping cardinality' key='NLP task output translation mapping cardinality' mapping='III.7'
[property] no_answers property_label='NLP task output translation mapping cardinality'
[sep] ────────────────────────────────────────────────────────────
[property] start predicate_id='' property_label='NLP task output type' key='NLP task output type' mapping="['III.2', 'III.4', 'III.6', 'III.8', 'III.9']"
[selected_answers] answer answer='Binary-single label' resource_mapping_key='NLP task output type'
[options_details] answer answer='Binary-single label' resource_mapping_key='NLP task output type' answer_label_type_in_options_details='No type'
[property] answers property_label='NLP task output type' key='NLP task output type' answers=['Binary-single label']
[map] to_resource key='NLP task output type' answer='Binary-single label' object_id='R1544161'
[property] values_resolved property_label='NLP task output type' key='NLP task output type' result_ids=['R1544161']
[property] 10-values_resolved property_label='NLP task output type' key='NLP task output type' result_ids=['R1544161']
[subtemplate] end label='NLP task output' class_id='C121007' subtemplate_id='R1544158'
[sep] ────────────────────────────────────────────────────────────
[subtemplate] end label='NLP task' class_id='C121004' subtemplate_id='R1544138'
[sep] ────────────────────────────────────────────────────────────
[link] created s='R1552011' p='P181003' o='R1552012'
[sep] ──────────────────────────────────────────────────────────── PREDICATE P181011 ────────────────────────────────────────────────────────────
[section] predicate id='P181011' label='NLP dataset'
[sep] ──────────────────────────────────────────────────────────── SUBTEMPLATE NLP dataset ────────────────────────────────────────────────────────────
[subtemplate] start label='NLP dataset' class_id='C121010' subtemplate_id='R1544216'
[sep] ────────────────────────────────────────────────────────────
[property] start predicate_id='' property_label='NLP data item' key='NLP data item' mapping='IV.1'
[options_details] answer answer='Our final data set consists of 8,430 sentences of which 4,215 are equally causal and non-causal. We follow the idea of Cross Validation and divide the data set in a training, validation and test set. Our test set consists of 435 causal and 408 non-causal sentences.' resource_mapping_key='NLP data item' answer_label_type_in_options_details='Text'
[property] answers property_label='NLP data item' key='NLP data item' answers=['Our final data set consists of 8,430 sentences of which 4,215 are equally causal and non-causal. We follow the idea of Cross Validation and divide the data set in a training, validation and test set. Our test set consists of 435 causal and 408 non-causal sentences.']
[literal] created key='NLP data item' answer='Our final data set consists of 8,430 sentences of which 4,215 are equally causal and non-causal. We follow the idea of Cross Validation and divide the data set in a training, validation and test set. Our test set consists of 435 causal and 408 non-causal sentences.' id='L3613665'
[property] values_resolved property_label='NLP data item' key='NLP data item' result_ids=['L3613665']
[property] 10-values_resolved property_label='NLP data item' key='NLP data item' result_ids=['L3613665']
[sep] ────────────────────────────────────────────────────────────
[property] start predicate_id='' property_label='NLP data production time' key='NLP data prodcution time' mapping='IV.2'
[options_details] answer answer='2004 - 2019' resource_mapping_key='NLP data prodcution time' answer_label_type_in_options_details='Text'
[property] answers property_label='NLP data production time' key='NLP data prodcution time' answers=['2004 - 2019']
[literal] created key='NLP data prodcution time' answer='2004 - 2019' id='L3613666'
[property] values_resolved property_label='NLP data production time' key='NLP data prodcution time' result_ids=['L3613666']
[property] 10-values_resolved property_label='NLP data production time' key='NLP data prodcution time' result_ids=['L3613666']
[sep] ────────────────────────────────────────────────────────────
[sep] ──────────────────────────────────────────────────────────── SUBTEMPLATE NLP data source ────────────────────────────────────────────────────────────
[subtemplate] start label='NLP data source' class_id='C121011' subtemplate_id='R1544223'
[sep] ────────────────────────────────────────────────────────────
[property] start predicate_id='' property_label='NLP data source type' key='NLP data source type' mapping='IV.3'
[selected_answers] answer answer='Industrial project, publicly available data' resource_mapping_key='NLP data source type'
[selected_answers] answer answer='Community-based open source projects' resource_mapping_key='NLP data source type'
[options_details] answer answer='Industrial project, publicly available data' resource_mapping_key='NLP data source type' answer_label_type_in_options_details='No type'
[options_details] answer answer='Community-based open source projects' resource_mapping_key='NLP data source type' answer_label_type_in_options_details='No type'
[property] answers property_label='NLP data source type' key='NLP data source type' answers=['Industrial project, publicly available data', 'Community-based open source projects']
[map] to_resource key='NLP data source type' answer='Industrial project, publicly available data' object_id='R1544230'
[map] to_resource key='NLP data source type' answer='Community-based open source projects' object_id='R1544225'
[property] values_resolved property_label='NLP data source type' key='NLP data source type' result_ids=['R1544230', 'R1544225']
[property] 10-values_resolved property_label='NLP data source type' key='NLP data source type' result_ids=['R1544230', 'R1544225']
[sep] ────────────────────────────────────────────────────────────
[property] start predicate_id='' property_label='Number of data sources' key='Number of data sources' mapping='IV.9'
[options_details] answer answer='53' resource_mapping_key='Number of data sources' answer_label_type_in_options_details='Text'
[property] answers property_label='Number of data sources' key='Number of data sources' answers=['53']
[Integer literal] fallback_to_text key='Number of data sources' answer='53'
[literal] created key='Number of data sources' answer='53' id='L3613667'
[property] values_resolved property_label='Number of data sources' key='Number of data sources' result_ids=['L3613667']
[property] 10-values_resolved property_label='Number of data sources' key='Number of data sources' result_ids=['L3613667']
[sep] ────────────────────────────────────────────────────────────
[property] start predicate_id='' property_label='NLP data source domain' key='NLP data source domain' mapping='IV.8'
[options_details] answer answer='Energy, Military, Data Analytics, Aerospace, Health, Insurance, Sustainability, Automotive' resource_mapping_key='NLP data source domain' answer_label_type_in_options_details='Text'
[property] answers property_label='NLP data source domain' key='NLP data source domain' answers=['Energy', 'Military', 'Data Analytics', 'Aerospace', 'Health', 'Insurance', 'Sustainability', 'Automotive']
[resource] created label='Energy' class_id='C121053' id='R1552016'
[unmapped] categorical_created key='NLP data source domain' answer='Energy' id='R1552016'
[resource] created label='Military' class_id='C121053' id='R1552017'
[unmapped] categorical_created key='NLP data source domain' answer='Military' id='R1552017'
[resource] created label='Data Analytics' class_id='C121053' id='R1552018'
[unmapped] categorical_created key='NLP data source domain' answer='Data Analytics' id='R1552018'
[resource] created label='Aerospace' class_id='C121053' id='R1552019'
[unmapped] categorical_created key='NLP data source domain' answer='Aerospace' id='R1552019'
[resource] created label='Health' class_id='C121053' id='R1552020'
[unmapped] categorical_created key='NLP data source domain' answer='Health' id='R1552020'
[resource] created label='Insurance' class_id='C121053' id='R1552021'
[unmapped] categorical_created key='NLP data source domain' answer='Insurance' id='R1552021'
[resource] created label='Sustainability' class_id='C121053' id='R1552022'
[unmapped] categorical_created key='NLP data source domain' answer='Sustainability' id='R1552022'
[resource] created label='Automotive' class_id='C121053' id='R1552023'
[unmapped] categorical_created key='NLP data source domain' answer='Automotive' id='R1552023'
[property] values_resolved property_label='NLP data source domain' key='NLP data source domain' result_ids=['R1552016', 'R1552017', 'R1552018', 'R1552019', 'R1552020', 'R1552021', 'R1552022', 'R1552023']
[property] 10-values_resolved property_label='NLP data source domain' key='NLP data source domain' result_ids=['R1552016', 'R1552017', 'R1552018', 'R1552019', 'R1552020', 'R1552021', 'R1552022', 'R1552023']
[subtemplate] end label='NLP data source' class_id='C121011' subtemplate_id='R1544223'
[sep] ────────────────────────────────────────────────────────────
[sep] ────────────────────────────────────────────────────────────
[property] start predicate_id='' property_label='NLP data abstraction level' key='NLP data abstraction level' mapping='IV.4'
[selected_answers] answer answer='Normative-level' resource_mapping_key='NLP data abstraction level'
[selected_answers] answer answer='Business-level' resource_mapping_key='NLP data abstraction level'
[selected_answers] answer answer='System-level' resource_mapping_key='NLP data abstraction level'
[options_details] answer answer='Normative-level' resource_mapping_key='NLP data abstraction level' answer_label_type_in_options_details='No type'
[options_details] answer answer='Business-level' resource_mapping_key='NLP data abstraction level' answer_label_type_in_options_details='No type'
[options_details] answer answer='System-level' resource_mapping_key='NLP data abstraction level' answer_label_type_in_options_details='No type'
[property] answers property_label='NLP data abstraction level' key='NLP data abstraction level' answers=['Normative-level', 'Business-level', 'System-level']
[map] to_resource key='NLP data abstraction level' answer='Normative-level' object_id='R1544239'
[map] to_resource key='NLP data abstraction level' answer='Business-level' object_id='R1544240'
[map] to_resource key='NLP data abstraction level' answer='System-level' object_id='R1544241'
[property] values_resolved property_label='NLP data abstraction level' key='NLP data abstraction level' result_ids=['R1544239', 'R1544240', 'R1544241']
[property] 10-values_resolved property_label='NLP data abstraction level' key='NLP data abstraction level' result_ids=['R1544239', 'R1544240', 'R1544241']
[sep] ────────────────────────────────────────────────────────────
[sep] ──────────────────────────────────────────────────────────── SUBTEMPLATE NLP data type ────────────────────────────────────────────────────────────
[subtemplate] start label='NLP data type' class_id='C121015' subtemplate_id='R1544245'
[sep] ────────────────────────────────────────────────────────────
[property] start predicate_id='' property_label='NLP data format' key='NLP data format' mapping='IV.5'
[selected_answers] answer answer='"Shall" requirements' resource_mapping_key='NLP data format'
[selected_answers] answer answer='User stories' resource_mapping_key='NLP data format'
[selected_answers] answer answer='Use cases' resource_mapping_key='NLP data format'
[selected_answers] answer answer='Scenarios' resource_mapping_key='NLP data format'
[options_details] answer answer='"Shall" requirements' resource_mapping_key='NLP data format' answer_label_type_in_options_details='No type'
[options_details] answer answer='User stories' resource_mapping_key='NLP data format' answer_label_type_in_options_details='No type'
[options_details] answer answer='Use cases' resource_mapping_key='NLP data format' answer_label_type_in_options_details='No type'
[options_details] answer answer='Scenarios' resource_mapping_key='NLP data format' answer_label_type_in_options_details='No type'
[property] answers property_label='NLP data format' key='NLP data format' answers=['"Shall" requirements', 'User stories', 'Use cases', 'Scenarios']
[map] to_resource key='NLP data format' answer='"Shall" requirements' object_id='R1544249'
[map] to_resource key='NLP data format' answer='User stories' object_id='R1544248'
[map] to_resource key='NLP data format' answer='Use cases' object_id='R1544251'
[map] to_resource key='NLP data format' answer='Scenarios' object_id='R1544250'
[property] values_resolved property_label='NLP data format' key='NLP data format' result_ids=['R1544249', 'R1544248', 'R1544251', 'R1544250']
[property] 10-values_resolved property_label='NLP data format' key='NLP data format' result_ids=['R1544249', 'R1544248', 'R1544251', 'R1544250']
[sep] ────────────────────────────────────────────────────────────
[property] start predicate_id='' property_label='Rigor of data format' key='Rigor of data format' mapping='IV.6'
[selected_answers] answer answer='Unconstrained natural language' resource_mapping_key='Rigor of data format'
[options_details] answer answer='Unconstrained natural language' resource_mapping_key='Rigor of data format' answer_label_type_in_options_details='No type'
[property] answers property_label='Rigor of data format' key='Rigor of data format' answers=['Unconstrained natural language']
[map] to_resource key='Rigor of data format' answer='Unconstrained natural language' object_id='R1544258'
[property] values_resolved property_label='Rigor of data format' key='Rigor of data format' result_ids=['R1544258']
[property] 10-values_resolved property_label='Rigor of data format' key='Rigor of data format' result_ids=['R1544258']
[sep] ────────────────────────────────────────────────────────────
[property] start predicate_id='' property_label='Natural language' key='Natural language' mapping='IV.7'
[options_details] answer answer='English' resource_mapping_key='Natural language' answer_label_type_in_options_details='Text'
[property] answers property_label='Natural language' key='Natural language' answers=['English']
[literal] created key='Natural language' answer='English' id='L3613668'
[property] values_resolved property_label='Natural language' key='Natural language' result_ids=['L3613668']
[property] 10-values_resolved property_label='Natural language' key='Natural language' result_ids=['L3613668']
[subtemplate] end label='NLP data type' class_id='C121015' subtemplate_id='R1544245'
[sep] ────────────────────────────────────────────────────────────
[sep] ────────────────────────────────────────────────────────────
[sep] ──────────────────────────────────────────────────────────── SUBTEMPLATE License ────────────────────────────────────────────────────────────
[subtemplate] start label='License' class_id='C121018' subtemplate_id='R1544265'
[sep] ────────────────────────────────────────────────────────────
[property] start predicate_id='' property_label='Public availability' key='Public availability' mapping='IV.10'
[selected_answers] answer answer='Fully' resource_mapping_key='Public availability'
[options_details] answer answer='Fully' resource_mapping_key='Public availability' answer_label_type_in_options_details='No type'
[property] answers property_label='Public availability' key='Public availability' answers=['Fully']
[map] to_resource key='Public availability' answer='Fully' object_id='R1544267'
[property] values_resolved property_label='Public availability' key='Public availability' result_ids=['R1544267']
[property] 10-values_resolved property_label='Public availability' key='Public availability' result_ids=['R1544267']
[sep] ────────────────────────────────────────────────────────────
[property] start predicate_id='' property_label='License type' key='License type' mapping='IV.11'
[selected_answers] answer answer='No license' resource_mapping_key='License type'
[options_details] answer answer='No license' resource_mapping_key='License type' answer_label_type_in_options_details='No type'
[property] answers property_label='License type' key='License type' answers=['No license']
[map] to_resource key='License type' answer='No license' object_id='R1544274'
[property] values_resolved property_label='License type' key='License type' result_ids=['R1544274']
[property] 10-values_resolved property_label='License type' key='License type' result_ids=['R1544274']
[subtemplate] end label='License' class_id='C121018' subtemplate_id='R1544265'
[sep] ────────────────────────────────────────────────────────────
[sep] ────────────────────────────────────────────────────────────
[sep] ──────────────────────────────────────────────────────────── SUBTEMPLATE Dataset location ────────────────────────────────────────────────────────────
[subtemplate] start label='Dataset location' class_id='C121022' subtemplate_id='R1544278'
[sep] ────────────────────────────────────────────────────────────
[property] start predicate_id='' property_label='Location type' key='Dataset location type' mapping='IV.12'
[selected_answers] answer answer='In a repository' resource_mapping_key='Dataset location type'
[selected_answers] answer answer='In a persistent platform with DOI' resource_mapping_key='Dataset location type'
[options_details] answer answer='In a repository' resource_mapping_key='Dataset location type' answer_label_type_in_options_details='No type'
[options_details] answer answer='In a persistent platform with DOI' resource_mapping_key='Dataset location type' answer_label_type_in_options_details='No type'
[property] answers property_label='Location type' key='Dataset location type' answers=['In a repository', 'In a persistent platform with DOI']
[map] to_resource key='Dataset location type' answer='In a repository' object_id='R1544281'
[map] to_resource key='Dataset location type' answer='In a persistent platform with DOI' object_id='R1544282'
[property] values_resolved property_label='Location type' key='Dataset location type' result_ids=['R1544281', 'R1544282']
[property] 10-values_resolved property_label='Location type' key='Dataset location type' result_ids=['R1544281', 'R1544282']
[sep] ────────────────────────────────────────────────────────────
[property] start predicate_id='' property_label='URL' key='url' mapping='IV.13'
[options_details] answer answer='https://github.com/fischJan/CiRA' resource_mapping_key='url' answer_label_type_in_options_details='Text'
[property] answers property_label='URL' key='url' answers=['https://github.com/fischJan/CiRA']
[literal] created key='url' answer='https://github.com/fischJan/CiRA' id='L3613669'
[property] values_resolved property_label='URL' key='url' result_ids=['L3613669']
[property] 10-values_resolved property_label='URL' key='url' result_ids=['L3613669']
[subtemplate] end label='Dataset location' class_id='C121022' subtemplate_id='R1544278'
[sep] ────────────────────────────────────────────────────────────
[subtemplate] end label='NLP dataset' class_id='C121010' subtemplate_id='R1544216'
[sep] ────────────────────────────────────────────────────────────
[link] created s='R1552011' p='P181011' o='R1552014'
[sep] ──────────────────────────────────────────────────────────── PREDICATE P181031 ────────────────────────────────────────────────────────────
[section] predicate id='P181031' label='Annotation process'
[sep] ──────────────────────────────────────────────────────────── SUBTEMPLATE Annotation process ────────────────────────────────────────────────────────────
[subtemplate] start label='Annotation process' class_id='C121025' subtemplate_id='R1544287'
[sep] ────────────────────────────────────────────────────────────
[sep] ──────────────────────────────────────────────────────────── SUBTEMPLATE Annotator ────────────────────────────────────────────────────────────
[subtemplate] start label='Annotator' class_id='C121026' subtemplate_id='R1544290'
[sep] ────────────────────────────────────────────────────────────
[property] start predicate_id='' property_label='Number of annotators' key='Number of annotators' mapping='V.1'
[options_details] answer answer='6' resource_mapping_key='Number of annotators' answer_label_type_in_options_details='Text'
[property] answers property_label='Number of annotators' key='Number of annotators' answers=['6']
[Integer literal] fallback_to_text key='Number of annotators' answer='6'
[literal] created key='Number of annotators' answer='6' id='L3613670'
[property] values_resolved property_label='Number of annotators' key='Number of annotators' result_ids=['L3613670']
[property] 10-values_resolved property_label='Number of annotators' key='Number of annotators' result_ids=['L3613670']
[sep] ────────────────────────────────────────────────────────────
[property] start predicate_id='' property_label='Annotator assignment' key='Annotator assignment' mapping='V.2'
[selected_answers] answer answer='Partly multiple annotators per entry, partly one annotator per entry' resource_mapping_key='Annotator assignment'
[options_details] answer answer='Partly multiple annotators per entry, partly one annotator per entry' resource_mapping_key='Annotator assignment' answer_label_type_in_options_details='No type'
[property] answers property_label='Annotator assignment' key='Annotator assignment' answers=['Partly multiple annotators per entry, partly one annotator per entry']
[map] to_resource key='Annotator assignment' answer='Partly multiple annotators per entry, partly one annotator per entry' object_id='R1544294'
[property] values_resolved property_label='Annotator assignment' key='Annotator assignment' result_ids=['R1544294']
[property] 10-values_resolved property_label='Annotator assignment' key='Annotator assignment' result_ids=['R1544294']
[sep] ────────────────────────────────────────────────────────────
[property] start predicate_id='' property_label='Level of application domain experience' key='Level of application domain experience' mapping='V.3'
[selected_answers] answer answer='Domain expert' resource_mapping_key='Level of application domain experience'
[options_details] answer answer='Domain expert' resource_mapping_key='Level of application domain experience' answer_label_type_in_options_details='No type'
[property] answers property_label='Level of application domain experience' key='Level of application domain experience' answers=['Domain expert']
[map] to_resource key='Level of application domain experience' answer='Domain expert' object_id='R1544299'
[property] values_resolved property_label='Level of application domain experience' key='Level of application domain experience' result_ids=['R1544299']
[property] 10-values_resolved property_label='Level of application domain experience' key='Level of application domain experience' result_ids=['R1544299']
[sep] ────────────────────────────────────────────────────────────
[property] start predicate_id='' property_label='Annotator identity' key='Annotator identity' mapping='V.4'
[selected_answers] answer answer='The designers of the technique/tool' resource_mapping_key='Annotator identity'
[selected_answers] answer answer='People who have direct contact with the designers' resource_mapping_key='Annotator identity'
[options_details] answer answer='The designers of the technique/tool' resource_mapping_key='Annotator identity' answer_label_type_in_options_details='No type'
[options_details] answer answer='People who have direct contact with the designers' resource_mapping_key='Annotator identity' answer_label_type_in_options_details='No type'
[property] answers property_label='Annotator identity' key='Annotator identity' answers=['The designers of the technique/tool', 'People who have direct contact with the designers']
[map] to_resource key='Annotator identity' answer='The designers of the technique/tool' object_id='R1544302'
[map] to_resource key='Annotator identity' answer='People who have direct contact with the designers' object_id='R1544304'
[property] values_resolved property_label='Annotator identity' key='Annotator identity' result_ids=['R1544302', 'R1544304']
[property] 10-values_resolved property_label='Annotator identity' key='Annotator identity' result_ids=['R1544302', 'R1544304']
[subtemplate] end label='Annotator' class_id='C121026' subtemplate_id='R1544290'
[sep] ────────────────────────────────────────────────────────────
[sep] ────────────────────────────────────────────────────────────
[sep] ──────────────────────────────────────────────────────────── SUBTEMPLATE Annotation scheme ────────────────────────────────────────────────────────────
[subtemplate] start label='Annotation scheme' class_id='C121030' subtemplate_id='R1544307'
[sep] ────────────────────────────────────────────────────────────
[property] start predicate_id='' property_label='Scheme establishment' key='Scheme establishement' mapping='V.5'
[selected_answers] answer answer='Written guidelines with definitions and examples' resource_mapping_key='Scheme establishement'
[options_details] answer answer='Written guidelines with definitions and examples' resource_mapping_key='Scheme establishement' answer_label_type_in_options_details='No type'
[property] answers property_label='Scheme establishment' key='Scheme establishement' answers=['Written guidelines with definitions and examples']
[map] to_resource key='Scheme establishement' answer='Written guidelines with definitions and examples' object_id='R1544310'
[property] values_resolved property_label='Scheme establishment' key='Scheme establishement' result_ids=['R1544310']
[property] 10-values_resolved property_label='Scheme establishment' key='Scheme establishement' result_ids=['R1544310']
[sep] ────────────────────────────────────────────────────────────
[property] start predicate_id='' property_label='Guideline availability' key='Guideline availability' mapping='V.6'
[selected_answers] answer answer='No, but are made available upon request' resource_mapping_key='Guideline availability'
[options_details] answer answer='No, but are made available upon request' resource_mapping_key='Guideline availability' answer_label_type_in_options_details='No type'
[property] answers property_label='Guideline availability' key='Guideline availability' answers=['No, but are made available upon request']
[map] to_resource key='Guideline availability' answer='No, but are made available upon request' object_id='R1544315'
[property] values_resolved property_label='Guideline availability' key='Guideline availability' result_ids=['R1544315']
[property] 10-values_resolved property_label='Guideline availability' key='Guideline availability' result_ids=['R1544315']
[subtemplate] end label='Annotation scheme' class_id='C121030' subtemplate_id='R1544307'
[sep] ────────────────────────────────────────────────────────────
[sep] ────────────────────────────────────────────────────────────
[property] start predicate_id='' property_label='Shared material' key='Shared material' mapping='V.7'
[selected_answers] answer answer='Surrounding context' resource_mapping_key='Shared material'
[selected_answers] answer answer='Other/Comments' resource_mapping_key='Shared material'
[selected_answers] answer answer='We also developed our own annotation platform.' resource_mapping_key='Shared material'
[options_details] answer answer='Surrounding context' resource_mapping_key='Shared material' answer_label_type_in_options_details='No type'
[options_details] answer answer='Other/Comments' resource_mapping_key='Shared material' answer_label_type_in_options_details='No type'
[options_details] answer answer='We also developed our own annotation platform.' resource_mapping_key='Shared material' answer_label_type_in_options_details='Text'
[property] answers property_label='Shared material' key='Shared material' answers=['Surrounding context', 'Other/Comments', 'We also developed our own annotation platform.']
[map] to_resource key='Shared material' answer='Surrounding context' object_id='R1544320'
[unmapped] other_value_skipped key='Shared material' answer='Other/Comments'
[unmapped] other_value_skipped_resource_should_not_be_created key='Shared material' answer='Other/Comments'
[unmapped] other_context_skipped key='Shared material' answer='We also developed our own annotation platform.'
[resource] created label='We also developed our own annotation platform.' class_id='C121033' id='R1552030'
[map] to_resource key='Shared material' answer='We also developed our own annotation platform.' object_id='R1552030'
[property] values_resolved property_label='Shared material' key='Shared material' result_ids=['R1544320', 'R1552030']
[property] 10-values_resolved property_label='Shared material' key='Shared material' result_ids=['R1544320', 'R1552030']
[sep] ────────────────────────────────────────────────────────────
[property] start predicate_id='' property_label='Fatigue mitigation technique' key='Fatigue mitigation technique' mapping='V.8'
[selected_answers] answer answer='No' resource_mapping_key='Fatigue mitigation technique'
[options_details] answer answer='No' resource_mapping_key='Fatigue mitigation technique' answer_label_type_in_options_details='No type'
[property] answers property_label='Fatigue mitigation technique' key='Fatigue mitigation technique' answers=['No']
[map] to_resource key='Fatigue mitigation technique' answer='No' object_id='R1544324'
[property] values_resolved property_label='Fatigue mitigation technique' key='Fatigue mitigation technique' result_ids=['R1544324']
[property] 10-values_resolved property_label='Fatigue mitigation technique' key='Fatigue mitigation technique' result_ids=['R1544324']
[sep] ────────────────────────────────────────────────────────────
[sep] ──────────────────────────────────────────────────────────── SUBTEMPLATE Annotator agreement ────────────────────────────────────────────────────────────
[subtemplate] start label='Annotator agreement' class_id='C121035' subtemplate_id='R1544326'
[sep] ────────────────────────────────────────────────────────────
[property] start predicate_id='' property_label='Intercoder reliability metric' key='Intercoder reliability metric' mapping='V.9'
[selected_answers] answer answer="Cohen's K" resource_mapping_key='Intercoder reliability metric'
[selected_answers] answer answer='Other/Comments' resource_mapping_key='Intercoder reliability metric'
[selected_answers] answer answer='Resolution by independent' resource_mapping_key='Intercoder reliability metric'
[options_details] answer answer="Cohen's K" resource_mapping_key='Intercoder reliability metric' answer_label_type_in_options_details='No type'
[options_details] answer answer='Other/Comments' resource_mapping_key='Intercoder reliability metric' answer_label_type_in_options_details='No type'
[options_details] answer answer='Resolution by independent' resource_mapping_key='Intercoder reliability metric' answer_label_type_in_options_details='Text'
[property] answers property_label='Intercoder reliability metric' key='Intercoder reliability metric' answers=["Cohen's K", 'Other/Comments', 'Resolution by independent']
[map] to_resource key='Intercoder reliability metric' answer="Cohen's K" object_id='R1544328'
[unmapped] other_value_skipped key='Intercoder reliability metric' answer='Other/Comments'
[unmapped] other_value_skipped_resource_should_not_be_created key='Intercoder reliability metric' answer='Other/Comments'
[unmapped] other_context_skipped key='Intercoder reliability metric' answer='Resolution by independent'
[resource] created label='Resolution by independent' class_id='C121036' id='R1552032'
[map] to_resource key='Intercoder reliability metric' answer='Resolution by independent' object_id='R1552032'
[property] values_resolved property_label='Intercoder reliability metric' key='Intercoder reliability metric' result_ids=['R1544328', 'R1552032']
[property] 10-values_resolved property_label='Intercoder reliability metric' key='Intercoder reliability metric' result_ids=['R1544328', 'R1552032']
[sep] ────────────────────────────────────────────────────────────
[property] start predicate_id='' property_label='Conflict resolution' key='Conflict resolution' mapping='V.10'
[selected_answers] answer answer='Discussion among taggers' resource_mapping_key='Conflict resolution'
[options_details] answer answer='Discussion among taggers' resource_mapping_key='Conflict resolution' answer_label_type_in_options_details='No type'
[property] answers property_label='Conflict resolution' key='Conflict resolution' answers=['Discussion among taggers']
[resource] created label='Discussion among taggers' class_id='C121037' id='R1552033'
[unmapped] categorical_created key='Conflict resolution' answer='Discussion among taggers' id='R1552033'
[property] values_resolved property_label='Conflict resolution' key='Conflict resolution' result_ids=['R1552033']
[property] 10-values_resolved property_label='Conflict resolution' key='Conflict resolution' result_ids=['R1552033']
[sep] ────────────────────────────────────────────────────────────
[property] start predicate_id='' property_label='Measured agreement' key='Measured agreement' mapping='V.11'
[options_details] answer answer="Gwet's AC1: 0.806" resource_mapping_key='Measured agreement' answer_label_type_in_options_details='Text'
[property] answers property_label='Measured agreement' key='Measured agreement' answers=["Gwet's AC1: 0.806"]
[literal] created key='Measured agreement' answer="Gwet's AC1: 0.806" id='L3613671'
[property] values_resolved property_label='Measured agreement' key='Measured agreement' result_ids=['L3613671']
[property] 10-values_resolved property_label='Measured agreement' key='Measured agreement' result_ids=['L3613671']
[subtemplate] end label='Annotator agreement' class_id='C121035' subtemplate_id='R1544326'
[sep] ────────────────────────────────────────────────────────────
[subtemplate] end label='Annotation process' class_id='C121025' subtemplate_id='R1544287'
[sep] ────────────────────────────────────────────────────────────
[link] created s='R1552011' p='P181031' o='R1552027'
[sep] ──────────────────────────────────────────────────────────── PREDICATE P181046 ────────────────────────────────────────────────────────────
[section] predicate id='P181046' label='Implemented approach'
[sep] ──────────────────────────────────────────────────────────── SUBTEMPLATE Implemented approach ────────────────────────────────────────────────────────────
[subtemplate] start label='Implemented approach' class_id='C121038' subtemplate_id='R1544363'
[sep] ────────────────────────────────────────────────────────────
[property] start predicate_id='' property_label='Approach type' key='Approach type' mapping='VI.1'
[selected_answers] answer answer='Supervised ML' resource_mapping_key='Approach type'
[selected_answers] answer answer='Supervised DL' resource_mapping_key='Approach type'
[options_details] answer answer='Supervised ML' resource_mapping_key='Approach type' answer_label_type_in_options_details='No type'
[options_details] answer answer='Supervised DL' resource_mapping_key='Approach type' answer_label_type_in_options_details='No type'
[property] answers property_label='Approach type' key='Approach type' answers=['Supervised ML', 'Supervised DL']
[map] to_resource key='Approach type' answer='Supervised ML' object_id='R1544368'
[map] to_resource key='Approach type' answer='Supervised DL' object_id='R1544365'
[property] values_resolved property_label='Approach type' key='Approach type' result_ids=['R1544368', 'R1544365']
[property] 10-values_resolved property_label='Approach type' key='Approach type' result_ids=['R1544368', 'R1544365']
[sep] ────────────────────────────────────────────────────────────
[property] start predicate_id='' property_label='Algorithm used' key='Algorithm used' mapping='VI.2'
[options_details] answer answer='Bidirectional Encoder Representations from Transformers (BERT) model' resource_mapping_key='Algorithm used' answer_label_type_in_options_details='Text'
[property] answers property_label='Algorithm used' key='Algorithm used' answers=['Bidirectional Encoder Representations from Transformers (BERT) model']
[resource] created label='Bidirectional Encoder Representations from Transformers (BERT) model' class_id='C121040' id='R1552035'
[unmapped] categorical_created key='Algorithm used' answer='Bidirectional Encoder Representations from Transformers (BERT) model' id='R1552035'
[property] values_resolved property_label='Algorithm used' key='Algorithm used' result_ids=['R1552035']
[property] 10-values_resolved property_label='Algorithm used' key='Algorithm used' result_ids=['R1552035']
[sep] ────────────────────────────────────────────────────────────
[property] start predicate_id='' property_label='Running requirements' key='Running requirements' mapping='VI.4'
[selected_answers] answer answer='No installation is needed' resource_mapping_key='Running requirements'
[options_details] answer answer='No installation is needed' resource_mapping_key='Running requirements' answer_label_type_in_options_details='No type'
[property] answers property_label='Running requirements' key='Running requirements' answers=['No installation is needed']
[map] to_resource key='Running requirements' answer='No installation is needed' object_id='R1544379'
[property] values_resolved property_label='Running requirements' key='Running requirements' result_ids=['R1544379']
[property] 10-values_resolved property_label='Running requirements' key='Running requirements' result_ids=['R1544379']
[sep] ────────────────────────────────────────────────────────────
[property] start predicate_id='' property_label='Documentation' key='Documentation' mapping='VI.5'
[selected_answers] answer answer='README file' resource_mapping_key='Documentation'
[selected_answers] answer answer='Tutorial' resource_mapping_key='Documentation'
[selected_answers] answer answer='An academic paper' resource_mapping_key='Documentation'
[options_details] answer answer='README file' resource_mapping_key='Documentation' answer_label_type_in_options_details='No type'
[options_details] answer answer='Tutorial' resource_mapping_key='Documentation' answer_label_type_in_options_details='No type'
[options_details] answer answer='An academic paper' resource_mapping_key='Documentation' answer_label_type_in_options_details='No type'
[property] answers property_label='Documentation' key='Documentation' answers=['README file', 'Tutorial', 'An academic paper']
[map] to_resource key='Documentation' answer='README file' object_id='R1544390'
[map] to_resource key='Documentation' answer='Tutorial' object_id='R1544388'
[map] to_resource key='Documentation' answer='An academic paper' object_id='R1544386'
[property] values_resolved property_label='Documentation' key='Documentation' result_ids=['R1544390', 'R1544388', 'R1544386']
[property] 10-values_resolved property_label='Documentation' key='Documentation' result_ids=['R1544390', 'R1544388', 'R1544386']
[sep] ────────────────────────────────────────────────────────────
[property] start predicate_id='' property_label='Dependency' key='Dependency' mapping='VI.6'
[selected_answers] answer answer='None' resource_mapping_key='Dependency'
[options_details] answer answer='None' resource_mapping_key='Dependency' answer_label_type_in_options_details='No type'
[property] answers property_label='Dependency' key='Dependency' answers=['None']
[map] to_resource key='Dependency' answer='None' object_id='R1544393'
[property] values_resolved property_label='Dependency' key='Dependency' result_ids=['R1544393']
[property] 10-values_resolved property_label='Dependency' key='Dependency' result_ids=['R1544393']
[sep] ────────────────────────────────────────────────────────────
[property] start predicate_id='' property_label='License type' key='License type' mapping='VI.8'
[selected_answers] answer answer='No license' resource_mapping_key='License type'
[options_details] answer answer='No license' resource_mapping_key='License type' answer_label_type_in_options_details='No type'
[property] answers property_label='License type' key='License type' answers=['No license']
[map] to_resource key='License type' answer='No license' object_id='R1544274'
[property] values_resolved property_label='License type' key='License type' result_ids=['R1544274']
[property] 10-values_resolved property_label='License type' key='License type' result_ids=['R1544274']
[sep] ────────────────────────────────────────────────────────────
[sep] ──────────────────────────────────────────────────────────── SUBTEMPLATE Release ────────────────────────────────────────────────────────────
[subtemplate] start label='Release' class_id='C121044' subtemplate_id='R1544401'
[sep] ────────────────────────────────────────────────────────────
[property] start predicate_id='' property_label='Release format' key='Release format' mapping='VI.3'
[selected_answers] answer answer='Service on the web' resource_mapping_key='Release format'
[selected_answers] answer answer='Source code' resource_mapping_key='Release format'
[selected_answers] answer answer='Pre-trained model' resource_mapping_key='Release format'
[options_details] answer answer='Service on the web' resource_mapping_key='Release format' answer_label_type_in_options_details='No type'
[options_details] answer answer='Source code' resource_mapping_key='Release format' answer_label_type_in_options_details='No type'
[options_details] answer answer='Pre-trained model' resource_mapping_key='Release format' answer_label_type_in_options_details='No type'
[property] answers property_label='Release format' key='Release format' answers=['Service on the web', 'Source code', 'Pre-trained model']
[map] to_resource key='Release format' answer='Service on the web' object_id='R1544408'
[map] to_resource key='Release format' answer='Source code' object_id='R1544410'
[map] to_resource key='Release format' answer='Pre-trained model' object_id='R1544409'
[property] values_resolved property_label='Release format' key='Release format' result_ids=['R1544408', 'R1544410', 'R1544409']
[property] 10-values_resolved property_label='Release format' key='Release format' result_ids=['R1544408', 'R1544410', 'R1544409']
[sep] ────────────────────────────────────────────────────────────
[property] start predicate_id='' property_label='Location type' key='Tool location type' mapping='VI.7'
[selected_answers] answer answer='On a private/corporate website' resource_mapping_key='Tool location type'
[options_details] answer answer='On a private/corporate website' resource_mapping_key='Tool location type' answer_label_type_in_options_details='No type'
[property] answers property_label='Location type' key='Tool location type' answers=['On a private/corporate website']
[map] to_resource key='Tool location type' answer='On a private/corporate website' object_id='R1544413'
[property] values_resolved property_label='Location type' key='Tool location type' result_ids=['R1544413']
[property] 10-values_resolved property_label='Location type' key='Tool location type' result_ids=['R1544413']
[sep] ────────────────────────────────────────────────────────────
[property] start predicate_id='' property_label='URL' key='url' mapping='VI.9'
[options_details] answer answer='http://www.cira.bth.se/bert' resource_mapping_key='url' answer_label_type_in_options_details='Text'
[property] answers property_label='URL' key='url' answers=['http://www.cira.bth.se/bert']
[literal] created key='url' answer='http://www.cira.bth.se/bert' id='L3613672'
[property] values_resolved property_label='URL' key='url' result_ids=['L3613672']
[property] 10-values_resolved property_label='URL' key='url' result_ids=['L3613672']
[subtemplate] end label='Release' class_id='C121044' subtemplate_id='R1544401'
[sep] ────────────────────────────────────────────────────────────
[subtemplate] end label='Implemented approach' class_id='C121038' subtemplate_id='R1544363'
[sep] ────────────────────────────────────────────────────────────
[link] created s='R1552011' p='P181046' o='R1552034'
[sep] ──────────────────────────────────────────────────────────── PREDICATE HAS_EVALUATION ────────────────────────────────────────────────────────────
[section] predicate id='HAS_EVALUATION' label='Evaluation'
[sep] ──────────────────────────────────────────────────────────── SUBTEMPLATE Evaluation ────────────────────────────────────────────────────────────
[subtemplate] start label='Evaluation' class_id='C121047' subtemplate_id='R1544421'
[sep] ────────────────────────────────────────────────────────────
[property] start predicate_id='' property_label='Evaluation metric' key='Evaluation metric' mapping='VII.1'
[selected_answers] answer answer='Precision/Recall' resource_mapping_key='Evaluation metric'
[selected_answers] answer answer='F-Score' resource_mapping_key='Evaluation metric'
[selected_answers] answer answer='Accuracy' resource_mapping_key='Evaluation metric'
[options_details] answer answer='Precision/Recall' resource_mapping_key='Evaluation metric' answer_label_type_in_options_details='No type'
[options_details] answer answer='F-Score' resource_mapping_key='Evaluation metric' answer_label_type_in_options_details='No type'
[options_details] answer answer='Accuracy' resource_mapping_key='Evaluation metric' answer_label_type_in_options_details='No type'
[property] answers property_label='Evaluation metric' key='Evaluation metric' answers=['Precision/Recall', 'F-Score', 'Accuracy']
[map] to_resource key='Evaluation metric' answer='Precision/Recall' object_id='R1544436'
[map] to_resource key='Evaluation metric' answer='F-Score' object_id='R1544442'
[map] to_resource key='Evaluation metric' answer='Accuracy' object_id='R1544440'
[property] values_resolved property_label='Evaluation metric' key='Evaluation metric' result_ids=['R1544436', 'R1544442', 'R1544440']
[property] 10-values_resolved property_label='Evaluation metric' key='Evaluation metric' result_ids=['R1544436', 'R1544442', 'R1544440']
[sep] ────────────────────────────────────────────────────────────
[property] start predicate_id='' property_label='Validation procedure' key='Validation procedure' mapping='VII.2'
[selected_answers] answer answer='Train-test split' resource_mapping_key='Validation procedure'
[selected_answers] answer answer='Cross-validation' resource_mapping_key='Validation procedure'
[options_details] answer answer='Train-test split' resource_mapping_key='Validation procedure' answer_label_type_in_options_details='No type'
[options_details] answer answer='Cross-validation' resource_mapping_key='Validation procedure' answer_label_type_in_options_details='No type'
[property] answers property_label='Validation procedure' key='Validation procedure' answers=['Train-test split', 'Cross-validation']
[map] to_resource key='Validation procedure' answer='Train-test split' object_id='R1544445'
[map] to_resource key='Validation procedure' answer='Cross-validation' object_id='R1544448'
[property] values_resolved property_label='Validation procedure' key='Validation procedure' result_ids=['R1544445', 'R1544448']
[property] 10-values_resolved property_label='Validation procedure' key='Validation procedure' result_ids=['R1544445', 'R1544448']
[sep] ────────────────────────────────────────────────────────────
[sep] ──────────────────────────────────────────────────────────── SUBTEMPLATE Baseline comparison ────────────────────────────────────────────────────────────
[subtemplate] start label='Baseline comparison' class_id='C121050' subtemplate_id='R1544450'
[sep] ────────────────────────────────────────────────────────────
[property] start predicate_id='' property_label='Baseline comparison type' key='Baseline comparison type' mapping='VII.3'
[selected_answers] answer answer='Existing tool or algorithm' resource_mapping_key='Baseline comparison type'
[options_details] answer answer='Existing tool or algorithm' resource_mapping_key='Baseline comparison type' answer_label_type_in_options_details='No type'
[property] answers property_label='Baseline comparison type' key='Baseline comparison type' answers=['Existing tool or algorithm']
[map] to_resource key='Baseline comparison type' answer='Existing tool or algorithm' object_id='R1544455'
[property] values_resolved property_label='Baseline comparison type' key='Baseline comparison type' result_ids=['R1544455']
[property] 10-values_resolved property_label='Baseline comparison type' key='Baseline comparison type' result_ids=['R1544455']
[sep] ────────────────────────────────────────────────────────────
[property] start predicate_id='' property_label='Baseline comparison details' key='Baseline comparison details' mapping='VII.4'
[options_details] answer answer='The baseline approach for causality detection involves the use of simple regex expressions. We iterate through all sentences in the test set and check if specific cue phrases are included. For the positive case, the sentence is classified as causal and vice versa.' resource_mapping_key='Baseline comparison details' answer_label_type_in_options_details='Text'
[property] answers property_label='Baseline comparison details' key='Baseline comparison details' answers=['The baseline approach for causality detection involves the use of simple regex expressions. We iterate through all sentences in the test set and check if specific cue phrases are included. For the positive case, the sentence is classified as causal and vice versa.']
[literal] created key='Baseline comparison details' answer='The baseline approach for causality detection involves the use of simple regex expressions. We iterate through all sentences in the test set and check if specific cue phrases are included. For the positive case, the sentence is classified as causal and vice versa.' id='L3613673'
[property] values_resolved property_label='Baseline comparison details' key='Baseline comparison details' result_ids=['L3613673']
[property] 10-values_resolved property_label='Baseline comparison details' key='Baseline comparison details' result_ids=['L3613673']
[subtemplate] end label='Baseline comparison' class_id='C121050' subtemplate_id='R1544450'
[sep] ────────────────────────────────────────────────────────────
[subtemplate] end label='Evaluation' class_id='C121047' subtemplate_id='R1544421'
[sep] ────────────────────────────────────────────────────────────
[link] created s='R1552011' p='HAS_EVALUATION' o='R1552037'
