[run] start run_id='293448b2'
[connect] ok host='https://orkg.org'
[json] loaded path='/Users/amirrezaalasti/Desktop/TIB/nlp4re/pdf_files/CleanedExternalValidation/JinGuo-etal-ICSE17.json'
[run] instance run_id='293448b2' instance_id='R1551048'
[sep] ──────────────────────────────────────────────────────────── PREDICATE P181002 ────────────────────────────────────────────────────────────
[section] predicate id='P181002' label='RE task'
[property] start predicate_id='' property_label='RE task' key='RE task' mapping='I.1'
[selected_answers] answer answer='Requirements tracing' resource_mapping_key='RE task'
[options_details] answer answer='Requirements tracing' resource_mapping_key='RE task' answer_label_type_in_options_details='No type'
[property] answers property_label='RE task' key='RE task' answers=['Requirements tracing']
[map] to_resource key='RE task' answer='Requirements tracing' object_id='R1544133'
[property] values_resolved property_label='RE task' key='RE task' result_ids=['R1544133']
[link] created s='R1551048' p='P181002' o='R1544133'
[sep] ──────────────────────────────────────────────────────────── PREDICATE P181003 ────────────────────────────────────────────────────────────
[section] predicate id='P181003' label='NLP task'
[sep] ──────────────────────────────────────────────────────────── SUBTEMPLATE NLP task ────────────────────────────────────────────────────────────
[subtemplate] start label='NLP task' class_id='C121004' subtemplate_id='R1544138'
[sep] ────────────────────────────────────────────────────────────
[property] start predicate_id='' property_label='NLP task type' key='NLP task type' mapping='II.1'
[selected_answers] answer answer='Requirements classification' resource_mapping_key='NLP task type'
[options_details] answer answer='Requirements classification' resource_mapping_key='NLP task type' answer_label_type_in_options_details='No type'
[property] answers property_label='NLP task type' key='NLP task type' answers=['Requirements classification']
[resource] created label='Requirements classification' class_id='C121005' id='R1551050'
[unmapped] categorical_created key='NLP task type' answer='Requirements classification' id='R1551050'
[property] values_resolved property_label='NLP task type' key='NLP task type' result_ids=['R1551050']
[property] 10-values_resolved property_label='NLP task type' key='NLP task type' result_ids=['R1551050']
[sep] ────────────────────────────────────────────────────────────
[property] start predicate_id='' property_label='NLP task input' key='NLP task input' mapping='III.1'
[selected_answers] answer answer='Structured/tabular text' resource_mapping_key='NLP task input'
[selected_answers] answer answer='Other (e.g., models, trace links, diagrams, code comments)/Comments' resource_mapping_key='NLP task input'
[selected_answers] answer answer='The tracing task requires two inputs from two documents, respectively, at the same time.' resource_mapping_key='NLP task input'
[options_details] answer answer='Structured/tabular text' resource_mapping_key='NLP task input' answer_label_type_in_options_details='No type'
[options_details] answer answer='Other (e.g., models, trace links, diagrams, code comments)/Comments' resource_mapping_key='NLP task input' answer_label_type_in_options_details='No type'
[options_details] answer answer='The tracing task requires two inputs from two documents, respectively, at the same time.' resource_mapping_key='NLP task input' answer_label_type_in_options_details='Text'
[property] answers property_label='NLP task input' key='NLP task input' answers=['Structured/tabular text', 'Other /Comments', 'The tracing task requires two inputs from two documents, respectively, at the same time.']
[map] to_resource key='NLP task input' answer='Structured/tabular text' object_id='R1544155'
[unmapped] other_value_skipped key='NLP task input' answer='Other /Comments'
[unmapped] other_value_skipped_resource_should_not_be_created key='NLP task input' answer='Other /Comments'
[unmapped] other_context_skipped key='NLP task input' answer='The tracing task requires two inputs from two documents, respectively, at the same time.'
[resource] created label='The tracing task requires two inputs from two documents, respectively, at the same time.' class_id='C121006' id='R1551051'
[map] to_resource key='NLP task input' answer='The tracing task requires two inputs from two documents, respectively, at the same time.' object_id='R1551051'
[property] values_resolved property_label='NLP task input' key='NLP task input' result_ids=['R1544155', 'R1551051']
[property] 10-values_resolved property_label='NLP task input' key='NLP task input' result_ids=['R1544155', 'R1551051']
[sep] ────────────────────────────────────────────────────────────
[sep] ──────────────────────────────────────────────────────────── SUBTEMPLATE NLP task output ────────────────────────────────────────────────────────────
[subtemplate] start label='NLP task output' class_id='C121007' subtemplate_id='R1544158'
[sep] ────────────────────────────────────────────────────────────
[property] start predicate_id='' property_label='NLP task output classification label' key='NLP task output classification label' mapping='III.3'
[options_details] answer answer='trace link exists vs. trace link does not exist' resource_mapping_key='NLP task output classification label' answer_label_type_in_options_details='No type'
[property] answers property_label='NLP task output classification label' key='NLP task output classification label' answers=['trace link exists vs. trace link does not exist']
[literal] created key='NLP task output classification label' answer='trace link exists vs. trace link does not exist' id='L3613187'
[property] values_resolved property_label='NLP task output classification label' key='NLP task output classification label' result_ids=['L3613187']
[property] 10-values_resolved property_label='NLP task output classification label' key='NLP task output classification label' result_ids=['L3613187']
[sep] ────────────────────────────────────────────────────────────
[property] start predicate_id='' property_label='NLP task output extracted element' key='NLP task output extracted element' mapping='III.5'
[property] no_answers property_label='NLP task output extracted element'
[literal] created key='NLP task output extracted element' answer='Not reported' id='L3613188'
[sep] ────────────────────────────────────────────────────────────
[property] start predicate_id='' property_label='NLP task output translation mapping cardinality' key='NLP task output translation mapping cardinality' mapping='III.7'
[property] no_answers property_label='NLP task output translation mapping cardinality'
[sep] ────────────────────────────────────────────────────────────
[property] start predicate_id='' property_label='NLP task output type' key='NLP task output type' mapping="['III.2', 'III.4', 'III.6', 'III.8', 'III.9']"
[selected_answers] answer answer='Binary-single label' resource_mapping_key='NLP task output type'
[options_details] answer answer='Binary-single label' resource_mapping_key='NLP task output type' answer_label_type_in_options_details='No type'
[property] answers property_label='NLP task output type' key='NLP task output type' answers=['Binary-single label']
[map] to_resource key='NLP task output type' answer='Binary-single label' object_id='R1544161'
[property] values_resolved property_label='NLP task output type' key='NLP task output type' result_ids=['R1544161']
[property] 10-values_resolved property_label='NLP task output type' key='NLP task output type' result_ids=['R1544161']
[subtemplate] end label='NLP task output' class_id='C121007' subtemplate_id='R1544158'
[sep] ────────────────────────────────────────────────────────────
[subtemplate] end label='NLP task' class_id='C121004' subtemplate_id='R1544138'
[sep] ────────────────────────────────────────────────────────────
[link] created s='R1551048' p='P181003' o='R1551049'
[sep] ──────────────────────────────────────────────────────────── PREDICATE P181011 ────────────────────────────────────────────────────────────
[section] predicate id='P181011' label='NLP dataset'
[sep] ──────────────────────────────────────────────────────────── SUBTEMPLATE NLP dataset ────────────────────────────────────────────────────────────
[subtemplate] start label='NLP dataset' class_id='C121010' subtemplate_id='R1544216'
[sep] ────────────────────────────────────────────────────────────
[property] start predicate_id='' property_label='NLP data item' key='NLP data item' mapping='IV.1'
[options_details] answer answer='The dataset contains 1,651 Software Subsystem Requirements (SSRS) as source artifacts and 466 Software Subsystem Design Descriptions (SSDD) as target artifacts. Each source artifact contained an average of 33 tokens and described a functional requirement of the Back Office Server (BOS) subsystem. Each target artifact contained an average of 99 tokens and specified design details. There were 1,387 trace links between SSRS and SSDD artifacts, all of which were constructed and validated by our industrial collaborators.' resource_mapping_key='NLP data item' answer_label_type_in_options_details='No type'
[property] answers property_label='NLP data item' key='NLP data item' answers=['The dataset contains 1,651 Software Subsystem Requirements as source artifacts and 466 Software Subsystem Design Descriptions as target artifacts. Each source artifact contained an average of 33 tokens and described a functional requirement of the Back Office Server subsystem. Each target artifact contained an average of 99 tokens and specified design details. There were 1,387 trace links between SSRS and SSDD artifacts, all of which were constructed and validated by our industrial collaborators.']
[literal] created key='NLP data item' answer='The dataset contains 1,651 Software Subsystem Requirements as source artifacts and 466 Software Subsystem Design Descriptions as target artifacts. Each source artifact contained an average of 33 tokens and described a functional requirement of the Back Office Server subsystem. Each target artifact contained an average of 99 tokens and specified design details. There were 1,387 trace links between SSRS and SSDD artifacts, all of which were constructed and validated by our industrial collaborators.' id='L3613189'
[property] values_resolved property_label='NLP data item' key='NLP data item' result_ids=['L3613189']
[property] 10-values_resolved property_label='NLP data item' key='NLP data item' result_ids=['L3613189']
[sep] ────────────────────────────────────────────────────────────
[property] start predicate_id='' property_label='NLP data production time' key='NLP data prodcution time' mapping='IV.2'
[options_details] answer answer='Unknown' resource_mapping_key='NLP data prodcution time' answer_label_type_in_options_details='No type'
[property] answers property_label='NLP data production time' key='NLP data prodcution time' answers=['Unknown']
[literal] created key='NLP data prodcution time' answer='Unknown' id='L3613190'
[property] values_resolved property_label='NLP data production time' key='NLP data prodcution time' result_ids=['L3613190']
[property] 10-values_resolved property_label='NLP data production time' key='NLP data prodcution time' result_ids=['L3613190']
[sep] ────────────────────────────────────────────────────────────
[sep] ──────────────────────────────────────────────────────────── SUBTEMPLATE NLP data source ────────────────────────────────────────────────────────────
[subtemplate] start label='NLP data source' class_id='C121011' subtemplate_id='R1544223'
[sep] ────────────────────────────────────────────────────────────
[property] start predicate_id='' property_label='NLP data source type' key='NLP data source type' mapping='IV.3'
[selected_answers] answer answer='Industrial project, proprietary data' resource_mapping_key='NLP data source type'
[options_details] answer answer='Industrial project, proprietary data' resource_mapping_key='NLP data source type' answer_label_type_in_options_details='No type'
[property] answers property_label='NLP data source type' key='NLP data source type' answers=['Industrial project, proprietary data']
[map] to_resource key='NLP data source type' answer='Industrial project, proprietary data' object_id='R1544228'
[property] values_resolved property_label='NLP data source type' key='NLP data source type' result_ids=['R1544228']
[property] 10-values_resolved property_label='NLP data source type' key='NLP data source type' result_ids=['R1544228']
[sep] ────────────────────────────────────────────────────────────
[property] start predicate_id='' property_label='Number of data sources' key='Number of data sources' mapping='IV.9'
[property] no_answers property_label='Number of data sources'
[sep] ────────────────────────────────────────────────────────────
[property] start predicate_id='' property_label='NLP data source domain' key='NLP data source domain' mapping='IV.8'
[property] no_answers property_label='NLP data source domain'
[subtemplate] end label='NLP data source' class_id='C121011' subtemplate_id='R1544223'
[sep] ────────────────────────────────────────────────────────────
[sep] ────────────────────────────────────────────────────────────
[property] start predicate_id='' property_label='NLP data abstraction level' key='NLP data abstraction level' mapping='IV.4'
[selected_answers] answer answer='Module-level' resource_mapping_key='NLP data abstraction level'
[options_details] answer answer='Module-level' resource_mapping_key='NLP data abstraction level' answer_label_type_in_options_details='No type'
[property] answers property_label='NLP data abstraction level' key='NLP data abstraction level' answers=['Module-level']
[map] to_resource key='NLP data abstraction level' answer='Module-level' object_id='R1544243'
[property] values_resolved property_label='NLP data abstraction level' key='NLP data abstraction level' result_ids=['R1544243']
[property] 10-values_resolved property_label='NLP data abstraction level' key='NLP data abstraction level' result_ids=['R1544243']
[sep] ────────────────────────────────────────────────────────────
[sep] ──────────────────────────────────────────────────────────── SUBTEMPLATE NLP data type ────────────────────────────────────────────────────────────
[subtemplate] start label='NLP data type' class_id='C121015' subtemplate_id='R1544245'
[sep] ────────────────────────────────────────────────────────────
[property] start predicate_id='' property_label='NLP data format' key='NLP data format' mapping='IV.5'
[selected_answers] answer answer='"Shall" requirements' resource_mapping_key='NLP data format'
[options_details] answer answer='"Shall" requirements' resource_mapping_key='NLP data format' answer_label_type_in_options_details='No type'
[property] answers property_label='NLP data format' key='NLP data format' answers=['"Shall" requirements']
[map] to_resource key='NLP data format' answer='"Shall" requirements' object_id='R1544249'
[property] values_resolved property_label='NLP data format' key='NLP data format' result_ids=['R1544249']
[property] 10-values_resolved property_label='NLP data format' key='NLP data format' result_ids=['R1544249']
[sep] ────────────────────────────────────────────────────────────
[property] start predicate_id='' property_label='Rigor of data format' key='Rigor of data format' mapping='IV.6'
[selected_answers] answer answer='Template-based controlled natural language' resource_mapping_key='Rigor of data format'
[options_details] answer answer='Template-based controlled natural language' resource_mapping_key='Rigor of data format' answer_label_type_in_options_details='No type'
[property] answers property_label='Rigor of data format' key='Rigor of data format' answers=['Template-based controlled natural language']
[map] to_resource key='Rigor of data format' answer='Template-based controlled natural language' object_id='R1544259'
[property] values_resolved property_label='Rigor of data format' key='Rigor of data format' result_ids=['R1544259']
[property] 10-values_resolved property_label='Rigor of data format' key='Rigor of data format' result_ids=['R1544259']
[sep] ────────────────────────────────────────────────────────────
[property] start predicate_id='' property_label='Natural language' key='Natural language' mapping='IV.7'
[options_details] answer answer='English' resource_mapping_key='Natural language' answer_label_type_in_options_details='No type'
[property] answers property_label='Natural language' key='Natural language' answers=['English']
[literal] created key='Natural language' answer='English' id='L3613191'
[property] values_resolved property_label='Natural language' key='Natural language' result_ids=['L3613191']
[property] 10-values_resolved property_label='Natural language' key='Natural language' result_ids=['L3613191']
[subtemplate] end label='NLP data type' class_id='C121015' subtemplate_id='R1544245'
[sep] ────────────────────────────────────────────────────────────
[sep] ────────────────────────────────────────────────────────────
[sep] ──────────────────────────────────────────────────────────── SUBTEMPLATE License ────────────────────────────────────────────────────────────
[subtemplate] start label='License' class_id='C121018' subtemplate_id='R1544265'
[sep] ────────────────────────────────────────────────────────────
[property] start predicate_id='' property_label='Public availability' key='Public availability' mapping='IV.10'
[selected_answers] answer answer='No' resource_mapping_key='Public availability'
[options_details] answer answer='No' resource_mapping_key='Public availability' answer_label_type_in_options_details='No type'
[property] answers property_label='Public availability' key='Public availability' answers=['No']
[map] to_resource key='Public availability' answer='No' object_id='R1544268'
[property] values_resolved property_label='Public availability' key='Public availability' result_ids=['R1544268']
[property] 10-values_resolved property_label='Public availability' key='Public availability' result_ids=['R1544268']
[sep] ────────────────────────────────────────────────────────────
[property] start predicate_id='' property_label='License type' key='License type' mapping='IV.11'
[property] no_answers property_label='License type'
[subtemplate] end label='License' class_id='C121018' subtemplate_id='R1544265'
[sep] ────────────────────────────────────────────────────────────
[sep] ────────────────────────────────────────────────────────────
[sep] ──────────────────────────────────────────────────────────── SUBTEMPLATE Dataset location ────────────────────────────────────────────────────────────
[subtemplate] start label='Dataset location' class_id='C121022' subtemplate_id='R1544278'
[sep] ────────────────────────────────────────────────────────────
[property] start predicate_id='' property_label='Location type' key='Dataset location type' mapping='IV.12'
[property] no_answers property_label='Location type'
[sep] ────────────────────────────────────────────────────────────
[property] start predicate_id='' property_label='URL' key='url' mapping='IV.13'
[property] no_answers property_label='URL'
[subtemplate] end label='Dataset location' class_id='C121022' subtemplate_id='R1544278'
[sep] ────────────────────────────────────────────────────────────
[subtemplate] end label='NLP dataset' class_id='C121010' subtemplate_id='R1544216'
[sep] ────────────────────────────────────────────────────────────
[link] created s='R1551048' p='P181011' o='R1551053'
[sep] ──────────────────────────────────────────────────────────── PREDICATE P181031 ────────────────────────────────────────────────────────────
[section] predicate id='P181031' label='Annotation process'
[sep] ──────────────────────────────────────────────────────────── SUBTEMPLATE Annotation process ────────────────────────────────────────────────────────────
[subtemplate] start label='Annotation process' class_id='C121025' subtemplate_id='R1544287'
[sep] ────────────────────────────────────────────────────────────
[sep] ──────────────────────────────────────────────────────────── SUBTEMPLATE Annotator ────────────────────────────────────────────────────────────
[subtemplate] start label='Annotator' class_id='C121026' subtemplate_id='R1544290'
[sep] ────────────────────────────────────────────────────────────
[property] start predicate_id='' property_label='Number of annotators' key='Number of annotators' mapping='V.1'
[property] no_answers property_label='Number of annotators'
[sep] ────────────────────────────────────────────────────────────
[property] start predicate_id='' property_label='Annotator assignment' key='Annotator assignment' mapping='V.2'
[property] no_answers property_label='Annotator assignment'
[sep] ────────────────────────────────────────────────────────────
[property] start predicate_id='' property_label='Level of application domain experience' key='Level of application domain experience' mapping='V.3'
[property] no_answers property_label='Level of application domain experience'
[sep] ────────────────────────────────────────────────────────────
[property] start predicate_id='' property_label='Annotator identity' key='Annotator identity' mapping='V.4'
[property] no_answers property_label='Annotator identity'
[subtemplate] end label='Annotator' class_id='C121026' subtemplate_id='R1544290'
[sep] ────────────────────────────────────────────────────────────
[sep] ────────────────────────────────────────────────────────────
[sep] ──────────────────────────────────────────────────────────── SUBTEMPLATE Annotation scheme ────────────────────────────────────────────────────────────
[subtemplate] start label='Annotation scheme' class_id='C121030' subtemplate_id='R1544307'
[sep] ────────────────────────────────────────────────────────────
[property] start predicate_id='' property_label='Scheme establishment' key='Scheme establishement' mapping='V.5'
[property] no_answers property_label='Scheme establishment'
[sep] ────────────────────────────────────────────────────────────
[property] start predicate_id='' property_label='Guideline availability' key='Guideline availability' mapping='V.6'
[property] no_answers property_label='Guideline availability'
[subtemplate] end label='Annotation scheme' class_id='C121030' subtemplate_id='R1544307'
[sep] ────────────────────────────────────────────────────────────
[sep] ────────────────────────────────────────────────────────────
[property] start predicate_id='' property_label='Shared material' key='Shared material' mapping='V.7'
[property] no_answers property_label='Shared material'
[sep] ────────────────────────────────────────────────────────────
[property] start predicate_id='' property_label='Fatigue mitigation technique' key='Fatigue mitigation technique' mapping='V.8'
[property] no_answers property_label='Fatigue mitigation technique'
[sep] ────────────────────────────────────────────────────────────
[sep] ──────────────────────────────────────────────────────────── SUBTEMPLATE Annotator agreement ────────────────────────────────────────────────────────────
[subtemplate] start label='Annotator agreement' class_id='C121035' subtemplate_id='R1544326'
[sep] ────────────────────────────────────────────────────────────
[property] start predicate_id='' property_label='Intercoder reliability metric' key='Intercoder reliability metric' mapping='V.9'
[property] no_answers property_label='Intercoder reliability metric'
[sep] ────────────────────────────────────────────────────────────
[property] start predicate_id='' property_label='Conflict resolution' key='Conflict resolution' mapping='V.10'
[property] no_answers property_label='Conflict resolution'
[sep] ────────────────────────────────────────────────────────────
[property] start predicate_id='' property_label='Measured agreement' key='Measured agreement' mapping='V.11'
[property] no_answers property_label='Measured agreement'
[literal] created key='Measured agreement' answer='Not reported' id='L3613194'
[subtemplate] end label='Annotator agreement' class_id='C121035' subtemplate_id='R1544326'
[sep] ────────────────────────────────────────────────────────────
