[run] start run_id='24b63125'
[connect] ok host='https://orkg.org'
[json] loaded path='/Users/amirrezaalasti/Desktop/TIB/nlp4re/pdf_files/CleanedExternalValidation/NicolaZeni-etal-REJ15.json'
[run] instance run_id='24b63125' instance_id='R1551326'
[sep] ──────────────────────────────────────────────────────────── PREDICATE P181002 ────────────────────────────────────────────────────────────
[section] predicate id='P181002' label='RE task'
[property] start predicate_id='' property_label='RE task' key='RE task' mapping='I.1'
[selected_answers] answer answer='Requirements retrieval' resource_mapping_key='RE task'
[options_details] answer answer='Requirements retrieval' resource_mapping_key='RE task' answer_label_type_in_options_details='No type'
[property] answers property_label='RE task' key='RE task' answers=['Requirements retrieval']
[map] to_resource key='RE task' answer='Requirements retrieval' object_id='R1544135'
[property] values_resolved property_label='RE task' key='RE task' result_ids=['R1544135']
[link] created s='R1551326' p='P181002' o='R1544135'
[sep] ──────────────────────────────────────────────────────────── PREDICATE P181003 ────────────────────────────────────────────────────────────
[section] predicate id='P181003' label='NLP task'
[sep] ──────────────────────────────────────────────────────────── SUBTEMPLATE NLP task ────────────────────────────────────────────────────────────
[subtemplate] start label='NLP task' class_id='C121004' subtemplate_id='R1544138'
[sep] ────────────────────────────────────────────────────────────
[property] start predicate_id='' property_label='NLP task type' key='NLP task type' mapping='II.1'
[selected_answers] answer answer='Information extraction from legal documents' resource_mapping_key='NLP task type'
[selected_answers] answer answer='Other/Comments' resource_mapping_key='NLP task type'
[selected_answers] answer answer='Extraction of concepts based on a conceptual schema (aka ontology)' resource_mapping_key='NLP task type'
[options_details] answer answer='Information extraction from legal documents' resource_mapping_key='NLP task type' answer_label_type_in_options_details='No type'
[options_details] answer answer='Other/Comments' resource_mapping_key='NLP task type' answer_label_type_in_options_details='No type'
[options_details] answer answer='Extraction of concepts based on a conceptual schema (aka ontology)' resource_mapping_key='NLP task type' answer_label_type_in_options_details='Text'
[property] answers property_label='NLP task type' key='NLP task type' answers=['Information extraction from legal documents', 'Other/Comments', 'Extraction of concepts based on a conceptual schema (aka ontology)']
[resource] created label='Information extraction from legal documents' class_id='C121005' id='R1551328'
[unmapped] categorical_created key='NLP task type' answer='Information extraction from legal documents' id='R1551328'
[unmapped] other_value_skipped key='NLP task type' answer='Other/Comments'
[unmapped] other_value_skipped_resource_should_not_be_created key='NLP task type' answer='Other/Comments'
[unmapped] other_context_skipped key='NLP task type' answer='Extraction of concepts based on a conceptual schema (aka ontology)'
[resource] created label='Extraction of concepts based on a conceptual schema (aka ontology)' class_id='C121005' id='R1551329'
[map] to_resource key='NLP task type' answer='Extraction of concepts based on a conceptual schema (aka ontology)' object_id='R1551329'
[property] values_resolved property_label='NLP task type' key='NLP task type' result_ids=['R1551328', 'R1551329']
[property] 10-values_resolved property_label='NLP task type' key='NLP task type' result_ids=['R1551328', 'R1551329']
[sep] ────────────────────────────────────────────────────────────
[property] start predicate_id='' property_label='NLP task input' key='NLP task input' mapping='III.1'
[selected_answers] answer answer='Document' resource_mapping_key='NLP task input'
[options_details] answer answer='Document' resource_mapping_key='NLP task input' answer_label_type_in_options_details='No type'
[property] answers property_label='NLP task input' key='NLP task input' answers=['Document']
[map] to_resource key='NLP task input' answer='Document' object_id='R1544153'
[property] values_resolved property_label='NLP task input' key='NLP task input' result_ids=['R1544153']
[property] 10-values_resolved property_label='NLP task input' key='NLP task input' result_ids=['R1544153']
[sep] ────────────────────────────────────────────────────────────
[sep] ──────────────────────────────────────────────────────────── SUBTEMPLATE NLP task output ────────────────────────────────────────────────────────────
[subtemplate] start label='NLP task output' class_id='C121007' subtemplate_id='R1544158'
[sep] ────────────────────────────────────────────────────────────
[property] start predicate_id='' property_label='NLP task output classification label' key='NLP task output classification label' mapping='III.3'
[property] no_answers property_label='NLP task output classification label'
[literal] created key='NLP task output classification label' answer='Not reported' id='L3613296'
[sep] ────────────────────────────────────────────────────────────
[property] start predicate_id='' property_label='NLP task output extracted element' key='NLP task output extracted element' mapping='III.5'
[options_details] answer answer='Concepts pertaining to a legal ontology' resource_mapping_key='NLP task output extracted element' answer_label_type_in_options_details='No type'
[property] answers property_label='NLP task output extracted element' key='NLP task output extracted element' answers=['Concepts pertaining to a legal ontology']
[literal] created key='NLP task output extracted element' answer='Concepts pertaining to a legal ontology' id='L3613297'
[property] values_resolved property_label='NLP task output extracted element' key='NLP task output extracted element' result_ids=['L3613297']
[property] 10-values_resolved property_label='NLP task output extracted element' key='NLP task output extracted element' result_ids=['L3613297']
[sep] ────────────────────────────────────────────────────────────
[property] start predicate_id='' property_label='NLP task output translation mapping cardinality' key='NLP task output translation mapping cardinality' mapping='III.7'
[property] no_answers property_label='NLP task output translation mapping cardinality'
[sep] ────────────────────────────────────────────────────────────
[property] start predicate_id='' property_label='NLP task output type' key='NLP task output type' mapping="['III.2', 'III.4', 'III.6', 'III.8', 'III.9']"
[selected_answers] answer answer='Sentences' resource_mapping_key='NLP task output type'
[selected_answers] answer answer='Words' resource_mapping_key='NLP task output type'
[options_details] answer answer='Sentences' resource_mapping_key='NLP task output type' answer_label_type_in_options_details='No type'
[options_details] answer answer='Words' resource_mapping_key='NLP task output type' answer_label_type_in_options_details='No type'
[property] answers property_label='NLP task output type' key='NLP task output type' answers=['Sentences', 'Words']
[map] to_resource key='NLP task output type' answer='Sentences' object_id='R1544173'
[map] to_resource key='NLP task output type' answer='Words' object_id='R1544170'
[property] values_resolved property_label='NLP task output type' key='NLP task output type' result_ids=['R1544173', 'R1544170']
[property] 10-values_resolved property_label='NLP task output type' key='NLP task output type' result_ids=['R1544173', 'R1544170']
[subtemplate] end label='NLP task output' class_id='C121007' subtemplate_id='R1544158'
[sep] ────────────────────────────────────────────────────────────
[subtemplate] end label='NLP task' class_id='C121004' subtemplate_id='R1544138'
[sep] ────────────────────────────────────────────────────────────
[link] created s='R1551326' p='P181003' o='R1551327'
[sep] ──────────────────────────────────────────────────────────── PREDICATE P181011 ────────────────────────────────────────────────────────────
[section] predicate id='P181011' label='NLP dataset'
[sep] ──────────────────────────────────────────────────────────── SUBTEMPLATE NLP dataset ────────────────────────────────────────────────────────────
[subtemplate] start label='NLP dataset' class_id='C121010' subtemplate_id='R1544216'
[sep] ────────────────────────────────────────────────────────────
[property] start predicate_id='' property_label='NLP data item' key='NLP data item' mapping='IV.1'
[options_details] answer answer='The experimental evaluation is based on on the  analisys  of the HIPAA Privacy Act (USA, in English) and the Stanca law (Italy,\rin both English and Italian). HIPAA evaluation was applied to a part of the Act containing a total of 33,788 words; as a result, about 1,900 basic entities and 140 rights and obligations were identified. The annotation of part of the Stanca law was based ona total of 6,185 words on 280 lines' resource_mapping_key='NLP data item' answer_label_type_in_options_details='No type'
[property] answers property_label='NLP data item' key='NLP data item' answers=['The experimental evaluation is based on on the analisys of the HIPAA Privacy Act and the Stanca law . HIPAA evaluation was applied to a part of the Act containing a total of 33,788 words; as a result, about 1,900 basic entities and 140 rights and obligations were identified. The annotation of part of the Stanca law was based ona total of 6,185 words on 280 lines']
[literal] created key='NLP data item' answer='The experimental evaluation is based on on the analisys of the HIPAA Privacy Act and the Stanca law . HIPAA evaluation was applied to a part of the Act containing a total of 33,788 words; as a result, about 1,900 basic entities and 140 rights and obligations were identified. The annotation of part of the Stanca law was based ona total of 6,185 words on 280 lines' id='L3613298'
[property] values_resolved property_label='NLP data item' key='NLP data item' result_ids=['L3613298']
[property] 10-values_resolved property_label='NLP data item' key='NLP data item' result_ids=['L3613298']
[sep] ────────────────────────────────────────────────────────────
[property] start predicate_id='' property_label='NLP data production time' key='NLP data prodcution time' mapping='IV.2'
[options_details] answer answer='HIPAA: 1996\rStanca: 2004' resource_mapping_key='NLP data prodcution time' answer_label_type_in_options_details='No type'
[property] answers property_label='NLP data production time' key='NLP data prodcution time' answers=['HIPAA: 1996 Stanca: 2004']
[literal] created key='NLP data prodcution time' answer='HIPAA: 1996 Stanca: 2004' id='L3613299'
[property] values_resolved property_label='NLP data production time' key='NLP data prodcution time' result_ids=['L3613299']
[property] 10-values_resolved property_label='NLP data production time' key='NLP data prodcution time' result_ids=['L3613299']
[sep] ────────────────────────────────────────────────────────────
[sep] ──────────────────────────────────────────────────────────── SUBTEMPLATE NLP data source ────────────────────────────────────────────────────────────
[subtemplate] start label='NLP data source' class_id='C121011' subtemplate_id='R1544223'
[sep] ────────────────────────────────────────────────────────────
[property] start predicate_id='' property_label='NLP data source type' key='NLP data source type' mapping='IV.3'
[selected_answers] answer answer='Legal/regulatory documents' resource_mapping_key='NLP data source type'
[options_details] answer answer='Legal/regulatory documents' resource_mapping_key='NLP data source type' answer_label_type_in_options_details='No type'
[property] answers property_label='NLP data source type' key='NLP data source type' answers=['Legal/regulatory documents']
[map] to_resource key='NLP data source type' answer='Legal/regulatory documents' object_id='R1544226'
[property] values_resolved property_label='NLP data source type' key='NLP data source type' result_ids=['R1544226']
[property] 10-values_resolved property_label='NLP data source type' key='NLP data source type' result_ids=['R1544226']
[sep] ────────────────────────────────────────────────────────────
[property] start predicate_id='' property_label='Number of data sources' key='Number of data sources' mapping='IV.9'
[options_details] answer answer='2' resource_mapping_key='Number of data sources' answer_label_type_in_options_details='No type'
[property] answers property_label='Number of data sources' key='Number of data sources' answers=['2']
[Integer literal] fallback_to_text key='Number of data sources' answer='2'
[literal] created key='Number of data sources' answer='2' id='L3613300'
[property] values_resolved property_label='Number of data sources' key='Number of data sources' result_ids=['L3613300']
[property] 10-values_resolved property_label='Number of data sources' key='Number of data sources' result_ids=['L3613300']
[sep] ────────────────────────────────────────────────────────────
[property] start predicate_id='' property_label='NLP data source domain' key='NLP data source domain' mapping='IV.8'
[options_details] answer answer='Legal domain with laws concerning privacy and equal opportunities' resource_mapping_key='NLP data source domain' answer_label_type_in_options_details='No type'
[property] answers property_label='NLP data source domain' key='NLP data source domain' answers=['Legal domain with laws concerning privacy and equal opportunities']
[resource] created label='Legal domain with laws concerning privacy and equal opportunities' class_id='C121053' id='R1551333'
[unmapped] categorical_created key='NLP data source domain' answer='Legal domain with laws concerning privacy and equal opportunities' id='R1551333'
[property] values_resolved property_label='NLP data source domain' key='NLP data source domain' result_ids=['R1551333']
[property] 10-values_resolved property_label='NLP data source domain' key='NLP data source domain' result_ids=['R1551333']
[subtemplate] end label='NLP data source' class_id='C121011' subtemplate_id='R1544223'
[sep] ────────────────────────────────────────────────────────────
[sep] ────────────────────────────────────────────────────────────
[property] start predicate_id='' property_label='NLP data abstraction level' key='NLP data abstraction level' mapping='IV.4'
[selected_answers] answer answer='Normative-level' resource_mapping_key='NLP data abstraction level'
[options_details] answer answer='Normative-level' resource_mapping_key='NLP data abstraction level' answer_label_type_in_options_details='No type'
[property] answers property_label='NLP data abstraction level' key='NLP data abstraction level' answers=['Normative-level']
[map] to_resource key='NLP data abstraction level' answer='Normative-level' object_id='R1544239'
[property] values_resolved property_label='NLP data abstraction level' key='NLP data abstraction level' result_ids=['R1544239']
[property] 10-values_resolved property_label='NLP data abstraction level' key='NLP data abstraction level' result_ids=['R1544239']
[sep] ────────────────────────────────────────────────────────────
[sep] ──────────────────────────────────────────────────────────── SUBTEMPLATE NLP data type ────────────────────────────────────────────────────────────
[subtemplate] start label='NLP data type' class_id='C121015' subtemplate_id='R1544245'
[sep] ────────────────────────────────────────────────────────────
[property] start predicate_id='' property_label='NLP data format' key='NLP data format' mapping='IV.5'
[selected_answers] answer answer='Legal text' resource_mapping_key='NLP data format'
[options_details] answer answer='Legal text' resource_mapping_key='NLP data format' answer_label_type_in_options_details='No type'
[property] answers property_label='NLP data format' key='NLP data format' answers=['Legal text']
[map] to_resource key='NLP data format' answer='Legal text' object_id='R1544255'
[property] values_resolved property_label='NLP data format' key='NLP data format' result_ids=['R1544255']
[property] 10-values_resolved property_label='NLP data format' key='NLP data format' result_ids=['R1544255']
[sep] ────────────────────────────────────────────────────────────
[property] start predicate_id='' property_label='Rigor of data format' key='Rigor of data format' mapping='IV.6'
[selected_answers] answer answer='Unconstrained natural language' resource_mapping_key='Rigor of data format'
[options_details] answer answer='Unconstrained natural language' resource_mapping_key='Rigor of data format' answer_label_type_in_options_details='No type'
[property] answers property_label='Rigor of data format' key='Rigor of data format' answers=['Unconstrained natural language']
[map] to_resource key='Rigor of data format' answer='Unconstrained natural language' object_id='R1544258'
[property] values_resolved property_label='Rigor of data format' key='Rigor of data format' result_ids=['R1544258']
[property] 10-values_resolved property_label='Rigor of data format' key='Rigor of data format' result_ids=['R1544258']
[sep] ────────────────────────────────────────────────────────────
[property] start predicate_id='' property_label='Natural language' key='Natural language' mapping='IV.7'
[options_details] answer answer='English and Italian' resource_mapping_key='Natural language' answer_label_type_in_options_details='No type'
[property] answers property_label='Natural language' key='Natural language' answers=['English and Italian']
[literal] created key='Natural language' answer='English and Italian' id='L3613301'
[property] values_resolved property_label='Natural language' key='Natural language' result_ids=['L3613301']
[property] 10-values_resolved property_label='Natural language' key='Natural language' result_ids=['L3613301']
[subtemplate] end label='NLP data type' class_id='C121015' subtemplate_id='R1544245'
[sep] ────────────────────────────────────────────────────────────
[sep] ────────────────────────────────────────────────────────────
[sep] ──────────────────────────────────────────────────────────── SUBTEMPLATE License ────────────────────────────────────────────────────────────
[subtemplate] start label='License' class_id='C121018' subtemplate_id='R1544265'
[sep] ────────────────────────────────────────────────────────────
[property] start predicate_id='' property_label='Public availability' key='Public availability' mapping='IV.10'
[selected_answers] answer answer='Upon Request' resource_mapping_key='Public availability'
[options_details] answer answer='Upon Request' resource_mapping_key='Public availability' answer_label_type_in_options_details='No type'
[property] answers property_label='Public availability' key='Public availability' answers=['Upon Request']
[map] to_resource key='Public availability' answer='Upon Request' object_id='R1544270'
[property] values_resolved property_label='Public availability' key='Public availability' result_ids=['R1544270']
[property] 10-values_resolved property_label='Public availability' key='Public availability' result_ids=['R1544270']
[sep] ────────────────────────────────────────────────────────────
[property] start predicate_id='' property_label='License type' key='License type' mapping='IV.11'
[selected_answers] answer answer='No license' resource_mapping_key='License type'
[options_details] answer answer='No license' resource_mapping_key='License type' answer_label_type_in_options_details='No type'
[property] answers property_label='License type' key='License type' answers=['No license']
[map] to_resource key='License type' answer='No license' object_id='R1544274'
[property] values_resolved property_label='License type' key='License type' result_ids=['R1544274']
[property] 10-values_resolved property_label='License type' key='License type' result_ids=['R1544274']
[subtemplate] end label='License' class_id='C121018' subtemplate_id='R1544265'
[sep] ────────────────────────────────────────────────────────────
[sep] ────────────────────────────────────────────────────────────
[sep] ──────────────────────────────────────────────────────────── SUBTEMPLATE Dataset location ────────────────────────────────────────────────────────────
[subtemplate] start label='Dataset location' class_id='C121022' subtemplate_id='R1544278'
[sep] ────────────────────────────────────────────────────────────
[property] start predicate_id='' property_label='Location type' key='Dataset location type' mapping='IV.12'
[selected_answers] answer answer='On a private/corporate website' resource_mapping_key='Dataset location type'
[options_details] answer answer='On a private/corporate website' resource_mapping_key='Dataset location type' answer_label_type_in_options_details='No type'
[property] answers property_label='Location type' key='Dataset location type' answers=['On a private/corporate website']
[map] to_resource key='Dataset location type' answer='On a private/corporate website' object_id='R1544280'
[property] values_resolved property_label='Location type' key='Dataset location type' result_ids=['R1544280']
[property] 10-values_resolved property_label='Location type' key='Dataset location type' result_ids=['R1544280']
[sep] ────────────────────────────────────────────────────────────
[property] start predicate_id='' property_label='URL' key='url' mapping='IV.13'
[options_details] answer answer='http://www.fastsas.com' resource_mapping_key='url' answer_label_type_in_options_details='No type'
[property] answers property_label='URL' key='url' answers=['http://www.fastsas.com']
[literal] created key='url' answer='http://www.fastsas.com' id='L3613302'
[property] values_resolved property_label='URL' key='url' result_ids=['L3613302']
[property] 10-values_resolved property_label='URL' key='url' result_ids=['L3613302']
[subtemplate] end label='Dataset location' class_id='C121022' subtemplate_id='R1544278'
[sep] ────────────────────────────────────────────────────────────
[subtemplate] end label='NLP dataset' class_id='C121010' subtemplate_id='R1544216'
[sep] ────────────────────────────────────────────────────────────
[link] created s='R1551326' p='P181011' o='R1551331'
[sep] ──────────────────────────────────────────────────────────── PREDICATE P181031 ────────────────────────────────────────────────────────────
[section] predicate id='P181031' label='Annotation process'
[sep] ──────────────────────────────────────────────────────────── SUBTEMPLATE Annotation process ────────────────────────────────────────────────────────────
[subtemplate] start label='Annotation process' class_id='C121025' subtemplate_id='R1544287'
[sep] ────────────────────────────────────────────────────────────
[sep] ──────────────────────────────────────────────────────────── SUBTEMPLATE Annotator ────────────────────────────────────────────────────────────
[subtemplate] start label='Annotator' class_id='C121026' subtemplate_id='R1544290'
[sep] ────────────────────────────────────────────────────────────
[property] start predicate_id='' property_label='Number of annotators' key='Number of annotators' mapping='V.1'
[options_details] answer answer='18' resource_mapping_key='Number of annotators' answer_label_type_in_options_details='No type'
[property] answers property_label='Number of annotators' key='Number of annotators' answers=['18']
[Integer literal] fallback_to_text key='Number of annotators' answer='18'
[literal] created key='Number of annotators' answer='18' id='L3613303'
[property] values_resolved property_label='Number of annotators' key='Number of annotators' result_ids=['L3613303']
[property] 10-values_resolved property_label='Number of annotators' key='Number of annotators' result_ids=['L3613303']
[sep] ────────────────────────────────────────────────────────────
[property] start predicate_id='' property_label='Annotator assignment' key='Annotator assignment' mapping='V.2'
[selected_answers] answer answer='Multiple annotators per entry' resource_mapping_key='Annotator assignment'
[options_details] answer answer='Multiple annotators per entry' resource_mapping_key='Annotator assignment' answer_label_type_in_options_details='No type'
[property] answers property_label='Annotator assignment' key='Annotator assignment' answers=['Multiple annotators per entry']
[map] to_resource key='Annotator assignment' answer='Multiple annotators per entry' object_id='R1544293'
[property] values_resolved property_label='Annotator assignment' key='Annotator assignment' result_ids=['R1544293']
[property] 10-values_resolved property_label='Annotator assignment' key='Annotator assignment' result_ids=['R1544293']
[sep] ────────────────────────────────────────────────────────────
[property] start predicate_id='' property_label='Level of application domain experience' key='Level of application domain experience' mapping='V.3'
[selected_answers] answer answer='None or unknown' resource_mapping_key='Level of application domain experience'
[options_details] answer answer='None or unknown' resource_mapping_key='Level of application domain experience' answer_label_type_in_options_details='No type'
[property] answers property_label='Level of application domain experience' key='Level of application domain experience' answers=['None or unknown']
[map] to_resource key='Level of application domain experience' answer='None or unknown' object_id='R1544298'
[property] values_resolved property_label='Level of application domain experience' key='Level of application domain experience' result_ids=['R1544298']
[property] 10-values_resolved property_label='Level of application domain experience' key='Level of application domain experience' result_ids=['R1544298']
[sep] ────────────────────────────────────────────────────────────
[property] start predicate_id='' property_label='Annotator identity' key='Annotator identity' mapping='V.4'
[selected_answers] answer answer='Other/Comments' resource_mapping_key='Annotator identity'
[selected_answers] answer answer='Master students in software engineering' resource_mapping_key='Annotator identity'
[options_details] answer answer='Other/Comments' resource_mapping_key='Annotator identity' answer_label_type_in_options_details='No type'
[options_details] answer answer='Master students in software engineering' resource_mapping_key='Annotator identity' answer_label_type_in_options_details='Text'
[property] answers property_label='Annotator identity' key='Annotator identity' answers=['Other/Comments', 'Master students in software engineering']
[unmapped] other_value_skipped key='Annotator identity' answer='Other/Comments'
[unmapped] other_value_skipped_resource_should_not_be_created key='Annotator identity' answer='Other/Comments'
[unmapped] other_context_skipped key='Annotator identity' answer='Master students in software engineering'
[resource] created label='Master students in software engineering' class_id='C121029' id='R1551339'
[map] to_resource key='Annotator identity' answer='Master students in software engineering' object_id='R1551339'
[property] values_resolved property_label='Annotator identity' key='Annotator identity' result_ids=['R1551339']
[property] 10-values_resolved property_label='Annotator identity' key='Annotator identity' result_ids=['R1551339']
[subtemplate] end label='Annotator' class_id='C121026' subtemplate_id='R1544290'
[sep] ────────────────────────────────────────────────────────────
[sep] ────────────────────────────────────────────────────────────
[sep] ──────────────────────────────────────────────────────────── SUBTEMPLATE Annotation scheme ────────────────────────────────────────────────────────────
[subtemplate] start label='Annotation scheme' class_id='C121030' subtemplate_id='R1544307'
[sep] ────────────────────────────────────────────────────────────
[property] start predicate_id='' property_label='Scheme establishment' key='Scheme establishement' mapping='V.5'
[selected_answers] answer answer='Written guidelines with definitions and examples' resource_mapping_key='Scheme establishement'
[options_details] answer answer='Written guidelines with definitions and examples' resource_mapping_key='Scheme establishement' answer_label_type_in_options_details='No type'
[property] answers property_label='Scheme establishment' key='Scheme establishement' answers=['Written guidelines with definitions and examples']
[map] to_resource key='Scheme establishement' answer='Written guidelines with definitions and examples' object_id='R1544310'
[property] values_resolved property_label='Scheme establishment' key='Scheme establishement' result_ids=['R1544310']
[property] 10-values_resolved property_label='Scheme establishment' key='Scheme establishement' result_ids=['R1544310']
[sep] ────────────────────────────────────────────────────────────
[property] start predicate_id='' property_label='Guideline availability' key='Guideline availability' mapping='V.6'
[selected_answers] answer answer='No, but are made available upon request' resource_mapping_key='Guideline availability'
[options_details] answer answer='No, but are made available upon request' resource_mapping_key='Guideline availability' answer_label_type_in_options_details='No type'
[property] answers property_label='Guideline availability' key='Guideline availability' answers=['No, but are made available upon request']
[map] to_resource key='Guideline availability' answer='No, but are made available upon request' object_id='R1544315'
[property] values_resolved property_label='Guideline availability' key='Guideline availability' result_ids=['R1544315']
[property] 10-values_resolved property_label='Guideline availability' key='Guideline availability' result_ids=['R1544315']
[subtemplate] end label='Annotation scheme' class_id='C121030' subtemplate_id='R1544307'
[sep] ────────────────────────────────────────────────────────────
[sep] ────────────────────────────────────────────────────────────
[property] start predicate_id='' property_label='Shared material' key='Shared material' mapping='V.7'
[selected_answers] answer answer='No' resource_mapping_key='Shared material'
[options_details] answer answer='No' resource_mapping_key='Shared material' answer_label_type_in_options_details='No type'
[property] answers property_label='Shared material' key='Shared material' answers=['No']
[map] to_resource key='Shared material' answer='No' object_id='R1544319'
[property] values_resolved property_label='Shared material' key='Shared material' result_ids=['R1544319']
[property] 10-values_resolved property_label='Shared material' key='Shared material' result_ids=['R1544319']
[sep] ────────────────────────────────────────────────────────────
[property] start predicate_id='' property_label='Fatigue mitigation technique' key='Fatigue mitigation technique' mapping='V.8'
[selected_answers] answer answer='Yes' resource_mapping_key='Fatigue mitigation technique'
[options_details] answer answer='Yes' resource_mapping_key='Fatigue mitigation technique' answer_label_type_in_options_details='No type'
[property] answers property_label='Fatigue mitigation technique' key='Fatigue mitigation technique' answers=['Yes']
[map] to_resource key='Fatigue mitigation technique' answer='Yes' object_id='R1544323'
[property] values_resolved property_label='Fatigue mitigation technique' key='Fatigue mitigation technique' result_ids=['R1544323']
[property] 10-values_resolved property_label='Fatigue mitigation technique' key='Fatigue mitigation technique' result_ids=['R1544323']
[sep] ────────────────────────────────────────────────────────────
[sep] ──────────────────────────────────────────────────────────── SUBTEMPLATE Annotator agreement ────────────────────────────────────────────────────────────
[subtemplate] start label='Annotator agreement' class_id='C121035' subtemplate_id='R1544326'
[sep] ────────────────────────────────────────────────────────────
[property] start predicate_id='' property_label='Intercoder reliability metric' key='Intercoder reliability metric' mapping='V.9'
[selected_answers] answer answer='Other/Comments' resource_mapping_key='Intercoder reliability metric'
[selected_answers] answer answer='Resolution by independent expert (not an annotator)' resource_mapping_key='Intercoder reliability metric'
[options_details] answer answer='Other/Comments' resource_mapping_key='Intercoder reliability metric' answer_label_type_in_options_details='No type'
[options_details] answer answer='Resolution by independent expert (not an annotator)' resource_mapping_key='Intercoder reliability metric' answer_label_type_in_options_details='Text'
[property] answers property_label='Intercoder reliability metric' key='Intercoder reliability metric' answers=['Other/Comments', 'Resolution by independent expert (not an annotator)']
[unmapped] other_value_skipped key='Intercoder reliability metric' answer='Other/Comments'
[unmapped] other_value_skipped_resource_should_not_be_created key='Intercoder reliability metric' answer='Other/Comments'
[unmapped] other_context_skipped key='Intercoder reliability metric' answer='Resolution by independent expert (not an annotator)'
[resource] created label='Resolution by independent expert (not an annotator)' class_id='C121036' id='R1551342'
[map] to_resource key='Intercoder reliability metric' answer='Resolution by independent expert (not an annotator)' object_id='R1551342'
[property] values_resolved property_label='Intercoder reliability metric' key='Intercoder reliability metric' result_ids=['R1551342']
[property] 10-values_resolved property_label='Intercoder reliability metric' key='Intercoder reliability metric' result_ids=['R1551342']
[sep] ────────────────────────────────────────────────────────────
[property] start predicate_id='' property_label='Conflict resolution' key='Conflict resolution' mapping='V.10'
[selected_answers] answer answer='Resolution by authors' resource_mapping_key='Conflict resolution'
[options_details] answer answer='Resolution by authors' resource_mapping_key='Conflict resolution' answer_label_type_in_options_details='No type'
[property] answers property_label='Conflict resolution' key='Conflict resolution' answers=['Resolution by authors']
[map] to_resource key='Conflict resolution' answer='Resolution by authors' object_id='R1544334'
[property] values_resolved property_label='Conflict resolution' key='Conflict resolution' result_ids=['R1544334']
[property] 10-values_resolved property_label='Conflict resolution' key='Conflict resolution' result_ids=['R1544334']
[sep] ────────────────────────────────────────────────────────────
[property] start predicate_id='' property_label='Measured agreement' key='Measured agreement' mapping='V.11'
[property] no_answers property_label='Measured agreement'
[literal] created key='Measured agreement' answer='Not reported' id='L3613304'
[subtemplate] end label='Annotator agreement' class_id='C121035' subtemplate_id='R1544326'
[sep] ────────────────────────────────────────────────────────────
[subtemplate] end label='Annotation process' class_id='C121025' subtemplate_id='R1544287'
[sep] ────────────────────────────────────────────────────────────
[link] created s='R1551326' p='P181031' o='R1551337'
[sep] ──────────────────────────────────────────────────────────── PREDICATE P181046 ────────────────────────────────────────────────────────────
[section] predicate id='P181046' label='Implemented approach'
[sep] ──────────────────────────────────────────────────────────── SUBTEMPLATE Implemented approach ────────────────────────────────────────────────────────────
[subtemplate] start label='Implemented approach' class_id='C121038' subtemplate_id='R1544363'
[sep] ────────────────────────────────────────────────────────────
[property] start predicate_id='' property_label='Approach type' key='Approach type' mapping='VI.1'
[selected_answers] answer answer='Rule-based' resource_mapping_key='Approach type'
[options_details] answer answer='Rule-based' resource_mapping_key='Approach type' answer_label_type_in_options_details='No type'
[property] answers property_label='Approach type' key='Approach type' answers=['Rule-based']
[map] to_resource key='Approach type' answer='Rule-based' object_id='R1544366'
[property] values_resolved property_label='Approach type' key='Approach type' result_ids=['R1544366']
[property] 10-values_resolved property_label='Approach type' key='Approach type' result_ids=['R1544366']
[sep] ────────────────────────────────────────────────────────────
[property] start predicate_id='' property_label='Algorithm used' key='Algorithm used' mapping='VI.2'
[options_details] answer answer='Definition of rules based on a grammar to identify the concepts of the legal ontology' resource_mapping_key='Algorithm used' answer_label_type_in_options_details='No type'
[property] answers property_label='Algorithm used' key='Algorithm used' answers=['Definition of rules based on a grammar to identify the concepts of the legal ontology']
[resource] created label='Definition of rules based on a grammar to identify the concepts of the legal ontology' class_id='C121040' id='R1551344'
[unmapped] categorical_created key='Algorithm used' answer='Definition of rules based on a grammar to identify the concepts of the legal ontology' id='R1551344'
[property] values_resolved property_label='Algorithm used' key='Algorithm used' result_ids=['R1551344']
[property] 10-values_resolved property_label='Algorithm used' key='Algorithm used' result_ids=['R1551344']
[sep] ────────────────────────────────────────────────────────────
[property] start predicate_id='' property_label='Running requirements' key='Running requirements' mapping='VI.4'
[selected_answers] answer answer='No installation is needed' resource_mapping_key='Running requirements'
[options_details] answer answer='No installation is needed' resource_mapping_key='Running requirements' answer_label_type_in_options_details='No type'
[property] answers property_label='Running requirements' key='Running requirements' answers=['No installation is needed']
[map] to_resource key='Running requirements' answer='No installation is needed' object_id='R1544379'
[property] values_resolved property_label='Running requirements' key='Running requirements' result_ids=['R1544379']
[property] 10-values_resolved property_label='Running requirements' key='Running requirements' result_ids=['R1544379']
[sep] ────────────────────────────────────────────────────────────
[property] start predicate_id='' property_label='Documentation' key='Documentation' mapping='VI.5'
[selected_answers] answer answer='An academic paper' resource_mapping_key='Documentation'
[options_details] answer answer='An academic paper' resource_mapping_key='Documentation' answer_label_type_in_options_details='No type'
[property] answers property_label='Documentation' key='Documentation' answers=['An academic paper']
[map] to_resource key='Documentation' answer='An academic paper' object_id='R1544386'
[property] values_resolved property_label='Documentation' key='Documentation' result_ids=['R1544386']
[property] 10-values_resolved property_label='Documentation' key='Documentation' result_ids=['R1544386']
[sep] ────────────────────────────────────────────────────────────
[property] start predicate_id='' property_label='Dependency' key='Dependency' mapping='VI.6'
[selected_answers] answer answer='Open source libraries / software' resource_mapping_key='Dependency'
[selected_answers] answer answer='External knowledge bases' resource_mapping_key='Dependency'
[selected_answers] answer answer='Other/Comments' resource_mapping_key='Dependency'
[selected_answers] answer answer='Stanford NLP' resource_mapping_key='Dependency'
[options_details] answer answer='Open source libraries / software' resource_mapping_key='Dependency' answer_label_type_in_options_details='No type'
[options_details] answer answer='External knowledge bases' resource_mapping_key='Dependency' answer_label_type_in_options_details='No type'
[options_details] answer answer='Other/Comments' resource_mapping_key='Dependency' answer_label_type_in_options_details='No type'
[options_details] answer answer='Stanford NLP' resource_mapping_key='Dependency' answer_label_type_in_options_details='Text'
[property] answers property_label='Dependency' key='Dependency' answers=['Open source libraries / software', 'External knowledge bases', 'Other/Comments', 'Stanford NLP']
[map] to_resource key='Dependency' answer='Open source libraries / software' object_id='R1544394'
[map] to_resource key='Dependency' answer='External knowledge bases' object_id='R1544397'
[unmapped] other_value_skipped key='Dependency' answer='Other/Comments'
[unmapped] other_value_skipped_resource_should_not_be_created key='Dependency' answer='Other/Comments'
[unmapped] other_context_skipped key='Dependency' answer='Stanford NLP'
[resource] created label='Stanford NLP' class_id='C121043' id='R1551345'
[map] to_resource key='Dependency' answer='Stanford NLP' object_id='R1551345'
[property] values_resolved property_label='Dependency' key='Dependency' result_ids=['R1544394', 'R1544397', 'R1551345']
[property] 10-values_resolved property_label='Dependency' key='Dependency' result_ids=['R1544394', 'R1544397', 'R1551345']
[sep] ────────────────────────────────────────────────────────────
[property] start predicate_id='' property_label='License type' key='License type' mapping='VI.8'
[selected_answers] answer answer='No license' resource_mapping_key='License type'
[options_details] answer answer='No license' resource_mapping_key='License type' answer_label_type_in_options_details='No type'
[property] answers property_label='License type' key='License type' answers=['No license']
[map] to_resource key='License type' answer='No license' object_id='R1544274'
[property] values_resolved property_label='License type' key='License type' result_ids=['R1544274']
[property] 10-values_resolved property_label='License type' key='License type' result_ids=['R1544274']
[sep] ────────────────────────────────────────────────────────────
[sep] ──────────────────────────────────────────────────────────── SUBTEMPLATE Release ────────────────────────────────────────────────────────────
[subtemplate] start label='Release' class_id='C121044' subtemplate_id='R1544401'
[sep] ────────────────────────────────────────────────────────────
[property] start predicate_id='' property_label='Release format' key='Release format' mapping='VI.3'
[selected_answers] answer answer='Service on the web' resource_mapping_key='Release format'
[options_details] answer answer='Service on the web' resource_mapping_key='Release format' answer_label_type_in_options_details='No type'
[property] answers property_label='Release format' key='Release format' answers=['Service on the web']
[map] to_resource key='Release format' answer='Service on the web' object_id='R1544408'
[property] values_resolved property_label='Release format' key='Release format' result_ids=['R1544408']
[property] 10-values_resolved property_label='Release format' key='Release format' result_ids=['R1544408']
[sep] ────────────────────────────────────────────────────────────
[property] start predicate_id='' property_label='Location type' key='Tool location type' mapping='VI.7'
[selected_answers] answer answer='On a private/corporate website' resource_mapping_key='Tool location type'
[options_details] answer answer='On a private/corporate website' resource_mapping_key='Tool location type' answer_label_type_in_options_details='No type'
[property] answers property_label='Location type' key='Tool location type' answers=['On a private/corporate website']
[map] to_resource key='Tool location type' answer='On a private/corporate website' object_id='R1544413'
[property] values_resolved property_label='Location type' key='Tool location type' result_ids=['R1544413']
[property] 10-values_resolved property_label='Location type' key='Tool location type' result_ids=['R1544413']
[sep] ────────────────────────────────────────────────────────────
[property] start predicate_id='' property_label='URL' key='url' mapping='VI.9'
[options_details] answer answer='http://www.fastsas.com' resource_mapping_key='url' answer_label_type_in_options_details='No type'
[property] answers property_label='URL' key='url' answers=['http://www.fastsas.com']
[literal] created key='url' answer='http://www.fastsas.com' id='L3613305'
[property] values_resolved property_label='URL' key='url' result_ids=['L3613305']
[property] 10-values_resolved property_label='URL' key='url' result_ids=['L3613305']
[subtemplate] end label='Release' class_id='C121044' subtemplate_id='R1544401'
[sep] ────────────────────────────────────────────────────────────
[subtemplate] end label='Implemented approach' class_id='C121038' subtemplate_id='R1544363'
[sep] ────────────────────────────────────────────────────────────
[link] created s='R1551326' p='P181046' o='R1551343'
[sep] ──────────────────────────────────────────────────────────── PREDICATE HAS_EVALUATION ────────────────────────────────────────────────────────────
[section] predicate id='HAS_EVALUATION' label='Evaluation'
[sep] ──────────────────────────────────────────────────────────── SUBTEMPLATE Evaluation ────────────────────────────────────────────────────────────
[subtemplate] start label='Evaluation' class_id='C121047' subtemplate_id='R1544421'
[sep] ────────────────────────────────────────────────────────────
[property] start predicate_id='' property_label='Evaluation metric' key='Evaluation metric' mapping='VII.1'
[selected_answers] answer answer='Precision/Recall' resource_mapping_key='Evaluation metric'
[selected_answers] answer answer='F-Score' resource_mapping_key='Evaluation metric'
[selected_answers] answer answer='Accuracy' resource_mapping_key='Evaluation metric'
[options_details] answer answer='Precision/Recall' resource_mapping_key='Evaluation metric' answer_label_type_in_options_details='No type'
[options_details] answer answer='F-Score' resource_mapping_key='Evaluation metric' answer_label_type_in_options_details='No type'
[options_details] answer answer='Accuracy' resource_mapping_key='Evaluation metric' answer_label_type_in_options_details='No type'
[property] answers property_label='Evaluation metric' key='Evaluation metric' answers=['Precision/Recall', 'F-Score', 'Accuracy']
[map] to_resource key='Evaluation metric' answer='Precision/Recall' object_id='R1544436'
[map] to_resource key='Evaluation metric' answer='F-Score' object_id='R1544442'
[map] to_resource key='Evaluation metric' answer='Accuracy' object_id='R1544440'
[property] values_resolved property_label='Evaluation metric' key='Evaluation metric' result_ids=['R1544436', 'R1544442', 'R1544440']
[property] 10-values_resolved property_label='Evaluation metric' key='Evaluation metric' result_ids=['R1544436', 'R1544442', 'R1544440']
[sep] ────────────────────────────────────────────────────────────
[property] start predicate_id='' property_label='Validation procedure' key='Validation procedure' mapping='VII.2'
[selected_answers] answer answer='Cross-validation' resource_mapping_key='Validation procedure'
[selected_answers] answer answer='Other/Comments' resource_mapping_key='Validation procedure'
[options_details] answer answer='Cross-validation' resource_mapping_key='Validation procedure' answer_label_type_in_options_details='No type'
[options_details] answer answer='Other/Comments' resource_mapping_key='Validation procedure' answer_label_type_in_options_details='No type'
[property] answers property_label='Validation procedure' key='Validation procedure' answers=['Cross-validation', 'Other/Comments']
[map] to_resource key='Validation procedure' answer='Cross-validation' object_id='R1544448'
[unmapped] other_value_skipped key='Validation procedure' answer='Other/Comments'
[unmapped] other_value_skipped_resource_should_not_be_created key='Validation procedure' answer='Other/Comments'
[property] values_resolved property_label='Validation procedure' key='Validation procedure' result_ids=['R1544448']
[property] 10-values_resolved property_label='Validation procedure' key='Validation procedure' result_ids=['R1544448']
[sep] ────────────────────────────────────────────────────────────
[sep] ──────────────────────────────────────────────────────────── SUBTEMPLATE Baseline comparison ────────────────────────────────────────────────────────────
[subtemplate] start label='Baseline comparison' class_id='C121050' subtemplate_id='R1544450'
[sep] ────────────────────────────────────────────────────────────
[property] start predicate_id='' property_label='Baseline comparison type' key='Baseline comparsion type' mapping='VII.3'
[selected_answers] answer answer='Existing tool or algorithm' resource_mapping_key='Baseline comparsion type'
[options_details] answer answer='Existing tool or algorithm' resource_mapping_key='Baseline comparsion type' answer_label_type_in_options_details='No type'
[property] answers property_label='Baseline comparison type' key='Baseline comparsion type' answers=['Existing tool or algorithm']
[map] to_resource key='Baseline comparsion type' answer='Existing tool or algorithm' object_id='R1544455'
[property] values_resolved property_label='Baseline comparison type' key='Baseline comparsion type' result_ids=['R1544455']
[property] 10-values_resolved property_label='Baseline comparison type' key='Baseline comparsion type' result_ids=['R1544455']
[sep] ────────────────────────────────────────────────────────────
[property] start predicate_id='' property_label='Baseline comparison details' key='Baseline comparison details' mapping='VII.4'
[options_details] answer answer='Comparison between GaiusT supported annotation and fully manual annotation' resource_mapping_key='Baseline comparison details' answer_label_type_in_options_details='No type'
[property] answers property_label='Baseline comparison details' key='Baseline comparison details' answers=['Comparison between GaiusT supported annotation and fully manual annotation']
[literal] created key='Baseline comparison details' answer='Comparison between GaiusT supported annotation and fully manual annotation' id='L3613306'
[property] values_resolved property_label='Baseline comparison details' key='Baseline comparison details' result_ids=['L3613306']
[property] 10-values_resolved property_label='Baseline comparison details' key='Baseline comparison details' result_ids=['L3613306']
[subtemplate] end label='Baseline comparison' class_id='C121050' subtemplate_id='R1544450'
[sep] ────────────────────────────────────────────────────────────
[subtemplate] end label='Evaluation' class_id='C121047' subtemplate_id='R1544421'
[sep] ────────────────────────────────────────────────────────────
[link] created s='R1551326' p='HAS_EVALUATION' o='R1551347'
