[run] start run_id='758ebfcd'
[connect] ok host='https://orkg.org'
[json] loaded path='/Users/amirrezaalasti/Desktop/TIB/nlp4re/pdf_files/CleanedExternalValidation/ChunhuiWang-etal-TSE20.json'
[run] instance run_id='758ebfcd' instance_id='R1550884'
[sep] ──────────────────────────────────────────────────────────── PREDICATE P181002 ────────────────────────────────────────────────────────────
[section] predicate id='P181002' label='RE task'
[property] start predicate_id='' property_label='RE task' key='RE task' mapping='I.1'
[selected_answers] answer answer='Test generation' resource_mapping_key='RE task'
[options_details] answer answer='Test generation' resource_mapping_key='RE task' answer_label_type_in_options_details='No type'
[property] answers property_label='RE task' key='RE task' answers=['Test generation']
[map] to_resource key='RE task' answer='Test generation' object_id='R1544128'
[property] values_resolved property_label='RE task' key='RE task' result_ids=['R1544128']
[link] created s='R1550884' p='P181002' o='R1544128'
[sep] ──────────────────────────────────────────────────────────── PREDICATE P181003 ────────────────────────────────────────────────────────────
[section] predicate id='P181003' label='NLP task'
[sep] ──────────────────────────────────────────────────────────── SUBTEMPLATE NLP task ────────────────────────────────────────────────────────────
[subtemplate] start label='NLP task' class_id='C121004' subtemplate_id='R1544138'
[sep] ────────────────────────────────────────────────────────────
[property] start predicate_id='' property_label='NLP task type' key='NLP task type' mapping='II.1'
[selected_answers] answer answer='Translation (models, tests, etc.)' resource_mapping_key='NLP task type'
[options_details] answer answer='Translation (models, tests, etc.)' resource_mapping_key='NLP task type' answer_label_type_in_options_details='No type'
[property] answers property_label='NLP task type' key='NLP task type' answers=['Translation']
[map] to_resource key='NLP task type' answer='Translation' object_id='R1544147'
[property] values_resolved property_label='NLP task type' key='NLP task type' result_ids=['R1544147']
[property] 10-values_resolved property_label='NLP task type' key='NLP task type' result_ids=['R1544147']
[sep] ────────────────────────────────────────────────────────────
[property] start predicate_id='' property_label='NLP task input' key='NLP task input' mapping='III.1'
[selected_answers] answer answer='Structured/tabular text' resource_mapping_key='NLP task input'
[options_details] answer answer='Structured/tabular text' resource_mapping_key='NLP task input' answer_label_type_in_options_details='No type'
[property] answers property_label='NLP task input' key='NLP task input' answers=['Structured/tabular text']
[map] to_resource key='NLP task input' answer='Structured/tabular text' object_id='R1544155'
[property] values_resolved property_label='NLP task input' key='NLP task input' result_ids=['R1544155']
[property] 10-values_resolved property_label='NLP task input' key='NLP task input' result_ids=['R1544155']
[sep] ────────────────────────────────────────────────────────────
[sep] ──────────────────────────────────────────────────────────── SUBTEMPLATE NLP task output ────────────────────────────────────────────────────────────
[subtemplate] start label='NLP task output' class_id='C121007' subtemplate_id='R1544158'
[sep] ────────────────────────────────────────────────────────────
[property] start predicate_id='' property_label='NLP task output classification label' key='NLP task output classification label' mapping='III.3'
[property] no_answers property_label='NLP task output classification label'
[literal] created key='NLP task output classification label' answer='Not reported' id='L3613008'
[sep] ────────────────────────────────────────────────────────────
[property] start predicate_id='' property_label='NLP task output extracted element' key='NLP task output extracted element' mapping='III.5'
[property] no_answers property_label='NLP task output extracted element'
[literal] created key='NLP task output extracted element' answer='Not reported' id='L3613009'
[sep] ────────────────────────────────────────────────────────────
[property] start predicate_id='' property_label='NLP task output translation mapping cardinality' key='NLP task output translation mapping cardinality' mapping='III.7'
[selected_answers] answer answer='1 to many (e.g., 1 use case description to 3 diagrams)' resource_mapping_key='NLP task output translation mapping cardinality'
[options_details] answer answer='1 to many (e.g., 1 use case description to 3 diagrams)' resource_mapping_key='NLP task output translation mapping cardinality' answer_label_type_in_options_details='No type'
[property] answers property_label='NLP task output translation mapping cardinality' key='NLP task output translation mapping cardinality' answers=['1 to many']
[map] to_resource key='NLP task output translation mapping cardinality' answer='1 to many' object_id='R1544185'
[property] values_resolved property_label='NLP task output translation mapping cardinality' key='NLP task output translation mapping cardinality' result_ids=['R1544185']
[property] 10-values_resolved property_label='NLP task output translation mapping cardinality' key='NLP task output translation mapping cardinality' result_ids=['R1544185']
[sep] ────────────────────────────────────────────────────────────
[property] start predicate_id='' property_label='NLP task output type' key='NLP task output type' mapping="['III.2', 'III.4', 'III.6', 'III.8', 'III.9']"
[selected_answers] answer answer='Test Cases' resource_mapping_key='NLP task output type'
[options_details] answer answer='Test Cases' resource_mapping_key='NLP task output type' answer_label_type_in_options_details='No type'
[property] answers property_label='NLP task output type' key='NLP task output type' answers=['Test Cases']
[map] to_resource key='NLP task output type' answer='Test Cases' object_id='R1544163'
[property] values_resolved property_label='NLP task output type' key='NLP task output type' result_ids=['R1544163']
[property] 10-values_resolved property_label='NLP task output type' key='NLP task output type' result_ids=['R1544163']
[subtemplate] end label='NLP task output' class_id='C121007' subtemplate_id='R1544158'
[sep] ────────────────────────────────────────────────────────────
[subtemplate] end label='NLP task' class_id='C121004' subtemplate_id='R1544138'
[sep] ────────────────────────────────────────────────────────────
[link] created s='R1550884' p='P181003' o='R1550885'
[sep] ──────────────────────────────────────────────────────────── PREDICATE P181011 ────────────────────────────────────────────────────────────
[section] predicate id='P181011' label='NLP dataset'
[sep] ──────────────────────────────────────────────────────────── SUBTEMPLATE NLP dataset ────────────────────────────────────────────────────────────
[subtemplate] start label='NLP dataset' class_id='C121010' subtemplate_id='R1544216'
[sep] ────────────────────────────────────────────────────────────
[property] start predicate_id='' property_label='NLP data item' key='NLP data item' mapping='IV.1'
[options_details] answer answer='The subjects of our evaluation are BodySense and Hands Off Detection (HOD), two embedded systems developed by our industry partner, IEE . BodySense has 7 use case specifications, 59 use case flows and 266 use case steps. HOD has 17 use case specifications, 27 use case flows, and 76 use case steps.' resource_mapping_key='NLP data item' answer_label_type_in_options_details='No type'
[property] answers property_label='NLP data item' key='NLP data item' answers=['The subjects of our evaluation are BodySense and Hands Off Detection , two embedded systems developed by our industry partner, IEE . BodySense has 7 use case specifications, 59 use case flows and 266 use case steps. HOD has 17 use case specifications, 27 use case flows, and 76 use case steps.']
[literal] created key='NLP data item' answer='The subjects of our evaluation are BodySense and Hands Off Detection , two embedded systems developed by our industry partner, IEE . BodySense has 7 use case specifications, 59 use case flows and 266 use case steps. HOD has 17 use case specifications, 27 use case flows, and 76 use case steps.' id='L3613010'
[property] values_resolved property_label='NLP data item' key='NLP data item' result_ids=['L3613010']
[property] 10-values_resolved property_label='NLP data item' key='NLP data item' result_ids=['L3613010']
[sep] ────────────────────────────────────────────────────────────
[property] start predicate_id='' property_label='NLP data production time' key='NLP data prodcution time' mapping='IV.2'
[options_details] answer answer='2013-2019' resource_mapping_key='NLP data prodcution time' answer_label_type_in_options_details='No type'
[property] answers property_label='NLP data production time' key='NLP data prodcution time' answers=['2013-2019']
[literal] created key='NLP data prodcution time' answer='2013-2019' id='L3613011'
[property] values_resolved property_label='NLP data production time' key='NLP data prodcution time' result_ids=['L3613011']
[property] 10-values_resolved property_label='NLP data production time' key='NLP data prodcution time' result_ids=['L3613011']
[sep] ────────────────────────────────────────────────────────────
[sep] ──────────────────────────────────────────────────────────── SUBTEMPLATE NLP data source ────────────────────────────────────────────────────────────
[subtemplate] start label='NLP data source' class_id='C121011' subtemplate_id='R1544223'
[sep] ────────────────────────────────────────────────────────────
[property] start predicate_id='' property_label='NLP data source type' key='NLP data source type' mapping='IV.3'
[selected_answers] answer answer='Industrial Project, proprietary data' resource_mapping_key='NLP data source type'
[options_details] answer answer='Industrial Project, proprietary data' resource_mapping_key='NLP data source type' answer_label_type_in_options_details='No type'
[property] answers property_label='NLP data source type' key='NLP data source type' answers=['Industrial Project, proprietary data']
[map] to_resource key='NLP data source type' answer='Industrial Project, proprietary data' object_id='R1544228'
[property] values_resolved property_label='NLP data source type' key='NLP data source type' result_ids=['R1544228']
[property] 10-values_resolved property_label='NLP data source type' key='NLP data source type' result_ids=['R1544228']
[sep] ────────────────────────────────────────────────────────────
[property] start predicate_id='' property_label='Number of data sources' key='Number of data sources' mapping='IV.9'
[options_details] answer answer='1' resource_mapping_key='Number of data sources' answer_label_type_in_options_details='No type'
[property] answers property_label='Number of data sources' key='Number of data sources' answers=['1']
[Integer literal] fallback_to_text key='Number of data sources' answer='1'
[literal] created key='Number of data sources' answer='1' id='L3613012'
[property] values_resolved property_label='Number of data sources' key='Number of data sources' result_ids=['L3613012']
[property] 10-values_resolved property_label='Number of data sources' key='Number of data sources' result_ids=['L3613012']
[sep] ────────────────────────────────────────────────────────────
[property] start predicate_id='' property_label='NLP data source domain' key='NLP data source domain' mapping='IV.8'
[options_details] answer answer='Automotive' resource_mapping_key='NLP data source domain' answer_label_type_in_options_details='No type'
[property] answers property_label='NLP data source domain' key='NLP data source domain' answers=['Automotive']
[resource] created label='Automotive' class_id='C121053' id='R1550889'
[unmapped] categorical_created key='NLP data source domain' answer='Automotive' id='R1550889'
[property] values_resolved property_label='NLP data source domain' key='NLP data source domain' result_ids=['R1550889']
[property] 10-values_resolved property_label='NLP data source domain' key='NLP data source domain' result_ids=['R1550889']
[subtemplate] end label='NLP data source' class_id='C121011' subtemplate_id='R1544223'
[sep] ────────────────────────────────────────────────────────────
[sep] ────────────────────────────────────────────────────────────
[property] start predicate_id='' property_label='NLP data abstraction level' key='NLP data abstraction level' mapping='IV.4'
[property] no_answers property_label='NLP data abstraction level'
[sep] ────────────────────────────────────────────────────────────
[sep] ──────────────────────────────────────────────────────────── SUBTEMPLATE NLP data type ────────────────────────────────────────────────────────────
[subtemplate] start label='NLP data type' class_id='C121015' subtemplate_id='R1544245'
[sep] ────────────────────────────────────────────────────────────
[property] start predicate_id='' property_label='NLP data format' key='NLP data format' mapping='IV.5'
[selected_answers] answer answer='Use cases' resource_mapping_key='NLP data format'
[options_details] answer answer='Use cases' resource_mapping_key='NLP data format' answer_label_type_in_options_details='No type'
[property] answers property_label='NLP data format' key='NLP data format' answers=['Use cases']
[map] to_resource key='NLP data format' answer='Use cases' object_id='R1544251'
[property] values_resolved property_label='NLP data format' key='NLP data format' result_ids=['R1544251']
[property] 10-values_resolved property_label='NLP data format' key='NLP data format' result_ids=['R1544251']
[sep] ────────────────────────────────────────────────────────────
[property] start predicate_id='' property_label='Rigor of data format' key='Rigor of data format' mapping='IV.6'
[selected_answers] answer answer='Template-based controlled natural language' resource_mapping_key='Rigor of data format'
[options_details] answer answer='Template-based controlled natural language' resource_mapping_key='Rigor of data format' answer_label_type_in_options_details='No type'
[property] answers property_label='Rigor of data format' key='Rigor of data format' answers=['Template-based controlled natural language']
[map] to_resource key='Rigor of data format' answer='Template-based controlled natural language' object_id='R1544259'
[property] values_resolved property_label='Rigor of data format' key='Rigor of data format' result_ids=['R1544259']
[property] 10-values_resolved property_label='Rigor of data format' key='Rigor of data format' result_ids=['R1544259']
[sep] ────────────────────────────────────────────────────────────
[property] start predicate_id='' property_label='Natural language' key='Natural language' mapping='IV.7'
[options_details] answer answer='English' resource_mapping_key='Natural language' answer_label_type_in_options_details='No type'
[property] answers property_label='Natural language' key='Natural language' answers=['English']
[literal] created key='Natural language' answer='English' id='L3613013'
[property] values_resolved property_label='Natural language' key='Natural language' result_ids=['L3613013']
[property] 10-values_resolved property_label='Natural language' key='Natural language' result_ids=['L3613013']
[subtemplate] end label='NLP data type' class_id='C121015' subtemplate_id='R1544245'
[sep] ────────────────────────────────────────────────────────────
[sep] ────────────────────────────────────────────────────────────
[sep] ──────────────────────────────────────────────────────────── SUBTEMPLATE License ────────────────────────────────────────────────────────────
[subtemplate] start label='License' class_id='C121018' subtemplate_id='R1544265'
[sep] ────────────────────────────────────────────────────────────
[property] start predicate_id='' property_label='Public availability' key='Public availability' mapping='IV.10'
[selected_answers] answer answer='No' resource_mapping_key='Public availability'
[options_details] answer answer='No' resource_mapping_key='Public availability' answer_label_type_in_options_details='No type'
[property] answers property_label='Public availability' key='Public availability' answers=['No']
[map] to_resource key='Public availability' answer='No' object_id='R1544268'
[property] values_resolved property_label='Public availability' key='Public availability' result_ids=['R1544268']
[property] 10-values_resolved property_label='Public availability' key='Public availability' result_ids=['R1544268']
[sep] ────────────────────────────────────────────────────────────
[property] start predicate_id='' property_label='License type' key='License type' mapping='IV.11'
[selected_answers] answer answer='No license' resource_mapping_key='License type'
[options_details] answer answer='No license' resource_mapping_key='License type' answer_label_type_in_options_details='No type'
[property] answers property_label='License type' key='License type' answers=['No license']
[map] to_resource key='License type' answer='No license' object_id='R1544274'
[property] values_resolved property_label='License type' key='License type' result_ids=['R1544274']
[property] 10-values_resolved property_label='License type' key='License type' result_ids=['R1544274']
[subtemplate] end label='License' class_id='C121018' subtemplate_id='R1544265'
[sep] ────────────────────────────────────────────────────────────
[sep] ────────────────────────────────────────────────────────────
[sep] ──────────────────────────────────────────────────────────── SUBTEMPLATE Dataset location ────────────────────────────────────────────────────────────
[subtemplate] start label='Dataset location' class_id='C121022' subtemplate_id='R1544278'
[sep] ────────────────────────────────────────────────────────────
[property] start predicate_id='' property_label='Location type' key='Dataset location type' mapping='IV.12'
[selected_answers] answer answer='On a private/corporate website' resource_mapping_key='Dataset location type'
[options_details] answer answer='On a private/corporate website' resource_mapping_key='Dataset location type' answer_label_type_in_options_details='No type'
[property] answers property_label='Location type' key='Dataset location type' answers=['On a private/corporate website']
[map] to_resource key='Dataset location type' answer='On a private/corporate website' object_id='R1544280'
[property] values_resolved property_label='Location type' key='Dataset location type' result_ids=['R1544280']
[property] 10-values_resolved property_label='Location type' key='Dataset location type' result_ids=['R1544280']
[sep] ────────────────────────────────────────────────────────────
[property] start predicate_id='' property_label='URL' key='url' mapping='IV.13'
[property] no_answers property_label='URL'
[subtemplate] end label='Dataset location' class_id='C121022' subtemplate_id='R1544278'
[sep] ────────────────────────────────────────────────────────────
[subtemplate] end label='NLP dataset' class_id='C121010' subtemplate_id='R1544216'
[sep] ────────────────────────────────────────────────────────────
[link] created s='R1550884' p='P181011' o='R1550887'
[sep] ──────────────────────────────────────────────────────────── PREDICATE P181031 ────────────────────────────────────────────────────────────
[section] predicate id='P181031' label='Annotation process'
[sep] ──────────────────────────────────────────────────────────── SUBTEMPLATE Annotation process ────────────────────────────────────────────────────────────
[subtemplate] start label='Annotation process' class_id='C121025' subtemplate_id='R1544287'
[sep] ────────────────────────────────────────────────────────────
[sep] ──────────────────────────────────────────────────────────── SUBTEMPLATE Annotator ────────────────────────────────────────────────────────────
[subtemplate] start label='Annotator' class_id='C121026' subtemplate_id='R1544290'
[sep] ────────────────────────────────────────────────────────────
[property] start predicate_id='' property_label='Number of annotators' key='Number of annotators' mapping='V.1'
[property] no_answers property_label='Number of annotators'
[sep] ────────────────────────────────────────────────────────────
[property] start predicate_id='' property_label='Annotator assignment' key='Annotator assignment' mapping='V.2'
[property] no_answers property_label='Annotator assignment'
[sep] ────────────────────────────────────────────────────────────
[property] start predicate_id='' property_label='Level of application domain experience' key='Level of application domain experience' mapping='V.3'
[property] no_answers property_label='Level of application domain experience'
[sep] ────────────────────────────────────────────────────────────
[property] start predicate_id='' property_label='Annotator identity' key='Annotator identity' mapping='V.4'
[property] no_answers property_label='Annotator identity'
[subtemplate] end label='Annotator' class_id='C121026' subtemplate_id='R1544290'
[sep] ────────────────────────────────────────────────────────────
[sep] ────────────────────────────────────────────────────────────
[sep] ──────────────────────────────────────────────────────────── SUBTEMPLATE Annotation scheme ────────────────────────────────────────────────────────────
[subtemplate] start label='Annotation scheme' class_id='C121030' subtemplate_id='R1544307'
[sep] ────────────────────────────────────────────────────────────
[property] start predicate_id='' property_label='Scheme establishment' key='Scheme establishement' mapping='V.5'
[property] no_answers property_label='Scheme establishment'
[sep] ────────────────────────────────────────────────────────────
[property] start predicate_id='' property_label='Guideline availability' key='Guideline availability' mapping='V.6'
[property] no_answers property_label='Guideline availability'
[subtemplate] end label='Annotation scheme' class_id='C121030' subtemplate_id='R1544307'
[sep] ────────────────────────────────────────────────────────────
[sep] ────────────────────────────────────────────────────────────
[property] start predicate_id='' property_label='Shared material' key='Shared material' mapping='V.7'
[property] no_answers property_label='Shared material'
[sep] ────────────────────────────────────────────────────────────
[property] start predicate_id='' property_label='Fatigue mitigation technique' key='Fatigue mitigation technique' mapping='V.8'
[property] no_answers property_label='Fatigue mitigation technique'
[sep] ────────────────────────────────────────────────────────────
[sep] ──────────────────────────────────────────────────────────── SUBTEMPLATE Annotator agreement ────────────────────────────────────────────────────────────
[subtemplate] start label='Annotator agreement' class_id='C121035' subtemplate_id='R1544326'
[sep] ────────────────────────────────────────────────────────────
[property] start predicate_id='' property_label='Intercoder reliability metric' key='Intercoder reliability metric' mapping='V.9'
[property] no_answers property_label='Intercoder reliability metric'
[sep] ────────────────────────────────────────────────────────────
[property] start predicate_id='' property_label='Conflict resolution' key='Conflict resolution' mapping='V.10'
[property] no_answers property_label='Conflict resolution'
[sep] ────────────────────────────────────────────────────────────
[property] start predicate_id='' property_label='Measured agreement' key='Measured agreement' mapping='V.11'
[property] no_answers property_label='Measured agreement'
[literal] created key='Measured agreement' answer='Not reported' id='L3613014'
[subtemplate] end label='Annotator agreement' class_id='C121035' subtemplate_id='R1544326'
[sep] ────────────────────────────────────────────────────────────
[subtemplate] end label='Annotation process' class_id='C121025' subtemplate_id='R1544287'
[sep] ────────────────────────────────────────────────────────────
[link] created s='R1550884' p='P181031' o='R1550893'
[sep] ──────────────────────────────────────────────────────────── PREDICATE P181046 ────────────────────────────────────────────────────────────
[section] predicate id='P181046' label='Implemented approach'
[sep] ──────────────────────────────────────────────────────────── SUBTEMPLATE Implemented approach ────────────────────────────────────────────────────────────
[subtemplate] start label='Implemented approach' class_id='C121038' subtemplate_id='R1544363'
[sep] ────────────────────────────────────────────────────────────
[property] start predicate_id='' property_label='Approach type' key='Approach type' mapping='VI.1'
[selected_answers] answer answer='Rule-based' resource_mapping_key='Approach type'
[selected_answers] answer answer='Other/Comments' resource_mapping_key='Approach type'
[selected_answers] answer answer='n natural language processing to automatically identify test scenarios and to generate formal constraints that capture conditions triggering the execution of the scenarios, thus enabling the generation of test data' resource_mapping_key='Approach type'
[options_details] answer answer='Rule-based' resource_mapping_key='Approach type' answer_label_type_in_options_details='No type'
[options_details] answer answer='Other/Comments' resource_mapping_key='Approach type' answer_label_type_in_options_details='No type'
[options_details] answer answer='n natural language processing to automatically identify test scenarios and to generate formal constraints that capture conditions triggering the execution of the scenarios, thus enabling the generation of test data' resource_mapping_key='Approach type' answer_label_type_in_options_details='Text'
[property] answers property_label='Approach type' key='Approach type' answers=['Rule-based', 'Other/Comments', 'n natural language processing to automatically identify test scenarios and to generate formal constraints that capture conditions triggering the execution of the scenarios, thus enabling the generation of test data']
[map] to_resource key='Approach type' answer='Rule-based' object_id='R1544366'
[unmapped] other_value_skipped key='Approach type' answer='Other/Comments'
[unmapped] other_value_skipped_resource_should_not_be_created key='Approach type' answer='Other/Comments'
[unmapped] other_context_skipped key='Approach type' answer='n natural language processing to automatically identify test scenarios and to generate formal constraints that capture conditions triggering the execution of the scenarios, thus enabling the generation of test data'
[resource] created label='n natural language processing to automatically identify test scenarios and to generate formal constraints that capture conditions triggering the execution of the scenarios, thus enabling the generation of test data' class_id='C121039' id='R1550898'
[map] to_resource key='Approach type' answer='n natural language processing to automatically identify test scenarios and to generate formal constraints that capture conditions triggering the execution of the scenarios, thus enabling the generation of test data' object_id='R1550898'
[property] values_resolved property_label='Approach type' key='Approach type' result_ids=['R1544366', 'R1550898']
[property] 10-values_resolved property_label='Approach type' key='Approach type' result_ids=['R1544366', 'R1550898']
[sep] ────────────────────────────────────────────────────────────
[property] start predicate_id='' property_label='Algorithm used' key='Algorithm used' mapping='VI.2'
[options_details] answer answer='tokenization, named entity recognition, part-of-speech tagging, semantic role labeling, semantic similarity detection' resource_mapping_key='Algorithm used' answer_label_type_in_options_details='No type'
[property] answers property_label='Algorithm used' key='Algorithm used' answers=['tokenization', 'named entity recognition', 'part-of-speech tagging', 'semantic role labeling', 'semantic similarity detection']
[resource] created label='tokenization' class_id='C121040' id='R1550899'
[unmapped] categorical_created key='Algorithm used' answer='tokenization' id='R1550899'
[resource] created label='named entity recognition' class_id='C121040' id='R1550900'
[unmapped] categorical_created key='Algorithm used' answer='named entity recognition' id='R1550900'
[resource] created label='part-of-speech tagging' class_id='C121040' id='R1550901'
[unmapped] categorical_created key='Algorithm used' answer='part-of-speech tagging' id='R1550901'
[resource] created label='semantic role labeling' class_id='C121040' id='R1550902'
[unmapped] categorical_created key='Algorithm used' answer='semantic role labeling' id='R1550902'
[resource] created label='semantic similarity detection' class_id='C121040' id='R1550903'
[unmapped] categorical_created key='Algorithm used' answer='semantic similarity detection' id='R1550903'
[property] values_resolved property_label='Algorithm used' key='Algorithm used' result_ids=['R1550899', 'R1550900', 'R1550901', 'R1550902', 'R1550903']
[property] 10-values_resolved property_label='Algorithm used' key='Algorithm used' result_ids=['R1550899', 'R1550900', 'R1550901', 'R1550902', 'R1550903']
[sep] ────────────────────────────────────────────────────────────
[property] start predicate_id='' property_label='Running requirements' key='Running requirements' mapping='VI.4'
[selected_answers] answer answer='No installation is needed (e.g., standalone tool)' resource_mapping_key='Running requirements'
[options_details] answer answer='No installation is needed (e.g., standalone tool)' resource_mapping_key='Running requirements' answer_label_type_in_options_details='No type'
[property] answers property_label='Running requirements' key='Running requirements' answers=['No installation is needed']
[map] to_resource key='Running requirements' answer='No installation is needed' object_id='R1544379'
[property] values_resolved property_label='Running requirements' key='Running requirements' result_ids=['R1544379']
[property] 10-values_resolved property_label='Running requirements' key='Running requirements' result_ids=['R1544379']
[sep] ────────────────────────────────────────────────────────────
[property] start predicate_id='' property_label='Documentation' key='Documentation' mapping='VI.5'
[selected_answers] answer answer='Wiki or dedicated website' resource_mapping_key='Documentation'
[selected_answers] answer answer='An academic paper' resource_mapping_key='Documentation'
[options_details] answer answer='Wiki or dedicated website' resource_mapping_key='Documentation' answer_label_type_in_options_details='No type'
[options_details] answer answer='An academic paper' resource_mapping_key='Documentation' answer_label_type_in_options_details='No type'
[property] answers property_label='Documentation' key='Documentation' answers=['Wiki or dedicated website', 'An academic paper']
[map] to_resource key='Documentation' answer='Wiki or dedicated website' object_id='R1544391'
[map] to_resource key='Documentation' answer='An academic paper' object_id='R1544386'
[property] values_resolved property_label='Documentation' key='Documentation' result_ids=['R1544391', 'R1544386']
[property] 10-values_resolved property_label='Documentation' key='Documentation' result_ids=['R1544391', 'R1544386']
[sep] ────────────────────────────────────────────────────────────
[property] start predicate_id='' property_label='Dependency' key='Dependency' mapping='VI.6'
[selected_answers] answer answer='Proprietary libraries / software (e.g., Google Cloud' resource_mapping_key='Dependency'
[options_details] answer answer='Proprietary libraries / software (e.g., Google Cloud' resource_mapping_key='Dependency' answer_label_type_in_options_details='No type'
[property] answers property_label='Dependency' key='Dependency' answers=['Proprietary libraries / software']
[resource] created label='Proprietary libraries / software' class_id='C121043' id='R1550904'
[unmapped] categorical_created key='Dependency' answer='Proprietary libraries / software' id='R1550904'
[property] values_resolved property_label='Dependency' key='Dependency' result_ids=['R1550904']
[property] 10-values_resolved property_label='Dependency' key='Dependency' result_ids=['R1550904']
[sep] ────────────────────────────────────────────────────────────
[property] start predicate_id='' property_label='License type' key='License type' mapping='VI.8'
[selected_answers] answer answer='No license' resource_mapping_key='License type'
[options_details] answer answer='No license' resource_mapping_key='License type' answer_label_type_in_options_details='No type'
[property] answers property_label='License type' key='License type' answers=['No license']
[map] to_resource key='License type' answer='No license' object_id='R1544274'
[property] values_resolved property_label='License type' key='License type' result_ids=['R1544274']
[property] 10-values_resolved property_label='License type' key='License type' result_ids=['R1544274']
[sep] ────────────────────────────────────────────────────────────
[sep] ──────────────────────────────────────────────────────────── SUBTEMPLATE Release ────────────────────────────────────────────────────────────
[subtemplate] start label='Release' class_id='C121044' subtemplate_id='R1544401'
[sep] ────────────────────────────────────────────────────────────
[property] start predicate_id='' property_label='Release format' key='Release format' mapping='VI.3'
[selected_answers] answer answer='Tool (e.g., a binary file) -- standalone' resource_mapping_key='Release format'
[options_details] answer answer='Tool (e.g., a binary file) -- standalone' resource_mapping_key='Release format' answer_label_type_in_options_details='No type'
[property] answers property_label='Release format' key='Release format' answers=['Tool -- standalone']
[resource] created label='Tool -- standalone' class_id='C121046' id='R1550906'
[unmapped] categorical_created key='Release format' answer='Tool -- standalone' id='R1550906'
[property] values_resolved property_label='Release format' key='Release format' result_ids=['R1550906']
[property] 10-values_resolved property_label='Release format' key='Release format' result_ids=['R1550906']
[sep] ────────────────────────────────────────────────────────────
[property] start predicate_id='' property_label='Location type' key='Tool location type' mapping='VI.7'
[selected_answers] answer answer='On a private/corporate website' resource_mapping_key='Tool location type'
[options_details] answer answer='On a private/corporate website' resource_mapping_key='Tool location type' answer_label_type_in_options_details='No type'
[property] answers property_label='Location type' key='Tool location type' answers=['On a private/corporate website']
[map] to_resource key='Tool location type' answer='On a private/corporate website' object_id='R1544413'
[property] values_resolved property_label='Location type' key='Tool location type' result_ids=['R1544413']
[property] 10-values_resolved property_label='Location type' key='Tool location type' result_ids=['R1544413']
[sep] ────────────────────────────────────────────────────────────
[property] start predicate_id='' property_label='URL' key='url' mapping='VI.9'
[options_details] answer answer='https://sites.google.com/site/umtgtestgen/' resource_mapping_key='url' answer_label_type_in_options_details='No type'
[property] answers property_label='URL' key='url' answers=['https://sites.google.com/site/umtgtestgen/']
[literal] created key='url' answer='https://sites.google.com/site/umtgtestgen/' id='L3613015'
[property] values_resolved property_label='URL' key='url' result_ids=['L3613015']
[property] 10-values_resolved property_label='URL' key='url' result_ids=['L3613015']
[subtemplate] end label='Release' class_id='C121044' subtemplate_id='R1544401'
[sep] ────────────────────────────────────────────────────────────
[subtemplate] end label='Implemented approach' class_id='C121038' subtemplate_id='R1544363'
[sep] ────────────────────────────────────────────────────────────
[link] created s='R1550884' p='P181046' o='R1550897'
[sep] ──────────────────────────────────────────────────────────── PREDICATE HAS_EVALUATION ────────────────────────────────────────────────────────────
[section] predicate id='HAS_EVALUATION' label='Evaluation'
[sep] ──────────────────────────────────────────────────────────── SUBTEMPLATE Evaluation ────────────────────────────────────────────────────────────
[subtemplate] start label='Evaluation' class_id='C121047' subtemplate_id='R1544421'
[sep] ────────────────────────────────────────────────────────────
[property] start predicate_id='' property_label='Evaluation metric' key='Evaluation metric' mapping='VII.1'
[selected_answers] answer answer='Precision/Recall' resource_mapping_key='Evaluation metric'
[options_details] answer answer='Precision/Recall' resource_mapping_key='Evaluation metric' answer_label_type_in_options_details='No type'
[property] answers property_label='Evaluation metric' key='Evaluation metric' answers=['Precision/Recall']
[map] to_resource key='Evaluation metric' answer='Precision/Recall' object_id='R1544436'
[property] values_resolved property_label='Evaluation metric' key='Evaluation metric' result_ids=['R1544436']
[property] 10-values_resolved property_label='Evaluation metric' key='Evaluation metric' result_ids=['R1544436']
[sep] ────────────────────────────────────────────────────────────
[property] start predicate_id='' property_label='Validation procedure' key='Validation procedure' mapping='VII.2'
[selected_answers] answer answer='Other/Comments' resource_mapping_key='Validation procedure'
[selected_answers] answer answer='We investigated, based on two industrial case studies in the automotive domain, three research questions.' resource_mapping_key='Validation procedure'
[options_details] answer answer='Other/Comments' resource_mapping_key='Validation procedure' answer_label_type_in_options_details='No type'
[options_details] answer answer='We investigated, based on two industrial case studies in the automotive domain, three research questions.' resource_mapping_key='Validation procedure' answer_label_type_in_options_details='Text'
[property] answers property_label='Validation procedure' key='Validation procedure' answers=['Other/Comments', 'We investigated, based on two industrial case studies in the automotive domain, three research questions.']
[unmapped] other_value_skipped key='Validation procedure' answer='Other/Comments'
[unmapped] other_value_skipped_resource_should_not_be_created key='Validation procedure' answer='Other/Comments'
[unmapped] other_context_skipped key='Validation procedure' answer='We investigated, based on two industrial case studies in the automotive domain, three research questions.'
[resource] created label='We investigated, based on two industrial case studies in the automotive domain, three research questions.' class_id='C121049' id='R1550908'
[map] to_resource key='Validation procedure' answer='We investigated, based on two industrial case studies in the automotive domain, three research questions.' object_id='R1550908'
[property] values_resolved property_label='Validation procedure' key='Validation procedure' result_ids=['R1550908']
[property] 10-values_resolved property_label='Validation procedure' key='Validation procedure' result_ids=['R1550908']
[sep] ────────────────────────────────────────────────────────────
[sep] ──────────────────────────────────────────────────────────── SUBTEMPLATE Baseline comparison ────────────────────────────────────────────────────────────
[subtemplate] start label='Baseline comparison' class_id='C121050' subtemplate_id='R1544450'
[sep] ────────────────────────────────────────────────────────────
[property] start predicate_id='' property_label='Baseline comparison type' key='Baseline comparsion type' mapping='VII.3'
[selected_answers] answer answer='Human baseline (i.e., comparison against human' resource_mapping_key='Baseline comparsion type'
[options_details] answer answer='Human baseline (i.e., comparison against human' resource_mapping_key='Baseline comparsion type' answer_label_type_in_options_details='No type'
[property] answers property_label='Baseline comparison type' key='Baseline comparsion type' answers=['Human baseline']
[map] to_resource key='Baseline comparsion type' answer='Human baseline' object_id='R1544452'
[property] values_resolved property_label='Baseline comparison type' key='Baseline comparsion type' result_ids=['R1544452']
[property] 10-values_resolved property_label='Baseline comparison type' key='Baseline comparsion type' result_ids=['R1544452']
[sep] ────────────────────────────────────────────────────────────
[property] start predicate_id='' property_label='Baseline comparison details' key='Baseline comparison details' mapping='VII.4'
[property] no_answers property_label='Baseline comparison details'
[literal] created key='Baseline comparison details' answer='Not reported' id='L3613016'
[subtemplate] end label='Baseline comparison' class_id='C121050' subtemplate_id='R1544450'
[sep] ────────────────────────────────────────────────────────────
[subtemplate] end label='Evaluation' class_id='C121047' subtemplate_id='R1544421'
[sep] ────────────────────────────────────────────────────────────
[link] created s='R1550884' p='HAS_EVALUATION' o='R1550907'
