[run] start run_id='c1dd9b87'
[connect] ok host='https://orkg.org'
[json] loaded path='/Users/amirrezaalasti/Desktop/TIB/nlp4re/pdf_files/CleanedExternalValidation/IrisReinhartzBerger-MarkKemelman-etal-REJ19.json'
[run] instance run_id='c1dd9b87' instance_id='R1551605'
[sep] ──────────────────────────────────────────────────────────── PREDICATE P181002 ────────────────────────────────────────────────────────────
[section] predicate id='P181002' label='RE task'
[property] start predicate_id='' property_label='RE task' key='RE task' mapping='I.1'
[selected_answers] answer answer='Other/Comments' resource_mapping_key='RE task'
[selected_answers] answer answer='mainly Variability Analysis, but also Requirements Classification and Information Extraction' resource_mapping_key='RE task'
[options_details] answer answer='Other/Comments' resource_mapping_key='RE task' answer_label_type_in_options_details='No type'
[options_details] answer answer='mainly Variability Analysis, but also Requirements Classification and Information Extraction' resource_mapping_key='RE task' answer_label_type_in_options_details='Text'
[property] answers property_label='RE task' key='RE task' answers=['Other/Comments', 'mainly Variability Analysis, but also Requirements Classification and Information Extraction']
[unmapped] other_value_skipped key='RE task' answer='Other/Comments'
[unmapped] other_value_skipped_resource_should_not_be_created key='RE task' answer='Other/Comments'
[unmapped] other_context_skipped key='RE task' answer='mainly Variability Analysis, but also Requirements Classification and Information Extraction'
[resource] created label='mainly Variability Analysis, but also Requirements Classification and Information Extraction' class_id='C121003' id='R1551606'
[map] to_resource key='RE task' answer='mainly Variability Analysis, but also Requirements Classification and Information Extraction' object_id='R1551606'
[property] values_resolved property_label='RE task' key='RE task' result_ids=['R1551606']
[link] created s='R1551605' p='P181002' o='R1551606'
[sep] ──────────────────────────────────────────────────────────── PREDICATE P181003 ────────────────────────────────────────────────────────────
[section] predicate id='P181003' label='NLP task'
[sep] ──────────────────────────────────────────────────────────── SUBTEMPLATE NLP task ────────────────────────────────────────────────────────────
[subtemplate] start label='NLP task' class_id='C121004' subtemplate_id='R1544138'
[sep] ────────────────────────────────────────────────────────────
[property] start predicate_id='' property_label='NLP task type' key='NLP task type' mapping='II.1'
[selected_answers] answer answer='Classification' resource_mapping_key='NLP task type'
[selected_answers] answer answer='Information extraction' resource_mapping_key='NLP task type'
[selected_answers] answer answer='Other/Comments' resource_mapping_key='NLP task type'
[selected_answers] answer answer=' Similar Requirements Clustering , Coreference Resolution' resource_mapping_key='NLP task type'
[options_details] answer answer='Classification' resource_mapping_key='NLP task type' answer_label_type_in_options_details='No type'
[options_details] answer answer='Information extraction' resource_mapping_key='NLP task type' answer_label_type_in_options_details='No type'
[options_details] answer answer='Other/Comments' resource_mapping_key='NLP task type' answer_label_type_in_options_details='No type'
[options_details] answer answer='Similar Requirements Clustering , Coreference Resolution' resource_mapping_key='NLP task type' answer_label_type_in_options_details='No type'
[property] answers property_label='NLP task type' key='NLP task type' answers=['Classification', 'Information extraction', 'Other/Comments', 'Similar Requirements Clustering , Coreference Resolution']
[map] to_resource key='NLP task type' answer='Classification' object_id='R1544148'
[map] to_resource key='NLP task type' answer='Information extraction' object_id='R1544150'
[unmapped] other_value_skipped key='NLP task type' answer='Other/Comments'
[unmapped] other_value_skipped_resource_should_not_be_created key='NLP task type' answer='Other/Comments'
[unmapped] other_context_skipped key='NLP task type' answer='Similar Requirements Clustering , Coreference Resolution'
[resource] created label='Similar Requirements Clustering , Coreference Resolution' class_id='C121005' id='R1551608'
[map] to_resource key='NLP task type' answer='Similar Requirements Clustering , Coreference Resolution' object_id='R1551608'
[property] values_resolved property_label='NLP task type' key='NLP task type' result_ids=['R1544148', 'R1544150', 'R1551608']
[property] 10-values_resolved property_label='NLP task type' key='NLP task type' result_ids=['R1544148', 'R1544150', 'R1551608']
[sep] ────────────────────────────────────────────────────────────
[property] start predicate_id='' property_label='NLP task input' key='NLP task input' mapping='III.1'
[selected_answers] answer answer='Document' resource_mapping_key='NLP task input'
[options_details] answer answer='Document' resource_mapping_key='NLP task input' answer_label_type_in_options_details='No type'
[property] answers property_label='NLP task input' key='NLP task input' answers=['Document']
[map] to_resource key='NLP task input' answer='Document' object_id='R1544153'
[property] values_resolved property_label='NLP task input' key='NLP task input' result_ids=['R1544153']
[property] 10-values_resolved property_label='NLP task input' key='NLP task input' result_ids=['R1544153']
[sep] ────────────────────────────────────────────────────────────
[sep] ──────────────────────────────────────────────────────────── SUBTEMPLATE NLP task output ────────────────────────────────────────────────────────────
[subtemplate] start label='NLP task output' class_id='C121007' subtemplate_id='R1544158'
[sep] ────────────────────────────────────────────────────────────
[property] start predicate_id='' property_label='NLP task output classification label' key='NLP task output classification label' mapping='III.3'
[options_details] answer answer='Semantic roles of a sentence (Agent, Action, Object)\r(see section 5.2 in the paper)' resource_mapping_key='NLP task output classification label' answer_label_type_in_options_details='No type'
[property] answers property_label='NLP task output classification label' key='NLP task output classification label' answers=['Semantic roles of a sentence']
[literal] created key='NLP task output classification label' answer='Semantic roles of a sentence' id='L3613511'
[property] values_resolved property_label='NLP task output classification label' key='NLP task output classification label' result_ids=['L3613511']
[property] 10-values_resolved property_label='NLP task output classification label' key='NLP task output classification label' result_ids=['L3613511']
[sep] ────────────────────────────────────────────────────────────
[property] start predicate_id='' property_label='NLP task output extracted element' key='NLP task output extracted element' mapping='III.5'
[options_details] answer answer='- Mandatory, optional, extension (product dimension)\r- Common, variant (element dimension)' resource_mapping_key='NLP task output extracted element' answer_label_type_in_options_details='No type'
[property] answers property_label='NLP task output extracted element' key='NLP task output extracted element' answers=['- Mandatory, optional, extension - Common, variant']
[literal] created key='NLP task output extracted element' answer='- Mandatory, optional, extension - Common, variant' id='L3613512'
[property] values_resolved property_label='NLP task output extracted element' key='NLP task output extracted element' result_ids=['L3613512']
[property] 10-values_resolved property_label='NLP task output extracted element' key='NLP task output extracted element' result_ids=['L3613512']
[sep] ────────────────────────────────────────────────────────────
[property] start predicate_id='' property_label='NLP task output translation mapping cardinality' key='NLP task output translation mapping cardinality' mapping='III.7'
[selected_answers] answer answer='Many to 1' resource_mapping_key='NLP task output translation mapping cardinality'
[selected_answers] answer answer='Other/Comments' resource_mapping_key='NLP task output translation mapping cardinality'
[selected_answers] answer answer="several products' requirements are mapped to a single core requirement" resource_mapping_key='NLP task output translation mapping cardinality'
[options_details] answer answer='Many to 1' resource_mapping_key='NLP task output translation mapping cardinality' answer_label_type_in_options_details='No type'
[options_details] answer answer='Other/Comments' resource_mapping_key='NLP task output translation mapping cardinality' answer_label_type_in_options_details='No type'
[options_details] answer answer="several products' requirements are mapped to a single core requirement" resource_mapping_key='NLP task output translation mapping cardinality' answer_label_type_in_options_details='Text'
[property] answers property_label='NLP task output translation mapping cardinality' key='NLP task output translation mapping cardinality' answers=['Many to 1', 'Other/Comments', "several products' requirements are mapped to a single core requirement"]
[map] to_resource key='NLP task output translation mapping cardinality' answer='Many to 1' object_id='R1544186'
[unmapped] other_value_skipped key='NLP task output translation mapping cardinality' answer='Other/Comments'
[unmapped] other_value_skipped_resource_should_not_be_created key='NLP task output translation mapping cardinality' answer='Other/Comments'
[unmapped] other_context_skipped key='NLP task output translation mapping cardinality' answer="several products' requirements are mapped to a single core requirement"
[resource] created label="several products' requirements are mapped to a single core requirement" class_id='C121009' id='R1551610'
[map] to_resource key='NLP task output translation mapping cardinality' answer="several products' requirements are mapped to a single core requirement" object_id='R1551610'
[property] values_resolved property_label='NLP task output translation mapping cardinality' key='NLP task output translation mapping cardinality' result_ids=['R1544186', 'R1551610']
[property] 10-values_resolved property_label='NLP task output translation mapping cardinality' key='NLP task output translation mapping cardinality' result_ids=['R1544186', 'R1551610']
[sep] ────────────────────────────────────────────────────────────
[property] start predicate_id='' property_label='NLP task output type' key='NLP task output type' mapping="['III.2', 'III.4', 'III.6', 'III.8', 'III.9']"
[selected_answers] answer answer='Multi class- Multi label' resource_mapping_key='NLP task output type'
[options_details] answer answer='Multi class- Multi label' resource_mapping_key='NLP task output type' answer_label_type_in_options_details='No type'
[selected_answers] answer answer='Phrases' resource_mapping_key='NLP task output type'
[selected_answers] answer answer='Words' resource_mapping_key='NLP task output type'
[options_details] answer answer='Phrases' resource_mapping_key='NLP task output type' answer_label_type_in_options_details='No type'
[options_details] answer answer='Words' resource_mapping_key='NLP task output type' answer_label_type_in_options_details='No type'
[selected_answers] answer answer='Text (e.g., from a diagram generate description)' resource_mapping_key='NLP task output type'
[selected_answers] answer answer='Other/Comments' resource_mapping_key='NLP task output type'
[selected_answers] answer answer='Core requirements that can be reused in a given domain/product line' resource_mapping_key='NLP task output type'
[options_details] answer answer='Text (e.g., from a diagram generate description)' resource_mapping_key='NLP task output type' answer_label_type_in_options_details='No type'
[options_details] answer answer='Other/Comments' resource_mapping_key='NLP task output type' answer_label_type_in_options_details='No type'
[options_details] answer answer='Core requirements that can be reused in a given domain/product line' resource_mapping_key='NLP task output type' answer_label_type_in_options_details='Text'
[options_details] answer answer="Core requirements - grouping/clustering similar products' requirements" resource_mapping_key='NLP task output type' answer_label_type_in_options_details='No type'
[property] answers property_label='NLP task output type' key='NLP task output type' answers=['Multi class- Multi label', 'Phrases', 'Words', 'Text', 'Other/Comments', 'Core requirements that can be reused in a given domain/product line', "Core requirements - grouping/clustering similar products' requirements"]
[map] to_resource key='NLP task output type' answer='Multi class- Multi label' object_id='R1544169'
[map] to_resource key='NLP task output type' answer='Phrases' object_id='R1544167'
[map] to_resource key='NLP task output type' answer='Words' object_id='R1544170'
[map] to_resource key='NLP task output type' answer='Text' object_id='R1544175'
[unmapped] other_value_skipped key='NLP task output type' answer='Other/Comments'
[unmapped] other_value_skipped_resource_should_not_be_created key='NLP task output type' answer='Other/Comments'
[unmapped] other_context_skipped key='NLP task output type' answer='Core requirements that can be reused in a given domain/product line'
[resource] created label='Core requirements that can be reused in a given domain/product line' class_id='C121008' id='R1551611'
[map] to_resource key='NLP task output type' answer='Core requirements that can be reused in a given domain/product line' object_id='R1551611'
[resource] created label="Core requirements - grouping/clustering similar products' requirements" class_id='C121008' id='R1551612'
[unmapped] categorical_created key='NLP task output type' answer="Core requirements - grouping/clustering similar products' requirements" id='R1551612'
[property] values_resolved property_label='NLP task output type' key='NLP task output type' result_ids=['R1544169', 'R1544167', 'R1544170', 'R1544175', 'R1551611', 'R1551612']
[property] 10-values_resolved property_label='NLP task output type' key='NLP task output type' result_ids=['R1544169', 'R1544167', 'R1544170', 'R1544175', 'R1551611', 'R1551612']
[subtemplate] end label='NLP task output' class_id='C121007' subtemplate_id='R1544158'
[sep] ────────────────────────────────────────────────────────────
[subtemplate] end label='NLP task' class_id='C121004' subtemplate_id='R1544138'
[sep] ────────────────────────────────────────────────────────────
[link] created s='R1551605' p='P181003' o='R1551607'
[sep] ──────────────────────────────────────────────────────────── PREDICATE P181011 ────────────────────────────────────────────────────────────
[section] predicate id='P181011' label='NLP dataset'
[sep] ──────────────────────────────────────────────────────────── SUBTEMPLATE NLP dataset ────────────────────────────────────────────────────────────
[subtemplate] start label='NLP dataset' class_id='C121010' subtemplate_id='R1544216'
[sep] ────────────────────────────────────────────────────────────
[property] start predicate_id='' property_label='NLP data item' key='NLP data item' mapping='IV.1'
[options_details] answer answer='The method feasibility analysis was evaluated on four cases (domains):\r1. Library systems - 4 systems,  266 requirements\r2. E-Shop applications - 5 systems, 122 requirements\r3. Photo sharing applications - 3 systems, 318 requirements\r4. Medical systems - 4 systems, 105 requirements\r \rMethod usefulness Experiment was evaluated on four software products of "Check-in/Check-out" domain:\r1. Library\r2. Hotel\r3. Car Rental\r4. Second Hand Book Shop\r \r10 requirements on average in each system (using about 40 requirements overall)' resource_mapping_key='NLP data item' answer_label_type_in_options_details='No type'
[property] answers property_label='NLP data item' key='NLP data item' answers=['The method feasibility analysis was evaluated on four cases : 1. Library systems - 4 systems, 266 requirements 2. E-Shop applications - 5 systems, 122 requirements 3. Photo sharing applications - 3 systems, 318 requirements 4. Medical systems - 4 systems, 105 requirements Method usefulness Experiment was evaluated on four software products of "Check-in/Check-out" domain: 1. Library 2. Hotel 3. Car Rental 4. Second Hand Book Shop 10 requirements on average in each system']
[literal] created key='NLP data item' answer='The method feasibility analysis was evaluated on four cases : 1. Library systems - 4 systems, 266 requirements 2. E-Shop applications - 5 systems, 122 requirements 3. Photo sharing applications - 3 systems, 318 requirements 4. Medical systems - 4 systems, 105 requirements Method usefulness Experiment was evaluated on four software products of "Check-in/Check-out" domain: 1. Library 2. Hotel 3. Car Rental 4. Second Hand Book Shop 10 requirements on average in each system' id='L3613513'
[property] values_resolved property_label='NLP data item' key='NLP data item' result_ids=['L3613513']
[property] 10-values_resolved property_label='NLP data item' key='NLP data item' result_ids=['L3613513']
[sep] ────────────────────────────────────────────────────────────
[property] start predicate_id='' property_label='NLP data production time' key='NLP data prodcution time' mapping='IV.2'
[options_details] answer answer='2008-2013' resource_mapping_key='NLP data prodcution time' answer_label_type_in_options_details='No type'
[property] answers property_label='NLP data production time' key='NLP data prodcution time' answers=['2008-2013']
[literal] created key='NLP data prodcution time' answer='2008-2013' id='L3613514'
[property] values_resolved property_label='NLP data production time' key='NLP data prodcution time' result_ids=['L3613514']
[property] 10-values_resolved property_label='NLP data production time' key='NLP data prodcution time' result_ids=['L3613514']
[sep] ────────────────────────────────────────────────────────────
[sep] ──────────────────────────────────────────────────────────── SUBTEMPLATE NLP data source ────────────────────────────────────────────────────────────
[subtemplate] start label='NLP data source' class_id='C121011' subtemplate_id='R1544223'
[sep] ────────────────────────────────────────────────────────────
[property] start predicate_id='' property_label='NLP data source type' key='NLP data source type' mapping='IV.3'
[selected_answers] answer answer='Community-based open source projects' resource_mapping_key='NLP data source type'
[selected_answers] answer answer='Student projects' resource_mapping_key='NLP data source type'
[options_details] answer answer='Community-based open source projects' resource_mapping_key='NLP data source type' answer_label_type_in_options_details='No type'
[options_details] answer answer='Student projects' resource_mapping_key='NLP data source type' answer_label_type_in_options_details='No type'
[property] answers property_label='NLP data source type' key='NLP data source type' answers=['Community-based open source projects', 'Student projects']
[map] to_resource key='NLP data source type' answer='Community-based open source projects' object_id='R1544225'
[map] to_resource key='NLP data source type' answer='Student projects' object_id='R1544231'
[property] values_resolved property_label='NLP data source type' key='NLP data source type' result_ids=['R1544225', 'R1544231']
[property] 10-values_resolved property_label='NLP data source type' key='NLP data source type' result_ids=['R1544225', 'R1544231']
[sep] ────────────────────────────────────────────────────────────
[property] start predicate_id='' property_label='Number of data sources' key='Number of data sources' mapping='IV.9'
[options_details] answer answer='5' resource_mapping_key='Number of data sources' answer_label_type_in_options_details='No type'
[property] answers property_label='Number of data sources' key='Number of data sources' answers=['5']
[Integer literal] fallback_to_text key='Number of data sources' answer='5'
[literal] created key='Number of data sources' answer='5' id='L3613515'
[property] values_resolved property_label='Number of data sources' key='Number of data sources' result_ids=['L3613515']
[property] 10-values_resolved property_label='Number of data sources' key='Number of data sources' result_ids=['L3613515']
[sep] ────────────────────────────────────────────────────────────
[property] start predicate_id='' property_label='NLP data source domain' key='NLP data source domain' mapping='IV.8'
[options_details] answer answer='Library systems, E-Shop applications, Photo sharing applications, Medical systems, CICO (Check In/Check Out) systems' resource_mapping_key='NLP data source domain' answer_label_type_in_options_details='No type'
[property] answers property_label='NLP data source domain' key='NLP data source domain' answers=['Library systems', 'E-Shop applications', 'Photo sharing applications', 'Medical systems', 'CICO systems']
[resource] created label='Library systems' class_id='C121053' id='R1551615'
[unmapped] categorical_created key='NLP data source domain' answer='Library systems' id='R1551615'
[resource] created label='E-Shop applications' class_id='C121053' id='R1551616'
[unmapped] categorical_created key='NLP data source domain' answer='E-Shop applications' id='R1551616'
[resource] created label='Photo sharing applications' class_id='C121053' id='R1551617'
[unmapped] categorical_created key='NLP data source domain' answer='Photo sharing applications' id='R1551617'
[resource] created label='Medical systems' class_id='C121053' id='R1551618'
[unmapped] categorical_created key='NLP data source domain' answer='Medical systems' id='R1551618'
[resource] created label='CICO systems' class_id='C121053' id='R1551619'
[unmapped] categorical_created key='NLP data source domain' answer='CICO systems' id='R1551619'
[property] values_resolved property_label='NLP data source domain' key='NLP data source domain' result_ids=['R1551615', 'R1551616', 'R1551617', 'R1551618', 'R1551619']
[property] 10-values_resolved property_label='NLP data source domain' key='NLP data source domain' result_ids=['R1551615', 'R1551616', 'R1551617', 'R1551618', 'R1551619']
[subtemplate] end label='NLP data source' class_id='C121011' subtemplate_id='R1544223'
[sep] ────────────────────────────────────────────────────────────
[sep] ────────────────────────────────────────────────────────────
[property] start predicate_id='' property_label='NLP data abstraction level' key='NLP data abstraction level' mapping='IV.4'
[selected_answers] answer answer='Normative-level' resource_mapping_key='NLP data abstraction level'
[selected_answers] answer answer='System-level' resource_mapping_key='NLP data abstraction level'
[options_details] answer answer='Normative-level' resource_mapping_key='NLP data abstraction level' answer_label_type_in_options_details='No type'
[options_details] answer answer='System-level' resource_mapping_key='NLP data abstraction level' answer_label_type_in_options_details='No type'
[property] answers property_label='NLP data abstraction level' key='NLP data abstraction level' answers=['Normative-level', 'System-level']
[map] to_resource key='NLP data abstraction level' answer='Normative-level' object_id='R1544239'
[map] to_resource key='NLP data abstraction level' answer='System-level' object_id='R1544241'
[property] values_resolved property_label='NLP data abstraction level' key='NLP data abstraction level' result_ids=['R1544239', 'R1544241']
[property] 10-values_resolved property_label='NLP data abstraction level' key='NLP data abstraction level' result_ids=['R1544239', 'R1544241']
[sep] ────────────────────────────────────────────────────────────
[sep] ──────────────────────────────────────────────────────────── SUBTEMPLATE NLP data type ────────────────────────────────────────────────────────────
[subtemplate] start label='NLP data type' class_id='C121015' subtemplate_id='R1544245'
[sep] ────────────────────────────────────────────────────────────
[property] start predicate_id='' property_label='NLP data format' key='NLP data format' mapping='IV.5'
[selected_answers] answer answer='"Shall" requirements' resource_mapping_key='NLP data format'
[selected_answers] answer answer='User stories' resource_mapping_key='NLP data format'
[options_details] answer answer='"Shall" requirements' resource_mapping_key='NLP data format' answer_label_type_in_options_details='No type'
[options_details] answer answer='User stories' resource_mapping_key='NLP data format' answer_label_type_in_options_details='No type'
[property] answers property_label='NLP data format' key='NLP data format' answers=['"Shall" requirements', 'User stories']
[map] to_resource key='NLP data format' answer='"Shall" requirements' object_id='R1544249'
[map] to_resource key='NLP data format' answer='User stories' object_id='R1544248'
[property] values_resolved property_label='NLP data format' key='NLP data format' result_ids=['R1544249', 'R1544248']
[property] 10-values_resolved property_label='NLP data format' key='NLP data format' result_ids=['R1544249', 'R1544248']
[sep] ────────────────────────────────────────────────────────────
[property] start predicate_id='' property_label='Rigor of data format' key='Rigor of data format' mapping='IV.6'
[selected_answers] answer answer='Unconstrained natural language' resource_mapping_key='Rigor of data format'
[options_details] answer answer='Unconstrained natural language' resource_mapping_key='Rigor of data format' answer_label_type_in_options_details='No type'
[property] answers property_label='Rigor of data format' key='Rigor of data format' answers=['Unconstrained natural language']
[map] to_resource key='Rigor of data format' answer='Unconstrained natural language' object_id='R1544258'
[property] values_resolved property_label='Rigor of data format' key='Rigor of data format' result_ids=['R1544258']
[property] 10-values_resolved property_label='Rigor of data format' key='Rigor of data format' result_ids=['R1544258']
[sep] ────────────────────────────────────────────────────────────
[property] start predicate_id='' property_label='Natural language' key='Natural language' mapping='IV.7'
[options_details] answer answer='English' resource_mapping_key='Natural language' answer_label_type_in_options_details='No type'
[property] answers property_label='Natural language' key='Natural language' answers=['English']
[literal] created key='Natural language' answer='English' id='L3613516'
[property] values_resolved property_label='Natural language' key='Natural language' result_ids=['L3613516']
[property] 10-values_resolved property_label='Natural language' key='Natural language' result_ids=['L3613516']
[subtemplate] end label='NLP data type' class_id='C121015' subtemplate_id='R1544245'
[sep] ────────────────────────────────────────────────────────────
[sep] ────────────────────────────────────────────────────────────
[sep] ──────────────────────────────────────────────────────────── SUBTEMPLATE License ────────────────────────────────────────────────────────────
[subtemplate] start label='License' class_id='C121018' subtemplate_id='R1544265'
[sep] ────────────────────────────────────────────────────────────
[property] start predicate_id='' property_label='Public availability' key='Public availability' mapping='IV.10'
[selected_answers] answer answer='Fully' resource_mapping_key='Public availability'
[options_details] answer answer='Fully' resource_mapping_key='Public availability' answer_label_type_in_options_details='No type'
[property] answers property_label='Public availability' key='Public availability' answers=['Fully']
[map] to_resource key='Public availability' answer='Fully' object_id='R1544267'
[property] values_resolved property_label='Public availability' key='Public availability' result_ids=['R1544267']
[property] 10-values_resolved property_label='Public availability' key='Public availability' result_ids=['R1544267']
[sep] ────────────────────────────────────────────────────────────
[property] start predicate_id='' property_label='License type' key='License type' mapping='IV.11'
[selected_answers] answer answer='No license' resource_mapping_key='License type'
[options_details] answer answer='No license' resource_mapping_key='License type' answer_label_type_in_options_details='No type'
[property] answers property_label='License type' key='License type' answers=['No license']
[map] to_resource key='License type' answer='No license' object_id='R1544274'
[property] values_resolved property_label='License type' key='License type' result_ids=['R1544274']
[property] 10-values_resolved property_label='License type' key='License type' result_ids=['R1544274']
[subtemplate] end label='License' class_id='C121018' subtemplate_id='R1544265'
[sep] ────────────────────────────────────────────────────────────
[sep] ────────────────────────────────────────────────────────────
[sep] ──────────────────────────────────────────────────────────── SUBTEMPLATE Dataset location ────────────────────────────────────────────────────────────
[subtemplate] start label='Dataset location' class_id='C121022' subtemplate_id='R1544278'
[sep] ────────────────────────────────────────────────────────────
[property] start predicate_id='' property_label='Location type' key='Dataset location type' mapping='IV.12'
[selected_answers] answer answer='On a private/corporate website' resource_mapping_key='Dataset location type'
[options_details] answer answer='On a private/corporate website' resource_mapping_key='Dataset location type' answer_label_type_in_options_details='No type'
[property] answers property_label='Location type' key='Dataset location type' answers=['On a private/corporate website']
[map] to_resource key='Dataset location type' answer='On a private/corporate website' object_id='R1544280'
[property] values_resolved property_label='Location type' key='Dataset location type' result_ids=['R1544280']
[property] 10-values_resolved property_label='Location type' key='Dataset location type' result_ids=['R1544280']
[sep] ────────────────────────────────────────────────────────────
[property] start predicate_id='' property_label='URL' key='url' mapping='IV.13'
[options_details] answer answer='https://sites.google.com/is.haifa.ac.il/corereq/tool-data/generated-outputs, http://is.haifa.ac.il/~iris/research/CoreReq/exp.zip' resource_mapping_key='url' answer_label_type_in_options_details='No type'
[property] answers property_label='URL' key='url' answers=['https://sites.google.com/is.haifa.ac.il/corereq/tool-data/generated-outputs', 'http://is.haifa.ac.il/~iris/research/CoreReq/exp.zip']
[literal] created key='url' answer='https://sites.google.com/is.haifa.ac.il/corereq/tool-data/generated-outputs' id='L3613517'
[literal] created key='url' answer='http://is.haifa.ac.il/~iris/research/CoreReq/exp.zip' id='L3613518'
[property] values_resolved property_label='URL' key='url' result_ids=['L3613517', 'L3613518']
[property] 10-values_resolved property_label='URL' key='url' result_ids=['L3613517', 'L3613518']
[subtemplate] end label='Dataset location' class_id='C121022' subtemplate_id='R1544278'
[sep] ────────────────────────────────────────────────────────────
[subtemplate] end label='NLP dataset' class_id='C121010' subtemplate_id='R1544216'
[sep] ────────────────────────────────────────────────────────────
[link] created s='R1551605' p='P181011' o='R1551613'
[sep] ──────────────────────────────────────────────────────────── PREDICATE P181031 ────────────────────────────────────────────────────────────
[section] predicate id='P181031' label='Annotation process'
[sep] ──────────────────────────────────────────────────────────── SUBTEMPLATE Annotation process ────────────────────────────────────────────────────────────
[subtemplate] start label='Annotation process' class_id='C121025' subtemplate_id='R1544287'
[sep] ────────────────────────────────────────────────────────────
[sep] ──────────────────────────────────────────────────────────── SUBTEMPLATE Annotator ────────────────────────────────────────────────────────────
[subtemplate] start label='Annotator' class_id='C121026' subtemplate_id='R1544290'
[sep] ────────────────────────────────────────────────────────────
[property] start predicate_id='' property_label='Number of annotators' key='Number of annotators' mapping='V.1'
[property] no_answers property_label='Number of annotators'
[sep] ────────────────────────────────────────────────────────────
[property] start predicate_id='' property_label='Annotator assignment' key='Annotator assignment' mapping='V.2'
[property] no_answers property_label='Annotator assignment'
[sep] ────────────────────────────────────────────────────────────
[property] start predicate_id='' property_label='Level of application domain experience' key='Level of application domain experience' mapping='V.3'
[property] no_answers property_label='Level of application domain experience'
[sep] ────────────────────────────────────────────────────────────
[property] start predicate_id='' property_label='Annotator identity' key='Annotator identity' mapping='V.4'
[property] no_answers property_label='Annotator identity'
[subtemplate] end label='Annotator' class_id='C121026' subtemplate_id='R1544290'
[sep] ────────────────────────────────────────────────────────────
[sep] ────────────────────────────────────────────────────────────
[sep] ──────────────────────────────────────────────────────────── SUBTEMPLATE Annotation scheme ────────────────────────────────────────────────────────────
[subtemplate] start label='Annotation scheme' class_id='C121030' subtemplate_id='R1544307'
[sep] ────────────────────────────────────────────────────────────
[property] start predicate_id='' property_label='Scheme establishment' key='Scheme establishement' mapping='V.5'
[property] no_answers property_label='Scheme establishment'
[sep] ────────────────────────────────────────────────────────────
[property] start predicate_id='' property_label='Guideline availability' key='Guideline availability' mapping='V.6'
[property] no_answers property_label='Guideline availability'
[subtemplate] end label='Annotation scheme' class_id='C121030' subtemplate_id='R1544307'
[sep] ────────────────────────────────────────────────────────────
[sep] ────────────────────────────────────────────────────────────
[property] start predicate_id='' property_label='Shared material' key='Shared material' mapping='V.7'
[property] no_answers property_label='Shared material'
[sep] ────────────────────────────────────────────────────────────
[property] start predicate_id='' property_label='Fatigue mitigation technique' key='Fatigue mitigation technique' mapping='V.8'
[property] no_answers property_label='Fatigue mitigation technique'
[sep] ────────────────────────────────────────────────────────────
[sep] ──────────────────────────────────────────────────────────── SUBTEMPLATE Annotator agreement ────────────────────────────────────────────────────────────
[subtemplate] start label='Annotator agreement' class_id='C121035' subtemplate_id='R1544326'
[sep] ────────────────────────────────────────────────────────────
[property] start predicate_id='' property_label='Intercoder reliability metric' key='Intercoder reliability metric' mapping='V.9'
[property] no_answers property_label='Intercoder reliability metric'
[sep] ────────────────────────────────────────────────────────────
[property] start predicate_id='' property_label='Conflict resolution' key='Conflict resolution' mapping='V.10'
[property] no_answers property_label='Conflict resolution'
[sep] ────────────────────────────────────────────────────────────
[property] start predicate_id='' property_label='Measured agreement' key='Measured agreement' mapping='V.11'
[property] no_answers property_label='Measured agreement'
[literal] created key='Measured agreement' answer='Not reported' id='L3613519'
[subtemplate] end label='Annotator agreement' class_id='C121035' subtemplate_id='R1544326'
[sep] ────────────────────────────────────────────────────────────
[subtemplate] end label='Annotation process' class_id='C121025' subtemplate_id='R1544287'
[sep] ────────────────────────────────────────────────────────────
[link] created s='R1551605' p='P181031' o='R1551623'
[sep] ──────────────────────────────────────────────────────────── PREDICATE P181046 ────────────────────────────────────────────────────────────
[section] predicate id='P181046' label='Implemented approach'
[sep] ──────────────────────────────────────────────────────────── SUBTEMPLATE Implemented approach ────────────────────────────────────────────────────────────
[subtemplate] start label='Implemented approach' class_id='C121038' subtemplate_id='R1544363'
[sep] ────────────────────────────────────────────────────────────
[property] start predicate_id='' property_label='Approach type' key='Approach type' mapping='VI.1'
[selected_answers] answer answer='Rule-based' resource_mapping_key='Approach type'
[options_details] answer answer='Rule-based' resource_mapping_key='Approach type' answer_label_type_in_options_details='No type'
[property] answers property_label='Approach type' key='Approach type' answers=['Rule-based']
[map] to_resource key='Approach type' answer='Rule-based' object_id='R1544366'
[property] values_resolved property_label='Approach type' key='Approach type' result_ids=['R1544366']
[property] 10-values_resolved property_label='Approach type' key='Approach type' result_ids=['R1544366']
[sep] ────────────────────────────────────────────────────────────
[property] start predicate_id='' property_label='Algorithm used' key='Algorithm used' mapping='VI.2'
[options_details] answer answer='SEMILAR, WS4 J, hierarchical agglomerative clustering algorithm, Semantic role labeler (based on LTH and OpenNLP), coreference resolution (based on StanfordNLP).' resource_mapping_key='Algorithm used' answer_label_type_in_options_details='No type'
[property] answers property_label='Algorithm used' key='Algorithm used' answers=['SEMILAR', 'WS4 J', 'hierarchical agglomerative clustering algorithm', 'Semantic role labeler', 'coreference resolution .']
[resource] created label='SEMILAR' class_id='C121040' id='R1551628'
[unmapped] categorical_created key='Algorithm used' answer='SEMILAR' id='R1551628'
[resource] created label='WS4 J' class_id='C121040' id='R1551629'
[unmapped] categorical_created key='Algorithm used' answer='WS4 J' id='R1551629'
[resource] created label='hierarchical agglomerative clustering algorithm' class_id='C121040' id='R1551630'
[unmapped] categorical_created key='Algorithm used' answer='hierarchical agglomerative clustering algorithm' id='R1551630'
[resource] created label='Semantic role labeler' class_id='C121040' id='R1551631'
[unmapped] categorical_created key='Algorithm used' answer='Semantic role labeler' id='R1551631'
[resource] created label='coreference resolution .' class_id='C121040' id='R1551632'
[unmapped] categorical_created key='Algorithm used' answer='coreference resolution .' id='R1551632'
[property] values_resolved property_label='Algorithm used' key='Algorithm used' result_ids=['R1551628', 'R1551629', 'R1551630', 'R1551631', 'R1551632']
[property] 10-values_resolved property_label='Algorithm used' key='Algorithm used' result_ids=['R1551628', 'R1551629', 'R1551630', 'R1551631', 'R1551632']
[sep] ────────────────────────────────────────────────────────────
[property] start predicate_id='' property_label='Running requirements' key='Running requirements' mapping='VI.4'
[selected_answers] answer answer='No installation is needed' resource_mapping_key='Running requirements'
[options_details] answer answer='No installation is needed' resource_mapping_key='Running requirements' answer_label_type_in_options_details='No type'
[property] answers property_label='Running requirements' key='Running requirements' answers=['No installation is needed']
[map] to_resource key='Running requirements' answer='No installation is needed' object_id='R1544379'
[property] values_resolved property_label='Running requirements' key='Running requirements' result_ids=['R1544379']
[property] 10-values_resolved property_label='Running requirements' key='Running requirements' result_ids=['R1544379']
[sep] ────────────────────────────────────────────────────────────
[property] start predicate_id='' property_label='Documentation' key='Documentation' mapping='VI.5'
[selected_answers] answer answer='README file' resource_mapping_key='Documentation'
[options_details] answer answer='README file' resource_mapping_key='Documentation' answer_label_type_in_options_details='No type'
[property] answers property_label='Documentation' key='Documentation' answers=['README file']
[map] to_resource key='Documentation' answer='README file' object_id='R1544390'
[property] values_resolved property_label='Documentation' key='Documentation' result_ids=['R1544390']
[property] 10-values_resolved property_label='Documentation' key='Documentation' result_ids=['R1544390']
[sep] ────────────────────────────────────────────────────────────
[property] start predicate_id='' property_label='Dependency' key='Dependency' mapping='VI.6'
[selected_answers] answer answer='Open source libraries / software' resource_mapping_key='Dependency'
[options_details] answer answer='Open source libraries / software' resource_mapping_key='Dependency' answer_label_type_in_options_details='No type'
[property] answers property_label='Dependency' key='Dependency' answers=['Open source libraries / software']
[map] to_resource key='Dependency' answer='Open source libraries / software' object_id='R1544394'
[property] values_resolved property_label='Dependency' key='Dependency' result_ids=['R1544394']
[property] 10-values_resolved property_label='Dependency' key='Dependency' result_ids=['R1544394']
[sep] ────────────────────────────────────────────────────────────
[property] start predicate_id='' property_label='License type' key='License type' mapping='VI.8'
[selected_answers] answer answer='Other/Comments' resource_mapping_key='License type'
[selected_answers] answer answer='Prototype only' resource_mapping_key='License type'
[options_details] answer answer='Other/Comments' resource_mapping_key='License type' answer_label_type_in_options_details='No type'
[options_details] answer answer='Prototype only' resource_mapping_key='License type' answer_label_type_in_options_details='Text'
[property] answers property_label='License type' key='License type' answers=['Other/Comments', 'Prototype only']
[unmapped] other_value_skipped key='License type' answer='Other/Comments'
[unmapped] other_value_skipped_resource_should_not_be_created key='License type' answer='Other/Comments'
[unmapped] other_context_skipped key='License type' answer='Prototype only'
[resource] created label='Prototype only' class_id='C121020' id='R1551633'
[map] to_resource key='License type' answer='Prototype only' object_id='R1551633'
[property] values_resolved property_label='License type' key='License type' result_ids=['R1551633']
[property] 10-values_resolved property_label='License type' key='License type' result_ids=['R1551633']
[sep] ────────────────────────────────────────────────────────────
[sep] ──────────────────────────────────────────────────────────── SUBTEMPLATE Release ────────────────────────────────────────────────────────────
[subtemplate] start label='Release' class_id='C121044' subtemplate_id='R1544401'
[sep] ────────────────────────────────────────────────────────────
[property] start predicate_id='' property_label='Release format' key='Release format' mapping='VI.3'
[selected_answers] answer answer='Tool (e.g., a binary file) -- standalone' resource_mapping_key='Release format'
[selected_answers] answer answer='Other/Comments' resource_mapping_key='Release format'
[selected_answers] answer answer='Prototype only' resource_mapping_key='Release format'
[options_details] answer answer='Tool (e.g., a binary file) -- standalone' resource_mapping_key='Release format' answer_label_type_in_options_details='No type'
[options_details] answer answer='Other/Comments' resource_mapping_key='Release format' answer_label_type_in_options_details='No type'
[options_details] answer answer='Prototype only' resource_mapping_key='Release format' answer_label_type_in_options_details='Text'
[property] answers property_label='Release format' key='Release format' answers=['Tool -- standalone', 'Other/Comments', 'Prototype only']
[resource] created label='Tool -- standalone' class_id='C121046' id='R1551635'
[unmapped] categorical_created key='Release format' answer='Tool -- standalone' id='R1551635'
[unmapped] other_value_skipped key='Release format' answer='Other/Comments'
[unmapped] other_value_skipped_resource_should_not_be_created key='Release format' answer='Other/Comments'
[unmapped] other_context_skipped key='Release format' answer='Prototype only'
[resource] created label='Prototype only' class_id='C121046' id='R1551636'
[map] to_resource key='Release format' answer='Prototype only' object_id='R1551636'
[property] values_resolved property_label='Release format' key='Release format' result_ids=['R1551635', 'R1551636']
[property] 10-values_resolved property_label='Release format' key='Release format' result_ids=['R1551635', 'R1551636']
[sep] ────────────────────────────────────────────────────────────
[property] start predicate_id='' property_label='Location type' key='Tool location type' mapping='VI.7'
[property] no_answers property_label='Location type'
[sep] ────────────────────────────────────────────────────────────
[property] start predicate_id='' property_label='URL' key='url' mapping='VI.9'
[property] no_answers property_label='URL'
[subtemplate] end label='Release' class_id='C121044' subtemplate_id='R1544401'
[sep] ────────────────────────────────────────────────────────────
[subtemplate] end label='Implemented approach' class_id='C121038' subtemplate_id='R1544363'
[sep] ────────────────────────────────────────────────────────────
[link] created s='R1551605' p='P181046' o='R1551627'
[sep] ──────────────────────────────────────────────────────────── PREDICATE HAS_EVALUATION ────────────────────────────────────────────────────────────
[section] predicate id='HAS_EVALUATION' label='Evaluation'
[sep] ──────────────────────────────────────────────────────────── SUBTEMPLATE Evaluation ────────────────────────────────────────────────────────────
[subtemplate] start label='Evaluation' class_id='C121047' subtemplate_id='R1544421'
[sep] ────────────────────────────────────────────────────────────
[property] start predicate_id='' property_label='Evaluation metric' key='Evaluation metric' mapping='VII.1'
[selected_answers] answer answer='Precision/Recall' resource_mapping_key='Evaluation metric'
[selected_answers] answer answer='F-Score' resource_mapping_key='Evaluation metric'
[options_details] answer answer='Precision/Recall' resource_mapping_key='Evaluation metric' answer_label_type_in_options_details='No type'
[options_details] answer answer='F-Score' resource_mapping_key='Evaluation metric' answer_label_type_in_options_details='No type'
[property] answers property_label='Evaluation metric' key='Evaluation metric' answers=['Precision/Recall', 'F-Score']
[map] to_resource key='Evaluation metric' answer='Precision/Recall' object_id='R1544436'
[map] to_resource key='Evaluation metric' answer='F-Score' object_id='R1544442'
[property] values_resolved property_label='Evaluation metric' key='Evaluation metric' result_ids=['R1544436', 'R1544442']
[property] 10-values_resolved property_label='Evaluation metric' key='Evaluation metric' result_ids=['R1544436', 'R1544442']
[sep] ────────────────────────────────────────────────────────────
[property] start predicate_id='' property_label='Validation procedure' key='Validation procedure' mapping='VII.2'
[selected_answers] answer answer='Entire dataset' resource_mapping_key='Validation procedure'
[options_details] answer answer='Entire dataset' resource_mapping_key='Validation procedure' answer_label_type_in_options_details='No type'
[property] answers property_label='Validation procedure' key='Validation procedure' answers=['Entire dataset']
[map] to_resource key='Validation procedure' answer='Entire dataset' object_id='R1544446'
[property] values_resolved property_label='Validation procedure' key='Validation procedure' result_ids=['R1544446']
[property] 10-values_resolved property_label='Validation procedure' key='Validation procedure' result_ids=['R1544446']
[sep] ────────────────────────────────────────────────────────────
[sep] ──────────────────────────────────────────────────────────── SUBTEMPLATE Baseline comparison ────────────────────────────────────────────────────────────
[subtemplate] start label='Baseline comparison' class_id='C121050' subtemplate_id='R1544450'
[sep] ────────────────────────────────────────────────────────────
[property] start predicate_id='' property_label='Baseline comparison type' key='Baseline comparison type' mapping='VII.3'
[selected_answers] answer answer='Human baseline' resource_mapping_key='Baseline comparison type'
[options_details] answer answer='Human baseline' resource_mapping_key='Baseline comparison type' answer_label_type_in_options_details='No type'
[property] answers property_label='Baseline comparison type' key='Baseline comparison type' answers=['Human baseline']
[map] to_resource key='Baseline comparison type' answer='Human baseline' object_id='R1544452'
[property] values_resolved property_label='Baseline comparison type' key='Baseline comparison type' result_ids=['R1544452']
[property] 10-values_resolved property_label='Baseline comparison type' key='Baseline comparison type' result_ids=['R1544452']
[sep] ────────────────────────────────────────────────────────────
[property] start predicate_id='' property_label='Baseline comparison details' key='Baseline comparison details' mapping='VII.4'
[options_details] answer answer='Predefined index proposed by human experts' resource_mapping_key='Baseline comparison details' answer_label_type_in_options_details='No type'
[property] answers property_label='Baseline comparison details' key='Baseline comparison details' answers=['Predefined index proposed by human experts']
[literal] created key='Baseline comparison details' answer='Predefined index proposed by human experts' id='L3613520'
[property] values_resolved property_label='Baseline comparison details' key='Baseline comparison details' result_ids=['L3613520']
[property] 10-values_resolved property_label='Baseline comparison details' key='Baseline comparison details' result_ids=['L3613520']
[subtemplate] end label='Baseline comparison' class_id='C121050' subtemplate_id='R1544450'
[sep] ────────────────────────────────────────────────────────────
[subtemplate] end label='Evaluation' class_id='C121047' subtemplate_id='R1544421'
[sep] ────────────────────────────────────────────────────────────
[link] created s='R1551605' p='HAS_EVALUATION' o='R1551637'
