[run] start run_id='4867a5d3'
[connect] ok host='https://orkg.org'
[json] loaded path='/Users/amirrezaalasti/Desktop/TIB/nlp4re/pdf_files/CleanedExternalValidation/SallamAbualhaija-etal-EMSE19.json'
[run] instance run_id='4867a5d3' instance_id='R1550981'
[sep] ──────────────────────────────────────────────────────────── PREDICATE P181002 ────────────────────────────────────────────────────────────
[section] predicate id='P181002' label='RE task'
[property] start predicate_id='' property_label='RE task' key='RE task' mapping='I.1'
[selected_answers] answer answer='Requirements retrieval' resource_mapping_key='RE task'
[options_details] answer answer='Requirements retrieval' resource_mapping_key='RE task' answer_label_type_in_options_details='No type'
[property] answers property_label='RE task' key='RE task' answers=['Requirements retrieval']
[map] to_resource key='RE task' answer='Requirements retrieval' object_id='R1544135'
[property] values_resolved property_label='RE task' key='RE task' result_ids=['R1544135']
[link] created s='R1550981' p='P181002' o='R1544135'
[sep] ──────────────────────────────────────────────────────────── PREDICATE P181003 ────────────────────────────────────────────────────────────
[section] predicate id='P181003' label='NLP task'
[sep] ──────────────────────────────────────────────────────────── SUBTEMPLATE NLP task ────────────────────────────────────────────────────────────
[subtemplate] start label='NLP task' class_id='C121004' subtemplate_id='R1544138'
[sep] ────────────────────────────────────────────────────────────
[property] start predicate_id='' property_label='NLP task type' key='NLP task type' mapping='II.1'
[selected_answers] answer answer='Requirements classification' resource_mapping_key='NLP task type'
[options_details] answer answer='Requirements classification' resource_mapping_key='NLP task type' answer_label_type_in_options_details='No type'
[property] answers property_label='NLP task type' key='NLP task type' answers=['Requirements classification']
[resource] created label='Requirements classification' class_id='C121005' id='R1550983'
[unmapped] categorical_created key='NLP task type' answer='Requirements classification' id='R1550983'
[property] values_resolved property_label='NLP task type' key='NLP task type' result_ids=['R1550983']
[property] 10-values_resolved property_label='NLP task type' key='NLP task type' result_ids=['R1550983']
[sep] ────────────────────────────────────────────────────────────
[property] start predicate_id='' property_label='NLP task input' key='NLP task input' mapping='III.1'
[selected_answers] answer answer='Sentences' resource_mapping_key='NLP task input'
[options_details] answer answer='Sentences' resource_mapping_key='NLP task input' answer_label_type_in_options_details='No type'
[property] answers property_label='NLP task input' key='NLP task input' answers=['Sentences']
[map] to_resource key='NLP task input' answer='Sentences' object_id='R1544152'
[property] values_resolved property_label='NLP task input' key='NLP task input' result_ids=['R1544152']
[property] 10-values_resolved property_label='NLP task input' key='NLP task input' result_ids=['R1544152']
[sep] ────────────────────────────────────────────────────────────
[sep] ──────────────────────────────────────────────────────────── SUBTEMPLATE NLP task output ────────────────────────────────────────────────────────────
[subtemplate] start label='NLP task output' class_id='C121007' subtemplate_id='R1544158'
[sep] ────────────────────────────────────────────────────────────
[property] start predicate_id='' property_label='NLP task output classification label' key='NLP task output classification label' mapping='III.3'
[options_details] answer answer='Requirement and Non-requirement.' resource_mapping_key='NLP task output classification label' answer_label_type_in_options_details='No type'
[property] answers property_label='NLP task output classification label' key='NLP task output classification label' answers=['Requirement and Non-requirement.']
[literal] created key='NLP task output classification label' answer='Requirement and Non-requirement.' id='L3613166'
[property] values_resolved property_label='NLP task output classification label' key='NLP task output classification label' result_ids=['L3613166']
[property] 10-values_resolved property_label='NLP task output classification label' key='NLP task output classification label' result_ids=['L3613166']
[sep] ────────────────────────────────────────────────────────────
[property] start predicate_id='' property_label='NLP task output extracted element' key='NLP task output extracted element' mapping='III.5'
[property] no_answers property_label='NLP task output extracted element'
[literal] created key='NLP task output extracted element' answer='Not reported' id='L3613167'
[sep] ────────────────────────────────────────────────────────────
[property] start predicate_id='' property_label='NLP task output translation mapping cardinality' key='NLP task output translation mapping cardinality' mapping='III.7'
[property] no_answers property_label='NLP task output translation mapping cardinality'
[sep] ────────────────────────────────────────────────────────────
[property] start predicate_id='' property_label='NLP task output type' key='NLP task output type' mapping="['III.2', 'III.4', 'III.6', 'III.8', 'III.9']"
[selected_answers] answer answer='Binary-single label' resource_mapping_key='NLP task output type'
[options_details] answer answer='Binary-single label' resource_mapping_key='NLP task output type' answer_label_type_in_options_details='No type'
[property] answers property_label='NLP task output type' key='NLP task output type' answers=['Binary-single label']
[map] to_resource key='NLP task output type' answer='Binary-single label' object_id='R1544161'
[property] values_resolved property_label='NLP task output type' key='NLP task output type' result_ids=['R1544161']
[property] 10-values_resolved property_label='NLP task output type' key='NLP task output type' result_ids=['R1544161']
[subtemplate] end label='NLP task output' class_id='C121007' subtemplate_id='R1544158'
[sep] ────────────────────────────────────────────────────────────
[subtemplate] end label='NLP task' class_id='C121004' subtemplate_id='R1544138'
[sep] ────────────────────────────────────────────────────────────
[link] created s='R1550981' p='P181003' o='R1550982'
[sep] ──────────────────────────────────────────────────────────── PREDICATE P181011 ────────────────────────────────────────────────────────────
[section] predicate id='P181011' label='NLP dataset'
[sep] ──────────────────────────────────────────────────────────── SUBTEMPLATE NLP dataset ────────────────────────────────────────────────────────────
[subtemplate] start label='NLP dataset' class_id='C121010' subtemplate_id='R1544216'
[sep] ────────────────────────────────────────────────────────────
[property] start predicate_id='' property_label='NLP data item' key='NLP data item' mapping='IV.1'
[options_details] answer answer='18306' resource_mapping_key='NLP data item' answer_label_type_in_options_details='No type'
[property] answers property_label='NLP data item' key='NLP data item' answers=['18306']
[literal] created key='NLP data item' answer='18306' id='L3613168'
[property] values_resolved property_label='NLP data item' key='NLP data item' result_ids=['L3613168']
[property] 10-values_resolved property_label='NLP data item' key='NLP data item' result_ids=['L3613168']
[sep] ────────────────────────────────────────────────────────────
[property] start predicate_id='' property_label='NLP data production time' key='NLP data prodcution time' mapping='IV.2'
[property] no_answers property_label='NLP data production time'
[literal] created key='NLP data prodcution time' answer='Not reported' id='L3613169'
[sep] ────────────────────────────────────────────────────────────
[sep] ──────────────────────────────────────────────────────────── SUBTEMPLATE NLP data source ────────────────────────────────────────────────────────────
[subtemplate] start label='NLP data source' class_id='C121011' subtemplate_id='R1544223'
[sep] ────────────────────────────────────────────────────────────
[property] start predicate_id='' property_label='NLP data source type' key='NLP data source type' mapping='IV.3'
[selected_answers] answer answer='Industrial project, proprietary data' resource_mapping_key='NLP data source type'
[selected_answers] answer answer='Industrial project, publicly available data' resource_mapping_key='NLP data source type'
[options_details] answer answer='Industrial project, proprietary data' resource_mapping_key='NLP data source type' answer_label_type_in_options_details='No type'
[options_details] answer answer='Industrial project, publicly available data' resource_mapping_key='NLP data source type' answer_label_type_in_options_details='No type'
[property] answers property_label='NLP data source type' key='NLP data source type' answers=['Industrial project, proprietary data', 'Industrial project, publicly available data']
[map] to_resource key='NLP data source type' answer='Industrial project, proprietary data' object_id='R1544228'
[map] to_resource key='NLP data source type' answer='Industrial project, publicly available data' object_id='R1544230'
[property] values_resolved property_label='NLP data source type' key='NLP data source type' result_ids=['R1544228', 'R1544230']
[property] 10-values_resolved property_label='NLP data source type' key='NLP data source type' result_ids=['R1544228', 'R1544230']
[sep] ────────────────────────────────────────────────────────────
[property] start predicate_id='' property_label='Number of data sources' key='Number of data sources' mapping='IV.9'
[options_details] answer answer='18' resource_mapping_key='Number of data sources' answer_label_type_in_options_details='No type'
[property] answers property_label='Number of data sources' key='Number of data sources' answers=['18']
[Integer literal] fallback_to_text key='Number of data sources' answer='18'
[literal] created key='Number of data sources' answer='18' id='L3613170'
[property] values_resolved property_label='Number of data sources' key='Number of data sources' result_ids=['L3613170']
[property] 10-values_resolved property_label='Number of data sources' key='Number of data sources' result_ids=['L3613170']
[sep] ────────────────────────────────────────────────────────────
[property] start predicate_id='' property_label='NLP data source domain' key='NLP data source domain' mapping='IV.8'
[options_details] answer answer='information  systems,  automotive,  healthcare, aviation, aerospace, telecommunications, networks' resource_mapping_key='NLP data source domain' answer_label_type_in_options_details='No type'
[property] answers property_label='NLP data source domain' key='NLP data source domain' answers=['information systems', 'automotive', 'healthcare', 'aviation', 'aerospace', 'telecommunications', 'networks']
[resource] created label='information systems' class_id='C121053' id='R1550987'
[unmapped] categorical_created key='NLP data source domain' answer='information systems' id='R1550987'
[resource] created label='automotive' class_id='C121053' id='R1550988'
[unmapped] categorical_created key='NLP data source domain' answer='automotive' id='R1550988'
[resource] created label='healthcare' class_id='C121053' id='R1550989'
[unmapped] categorical_created key='NLP data source domain' answer='healthcare' id='R1550989'
[resource] created label='aviation' class_id='C121053' id='R1550990'
[unmapped] categorical_created key='NLP data source domain' answer='aviation' id='R1550990'
[resource] created label='aerospace' class_id='C121053' id='R1550991'
[unmapped] categorical_created key='NLP data source domain' answer='aerospace' id='R1550991'
[resource] created label='telecommunications' class_id='C121053' id='R1550992'
[unmapped] categorical_created key='NLP data source domain' answer='telecommunications' id='R1550992'
[resource] created label='networks' class_id='C121053' id='R1550993'
[unmapped] categorical_created key='NLP data source domain' answer='networks' id='R1550993'
[property] values_resolved property_label='NLP data source domain' key='NLP data source domain' result_ids=['R1550987', 'R1550988', 'R1550989', 'R1550990', 'R1550991', 'R1550992', 'R1550993']
[property] 10-values_resolved property_label='NLP data source domain' key='NLP data source domain' result_ids=['R1550987', 'R1550988', 'R1550989', 'R1550990', 'R1550991', 'R1550992', 'R1550993']
[subtemplate] end label='NLP data source' class_id='C121011' subtemplate_id='R1544223'
[sep] ────────────────────────────────────────────────────────────
[sep] ────────────────────────────────────────────────────────────
[property] start predicate_id='' property_label='NLP data abstraction level' key='NLP data abstraction level' mapping='IV.4'
[selected_answers] answer answer='System-level' resource_mapping_key='NLP data abstraction level'
[options_details] answer answer='System-level' resource_mapping_key='NLP data abstraction level' answer_label_type_in_options_details='No type'
[property] answers property_label='NLP data abstraction level' key='NLP data abstraction level' answers=['System-level']
[map] to_resource key='NLP data abstraction level' answer='System-level' object_id='R1544241'
[property] values_resolved property_label='NLP data abstraction level' key='NLP data abstraction level' result_ids=['R1544241']
[property] 10-values_resolved property_label='NLP data abstraction level' key='NLP data abstraction level' result_ids=['R1544241']
[sep] ────────────────────────────────────────────────────────────
[sep] ──────────────────────────────────────────────────────────── SUBTEMPLATE NLP data type ────────────────────────────────────────────────────────────
[subtemplate] start label='NLP data type' class_id='C121015' subtemplate_id='R1544245'
[sep] ────────────────────────────────────────────────────────────
[property] start predicate_id='' property_label='NLP data format' key='NLP data format' mapping='IV.5'
[selected_answers] answer answer='"Shall" requirements' resource_mapping_key='NLP data format'
[options_details] answer answer='"Shall" requirements' resource_mapping_key='NLP data format' answer_label_type_in_options_details='No type'
[property] answers property_label='NLP data format' key='NLP data format' answers=['"Shall" requirements']
[map] to_resource key='NLP data format' answer='"Shall" requirements' object_id='R1544249'
[property] values_resolved property_label='NLP data format' key='NLP data format' result_ids=['R1544249']
[property] 10-values_resolved property_label='NLP data format' key='NLP data format' result_ids=['R1544249']
[sep] ────────────────────────────────────────────────────────────
[property] start predicate_id='' property_label='Rigor of data format' key='Rigor of data format' mapping='IV.6'
[selected_answers] answer answer='Unconstrained natural language' resource_mapping_key='Rigor of data format'
[options_details] answer answer='Unconstrained natural language' resource_mapping_key='Rigor of data format' answer_label_type_in_options_details='No type'
[property] answers property_label='Rigor of data format' key='Rigor of data format' answers=['Unconstrained natural language']
[map] to_resource key='Rigor of data format' answer='Unconstrained natural language' object_id='R1544258'
[property] values_resolved property_label='Rigor of data format' key='Rigor of data format' result_ids=['R1544258']
[property] 10-values_resolved property_label='Rigor of data format' key='Rigor of data format' result_ids=['R1544258']
[sep] ────────────────────────────────────────────────────────────
[property] start predicate_id='' property_label='Natural language' key='Natural language' mapping='IV.7'
[options_details] answer answer='English' resource_mapping_key='Natural language' answer_label_type_in_options_details='No type'
[property] answers property_label='Natural language' key='Natural language' answers=['English']
[literal] created key='Natural language' answer='English' id='L3613171'
[property] values_resolved property_label='Natural language' key='Natural language' result_ids=['L3613171']
[property] 10-values_resolved property_label='Natural language' key='Natural language' result_ids=['L3613171']
[subtemplate] end label='NLP data type' class_id='C121015' subtemplate_id='R1544245'
[sep] ────────────────────────────────────────────────────────────
[sep] ────────────────────────────────────────────────────────────
[sep] ──────────────────────────────────────────────────────────── SUBTEMPLATE License ────────────────────────────────────────────────────────────
[subtemplate] start label='License' class_id='C121018' subtemplate_id='R1544265'
[sep] ────────────────────────────────────────────────────────────
[property] start predicate_id='' property_label='Public availability' key='Public availability' mapping='IV.10'
[selected_answers] answer answer='No' resource_mapping_key='Public availability'
[options_details] answer answer='No' resource_mapping_key='Public availability' answer_label_type_in_options_details='No type'
[property] answers property_label='Public availability' key='Public availability' answers=['No']
[map] to_resource key='Public availability' answer='No' object_id='R1544268'
[property] values_resolved property_label='Public availability' key='Public availability' result_ids=['R1544268']
[property] 10-values_resolved property_label='Public availability' key='Public availability' result_ids=['R1544268']
[sep] ────────────────────────────────────────────────────────────
[property] start predicate_id='' property_label='License type' key='License type' mapping='IV.11'
[selected_answers] answer answer='Other/Comments' resource_mapping_key='License type'
[selected_answers] answer answer='not applicable' resource_mapping_key='License type'
[options_details] answer answer='Other/Comments' resource_mapping_key='License type' answer_label_type_in_options_details='No type'
[options_details] answer answer='not applicable' resource_mapping_key='License type' answer_label_type_in_options_details='Text'
[property] answers property_label='License type' key='License type' answers=['Other/Comments', 'not applicable']
[unmapped] other_value_skipped key='License type' answer='Other/Comments'
[unmapped] other_value_skipped_resource_should_not_be_created key='License type' answer='Other/Comments'
[unmapped] other_context_skipped key='License type' answer='not applicable'
[resource] created label='not applicable' class_id='C121020' id='R1550996'
[map] to_resource key='License type' answer='not applicable' object_id='R1550996'
[property] values_resolved property_label='License type' key='License type' result_ids=['R1550996']
[property] 10-values_resolved property_label='License type' key='License type' result_ids=['R1550996']
[subtemplate] end label='License' class_id='C121018' subtemplate_id='R1544265'
[sep] ────────────────────────────────────────────────────────────
[sep] ────────────────────────────────────────────────────────────
[sep] ──────────────────────────────────────────────────────────── SUBTEMPLATE Dataset location ────────────────────────────────────────────────────────────
[subtemplate] start label='Dataset location' class_id='C121022' subtemplate_id='R1544278'
[sep] ────────────────────────────────────────────────────────────
[property] start predicate_id='' property_label='Location type' key='Dataset location type' mapping='IV.12'
[selected_answers] answer answer='Other/Comments' resource_mapping_key='Dataset location type'
[selected_answers] answer answer='Local Hard Drive' resource_mapping_key='Dataset location type'
[options_details] answer answer='Other/Comments' resource_mapping_key='Dataset location type' answer_label_type_in_options_details='No type'
[options_details] answer answer='Local Hard Drive' resource_mapping_key='Dataset location type' answer_label_type_in_options_details='Text'
[property] answers property_label='Location type' key='Dataset location type' answers=['Other/Comments', 'Local Hard Drive']
[unmapped] other_value_skipped key='Dataset location type' answer='Other/Comments'
[unmapped] other_value_skipped_resource_should_not_be_created key='Dataset location type' answer='Other/Comments'
[unmapped] other_context_skipped key='Dataset location type' answer='Local Hard Drive'
[resource] created label='Local Hard Drive' class_id='C121024' id='R1550998'
[map] to_resource key='Dataset location type' answer='Local Hard Drive' object_id='R1550998'
[property] values_resolved property_label='Location type' key='Dataset location type' result_ids=['R1550998']
[property] 10-values_resolved property_label='Location type' key='Dataset location type' result_ids=['R1550998']
[sep] ────────────────────────────────────────────────────────────
[property] start predicate_id='' property_label='URL' key='url' mapping='IV.13'
[property] no_answers property_label='URL'
[subtemplate] end label='Dataset location' class_id='C121022' subtemplate_id='R1544278'
[sep] ────────────────────────────────────────────────────────────
[subtemplate] end label='NLP dataset' class_id='C121010' subtemplate_id='R1544216'
[sep] ────────────────────────────────────────────────────────────
[link] created s='R1550981' p='P181011' o='R1550985'
[sep] ──────────────────────────────────────────────────────────── PREDICATE P181031 ────────────────────────────────────────────────────────────
[section] predicate id='P181031' label='Annotation process'
[sep] ──────────────────────────────────────────────────────────── SUBTEMPLATE Annotation process ────────────────────────────────────────────────────────────
[subtemplate] start label='Annotation process' class_id='C121025' subtemplate_id='R1544287'
[sep] ────────────────────────────────────────────────────────────
[sep] ──────────────────────────────────────────────────────────── SUBTEMPLATE Annotator ────────────────────────────────────────────────────────────
[subtemplate] start label='Annotator' class_id='C121026' subtemplate_id='R1544290'
[sep] ────────────────────────────────────────────────────────────
[property] start predicate_id='' property_label='Number of annotators' key='Number of annotators' mapping='V.1'
[options_details] answer answer='1' resource_mapping_key='Number of annotators' answer_label_type_in_options_details='No type'
[property] answers property_label='Number of annotators' key='Number of annotators' answers=['1']
[Integer literal] fallback_to_text key='Number of annotators' answer='1'
[literal] created key='Number of annotators' answer='1' id='L3613172'
[property] values_resolved property_label='Number of annotators' key='Number of annotators' result_ids=['L3613172']
[property] 10-values_resolved property_label='Number of annotators' key='Number of annotators' result_ids=['L3613172']
[sep] ────────────────────────────────────────────────────────────
[property] start predicate_id='' property_label='Annotator assignment' key='Annotator assignment' mapping='V.2'
[selected_answers] answer answer='One annotator per entry (quality control, possibly on a sample)' resource_mapping_key='Annotator assignment'
[options_details] answer answer='One annotator per entry (quality control, possibly on a sample)' resource_mapping_key='Annotator assignment' answer_label_type_in_options_details='No type'
[property] answers property_label='Annotator assignment' key='Annotator assignment' answers=['One annotator per entry']
[resource] created label='One annotator per entry' class_id='C121027' id='R1551001'
[unmapped] categorical_created key='Annotator assignment' answer='One annotator per entry' id='R1551001'
[property] values_resolved property_label='Annotator assignment' key='Annotator assignment' result_ids=['R1551001']
[property] 10-values_resolved property_label='Annotator assignment' key='Annotator assignment' result_ids=['R1551001']
[sep] ────────────────────────────────────────────────────────────
[property] start predicate_id='' property_label='Level of application domain experience' key='Level of application domain experience' mapping='V.3'
[selected_answers] answer answer='Informed outsider' resource_mapping_key='Level of application domain experience'
[options_details] answer answer='Informed outsider' resource_mapping_key='Level of application domain experience' answer_label_type_in_options_details='No type'
[property] answers property_label='Level of application domain experience' key='Level of application domain experience' answers=['Informed outsider']
[map] to_resource key='Level of application domain experience' answer='Informed outsider' object_id='R1544300'
[property] values_resolved property_label='Level of application domain experience' key='Level of application domain experience' result_ids=['R1544300']
[property] 10-values_resolved property_label='Level of application domain experience' key='Level of application domain experience' result_ids=['R1544300']
[sep] ────────────────────────────────────────────────────────────
[property] start predicate_id='' property_label='Annotator identity' key='Annotator identity' mapping='V.4'
[selected_answers] answer answer='People who have direct contact with the designers' resource_mapping_key='Annotator identity'
[options_details] answer answer='People who have direct contact with the designers' resource_mapping_key='Annotator identity' answer_label_type_in_options_details='No type'
[property] answers property_label='Annotator identity' key='Annotator identity' answers=['People who have direct contact with the designers']
[map] to_resource key='Annotator identity' answer='People who have direct contact with the designers' object_id='R1544304'
[property] values_resolved property_label='Annotator identity' key='Annotator identity' result_ids=['R1544304']
[property] 10-values_resolved property_label='Annotator identity' key='Annotator identity' result_ids=['R1544304']
[subtemplate] end label='Annotator' class_id='C121026' subtemplate_id='R1544290'
[sep] ────────────────────────────────────────────────────────────
[sep] ────────────────────────────────────────────────────────────
[sep] ──────────────────────────────────────────────────────────── SUBTEMPLATE Annotation scheme ────────────────────────────────────────────────────────────
[subtemplate] start label='Annotation scheme' class_id='C121030' subtemplate_id='R1544307'
[sep] ────────────────────────────────────────────────────────────
[property] start predicate_id='' property_label='Scheme establishment' key='Scheme establishement' mapping='V.5'
[selected_answers] answer answer='Written guidelines with definitions and examples' resource_mapping_key='Scheme establishement'
[options_details] answer answer='Written guidelines with definitions and examples' resource_mapping_key='Scheme establishement' answer_label_type_in_options_details='No type'
[property] answers property_label='Scheme establishment' key='Scheme establishement' answers=['Written guidelines with definitions and examples']
[map] to_resource key='Scheme establishement' answer='Written guidelines with definitions and examples' object_id='R1544310'
[property] values_resolved property_label='Scheme establishment' key='Scheme establishement' result_ids=['R1544310']
[property] 10-values_resolved property_label='Scheme establishment' key='Scheme establishement' result_ids=['R1544310']
[sep] ────────────────────────────────────────────────────────────
[property] start predicate_id='' property_label='Guideline availability' key='Guideline availability' mapping='V.6'
[selected_answers] answer answer='No' resource_mapping_key='Guideline availability'
[options_details] answer answer='No' resource_mapping_key='Guideline availability' answer_label_type_in_options_details='No type'
[property] answers property_label='Guideline availability' key='Guideline availability' answers=['No']
[map] to_resource key='Guideline availability' answer='No' object_id='R1544314'
[property] values_resolved property_label='Guideline availability' key='Guideline availability' result_ids=['R1544314']
[property] 10-values_resolved property_label='Guideline availability' key='Guideline availability' result_ids=['R1544314']
[subtemplate] end label='Annotation scheme' class_id='C121030' subtemplate_id='R1544307'
[sep] ────────────────────────────────────────────────────────────
[sep] ────────────────────────────────────────────────────────────
[property] start predicate_id='' property_label='Shared material' key='Shared material' mapping='V.7'
[selected_answers] answer answer='Entire document' resource_mapping_key='Shared material'
[options_details] answer answer='Entire document' resource_mapping_key='Shared material' answer_label_type_in_options_details='No type'
[property] answers property_label='Shared material' key='Shared material' answers=['Entire document']
[map] to_resource key='Shared material' answer='Entire document' object_id='R1544321'
[property] values_resolved property_label='Shared material' key='Shared material' result_ids=['R1544321']
[property] 10-values_resolved property_label='Shared material' key='Shared material' result_ids=['R1544321']
[sep] ────────────────────────────────────────────────────────────
[property] start predicate_id='' property_label='Fatigue mitigation technique' key='Fatigue mitigation technique' mapping='V.8'
[selected_answers] answer answer='No' resource_mapping_key='Fatigue mitigation technique'
[options_details] answer answer='No' resource_mapping_key='Fatigue mitigation technique' answer_label_type_in_options_details='No type'
[property] answers property_label='Fatigue mitigation technique' key='Fatigue mitigation technique' answers=['No']
[map] to_resource key='Fatigue mitigation technique' answer='No' object_id='R1544324'
[property] values_resolved property_label='Fatigue mitigation technique' key='Fatigue mitigation technique' result_ids=['R1544324']
[property] 10-values_resolved property_label='Fatigue mitigation technique' key='Fatigue mitigation technique' result_ids=['R1544324']
[sep] ────────────────────────────────────────────────────────────
[sep] ──────────────────────────────────────────────────────────── SUBTEMPLATE Annotator agreement ────────────────────────────────────────────────────────────
[subtemplate] start label='Annotator agreement' class_id='C121035' subtemplate_id='R1544326'
[sep] ────────────────────────────────────────────────────────────
[property] start predicate_id='' property_label='Intercoder reliability metric' key='Intercoder reliability metric' mapping='V.9'
[selected_answers] answer answer="Cohen's K" resource_mapping_key='Intercoder reliability metric'
[options_details] answer answer="Cohen's K" resource_mapping_key='Intercoder reliability metric' answer_label_type_in_options_details='No type'
[property] answers property_label='Intercoder reliability metric' key='Intercoder reliability metric' answers=["Cohen's K"]
[map] to_resource key='Intercoder reliability metric' answer="Cohen's K" object_id='R1544328'
[property] values_resolved property_label='Intercoder reliability metric' key='Intercoder reliability metric' result_ids=['R1544328']
[property] 10-values_resolved property_label='Intercoder reliability metric' key='Intercoder reliability metric' result_ids=['R1544328']
[sep] ────────────────────────────────────────────────────────────
[property] start predicate_id='' property_label='Conflict resolution' key='Conflict resolution' mapping='V.10'
[selected_answers] answer answer='Not resolved' resource_mapping_key='Conflict resolution'
[options_details] answer answer='Not resolved' resource_mapping_key='Conflict resolution' answer_label_type_in_options_details='No type'
[property] answers property_label='Conflict resolution' key='Conflict resolution' answers=['Not resolved']
[map] to_resource key='Conflict resolution' answer='Not resolved' object_id='R1544335'
[property] values_resolved property_label='Conflict resolution' key='Conflict resolution' result_ids=['R1544335']
[property] 10-values_resolved property_label='Conflict resolution' key='Conflict resolution' result_ids=['R1544335']
[sep] ────────────────────────────────────────────────────────────
[property] start predicate_id='' property_label='Measured agreement' key='Measured agreement' mapping='V.11'
[options_details] answer answer='.87, .91' resource_mapping_key='Measured agreement' answer_label_type_in_options_details='No type'
[property] answers property_label='Measured agreement' key='Measured agreement' answers=['.87, .91']
[literal] created key='Measured agreement' answer='.87, .91' id='L3613173'
[property] values_resolved property_label='Measured agreement' key='Measured agreement' result_ids=['L3613173']
[property] 10-values_resolved property_label='Measured agreement' key='Measured agreement' result_ids=['L3613173']
[subtemplate] end label='Annotator agreement' class_id='C121035' subtemplate_id='R1544326'
[sep] ────────────────────────────────────────────────────────────
[subtemplate] end label='Annotation process' class_id='C121025' subtemplate_id='R1544287'
[sep] ────────────────────────────────────────────────────────────
[link] created s='R1550981' p='P181031' o='R1550999'
[sep] ──────────────────────────────────────────────────────────── PREDICATE P181046 ────────────────────────────────────────────────────────────
[section] predicate id='P181046' label='Implemented approach'
[sep] ──────────────────────────────────────────────────────────── SUBTEMPLATE Implemented approach ────────────────────────────────────────────────────────────
[subtemplate] start label='Implemented approach' class_id='C121038' subtemplate_id='R1544363'
[sep] ────────────────────────────────────────────────────────────
[property] start predicate_id='' property_label='Approach type' key='Approach type' mapping='VI.1'
[selected_answers] answer answer='Supervised ML' resource_mapping_key='Approach type'
[options_details] answer answer='Supervised ML' resource_mapping_key='Approach type' answer_label_type_in_options_details='No type'
[property] answers property_label='Approach type' key='Approach type' answers=['Supervised ML']
[map] to_resource key='Approach type' answer='Supervised ML' object_id='R1544368'
[property] values_resolved property_label='Approach type' key='Approach type' result_ids=['R1544368']
[property] 10-values_resolved property_label='Approach type' key='Approach type' result_ids=['R1544368']
[sep] ────────────────────────────────────────────────────────────
[property] start predicate_id='' property_label='Algorithm used' key='Algorithm used' mapping='VI.2'
[options_details] answer answer='Logistic  Regression, Support  Vector  Machine, Decision  Tree, Random Forest,  Feedforward  Neural  Network' resource_mapping_key='Algorithm used' answer_label_type_in_options_details='No type'
[property] answers property_label='Algorithm used' key='Algorithm used' answers=['Logistic Regression', 'Support Vector Machine', 'Decision Tree', 'Random Forest', 'Feedforward Neural Network']
[resource] created label='Logistic Regression' class_id='C121040' id='R1551005'
[unmapped] categorical_created key='Algorithm used' answer='Logistic Regression' id='R1551005'
[resource] created label='Support Vector Machine' class_id='C121040' id='R1551006'
[unmapped] categorical_created key='Algorithm used' answer='Support Vector Machine' id='R1551006'
[resource] created label='Decision Tree' class_id='C121040' id='R1551007'
[unmapped] categorical_created key='Algorithm used' answer='Decision Tree' id='R1551007'
[resource] created label='Random Forest' class_id='C121040' id='R1551008'
[unmapped] categorical_created key='Algorithm used' answer='Random Forest' id='R1551008'
[resource] created label='Feedforward Neural Network' class_id='C121040' id='R1551009'
[unmapped] categorical_created key='Algorithm used' answer='Feedforward Neural Network' id='R1551009'
[property] values_resolved property_label='Algorithm used' key='Algorithm used' result_ids=['R1551005', 'R1551006', 'R1551007', 'R1551008', 'R1551009']
[property] 10-values_resolved property_label='Algorithm used' key='Algorithm used' result_ids=['R1551005', 'R1551006', 'R1551007', 'R1551008', 'R1551009']
[sep] ────────────────────────────────────────────────────────────
[property] start predicate_id='' property_label='Running requirements' key='Running requirements' mapping='VI.4'
[selected_answers] answer answer='No installation is needed' resource_mapping_key='Running requirements'
[options_details] answer answer='No installation is needed' resource_mapping_key='Running requirements' answer_label_type_in_options_details='No type'
[property] answers property_label='Running requirements' key='Running requirements' answers=['No installation is needed']
[map] to_resource key='Running requirements' answer='No installation is needed' object_id='R1544379'
[property] values_resolved property_label='Running requirements' key='Running requirements' result_ids=['R1544379']
[property] 10-values_resolved property_label='Running requirements' key='Running requirements' result_ids=['R1544379']
[sep] ────────────────────────────────────────────────────────────
[property] start predicate_id='' property_label='Documentation' key='Documentation' mapping='VI.5'
[selected_answers] answer answer='README file' resource_mapping_key='Documentation'
[selected_answers] answer answer='Ready-to-use examples' resource_mapping_key='Documentation'
[options_details] answer answer='README file' resource_mapping_key='Documentation' answer_label_type_in_options_details='No type'
[options_details] answer answer='Ready-to-use examples' resource_mapping_key='Documentation' answer_label_type_in_options_details='No type'
[property] answers property_label='Documentation' key='Documentation' answers=['README file', 'Ready-to-use examples']
[map] to_resource key='Documentation' answer='README file' object_id='R1544390'
[map] to_resource key='Documentation' answer='Ready-to-use examples' object_id='R1544387'
[property] values_resolved property_label='Documentation' key='Documentation' result_ids=['R1544390', 'R1544387']
[property] 10-values_resolved property_label='Documentation' key='Documentation' result_ids=['R1544390', 'R1544387']
[sep] ────────────────────────────────────────────────────────────
[property] start predicate_id='' property_label='Dependency' key='Dependency' mapping='VI.6'
[selected_answers] answer answer='Open source libraries / software' resource_mapping_key='Dependency'
[options_details] answer answer='Open source libraries / software' resource_mapping_key='Dependency' answer_label_type_in_options_details='No type'
[property] answers property_label='Dependency' key='Dependency' answers=['Open source libraries / software']
[map] to_resource key='Dependency' answer='Open source libraries / software' object_id='R1544394'
[property] values_resolved property_label='Dependency' key='Dependency' result_ids=['R1544394']
[property] 10-values_resolved property_label='Dependency' key='Dependency' result_ids=['R1544394']
[sep] ────────────────────────────────────────────────────────────
[property] start predicate_id='' property_label='License type' key='License type' mapping='VI.8'
[selected_answers] answer answer='License: Reuse only for non-commercial purposes' resource_mapping_key='License type'
[options_details] answer answer='License: Reuse only for non-commercial purposes' resource_mapping_key='License type' answer_label_type_in_options_details='No type'
[property] answers property_label='License type' key='License type' answers=['License: Reuse only for non-commercial purposes']
[map] to_resource key='License type' answer='License: Reuse only for non-commercial purposes' object_id='R1544272'
[property] values_resolved property_label='License type' key='License type' result_ids=['R1544272']
[property] 10-values_resolved property_label='License type' key='License type' result_ids=['R1544272']
[sep] ────────────────────────────────────────────────────────────
[sep] ──────────────────────────────────────────────────────────── SUBTEMPLATE Release ────────────────────────────────────────────────────────────
[subtemplate] start label='Release' class_id='C121044' subtemplate_id='R1544401'
[sep] ────────────────────────────────────────────────────────────
[property] start predicate_id='' property_label='Release format' key='Release format' mapping='VI.3'
[selected_answers] answer answer='Tool (e.g., a binary file) -- standalone' resource_mapping_key='Release format'
[options_details] answer answer='Tool (e.g., a binary file) -- standalone' resource_mapping_key='Release format' answer_label_type_in_options_details='No type'
[property] answers property_label='Release format' key='Release format' answers=['Tool -- standalone']
[resource] created label='Tool -- standalone' class_id='C121046' id='R1551011'
[unmapped] categorical_created key='Release format' answer='Tool -- standalone' id='R1551011'
[property] values_resolved property_label='Release format' key='Release format' result_ids=['R1551011']
[property] 10-values_resolved property_label='Release format' key='Release format' result_ids=['R1551011']
[sep] ────────────────────────────────────────────────────────────
[property] start predicate_id='' property_label='Location type' key='Tool location type' mapping='VI.7'
[selected_answers] answer answer='In a repository' resource_mapping_key='Tool location type'
[selected_answers] answer answer='In a persistent platform with DOI' resource_mapping_key='Tool location type'
[options_details] answer answer='In a repository' resource_mapping_key='Tool location type' answer_label_type_in_options_details='No type'
[options_details] answer answer='In a persistent platform with DOI' resource_mapping_key='Tool location type' answer_label_type_in_options_details='No type'
[property] answers property_label='Location type' key='Tool location type' answers=['In a repository', 'In a persistent platform with DOI']
[map] to_resource key='Tool location type' answer='In a repository' object_id='R1544415'
[map] to_resource key='Tool location type' answer='In a persistent platform with DOI' object_id='R1544414'
[property] values_resolved property_label='Location type' key='Tool location type' result_ids=['R1544415', 'R1544414']
[property] 10-values_resolved property_label='Location type' key='Tool location type' result_ids=['R1544415', 'R1544414']
[sep] ────────────────────────────────────────────────────────────
[property] start predicate_id='' property_label='URL' key='url' mapping='VI.9'
[options_details] answer answer='https://github.com/frieden84/DemaRQ\nhttps://zenodo.org/record/3881549' resource_mapping_key='url' answer_label_type_in_options_details='No type'
[property] answers property_label='URL' key='url' answers=['https://github.com/frieden84/DemaRQ https://zenodo.org/record/3881549']
[literal] created key='url' answer='https://github.com/frieden84/DemaRQ https://zenodo.org/record/3881549' id='L3613174'
[property] values_resolved property_label='URL' key='url' result_ids=['L3613174']
[property] 10-values_resolved property_label='URL' key='url' result_ids=['L3613174']
[subtemplate] end label='Release' class_id='C121044' subtemplate_id='R1544401'
[sep] ────────────────────────────────────────────────────────────
[subtemplate] end label='Implemented approach' class_id='C121038' subtemplate_id='R1544363'
[sep] ────────────────────────────────────────────────────────────
[link] created s='R1550981' p='P181046' o='R1551004'
[sep] ──────────────────────────────────────────────────────────── PREDICATE HAS_EVALUATION ────────────────────────────────────────────────────────────
[section] predicate id='HAS_EVALUATION' label='Evaluation'
[sep] ──────────────────────────────────────────────────────────── SUBTEMPLATE Evaluation ────────────────────────────────────────────────────────────
[subtemplate] start label='Evaluation' class_id='C121047' subtemplate_id='R1544421'
[sep] ────────────────────────────────────────────────────────────
[property] start predicate_id='' property_label='Evaluation metric' key='Evaluation metric' mapping='VII.1'
[selected_answers] answer answer='Precision/Recall' resource_mapping_key='Evaluation metric'
[selected_answers] answer answer='Accuracy' resource_mapping_key='Evaluation metric'
[options_details] answer answer='Precision/Recall' resource_mapping_key='Evaluation metric' answer_label_type_in_options_details='No type'
[options_details] answer answer='Accuracy' resource_mapping_key='Evaluation metric' answer_label_type_in_options_details='No type'
[property] answers property_label='Evaluation metric' key='Evaluation metric' answers=['Precision/Recall', 'Accuracy']
[map] to_resource key='Evaluation metric' answer='Precision/Recall' object_id='R1544436'
[map] to_resource key='Evaluation metric' answer='Accuracy' object_id='R1544440'
[property] values_resolved property_label='Evaluation metric' key='Evaluation metric' result_ids=['R1544436', 'R1544440']
[property] 10-values_resolved property_label='Evaluation metric' key='Evaluation metric' result_ids=['R1544436', 'R1544440']
[sep] ────────────────────────────────────────────────────────────
[property] start predicate_id='' property_label='Validation procedure' key='Validation procedure' mapping='VII.2'
[selected_answers] answer answer='Train-test split' resource_mapping_key='Validation procedure'
[selected_answers] answer answer='Cross-validation' resource_mapping_key='Validation procedure'
[options_details] answer answer='Train-test split' resource_mapping_key='Validation procedure' answer_label_type_in_options_details='No type'
[options_details] answer answer='Cross-validation' resource_mapping_key='Validation procedure' answer_label_type_in_options_details='No type'
[property] answers property_label='Validation procedure' key='Validation procedure' answers=['Train-test split', 'Cross-validation']
[map] to_resource key='Validation procedure' answer='Train-test split' object_id='R1544445'
[map] to_resource key='Validation procedure' answer='Cross-validation' object_id='R1544448'
[property] values_resolved property_label='Validation procedure' key='Validation procedure' result_ids=['R1544445', 'R1544448']
[property] 10-values_resolved property_label='Validation procedure' key='Validation procedure' result_ids=['R1544445', 'R1544448']
[sep] ────────────────────────────────────────────────────────────
[sep] ──────────────────────────────────────────────────────────── SUBTEMPLATE Baseline comparison ────────────────────────────────────────────────────────────
[subtemplate] start label='Baseline comparison' class_id='C121050' subtemplate_id='R1544450'
[sep] ────────────────────────────────────────────────────────────
[property] start predicate_id='' property_label='Baseline comparison type' key='Baseline comparsion type' mapping='VII.3'
[selected_answers] answer answer='Automated, but self-defined' resource_mapping_key='Baseline comparsion type'
[options_details] answer answer='Automated, but self-defined' resource_mapping_key='Baseline comparsion type' answer_label_type_in_options_details='No type'
[property] answers property_label='Baseline comparison type' key='Baseline comparsion type' answers=['Automated, but self-defined']
[map] to_resource key='Baseline comparsion type' answer='Automated, but self-defined' object_id='R1544453'
[property] values_resolved property_label='Baseline comparison type' key='Baseline comparsion type' result_ids=['R1544453']
[property] 10-values_resolved property_label='Baseline comparison type' key='Baseline comparsion type' result_ids=['R1544453']
[sep] ────────────────────────────────────────────────────────────
[property] start predicate_id='' property_label='Baseline comparison details' key='Baseline comparison details' mapping='VII.4'
[options_details] answer answer='We compare against simple  baselines  that recognize requirements based on the presence of modal verbsand requirements identifiers\nThese  are: (B1) marking  as requirement any sentence containing a modal verb; (B2) marking as requirement any sentence containing the most frequent modal verb of the underlying RS; (B3) marking as requirement any sentence beginning with an alphanumeric pattern; (B4) taking the union of the results from B1 and B3; and (B5) taking the union of  the  results  from  B2  and  B3.' resource_mapping_key='Baseline comparison details' answer_label_type_in_options_details='No type'
[property] answers property_label='Baseline comparison details' key='Baseline comparison details' answers=['We compare against simple baselines that recognize requirements based on the presence of modal verbsand requirements identifiers These are: marking as requirement any sentence containing a modal verb; marking as requirement any sentence containing the most frequent modal verb of the underlying RS; marking as requirement any sentence beginning with an alphanumeric pattern; taking the union of the results from B1 and B3; and taking the union of the results from B2 and B3.']
[literal] created key='Baseline comparison details' answer='We compare against simple baselines that recognize requirements based on the presence of modal verbsand requirements identifiers These are: marking as requirement any sentence containing a modal verb; marking as requirement any sentence containing the most frequent modal verb of the underlying RS; marking as requirement any sentence beginning with an alphanumeric pattern; taking the union of the results from B1 and B3; and taking the union of the results from B2 and B3.' id='L3613175'
[property] values_resolved property_label='Baseline comparison details' key='Baseline comparison details' result_ids=['L3613175']
[property] 10-values_resolved property_label='Baseline comparison details' key='Baseline comparison details' result_ids=['L3613175']
[subtemplate] end label='Baseline comparison' class_id='C121050' subtemplate_id='R1544450'
[sep] ────────────────────────────────────────────────────────────
[subtemplate] end label='Evaluation' class_id='C121047' subtemplate_id='R1544421'
[sep] ────────────────────────────────────────────────────────────
[link] created s='R1550981' p='HAS_EVALUATION' o='R1551012'
