[run] start run_id='307ae776'
[connect] ok host='https://orkg.org'
[json] loaded path='/Users/amirrezaalasti/Desktop/TIB/nlp4re/pdf_files/Automated_Import_to_ORKG/TEST_5A.json'
[run] instance run_id='307ae776' instance_id='R1552758'
[sep] ──────────────────────────────────────────────────────────── PREDICATE P181002 ────────────────────────────────────────────────────────────
[section] predicate id='P181002' label='RE task'
[property] start predicate_id='' property_label='RE task' key='RE task' mapping='I.1'
[selected_answers] answer answer='Test generation' resource_mapping_key='RE task'
[options_details] answer answer='Test generation' resource_mapping_key='RE task' answer_label_type_in_options_details='No type'
[property] answers property_label='RE task' key='RE task' answers=['Test generation']
[map] to_resource key='RE task' answer='Test generation' object_id='R1544128'
[property] values_resolved property_label='RE task' key='RE task' result_ids=['R1544128']
[link] created s='R1552758' p='P181002' o='R1544128'
[sep] ──────────────────────────────────────────────────────────── PREDICATE P181003 ────────────────────────────────────────────────────────────
[section] predicate id='P181003' label='NLP task'
[sep] ──────────────────────────────────────────────────────────── SUBTEMPLATE NLP task ────────────────────────────────────────────────────────────
[subtemplate] start label='NLP task' class_id='C121004' subtemplate_id='R1544138'
[sep] ────────────────────────────────────────────────────────────
[property] start predicate_id='' property_label='NLP task type' key='NLP task type' mapping='II.1'
[selected_answers] answer answer='Translation' resource_mapping_key='NLP task type'
[options_details] answer answer='Translation' resource_mapping_key='NLP task type' answer_label_type_in_options_details='No type'
[property] answers property_label='NLP task type' key='NLP task type' answers=['Translation']
[map] to_resource key='NLP task type' answer='Translation' object_id='R1544147'
[property] values_resolved property_label='NLP task type' key='NLP task type' result_ids=['R1544147']
[property] 10-values_resolved property_label='NLP task type' key='NLP task type' result_ids=['R1544147']
[sep] ────────────────────────────────────────────────────────────
[property] start predicate_id='' property_label='NLP task input' key='NLP task input' mapping='III.1'
[selected_answers] answer answer='Paragraphs' resource_mapping_key='NLP task input'
[options_details] answer answer='Paragraphs' resource_mapping_key='NLP task input' answer_label_type_in_options_details='No type'
[property] answers property_label='NLP task input' key='NLP task input' answers=['Paragraphs']
[map] to_resource key='NLP task input' answer='Paragraphs' object_id='R1544151'
[property] values_resolved property_label='NLP task input' key='NLP task input' result_ids=['R1544151']
[property] 10-values_resolved property_label='NLP task input' key='NLP task input' result_ids=['R1544151']
[sep] ────────────────────────────────────────────────────────────
[sep] ──────────────────────────────────────────────────────────── SUBTEMPLATE NLP task output ────────────────────────────────────────────────────────────
[subtemplate] start label='NLP task output' class_id='C121007' subtemplate_id='R1544158'
[sep] ────────────────────────────────────────────────────────────
[property] start predicate_id='' property_label='NLP task output classification label' key='NLP task output classification label' mapping='III.3'
[property] no_answers property_label='NLP task output classification label'
[literal] created key='NLP task output classification label' answer='Not reported' id='L3614189'
[sep] ────────────────────────────────────────────────────────────
[property] start predicate_id='' property_label='NLP task output extracted element' key='NLP task output extracted element' mapping='III.5'
[property] no_answers property_label='NLP task output extracted element'
[literal] created key='NLP task output extracted element' answer='Not reported' id='L3614190'
[sep] ────────────────────────────────────────────────────────────
[property] start predicate_id='' property_label='NLP task output translation mapping cardinality' key='NLP task output translation mapping cardinality' mapping='III.7'
[selected_answers] answer answer='1 to many' resource_mapping_key='NLP task output translation mapping cardinality'
[selected_answers] answer answer='Many to Many' resource_mapping_key='NLP task output translation mapping cardinality'
[options_details] answer answer='1 to many' resource_mapping_key='NLP task output translation mapping cardinality' answer_label_type_in_options_details='No type'
[options_details] answer answer='Many to Many' resource_mapping_key='NLP task output translation mapping cardinality' answer_label_type_in_options_details='No type'
[property] answers property_label='NLP task output translation mapping cardinality' key='NLP task output translation mapping cardinality' answers=['1 to many', 'Many to Many']
[map] to_resource key='NLP task output translation mapping cardinality' answer='1 to many' object_id='R1544185'
[map] to_resource key='NLP task output translation mapping cardinality' answer='Many to Many' object_id='R1544187'
[property] values_resolved property_label='NLP task output translation mapping cardinality' key='NLP task output translation mapping cardinality' result_ids=['R1544185', 'R1544187']
[property] 10-values_resolved property_label='NLP task output translation mapping cardinality' key='NLP task output translation mapping cardinality' result_ids=['R1544185', 'R1544187']
[sep] ────────────────────────────────────────────────────────────
[property] start predicate_id='' property_label='NLP task output type' key='NLP task output type' mapping="['III.2', 'III.4', 'III.6', 'III.8', 'III.9']"
[selected_answers] answer answer='Test cases' resource_mapping_key='NLP task output type'
[options_details] answer answer='Test cases' resource_mapping_key='NLP task output type' answer_label_type_in_options_details='No type'
[property] answers property_label='NLP task output type' key='NLP task output type' answers=['Test cases']
[map] to_resource key='NLP task output type' answer='Test cases' object_id='R1544163'
[property] values_resolved property_label='NLP task output type' key='NLP task output type' result_ids=['R1544163']
[property] 10-values_resolved property_label='NLP task output type' key='NLP task output type' result_ids=['R1544163']
[subtemplate] end label='NLP task output' class_id='C121007' subtemplate_id='R1544158'
[sep] ────────────────────────────────────────────────────────────
[subtemplate] end label='NLP task' class_id='C121004' subtemplate_id='R1544138'
[sep] ────────────────────────────────────────────────────────────
[link] created s='R1552758' p='P181003' o='R1552759'
[sep] ──────────────────────────────────────────────────────────── PREDICATE P181011 ────────────────────────────────────────────────────────────
[section] predicate id='P181011' label='NLP dataset'
[sep] ──────────────────────────────────────────────────────────── SUBTEMPLATE NLP dataset ────────────────────────────────────────────────────────────
[subtemplate] start label='NLP dataset' class_id='C121010' subtemplate_id='R1544216'
[sep] ────────────────────────────────────────────────────────────
[property] start predicate_id='' property_label='NLP data item' key='NLP data item' mapping='IV.1'
[options_details] answer answer='The ECMA-262 (v8) specification document. This is hard to measure in terms of data items, since the approach picks paragraphs from throughout the document. In total, the document is 885 pages, out of which only some parts are considered' resource_mapping_key='NLP data item' answer_label_type_in_options_details='Text'
[property] answers property_label='NLP data item' key='NLP data item' answers=['The ECMA-262 (v8) specification document. This is hard to measure in terms of data items, since the approach picks paragraphs from throughout the document. In total, the document is 885 pages, out of which only some parts are considered']
[literal] created key='NLP data item' answer='The ECMA-262 (v8) specification document. This is hard to measure in terms of data items, since the approach picks paragraphs from throughout the document. In total, the document is 885 pages, out of which only some parts are considered' id='L3614191'
[property] values_resolved property_label='NLP data item' key='NLP data item' result_ids=['L3614191']
[property] 10-values_resolved property_label='NLP data item' key='NLP data item' result_ids=['L3614191']
[sep] ────────────────────────────────────────────────────────────
[property] start predicate_id='' property_label='NLP data production time' key='NLP data prodcution time' mapping='IV.2'
[options_details] answer answer='2017 edition of the standard' resource_mapping_key='NLP data prodcution time' answer_label_type_in_options_details='Text'
[property] answers property_label='NLP data production time' key='NLP data prodcution time' answers=['2017 edition of the standard']
[literal] created key='NLP data prodcution time' answer='2017 edition of the standard' id='L3614192'
[property] values_resolved property_label='NLP data production time' key='NLP data prodcution time' result_ids=['L3614192']
[property] 10-values_resolved property_label='NLP data production time' key='NLP data prodcution time' result_ids=['L3614192']
[sep] ────────────────────────────────────────────────────────────
[sep] ──────────────────────────────────────────────────────────── SUBTEMPLATE NLP data source ────────────────────────────────────────────────────────────
[subtemplate] start label='NLP data source' class_id='C121011' subtemplate_id='R1544223'
[sep] ────────────────────────────────────────────────────────────
[property] start predicate_id='' property_label='NLP data source type' key='NLP data source type' mapping='IV.3'
[selected_answers] answer answer='Industrial project, publicly available data' resource_mapping_key='NLP data source type'
[options_details] answer answer='Industrial project, publicly available data' resource_mapping_key='NLP data source type' answer_label_type_in_options_details='No type'
[property] answers property_label='NLP data source type' key='NLP data source type' answers=['Industrial project, publicly available data']
[map] to_resource key='NLP data source type' answer='Industrial project, publicly available data' object_id='R1544230'
[property] values_resolved property_label='NLP data source type' key='NLP data source type' result_ids=['R1544230']
[property] 10-values_resolved property_label='NLP data source type' key='NLP data source type' result_ids=['R1544230']
[sep] ────────────────────────────────────────────────────────────
[property] start predicate_id='' property_label='Number of data sources' key='Number of data sources' mapping='IV.9'
[options_details] answer answer='one source for the requirements, two for the systems being tested' resource_mapping_key='Number of data sources' answer_label_type_in_options_details='Text'
[property] answers property_label='Number of data sources' key='Number of data sources' answers=['one source for the requirements, two for the systems being tested']
[Integer literal] fallback_to_text key='Number of data sources' answer='one source for the requirements, two for the systems being tested'
[property] skipped property_label='Number of data sources' key='Number of data sources'
[sep] ────────────────────────────────────────────────────────────
[property] start predicate_id='' property_label='NLP data source domain' key='NLP data source domain' mapping='IV.8'
[options_details] answer answer='one domain' resource_mapping_key='NLP data source domain' answer_label_type_in_options_details='Text'
[property] answers property_label='NLP data source domain' key='NLP data source domain' answers=['one domain']
[resource] created label='one domain' class_id='C121053' id='R1552763'
[unmapped] categorical_created key='NLP data source domain' answer='one domain' id='R1552763'
[property] values_resolved property_label='NLP data source domain' key='NLP data source domain' result_ids=['R1552763']
[property] 10-values_resolved property_label='NLP data source domain' key='NLP data source domain' result_ids=['R1552763']
[subtemplate] end label='NLP data source' class_id='C121011' subtemplate_id='R1544223'
[sep] ────────────────────────────────────────────────────────────
[sep] ────────────────────────────────────────────────────────────
[property] start predicate_id='' property_label='NLP data abstraction level' key='NLP data abstraction level' mapping='IV.4'
[selected_answers] answer answer='Module-level' resource_mapping_key='NLP data abstraction level'
[selected_answers] answer answer='Code-level' resource_mapping_key='NLP data abstraction level'
[options_details] answer answer='Module-level' resource_mapping_key='NLP data abstraction level' answer_label_type_in_options_details='No type'
[options_details] answer answer='Code-level' resource_mapping_key='NLP data abstraction level' answer_label_type_in_options_details='No type'
[property] answers property_label='NLP data abstraction level' key='NLP data abstraction level' answers=['Module-level', 'Code-level']
[map] to_resource key='NLP data abstraction level' answer='Module-level' object_id='R1544243'
[map] to_resource key='NLP data abstraction level' answer='Code-level' object_id='R1544242'
[property] values_resolved property_label='NLP data abstraction level' key='NLP data abstraction level' result_ids=['R1544243', 'R1544242']
[property] 10-values_resolved property_label='NLP data abstraction level' key='NLP data abstraction level' result_ids=['R1544243', 'R1544242']
[sep] ────────────────────────────────────────────────────────────
[sep] ──────────────────────────────────────────────────────────── SUBTEMPLATE NLP data type ────────────────────────────────────────────────────────────
[subtemplate] start label='NLP data type' class_id='C121015' subtemplate_id='R1544245'
[sep] ────────────────────────────────────────────────────────────
[property] start predicate_id='' property_label='NLP data format' key='NLP data format' mapping='IV.5'
[selected_answers] answer answer='"Shall" requirements' resource_mapping_key='NLP data format'
[selected_answers] answer answer='Scenarios' resource_mapping_key='NLP data format'
[options_details] answer answer='"Shall" requirements' resource_mapping_key='NLP data format' answer_label_type_in_options_details='No type'
[options_details] answer answer='Scenarios' resource_mapping_key='NLP data format' answer_label_type_in_options_details='No type'
[property] answers property_label='NLP data format' key='NLP data format' answers=['"Shall" requirements', 'Scenarios']
[map] to_resource key='NLP data format' answer='"Shall" requirements' object_id='R1544249'
[map] to_resource key='NLP data format' answer='Scenarios' object_id='R1544250'
[property] values_resolved property_label='NLP data format' key='NLP data format' result_ids=['R1544249', 'R1544250']
[property] 10-values_resolved property_label='NLP data format' key='NLP data format' result_ids=['R1544249', 'R1544250']
[sep] ────────────────────────────────────────────────────────────
[property] start predicate_id='' property_label='Rigor of data format' key='Rigor of data format' mapping='IV.6'
[selected_answers] answer answer='Unconstrained natural language' resource_mapping_key='Rigor of data format'
[selected_answers] answer answer='Template-based controlled natural language' resource_mapping_key='Rigor of data format'
[options_details] answer answer='Unconstrained natural language' resource_mapping_key='Rigor of data format' answer_label_type_in_options_details='No type'
[options_details] answer answer='Template-based controlled natural language' resource_mapping_key='Rigor of data format' answer_label_type_in_options_details='No type'
[property] answers property_label='Rigor of data format' key='Rigor of data format' answers=['Unconstrained natural language', 'Template-based controlled natural language']
[map] to_resource key='Rigor of data format' answer='Unconstrained natural language' object_id='R1544258'
[map] to_resource key='Rigor of data format' answer='Template-based controlled natural language' object_id='R1544259'
[property] values_resolved property_label='Rigor of data format' key='Rigor of data format' result_ids=['R1544258', 'R1544259']
[property] 10-values_resolved property_label='Rigor of data format' key='Rigor of data format' result_ids=['R1544258', 'R1544259']
[sep] ────────────────────────────────────────────────────────────
[property] start predicate_id='' property_label='Natural language' key='Natural language' mapping='IV.7'
[options_details] answer answer='English' resource_mapping_key='Natural language' answer_label_type_in_options_details='Text'
[property] answers property_label='Natural language' key='Natural language' answers=['English']
[literal] created key='Natural language' answer='English' id='L3614193'
[property] values_resolved property_label='Natural language' key='Natural language' result_ids=['L3614193']
[property] 10-values_resolved property_label='Natural language' key='Natural language' result_ids=['L3614193']
[subtemplate] end label='NLP data type' class_id='C121015' subtemplate_id='R1544245'
[sep] ────────────────────────────────────────────────────────────
[sep] ────────────────────────────────────────────────────────────
[sep] ──────────────────────────────────────────────────────────── SUBTEMPLATE License ────────────────────────────────────────────────────────────
[subtemplate] start label='License' class_id='C121018' subtemplate_id='R1544265'
[sep] ────────────────────────────────────────────────────────────
[property] start predicate_id='' property_label='Public availability' key='Public availability' mapping='IV.10'
[selected_answers] answer answer='Fully' resource_mapping_key='Public availability'
[options_details] answer answer='Fully' resource_mapping_key='Public availability' answer_label_type_in_options_details='No type'
[property] answers property_label='Public availability' key='Public availability' answers=['Fully']
[map] to_resource key='Public availability' answer='Fully' object_id='R1544267'
[property] values_resolved property_label='Public availability' key='Public availability' result_ids=['R1544267']
[property] 10-values_resolved property_label='Public availability' key='Public availability' result_ids=['R1544267']
[sep] ────────────────────────────────────────────────────────────
[property] start predicate_id='' property_label='License type' key='License type' mapping='IV.11'
[selected_answers] answer answer='No license' resource_mapping_key='License type'
[options_details] answer answer='No license' resource_mapping_key='License type' answer_label_type_in_options_details='No type'
[property] answers property_label='License type' key='License type' answers=['No license']
[map] to_resource key='License type' answer='No license' object_id='R1544274'
[property] values_resolved property_label='License type' key='License type' result_ids=['R1544274']
[property] 10-values_resolved property_label='License type' key='License type' result_ids=['R1544274']
[subtemplate] end label='License' class_id='C121018' subtemplate_id='R1544265'
[sep] ────────────────────────────────────────────────────────────
[sep] ────────────────────────────────────────────────────────────
[sep] ──────────────────────────────────────────────────────────── SUBTEMPLATE Dataset location ────────────────────────────────────────────────────────────
[subtemplate] start label='Dataset location' class_id='C121022' subtemplate_id='R1544278'
[sep] ────────────────────────────────────────────────────────────
[property] start predicate_id='' property_label='Location type' key='Dataset location type' mapping='IV.12'
[selected_answers] answer answer='On a private/corporate website' resource_mapping_key='Dataset location type'
[options_details] answer answer='On a private/corporate website' resource_mapping_key='Dataset location type' answer_label_type_in_options_details='No type'
[property] answers property_label='Location type' key='Dataset location type' answers=['On a private/corporate website']
[map] to_resource key='Dataset location type' answer='On a private/corporate website' object_id='R1544280'
[property] values_resolved property_label='Location type' key='Dataset location type' result_ids=['R1544280']
[property] 10-values_resolved property_label='Location type' key='Dataset location type' result_ids=['R1544280']
[sep] ────────────────────────────────────────────────────────────
[property] start predicate_id='' property_label='URL' key='url' mapping='IV.13'
[options_details] answer answer='https://262.ecma-international.org/5.1/, https://www.ecma-international.org/wp-content/uploads/ECMA-262_8th_edition_june_2017.pdf' resource_mapping_key='url' answer_label_type_in_options_details='Text'
[property] answers property_label='URL' key='url' answers=['https://262.ecma-international.org/5.1/', 'https://www.ecma-international.org/wp-content/uploads/ECMA-262_8th_edition_june_2017.pdf']
[literal] created key='url' answer='https://262.ecma-international.org/5.1/' id='L3614194'
[literal] created key='url' answer='https://www.ecma-international.org/wp-content/uploads/ECMA-262_8th_edition_june_2017.pdf' id='L3614195'
[property] values_resolved property_label='URL' key='url' result_ids=['L3614194', 'L3614195']
[property] 10-values_resolved property_label='URL' key='url' result_ids=['L3614194', 'L3614195']
[subtemplate] end label='Dataset location' class_id='C121022' subtemplate_id='R1544278'
[sep] ────────────────────────────────────────────────────────────
[subtemplate] end label='NLP dataset' class_id='C121010' subtemplate_id='R1544216'
[sep] ────────────────────────────────────────────────────────────
[link] created s='R1552758' p='P181011' o='R1552761'
[sep] ──────────────────────────────────────────────────────────── PREDICATE P181031 ────────────────────────────────────────────────────────────
[section] predicate id='P181031' label='Annotation process'
[sep] ──────────────────────────────────────────────────────────── SUBTEMPLATE Annotation process ────────────────────────────────────────────────────────────
[subtemplate] start label='Annotation process' class_id='C121025' subtemplate_id='R1544287'
[sep] ────────────────────────────────────────────────────────────
[sep] ──────────────────────────────────────────────────────────── SUBTEMPLATE Annotator ────────────────────────────────────────────────────────────
[subtemplate] start label='Annotator' class_id='C121026' subtemplate_id='R1544290'
[sep] ────────────────────────────────────────────────────────────
[property] start predicate_id='' property_label='Number of annotators' key='Number of annotators' mapping='V.1'
[options_details] answer answer='1' resource_mapping_key='Number of annotators' answer_label_type_in_options_details='Text'
[property] answers property_label='Number of annotators' key='Number of annotators' answers=['1']
[Integer literal] fallback_to_text key='Number of annotators' answer='1'
[literal] created key='Number of annotators' answer='1' id='L3614196'
[property] values_resolved property_label='Number of annotators' key='Number of annotators' result_ids=['L3614196']
[property] 10-values_resolved property_label='Number of annotators' key='Number of annotators' result_ids=['L3614196']
[sep] ────────────────────────────────────────────────────────────
[property] start predicate_id='' property_label='Annotator assignment' key='Annotator assignment' mapping='V.2'
[selected_answers] answer answer='One annotator per entry (no quality control)' resource_mapping_key='Annotator assignment'
[options_details] answer answer='One annotator per entry (no quality control)' resource_mapping_key='Annotator assignment' answer_label_type_in_options_details='No type'
[property] answers property_label='Annotator assignment' key='Annotator assignment' answers=['One annotator per entry']
[resource] created label='One annotator per entry' class_id='C121027' id='R1552769'
[unmapped] categorical_created key='Annotator assignment' answer='One annotator per entry' id='R1552769'
[property] values_resolved property_label='Annotator assignment' key='Annotator assignment' result_ids=['R1552769']
[property] 10-values_resolved property_label='Annotator assignment' key='Annotator assignment' result_ids=['R1552769']
[sep] ────────────────────────────────────────────────────────────
[property] start predicate_id='' property_label='Level of application domain experience' key='Level of application domain experience' mapping='V.3'
[selected_answers] answer answer='Domain expert' resource_mapping_key='Level of application domain experience'
[options_details] answer answer='Domain expert' resource_mapping_key='Level of application domain experience' answer_label_type_in_options_details='No type'
[property] answers property_label='Level of application domain experience' key='Level of application domain experience' answers=['Domain expert']
[map] to_resource key='Level of application domain experience' answer='Domain expert' object_id='R1544299'
[property] values_resolved property_label='Level of application domain experience' key='Level of application domain experience' result_ids=['R1544299']
[property] 10-values_resolved property_label='Level of application domain experience' key='Level of application domain experience' result_ids=['R1544299']
[sep] ────────────────────────────────────────────────────────────
[property] start predicate_id='' property_label='Annotator identity' key='Annotator identity' mapping='V.4'
[selected_answers] answer answer='The designers of the technique/tool' resource_mapping_key='Annotator identity'
[options_details] answer answer='The designers of the technique/tool' resource_mapping_key='Annotator identity' answer_label_type_in_options_details='No type'
[property] answers property_label='Annotator identity' key='Annotator identity' answers=['The designers of the technique/tool']
[map] to_resource key='Annotator identity' answer='The designers of the technique/tool' object_id='R1544302'
[property] values_resolved property_label='Annotator identity' key='Annotator identity' result_ids=['R1544302']
[property] 10-values_resolved property_label='Annotator identity' key='Annotator identity' result_ids=['R1544302']
[subtemplate] end label='Annotator' class_id='C121026' subtemplate_id='R1544290'
[sep] ────────────────────────────────────────────────────────────
[sep] ────────────────────────────────────────────────────────────
[sep] ──────────────────────────────────────────────────────────── SUBTEMPLATE Annotation scheme ────────────────────────────────────────────────────────────
[subtemplate] start label='Annotation scheme' class_id='C121030' subtemplate_id='R1544307'
[sep] ────────────────────────────────────────────────────────────
[property] start predicate_id='' property_label='Scheme establishment' key='Scheme establishement' mapping='V.5'
[property] no_answers property_label='Scheme establishment'
[sep] ────────────────────────────────────────────────────────────
[property] start predicate_id='' property_label='Guideline availability' key='Guideline availability' mapping='V.6'
[selected_answers] answer answer='No' resource_mapping_key='Guideline availability'
[options_details] answer answer='No' resource_mapping_key='Guideline availability' answer_label_type_in_options_details='No type'
[property] answers property_label='Guideline availability' key='Guideline availability' answers=['No']
[map] to_resource key='Guideline availability' answer='No' object_id='R1544314'
[property] values_resolved property_label='Guideline availability' key='Guideline availability' result_ids=['R1544314']
[property] 10-values_resolved property_label='Guideline availability' key='Guideline availability' result_ids=['R1544314']
[subtemplate] end label='Annotation scheme' class_id='C121030' subtemplate_id='R1544307'
[sep] ────────────────────────────────────────────────────────────
[sep] ────────────────────────────────────────────────────────────
[property] start predicate_id='' property_label='Shared material' key='Shared material' mapping='V.7'
[selected_answers] answer answer='No' resource_mapping_key='Shared material'
[options_details] answer answer='No' resource_mapping_key='Shared material' answer_label_type_in_options_details='No type'
[property] answers property_label='Shared material' key='Shared material' answers=['No']
[map] to_resource key='Shared material' answer='No' object_id='R1544319'
[property] values_resolved property_label='Shared material' key='Shared material' result_ids=['R1544319']
[property] 10-values_resolved property_label='Shared material' key='Shared material' result_ids=['R1544319']
[sep] ────────────────────────────────────────────────────────────
[property] start predicate_id='' property_label='Fatigue mitigation technique' key='Fatigue mitigation technique' mapping='V.8'
[selected_answers] answer answer='No' resource_mapping_key='Fatigue mitigation technique'
[options_details] answer answer='No' resource_mapping_key='Fatigue mitigation technique' answer_label_type_in_options_details='No type'
[property] answers property_label='Fatigue mitigation technique' key='Fatigue mitigation technique' answers=['No']
[map] to_resource key='Fatigue mitigation technique' answer='No' object_id='R1544324'
[property] values_resolved property_label='Fatigue mitigation technique' key='Fatigue mitigation technique' result_ids=['R1544324']
[property] 10-values_resolved property_label='Fatigue mitigation technique' key='Fatigue mitigation technique' result_ids=['R1544324']
[sep] ────────────────────────────────────────────────────────────
[sep] ──────────────────────────────────────────────────────────── SUBTEMPLATE Annotator agreement ────────────────────────────────────────────────────────────
[subtemplate] start label='Annotator agreement' class_id='C121035' subtemplate_id='R1544326'
[sep] ────────────────────────────────────────────────────────────
[property] start predicate_id='' property_label='Intercoder reliability metric' key='Intercoder reliability metric' mapping='V.9'
[property] no_answers property_label='Intercoder reliability metric'
[sep] ────────────────────────────────────────────────────────────
[property] start predicate_id='' property_label='Conflict resolution' key='Conflict resolution' mapping='V.10'
[property] no_answers property_label='Conflict resolution'
[sep] ────────────────────────────────────────────────────────────
[property] start predicate_id='' property_label='Measured agreement' key='Measured agreement' mapping='V.11'
[property] no_answers property_label='Measured agreement'
[literal] created key='Measured agreement' answer='Not reported' id='L3614197'
[subtemplate] end label='Annotator agreement' class_id='C121035' subtemplate_id='R1544326'
[sep] ────────────────────────────────────────────────────────────
[subtemplate] end label='Annotation process' class_id='C121025' subtemplate_id='R1544287'
[sep] ────────────────────────────────────────────────────────────
[link] created s='R1552758' p='P181031' o='R1552767'
[sep] ──────────────────────────────────────────────────────────── PREDICATE P181046 ────────────────────────────────────────────────────────────
[section] predicate id='P181046' label='Implemented approach'
[sep] ──────────────────────────────────────────────────────────── SUBTEMPLATE Implemented approach ────────────────────────────────────────────────────────────
[subtemplate] start label='Implemented approach' class_id='C121038' subtemplate_id='R1544363'
[sep] ────────────────────────────────────────────────────────────
[property] start predicate_id='' property_label='Approach type' key='Approach type' mapping='VI.1'
[selected_answers] answer answer='Rule-based' resource_mapping_key='Approach type'
[options_details] answer answer='Rule-based' resource_mapping_key='Approach type' answer_label_type_in_options_details='No type'
[property] answers property_label='Approach type' key='Approach type' answers=['Rule-based']
[map] to_resource key='Approach type' answer='Rule-based' object_id='R1544366'
[property] values_resolved property_label='Approach type' key='Approach type' result_ids=['R1544366']
[property] 10-values_resolved property_label='Approach type' key='Approach type' result_ids=['R1544366']
[sep] ────────────────────────────────────────────────────────────
[property] start predicate_id='' property_label='Algorithm used' key='Algorithm used' mapping='VI.2'
[options_details] answer answer='algorithm defined by the authors' resource_mapping_key='Algorithm used' answer_label_type_in_options_details='Text'
[property] answers property_label='Algorithm used' key='Algorithm used' answers=['algorithm defined by the authors']
[resource] created label='algorithm defined by the authors' class_id='C121040' id='R1552773'
[unmapped] categorical_created key='Algorithm used' answer='algorithm defined by the authors' id='R1552773'
[property] values_resolved property_label='Algorithm used' key='Algorithm used' result_ids=['R1552773']
[property] 10-values_resolved property_label='Algorithm used' key='Algorithm used' result_ids=['R1552773']
[sep] ────────────────────────────────────────────────────────────
[property] start predicate_id='' property_label='Running requirements' key='Running requirements' mapping='VI.4'
[selected_answers] answer answer='No installation is needed' resource_mapping_key='Running requirements'
[selected_answers] answer answer='Compile and run' resource_mapping_key='Running requirements'
[options_details] answer answer='No installation is needed' resource_mapping_key='Running requirements' answer_label_type_in_options_details='No type'
[options_details] answer answer='Compile and run' resource_mapping_key='Running requirements' answer_label_type_in_options_details='No type'
[property] answers property_label='Running requirements' key='Running requirements' answers=['No installation is needed', 'Compile and run']
[map] to_resource key='Running requirements' answer='No installation is needed' object_id='R1544379'
[map] to_resource key='Running requirements' answer='Compile and run' object_id='R1544380'
[property] values_resolved property_label='Running requirements' key='Running requirements' result_ids=['R1544379', 'R1544380']
[property] 10-values_resolved property_label='Running requirements' key='Running requirements' result_ids=['R1544379', 'R1544380']
[sep] ────────────────────────────────────────────────────────────
[property] start predicate_id='' property_label='Documentation' key='Documentation' mapping='VI.5'
[selected_answers] answer answer='README file' resource_mapping_key='Documentation'
[selected_answers] answer answer='Pseudocode / illustration in the paper' resource_mapping_key='Documentation'
[selected_answers] answer answer='Wiki or dedicated website' resource_mapping_key='Documentation'
[selected_answers] answer answer='Ready-to-use examples' resource_mapping_key='Documentation'
[options_details] answer answer='README file' resource_mapping_key='Documentation' answer_label_type_in_options_details='No type'
[options_details] answer answer='Pseudocode / illustration in the paper' resource_mapping_key='Documentation' answer_label_type_in_options_details='No type'
[options_details] answer answer='Wiki or dedicated website' resource_mapping_key='Documentation' answer_label_type_in_options_details='No type'
[options_details] answer answer='Ready-to-use examples' resource_mapping_key='Documentation' answer_label_type_in_options_details='No type'
[property] answers property_label='Documentation' key='Documentation' answers=['README file', 'Pseudocode / illustration in the paper', 'Wiki or dedicated website', 'Ready-to-use examples']
[map] to_resource key='Documentation' answer='README file' object_id='R1544390'
[resource] created label='Pseudocode / illustration in the paper' class_id='C121042' id='R1552774'
[unmapped] categorical_created key='Documentation' answer='Pseudocode / illustration in the paper' id='R1552774'
[map] to_resource key='Documentation' answer='Wiki or dedicated website' object_id='R1544391'
[map] to_resource key='Documentation' answer='Ready-to-use examples' object_id='R1544387'
[property] values_resolved property_label='Documentation' key='Documentation' result_ids=['R1544390', 'R1552774', 'R1544391', 'R1544387']
[property] 10-values_resolved property_label='Documentation' key='Documentation' result_ids=['R1544390', 'R1552774', 'R1544391', 'R1544387']
[sep] ────────────────────────────────────────────────────────────
[property] start predicate_id='' property_label='Dependency' key='Dependency' mapping='VI.6'
[selected_answers] answer answer='Open source libraries / software' resource_mapping_key='Dependency'
[options_details] answer answer='Open source libraries / software' resource_mapping_key='Dependency' answer_label_type_in_options_details='No type'
[property] answers property_label='Dependency' key='Dependency' answers=['Open source libraries / software']
[map] to_resource key='Dependency' answer='Open source libraries / software' object_id='R1544394'
[property] values_resolved property_label='Dependency' key='Dependency' result_ids=['R1544394']
[property] 10-values_resolved property_label='Dependency' key='Dependency' result_ids=['R1544394']
[sep] ────────────────────────────────────────────────────────────
[property] start predicate_id='' property_label='License type' key='License type' mapping='VI.8'
[selected_answers] answer answer='License: Modification for any purposes' resource_mapping_key='License type'
[options_details] answer answer='License: Modification for any purposes' resource_mapping_key='License type' answer_label_type_in_options_details='No type'
[property] answers property_label='License type' key='License type' answers=['License: Modification for any purposes']
[map] to_resource key='License type' answer='License: Modification for any purposes' object_id='R1544273'
[property] values_resolved property_label='License type' key='License type' result_ids=['R1544273']
[property] 10-values_resolved property_label='License type' key='License type' result_ids=['R1544273']
[sep] ────────────────────────────────────────────────────────────
[sep] ──────────────────────────────────────────────────────────── SUBTEMPLATE Release ────────────────────────────────────────────────────────────
[subtemplate] start label='Release' class_id='C121044' subtemplate_id='R1544401'
[sep] ────────────────────────────────────────────────────────────
[property] start predicate_id='' property_label='Release format' key='Release format' mapping='VI.3'
[selected_answers] answer answer='Tool (e.g., a binary file) -- standalone' resource_mapping_key='Release format'
[selected_answers] answer answer='Source code' resource_mapping_key='Release format'
[options_details] answer answer='Tool (e.g., a binary file) -- standalone' resource_mapping_key='Release format' answer_label_type_in_options_details='No type'
[options_details] answer answer='Source code' resource_mapping_key='Release format' answer_label_type_in_options_details='No type'
[property] answers property_label='Release format' key='Release format' answers=['Tool -- standalone', 'Source code']
[resource] created label='Tool -- standalone' class_id='C121046' id='R1552776'
[unmapped] categorical_created key='Release format' answer='Tool -- standalone' id='R1552776'
[map] to_resource key='Release format' answer='Source code' object_id='R1544410'
[property] values_resolved property_label='Release format' key='Release format' result_ids=['R1552776', 'R1544410']
[property] 10-values_resolved property_label='Release format' key='Release format' result_ids=['R1552776', 'R1544410']
[sep] ────────────────────────────────────────────────────────────
[property] start predicate_id='' property_label='Location type' key='Tool location type' mapping='VI.7'
[selected_answers] answer answer='In a repository' resource_mapping_key='Tool location type'
[options_details] answer answer='In a repository' resource_mapping_key='Tool location type' answer_label_type_in_options_details='No type'
[property] answers property_label='Location type' key='Tool location type' answers=['In a repository']
[map] to_resource key='Tool location type' answer='In a repository' object_id='R1544415'
[property] values_resolved property_label='Location type' key='Tool location type' result_ids=['R1544415']
[property] 10-values_resolved property_label='Location type' key='Tool location type' result_ids=['R1544415']
[sep] ────────────────────────────────────────────────────────────
[property] start predicate_id='' property_label='URL' key='url' mapping='VI.9'
[options_details] answer answer='https://github.com/LASER-UMASS/Swami' resource_mapping_key='url' answer_label_type_in_options_details='Text'
[property] answers property_label='URL' key='url' answers=['https://github.com/LASER-UMASS/Swami']
[literal] created key='url' answer='https://github.com/LASER-UMASS/Swami' id='L3614198'
[property] values_resolved property_label='URL' key='url' result_ids=['L3614198']
[property] 10-values_resolved property_label='URL' key='url' result_ids=['L3614198']
[subtemplate] end label='Release' class_id='C121044' subtemplate_id='R1544401'
[sep] ────────────────────────────────────────────────────────────
[subtemplate] end label='Implemented approach' class_id='C121038' subtemplate_id='R1544363'
[sep] ────────────────────────────────────────────────────────────
[link] created s='R1552758' p='P181046' o='R1552772'
[sep] ──────────────────────────────────────────────────────────── PREDICATE HAS_EVALUATION ────────────────────────────────────────────────────────────
[section] predicate id='HAS_EVALUATION' label='Evaluation'
[sep] ──────────────────────────────────────────────────────────── SUBTEMPLATE Evaluation ────────────────────────────────────────────────────────────
[subtemplate] start label='Evaluation' class_id='C121047' subtemplate_id='R1544421'
[sep] ────────────────────────────────────────────────────────────
[property] start predicate_id='' property_label='Evaluation metric' key='Evaluation metric' mapping='VII.1'
[selected_answers] answer answer='Precision/Recall' resource_mapping_key='Evaluation metric'
[selected_answers] answer answer='Other/Comments' resource_mapping_key='Evaluation metric'
[selected_answers] answer answer='good tests, bad tests, innocuous tests' resource_mapping_key='Evaluation metric'
[options_details] answer answer='Precision/Recall' resource_mapping_key='Evaluation metric' answer_label_type_in_options_details='No type'
[options_details] answer answer='Other/Comments' resource_mapping_key='Evaluation metric' answer_label_type_in_options_details='No type'
[options_details] answer answer='good tests, bad tests, innocuous tests' resource_mapping_key='Evaluation metric' answer_label_type_in_options_details='Text'
[property] answers property_label='Evaluation metric' key='Evaluation metric' answers=['Precision/Recall', 'Other/Comments', 'good tests', 'bad tests', 'innocuous tests']
[map] to_resource key='Evaluation metric' answer='Precision/Recall' object_id='R1544436'
[unmapped] other_value_skipped key='Evaluation metric' answer='Other/Comments'
[unmapped] other_value_skipped_resource_should_not_be_created key='Evaluation metric' answer='Other/Comments'
[unmapped] other_context_skipped key='Evaluation metric' answer='good tests'
[resource] created label='good tests' class_id='C121048' id='R1552778'
[map] to_resource key='Evaluation metric' answer='good tests' object_id='R1552778'
[resource] created label='bad tests' class_id='C121048' id='R1552779'
[unmapped] categorical_created key='Evaluation metric' answer='bad tests' id='R1552779'
[resource] created label='innocuous tests' class_id='C121048' id='R1552780'
[unmapped] categorical_created key='Evaluation metric' answer='innocuous tests' id='R1552780'
[property] values_resolved property_label='Evaluation metric' key='Evaluation metric' result_ids=['R1544436', 'R1552778', 'R1552779', 'R1552780']
[property] 10-values_resolved property_label='Evaluation metric' key='Evaluation metric' result_ids=['R1544436', 'R1552778', 'R1552779', 'R1552780']
[sep] ────────────────────────────────────────────────────────────
[property] start predicate_id='' property_label='Validation procedure' key='Validation procedure' mapping='VII.2'
[selected_answers] answer answer='Entire dataset' resource_mapping_key='Validation procedure'
[options_details] answer answer='Entire dataset' resource_mapping_key='Validation procedure' answer_label_type_in_options_details='No type'
[property] answers property_label='Validation procedure' key='Validation procedure' answers=['Entire dataset']
[map] to_resource key='Validation procedure' answer='Entire dataset' object_id='R1544446'
[property] values_resolved property_label='Validation procedure' key='Validation procedure' result_ids=['R1544446']
[property] 10-values_resolved property_label='Validation procedure' key='Validation procedure' result_ids=['R1544446']
[sep] ────────────────────────────────────────────────────────────
[sep] ──────────────────────────────────────────────────────────── SUBTEMPLATE Baseline comparison ────────────────────────────────────────────────────────────
[subtemplate] start label='Baseline comparison' class_id='C121050' subtemplate_id='R1544450'
[sep] ────────────────────────────────────────────────────────────
[property] start predicate_id='' property_label='Baseline comparison type' key='Baseline comparison type' mapping='VII.3'
[selected_answers] answer answer='Human baseline' resource_mapping_key='Baseline comparison type'
[options_details] answer answer='Human baseline' resource_mapping_key='Baseline comparison type' answer_label_type_in_options_details='No type'
[property] answers property_label='Baseline comparison type' key='Baseline comparison type' answers=['Human baseline']
[map] to_resource key='Baseline comparison type' answer='Human baseline' object_id='R1544452'
[property] values_resolved property_label='Baseline comparison type' key='Baseline comparison type' result_ids=['R1544452']
[property] 10-values_resolved property_label='Baseline comparison type' key='Baseline comparison type' result_ids=['R1544452']
[sep] ────────────────────────────────────────────────────────────
[property] start predicate_id='' property_label='Baseline comparison details' key='Baseline comparison details' mapping='VII.4'
[options_details] answer answer='compared against test cases for the same projects developed manually by developers, and checked coverage differences.' resource_mapping_key='Baseline comparison details' answer_label_type_in_options_details='Text'
[property] answers property_label='Baseline comparison details' key='Baseline comparison details' answers=['compared against test cases for the same projects developed manually by developers, and checked coverage differences.']
[literal] created key='Baseline comparison details' answer='compared against test cases for the same projects developed manually by developers, and checked coverage differences.' id='L3614199'
[property] values_resolved property_label='Baseline comparison details' key='Baseline comparison details' result_ids=['L3614199']
[property] 10-values_resolved property_label='Baseline comparison details' key='Baseline comparison details' result_ids=['L3614199']
[subtemplate] end label='Baseline comparison' class_id='C121050' subtemplate_id='R1544450'
[sep] ────────────────────────────────────────────────────────────
[subtemplate] end label='Evaluation' class_id='C121047' subtemplate_id='R1544421'
[sep] ────────────────────────────────────────────────────────────
[link] created s='R1552758' p='HAS_EVALUATION' o='R1552777'
