[run] start run_id='88d3dc25'
[connect] ok host='https://orkg.org'
[json] loaded path='/Users/amirrezaalasti/Desktop/TIB/nlp4re/pdf_files/Automated_Import_to_ORKG/TRACE_5.json'
[run] instance run_id='88d3dc25' instance_id='R1552338'
[sep] ──────────────────────────────────────────────────────────── PREDICATE P181002 ────────────────────────────────────────────────────────────
[section] predicate id='P181002' label='RE task'
[property] start predicate_id='' property_label='RE task' key='RE task' mapping='I.1'
[selected_answers] answer answer='Requirements tracing' resource_mapping_key='RE task'
[options_details] answer answer='Requirements tracing' resource_mapping_key='RE task' answer_label_type_in_options_details='No type'
[property] answers property_label='RE task' key='RE task' answers=['Requirements tracing']
[map] to_resource key='RE task' answer='Requirements tracing' object_id='R1544133'
[property] values_resolved property_label='RE task' key='RE task' result_ids=['R1544133']
[link] created s='R1552338' p='P181002' o='R1544133'
[sep] ──────────────────────────────────────────────────────────── PREDICATE P181003 ────────────────────────────────────────────────────────────
[section] predicate id='P181003' label='NLP task'
[sep] ──────────────────────────────────────────────────────────── SUBTEMPLATE NLP task ────────────────────────────────────────────────────────────
[subtemplate] start label='NLP task' class_id='C121004' subtemplate_id='R1544138'
[sep] ────────────────────────────────────────────────────────────
[property] start predicate_id='' property_label='NLP task type' key='NLP task type' mapping='II.1'
[selected_answers] answer answer='Information retrieval' resource_mapping_key='NLP task type'
[options_details] answer answer='Information retrieval' resource_mapping_key='NLP task type' answer_label_type_in_options_details='No type'
[property] answers property_label='NLP task type' key='NLP task type' answers=['Information retrieval']
[map] to_resource key='NLP task type' answer='Information retrieval' object_id='R1544149'
[property] values_resolved property_label='NLP task type' key='NLP task type' result_ids=['R1544149']
[property] 10-values_resolved property_label='NLP task type' key='NLP task type' result_ids=['R1544149']
[sep] ────────────────────────────────────────────────────────────
[property] start predicate_id='' property_label='NLP task input' key='NLP task input' mapping='III.1'
[selected_answers] answer answer='Sentences' resource_mapping_key='NLP task input'
[options_details] answer answer='Sentences' resource_mapping_key='NLP task input' answer_label_type_in_options_details='No type'
[property] answers property_label='NLP task input' key='NLP task input' answers=['Sentences']
[map] to_resource key='NLP task input' answer='Sentences' object_id='R1544152'
[property] values_resolved property_label='NLP task input' key='NLP task input' result_ids=['R1544152']
[property] 10-values_resolved property_label='NLP task input' key='NLP task input' result_ids=['R1544152']
[sep] ────────────────────────────────────────────────────────────
[sep] ──────────────────────────────────────────────────────────── SUBTEMPLATE NLP task output ────────────────────────────────────────────────────────────
[subtemplate] start label='NLP task output' class_id='C121007' subtemplate_id='R1544158'
[sep] ────────────────────────────────────────────────────────────
[property] start predicate_id='' property_label='NLP task output classification label' key='NLP task output classification label' mapping='III.3'
[property] no_answers property_label='NLP task output classification label'
[literal] created key='NLP task output classification label' answer='Not reported' id='L3614028'
[sep] ────────────────────────────────────────────────────────────
[property] start predicate_id='' property_label='NLP task output extracted element' key='NLP task output extracted element' mapping='III.5'
[property] no_answers property_label='NLP task output extracted element'
[literal] created key='NLP task output extracted element' answer='Not reported' id='L3614029'
[sep] ────────────────────────────────────────────────────────────
[property] start predicate_id='' property_label='NLP task output translation mapping cardinality' key='NLP task output translation mapping cardinality' mapping='III.7'
[property] no_answers property_label='NLP task output translation mapping cardinality'
[sep] ────────────────────────────────────────────────────────────
[property] start predicate_id='' property_label='NLP task output type' key='NLP task output type' mapping="['III.2', 'III.4', 'III.6', 'III.8', 'III.9']"
[selected_answers] answer answer='Sentences' resource_mapping_key='NLP task output type'
[selected_answers] answer answer='Other (e.g., models, trace links, diagrams, code comments)/Comments' resource_mapping_key='NLP task output type'
[selected_answers] answer answer='code' resource_mapping_key='NLP task output type'
[options_details] answer answer='Sentences' resource_mapping_key='NLP task output type' answer_label_type_in_options_details='No type'
[options_details] answer answer='Other (e.g., models, trace links, diagrams, code comments)/Comments' resource_mapping_key='NLP task output type' answer_label_type_in_options_details='No type'
[options_details] answer answer='code' resource_mapping_key='NLP task output type' answer_label_type_in_options_details='Text'
[property] answers property_label='NLP task output type' key='NLP task output type' answers=['Sentences', 'Other /Comments', 'code']
[map] to_resource key='NLP task output type' answer='Sentences' object_id='R1544173'
[unmapped] other_value_skipped key='NLP task output type' answer='Other /Comments'
[unmapped] other_value_skipped_resource_should_not_be_created key='NLP task output type' answer='Other /Comments'
[unmapped] other_context_skipped key='NLP task output type' answer='code'
[resource] created label='code' class_id='C121008' id='R1552341'
[map] to_resource key='NLP task output type' answer='code' object_id='R1552341'
[property] values_resolved property_label='NLP task output type' key='NLP task output type' result_ids=['R1544173', 'R1552341']
[property] 10-values_resolved property_label='NLP task output type' key='NLP task output type' result_ids=['R1544173', 'R1552341']
[subtemplate] end label='NLP task output' class_id='C121007' subtemplate_id='R1544158'
[sep] ────────────────────────────────────────────────────────────
[subtemplate] end label='NLP task' class_id='C121004' subtemplate_id='R1544138'
[sep] ────────────────────────────────────────────────────────────
[link] created s='R1552338' p='P181003' o='R1552339'
[sep] ──────────────────────────────────────────────────────────── PREDICATE P181011 ────────────────────────────────────────────────────────────
[section] predicate id='P181011' label='NLP dataset'
[sep] ──────────────────────────────────────────────────────────── SUBTEMPLATE NLP dataset ────────────────────────────────────────────────────────────
[subtemplate] start label='NLP dataset' class_id='C121010' subtemplate_id='R1544216'
[sep] ────────────────────────────────────────────────────────────
[property] start predicate_id='' property_label='NLP data item' key='NLP data item' mapping='IV.1'
[options_details] answer answer='314 requirements-source code links\r394 requirements-source code links\r361 requirements-requirements traces' resource_mapping_key='NLP data item' answer_label_type_in_options_details='Text'
[property] answers property_label='NLP data item' key='NLP data item' answers=['314 requirements-source code links\r394 requirements-source code links\r361 requirements-requirements traces']
[literal] created key='NLP data item' answer='314 requirements-source code links\r394 requirements-source code links\r361 requirements-requirements traces' id='L3614030'
[property] values_resolved property_label='NLP data item' key='NLP data item' result_ids=['L3614030']
[property] 10-values_resolved property_label='NLP data item' key='NLP data item' result_ids=['L3614030']
[sep] ────────────────────────────────────────────────────────────
[property] start predicate_id='' property_label='NLP data production time' key='NLP data prodcution time' mapping='IV.2'
[property] no_answers property_label='NLP data production time'
[literal] created key='NLP data prodcution time' answer='Not reported' id='L3614031'
[sep] ────────────────────────────────────────────────────────────
[sep] ──────────────────────────────────────────────────────────── SUBTEMPLATE NLP data source ────────────────────────────────────────────────────────────
[subtemplate] start label='NLP data source' class_id='C121011' subtemplate_id='R1544223'
[sep] ────────────────────────────────────────────────────────────
[property] start predicate_id='' property_label='NLP data source type' key='NLP data source type' mapping='IV.3'
[selected_answers] answer answer='Industrial project, publicly available data' resource_mapping_key='NLP data source type'
[options_details] answer answer='Industrial project, publicly available data' resource_mapping_key='NLP data source type' answer_label_type_in_options_details='No type'
[property] answers property_label='NLP data source type' key='NLP data source type' answers=['Industrial project, publicly available data']
[map] to_resource key='NLP data source type' answer='Industrial project, publicly available data' object_id='R1544230'
[property] values_resolved property_label='NLP data source type' key='NLP data source type' result_ids=['R1544230']
[property] 10-values_resolved property_label='NLP data source type' key='NLP data source type' result_ids=['R1544230']
[sep] ────────────────────────────────────────────────────────────
[property] start predicate_id='' property_label='Number of data sources' key='Number of data sources' mapping='IV.9'
[options_details] answer answer='3' resource_mapping_key='Number of data sources' answer_label_type_in_options_details='Text'
[property] answers property_label='Number of data sources' key='Number of data sources' answers=['3']
[Integer literal] fallback_to_text key='Number of data sources' answer='3'
[literal] created key='Number of data sources' answer='3' id='L3614032'
[property] values_resolved property_label='Number of data sources' key='Number of data sources' result_ids=['L3614032']
[property] 10-values_resolved property_label='Number of data sources' key='Number of data sources' result_ids=['L3614032']
[sep] ────────────────────────────────────────────────────────────
[property] start predicate_id='' property_label='NLP data source domain' key='NLP data source domain' mapping='IV.8'
[options_details] answer answer='medical, information systems, aerospace' resource_mapping_key='NLP data source domain' answer_label_type_in_options_details='Text'
[property] answers property_label='NLP data source domain' key='NLP data source domain' answers=['medical', 'information systems', 'aerospace']
[resource] created label='medical' class_id='C121053' id='R1552344'
[unmapped] categorical_created key='NLP data source domain' answer='medical' id='R1552344'
[resource] created label='information systems' class_id='C121053' id='R1552345'
[unmapped] categorical_created key='NLP data source domain' answer='information systems' id='R1552345'
[resource] created label='aerospace' class_id='C121053' id='R1552346'
[unmapped] categorical_created key='NLP data source domain' answer='aerospace' id='R1552346'
[property] values_resolved property_label='NLP data source domain' key='NLP data source domain' result_ids=['R1552344', 'R1552345', 'R1552346']
[property] 10-values_resolved property_label='NLP data source domain' key='NLP data source domain' result_ids=['R1552344', 'R1552345', 'R1552346']
[subtemplate] end label='NLP data source' class_id='C121011' subtemplate_id='R1544223'
[sep] ────────────────────────────────────────────────────────────
[sep] ────────────────────────────────────────────────────────────
[property] start predicate_id='' property_label='NLP data abstraction level' key='NLP data abstraction level' mapping='IV.4'
[selected_answers] answer answer='System-level' resource_mapping_key='NLP data abstraction level'
[selected_answers] answer answer='Code-level' resource_mapping_key='NLP data abstraction level'
[options_details] answer answer='System-level' resource_mapping_key='NLP data abstraction level' answer_label_type_in_options_details='No type'
[options_details] answer answer='Code-level' resource_mapping_key='NLP data abstraction level' answer_label_type_in_options_details='No type'
[property] answers property_label='NLP data abstraction level' key='NLP data abstraction level' answers=['System-level', 'Code-level']
[map] to_resource key='NLP data abstraction level' answer='System-level' object_id='R1544241'
[map] to_resource key='NLP data abstraction level' answer='Code-level' object_id='R1544242'
[property] values_resolved property_label='NLP data abstraction level' key='NLP data abstraction level' result_ids=['R1544241', 'R1544242']
[property] 10-values_resolved property_label='NLP data abstraction level' key='NLP data abstraction level' result_ids=['R1544241', 'R1544242']
[sep] ────────────────────────────────────────────────────────────
[sep] ──────────────────────────────────────────────────────────── SUBTEMPLATE NLP data type ────────────────────────────────────────────────────────────
[subtemplate] start label='NLP data type' class_id='C121015' subtemplate_id='R1544245'
[sep] ────────────────────────────────────────────────────────────
[property] start predicate_id='' property_label='NLP data format' key='NLP data format' mapping='IV.5'
[selected_answers] answer answer='"Shall" requirements' resource_mapping_key='NLP data format'
[selected_answers] answer answer='Other artefacts (e.g., slides)/Comments' resource_mapping_key='NLP data format'
[selected_answers] answer answer='code' resource_mapping_key='NLP data format'
[options_details] answer answer='"Shall" requirements' resource_mapping_key='NLP data format' answer_label_type_in_options_details='No type'
[options_details] answer answer='Other artefacts (e.g., slides)/Comments' resource_mapping_key='NLP data format' answer_label_type_in_options_details='No type'
[options_details] answer answer='code' resource_mapping_key='NLP data format' answer_label_type_in_options_details='Text'
[property] answers property_label='NLP data format' key='NLP data format' answers=['"Shall" requirements', 'Other artefacts /Comments', 'code']
[map] to_resource key='NLP data format' answer='"Shall" requirements' object_id='R1544249'
[resource] created label='Other artefacts /Comments' class_id='C121016' id='R1552348'
[map] to_resource key='NLP data format' answer='Other artefacts /Comments' object_id='R1552348'
[resource] created label='code' class_id='C121016' id='R1552349'
[unmapped] categorical_created key='NLP data format' answer='code' id='R1552349'
[property] values_resolved property_label='NLP data format' key='NLP data format' result_ids=['R1544249', 'R1552348', 'R1552349']
[property] 10-values_resolved property_label='NLP data format' key='NLP data format' result_ids=['R1544249', 'R1552348', 'R1552349']
[sep] ────────────────────────────────────────────────────────────
[property] start predicate_id='' property_label='Rigor of data format' key='Rigor of data format' mapping='IV.6'
[selected_answers] answer answer='Unconstrained natural language' resource_mapping_key='Rigor of data format'
[options_details] answer answer='Unconstrained natural language' resource_mapping_key='Rigor of data format' answer_label_type_in_options_details='No type'
[property] answers property_label='Rigor of data format' key='Rigor of data format' answers=['Unconstrained natural language']
[map] to_resource key='Rigor of data format' answer='Unconstrained natural language' object_id='R1544258'
[property] values_resolved property_label='Rigor of data format' key='Rigor of data format' result_ids=['R1544258']
[property] 10-values_resolved property_label='Rigor of data format' key='Rigor of data format' result_ids=['R1544258']
[sep] ────────────────────────────────────────────────────────────
[property] start predicate_id='' property_label='Natural language' key='Natural language' mapping='IV.7'
[options_details] answer answer='English' resource_mapping_key='Natural language' answer_label_type_in_options_details='Text'
[property] answers property_label='Natural language' key='Natural language' answers=['English']
[literal] created key='Natural language' answer='English' id='L3614033'
[property] values_resolved property_label='Natural language' key='Natural language' result_ids=['L3614033']
[property] 10-values_resolved property_label='Natural language' key='Natural language' result_ids=['L3614033']
[subtemplate] end label='NLP data type' class_id='C121015' subtemplate_id='R1544245'
[sep] ────────────────────────────────────────────────────────────
[sep] ────────────────────────────────────────────────────────────
[sep] ──────────────────────────────────────────────────────────── SUBTEMPLATE License ────────────────────────────────────────────────────────────
[subtemplate] start label='License' class_id='C121018' subtemplate_id='R1544265'
[sep] ────────────────────────────────────────────────────────────
[property] start predicate_id='' property_label='Public availability' key='Public availability' mapping='IV.10'
[selected_answers] answer answer='Fully' resource_mapping_key='Public availability'
[options_details] answer answer='Fully' resource_mapping_key='Public availability' answer_label_type_in_options_details='No type'
[property] answers property_label='Public availability' key='Public availability' answers=['Fully']
[map] to_resource key='Public availability' answer='Fully' object_id='R1544267'
[property] values_resolved property_label='Public availability' key='Public availability' result_ids=['R1544267']
[property] 10-values_resolved property_label='Public availability' key='Public availability' result_ids=['R1544267']
[sep] ────────────────────────────────────────────────────────────
[property] start predicate_id='' property_label='License type' key='License type' mapping='IV.11'
[selected_answers] answer answer='No license' resource_mapping_key='License type'
[options_details] answer answer='No license' resource_mapping_key='License type' answer_label_type_in_options_details='No type'
[property] answers property_label='License type' key='License type' answers=['No license']
[map] to_resource key='License type' answer='No license' object_id='R1544274'
[property] values_resolved property_label='License type' key='License type' result_ids=['R1544274']
[property] 10-values_resolved property_label='License type' key='License type' result_ids=['R1544274']
[subtemplate] end label='License' class_id='C121018' subtemplate_id='R1544265'
[sep] ────────────────────────────────────────────────────────────
[sep] ────────────────────────────────────────────────────────────
[sep] ──────────────────────────────────────────────────────────── SUBTEMPLATE Dataset location ────────────────────────────────────────────────────────────
[subtemplate] start label='Dataset location' class_id='C121022' subtemplate_id='R1544278'
[sep] ────────────────────────────────────────────────────────────
[property] start predicate_id='' property_label='Location type' key='Dataset location type' mapping='IV.12'
[selected_answers] answer answer='Other/Comments' resource_mapping_key='Dataset location type'
[selected_answers] answer answer='Dataset available from other studies' resource_mapping_key='Dataset location type'
[options_details] answer answer='Other/Comments' resource_mapping_key='Dataset location type' answer_label_type_in_options_details='No type'
[options_details] answer answer='Dataset available from other studies' resource_mapping_key='Dataset location type' answer_label_type_in_options_details='Text'
[property] answers property_label='Location type' key='Dataset location type' answers=['Other/Comments', 'Dataset available from other studies']
[unmapped] other_value_skipped key='Dataset location type' answer='Other/Comments'
[unmapped] other_value_skipped_resource_should_not_be_created key='Dataset location type' answer='Other/Comments'
[unmapped] other_context_skipped key='Dataset location type' answer='Dataset available from other studies'
[resource] created label='Dataset available from other studies' class_id='C121024' id='R1552352'
[map] to_resource key='Dataset location type' answer='Dataset available from other studies' object_id='R1552352'
[property] values_resolved property_label='Location type' key='Dataset location type' result_ids=['R1552352']
[property] 10-values_resolved property_label='Location type' key='Dataset location type' result_ids=['R1552352']
[sep] ────────────────────────────────────────────────────────────
[property] start predicate_id='' property_label='URL' key='url' mapping='IV.13'
[options_details] answer answer='http://www.cs.wm.edu/semeru/tefse2011/, http://mdp.ivv.nasa.gov/mdp_glossary.html#CM1, 5 http://www.cs.technion.ac.il/~gabr/resources/code/esa/esa.htm' resource_mapping_key='url' answer_label_type_in_options_details='Text'
[property] answers property_label='URL' key='url' answers=['http://www.cs.wm.edu/semeru/tefse2011/', 'http://mdp.ivv.nasa.gov/mdp_glossary.html#CM1', '5 http://www.cs.technion.ac.il/~gabr/resources/code/esa/esa.htm']
[literal] created key='url' answer='http://www.cs.wm.edu/semeru/tefse2011/' id='L3614034'
[literal] created key='url' answer='http://mdp.ivv.nasa.gov/mdp_glossary.html#CM1' id='L3614035'
[literal] created key='url' answer='5 http://www.cs.technion.ac.il/~gabr/resources/code/esa/esa.htm' id='L3614036'
[property] values_resolved property_label='URL' key='url' result_ids=['L3614034', 'L3614035', 'L3614036']
[property] 10-values_resolved property_label='URL' key='url' result_ids=['L3614034', 'L3614035', 'L3614036']
[subtemplate] end label='Dataset location' class_id='C121022' subtemplate_id='R1544278'
[sep] ────────────────────────────────────────────────────────────
[subtemplate] end label='NLP dataset' class_id='C121010' subtemplate_id='R1544216'
[sep] ────────────────────────────────────────────────────────────
[link] created s='R1552338' p='P181011' o='R1552342'
[sep] ──────────────────────────────────────────────────────────── PREDICATE P181031 ────────────────────────────────────────────────────────────
[section] predicate id='P181031' label='Annotation process'
[sep] ──────────────────────────────────────────────────────────── SUBTEMPLATE Annotation process ────────────────────────────────────────────────────────────
[subtemplate] start label='Annotation process' class_id='C121025' subtemplate_id='R1544287'
[sep] ────────────────────────────────────────────────────────────
[sep] ──────────────────────────────────────────────────────────── SUBTEMPLATE Annotator ────────────────────────────────────────────────────────────
[subtemplate] start label='Annotator' class_id='C121026' subtemplate_id='R1544290'
[sep] ────────────────────────────────────────────────────────────
[property] start predicate_id='' property_label='Number of annotators' key='Number of annotators' mapping='V.1'
[property] no_answers property_label='Number of annotators'
[sep] ────────────────────────────────────────────────────────────
[property] start predicate_id='' property_label='Annotator assignment' key='Annotator assignment' mapping='V.2'
[property] no_answers property_label='Annotator assignment'
[sep] ────────────────────────────────────────────────────────────
[property] start predicate_id='' property_label='Level of application domain experience' key='Level of application domain experience' mapping='V.3'
[property] no_answers property_label='Level of application domain experience'
[sep] ────────────────────────────────────────────────────────────
[property] start predicate_id='' property_label='Annotator identity' key='Annotator identity' mapping='V.4'
[property] no_answers property_label='Annotator identity'
[subtemplate] end label='Annotator' class_id='C121026' subtemplate_id='R1544290'
[sep] ────────────────────────────────────────────────────────────
[sep] ────────────────────────────────────────────────────────────
[sep] ──────────────────────────────────────────────────────────── SUBTEMPLATE Annotation scheme ────────────────────────────────────────────────────────────
[subtemplate] start label='Annotation scheme' class_id='C121030' subtemplate_id='R1544307'
[sep] ────────────────────────────────────────────────────────────
[property] start predicate_id='' property_label='Scheme establishment' key='Scheme establishement' mapping='V.5'
[property] no_answers property_label='Scheme establishment'
[sep] ────────────────────────────────────────────────────────────
[property] start predicate_id='' property_label='Guideline availability' key='Guideline availability' mapping='V.6'
[property] no_answers property_label='Guideline availability'
[subtemplate] end label='Annotation scheme' class_id='C121030' subtemplate_id='R1544307'
[sep] ────────────────────────────────────────────────────────────
[sep] ────────────────────────────────────────────────────────────
[property] start predicate_id='' property_label='Shared material' key='Shared material' mapping='V.7'
[property] no_answers property_label='Shared material'
[sep] ────────────────────────────────────────────────────────────
[property] start predicate_id='' property_label='Fatigue mitigation technique' key='Fatigue mitigation technique' mapping='V.8'
[selected_answers] answer answer='No' resource_mapping_key='Fatigue mitigation technique'
[options_details] answer answer='No' resource_mapping_key='Fatigue mitigation technique' answer_label_type_in_options_details='No type'
[property] answers property_label='Fatigue mitigation technique' key='Fatigue mitigation technique' answers=['No']
[map] to_resource key='Fatigue mitigation technique' answer='No' object_id='R1544324'
[property] values_resolved property_label='Fatigue mitigation technique' key='Fatigue mitigation technique' result_ids=['R1544324']
[property] 10-values_resolved property_label='Fatigue mitigation technique' key='Fatigue mitigation technique' result_ids=['R1544324']
[sep] ────────────────────────────────────────────────────────────
[sep] ──────────────────────────────────────────────────────────── SUBTEMPLATE Annotator agreement ────────────────────────────────────────────────────────────
[subtemplate] start label='Annotator agreement' class_id='C121035' subtemplate_id='R1544326'
[sep] ────────────────────────────────────────────────────────────
[property] start predicate_id='' property_label='Intercoder reliability metric' key='Intercoder reliability metric' mapping='V.9'
[property] no_answers property_label='Intercoder reliability metric'
[sep] ────────────────────────────────────────────────────────────
[property] start predicate_id='' property_label='Conflict resolution' key='Conflict resolution' mapping='V.10'
[property] no_answers property_label='Conflict resolution'
[sep] ────────────────────────────────────────────────────────────
[property] start predicate_id='' property_label='Measured agreement' key='Measured agreement' mapping='V.11'
[property] no_answers property_label='Measured agreement'
[literal] created key='Measured agreement' answer='Not reported' id='L3614037'
[subtemplate] end label='Annotator agreement' class_id='C121035' subtemplate_id='R1544326'
[sep] ────────────────────────────────────────────────────────────
[subtemplate] end label='Annotation process' class_id='C121025' subtemplate_id='R1544287'
[sep] ────────────────────────────────────────────────────────────
[link] created s='R1552338' p='P181031' o='R1552353'
[sep] ──────────────────────────────────────────────────────────── PREDICATE P181046 ────────────────────────────────────────────────────────────
[section] predicate id='P181046' label='Implemented approach'
[sep] ──────────────────────────────────────────────────────────── SUBTEMPLATE Implemented approach ────────────────────────────────────────────────────────────
[subtemplate] start label='Implemented approach' class_id='C121038' subtemplate_id='R1544363'
[sep] ────────────────────────────────────────────────────────────
[property] start predicate_id='' property_label='Approach type' key='Approach type' mapping='VI.1'
[selected_answers] answer answer='Rule-based' resource_mapping_key='Approach type'
[options_details] answer answer='Rule-based' resource_mapping_key='Approach type' answer_label_type_in_options_details='No type'
[property] answers property_label='Approach type' key='Approach type' answers=['Rule-based']
[map] to_resource key='Approach type' answer='Rule-based' object_id='R1544366'
[property] values_resolved property_label='Approach type' key='Approach type' result_ids=['R1544366']
[property] 10-values_resolved property_label='Approach type' key='Approach type' result_ids=['R1544366']
[sep] ────────────────────────────────────────────────────────────
[property] start predicate_id='' property_label='Algorithm used' key='Algorithm used' mapping='VI.2'
[options_details] answer answer='Similarity measurements defined by the authors' resource_mapping_key='Algorithm used' answer_label_type_in_options_details='Text'
[property] answers property_label='Algorithm used' key='Algorithm used' answers=['Similarity measurements defined by the authors']
[resource] created label='Similarity measurements defined by the authors' class_id='C121040' id='R1552358'
[unmapped] categorical_created key='Algorithm used' answer='Similarity measurements defined by the authors' id='R1552358'
[property] values_resolved property_label='Algorithm used' key='Algorithm used' result_ids=['R1552358']
[property] 10-values_resolved property_label='Algorithm used' key='Algorithm used' result_ids=['R1552358']
[sep] ────────────────────────────────────────────────────────────
[property] start predicate_id='' property_label='Running requirements' key='Running requirements' mapping='VI.4'
[property] no_answers property_label='Running requirements'
[sep] ────────────────────────────────────────────────────────────
[property] start predicate_id='' property_label='Documentation' key='Documentation' mapping='VI.5'
[property] no_answers property_label='Documentation'
[sep] ────────────────────────────────────────────────────────────
[property] start predicate_id='' property_label='Dependency' key='Dependency' mapping='VI.6'
[property] no_answers property_label='Dependency'
[sep] ────────────────────────────────────────────────────────────
[property] start predicate_id='' property_label='License type' key='License type' mapping='VI.8'
[property] no_answers property_label='License type'
[sep] ────────────────────────────────────────────────────────────
[sep] ──────────────────────────────────────────────────────────── SUBTEMPLATE Release ────────────────────────────────────────────────────────────
[subtemplate] start label='Release' class_id='C121044' subtemplate_id='R1544401'
[sep] ────────────────────────────────────────────────────────────
[property] start predicate_id='' property_label='Release format' key='Release format' mapping='VI.3'
[selected_answers] answer answer='No tool has been released' resource_mapping_key='Release format'
[options_details] answer answer='No tool has been released' resource_mapping_key='Release format' answer_label_type_in_options_details='No type'
[property] answers property_label='Release format' key='Release format' answers=['No tool has been released']
[map] to_resource key='Release format' answer='No tool has been released' object_id='R1544406'
[property] values_resolved property_label='Release format' key='Release format' result_ids=['R1544406']
[property] 10-values_resolved property_label='Release format' key='Release format' result_ids=['R1544406']
[sep] ────────────────────────────────────────────────────────────
[property] start predicate_id='' property_label='Location type' key='Tool location type' mapping='VI.7'
[property] no_answers property_label='Location type'
[sep] ────────────────────────────────────────────────────────────
[property] start predicate_id='' property_label='URL' key='url' mapping='VI.9'
[property] no_answers property_label='URL'
[subtemplate] end label='Release' class_id='C121044' subtemplate_id='R1544401'
[sep] ────────────────────────────────────────────────────────────
[subtemplate] end label='Implemented approach' class_id='C121038' subtemplate_id='R1544363'
[sep] ────────────────────────────────────────────────────────────
[link] created s='R1552338' p='P181046' o='R1552357'
[sep] ──────────────────────────────────────────────────────────── PREDICATE HAS_EVALUATION ────────────────────────────────────────────────────────────
[section] predicate id='HAS_EVALUATION' label='Evaluation'
[sep] ──────────────────────────────────────────────────────────── SUBTEMPLATE Evaluation ────────────────────────────────────────────────────────────
[subtemplate] start label='Evaluation' class_id='C121047' subtemplate_id='R1544421'
[sep] ────────────────────────────────────────────────────────────
[property] start predicate_id='' property_label='Evaluation metric' key='Evaluation metric' mapping='VII.1'
[selected_answers] answer answer='Precision/Recall' resource_mapping_key='Evaluation metric'
[selected_answers] answer answer='MAP' resource_mapping_key='Evaluation metric'
[selected_answers] answer answer='LAG' resource_mapping_key='Evaluation metric'
[selected_answers] answer answer='Other/Comments' resource_mapping_key='Evaluation metric'
[selected_answers] answer answer='DiffAR' resource_mapping_key='Evaluation metric'
[options_details] answer answer='Precision/Recall' resource_mapping_key='Evaluation metric' answer_label_type_in_options_details='No type'
[options_details] answer answer='MAP' resource_mapping_key='Evaluation metric' answer_label_type_in_options_details='No type'
[options_details] answer answer='LAG' resource_mapping_key='Evaluation metric' answer_label_type_in_options_details='No type'
[options_details] answer answer='Other/Comments' resource_mapping_key='Evaluation metric' answer_label_type_in_options_details='No type'
[options_details] answer answer='DiffAR' resource_mapping_key='Evaluation metric' answer_label_type_in_options_details='Text'
[property] answers property_label='Evaluation metric' key='Evaluation metric' answers=['Precision/Recall', 'MAP', 'LAG', 'Other/Comments', 'DiffAR']
[map] to_resource key='Evaluation metric' answer='Precision/Recall' object_id='R1544436'
[map] to_resource key='Evaluation metric' answer='MAP' object_id='R1544443'
[map] to_resource key='Evaluation metric' answer='LAG' object_id='R1544439'
[unmapped] other_value_skipped key='Evaluation metric' answer='Other/Comments'
[unmapped] other_value_skipped_resource_should_not_be_created key='Evaluation metric' answer='Other/Comments'
[unmapped] other_context_skipped key='Evaluation metric' answer='DiffAR'
[resource] created label='DiffAR' class_id='C121048' id='R1552361'
[map] to_resource key='Evaluation metric' answer='DiffAR' object_id='R1552361'
[property] values_resolved property_label='Evaluation metric' key='Evaluation metric' result_ids=['R1544436', 'R1544443', 'R1544439', 'R1552361']
[property] 10-values_resolved property_label='Evaluation metric' key='Evaluation metric' result_ids=['R1544436', 'R1544443', 'R1544439', 'R1552361']
[sep] ────────────────────────────────────────────────────────────
[property] start predicate_id='' property_label='Validation procedure' key='Validation procedure' mapping='VII.2'
[selected_answers] answer answer='Entire dataset' resource_mapping_key='Validation procedure'
[options_details] answer answer='Entire dataset' resource_mapping_key='Validation procedure' answer_label_type_in_options_details='No type'
[property] answers property_label='Validation procedure' key='Validation procedure' answers=['Entire dataset']
[map] to_resource key='Validation procedure' answer='Entire dataset' object_id='R1544446'
[property] values_resolved property_label='Validation procedure' key='Validation procedure' result_ids=['R1544446']
[property] 10-values_resolved property_label='Validation procedure' key='Validation procedure' result_ids=['R1544446']
[sep] ────────────────────────────────────────────────────────────
[sep] ──────────────────────────────────────────────────────────── SUBTEMPLATE Baseline comparison ────────────────────────────────────────────────────────────
[subtemplate] start label='Baseline comparison' class_id='C121050' subtemplate_id='R1544450'
[sep] ────────────────────────────────────────────────────────────
[property] start predicate_id='' property_label='Baseline comparison type' key='Baseline comparison type' mapping='VII.3'
[selected_answers] answer answer='Existing tool or algorithm' resource_mapping_key='Baseline comparison type'
[options_details] answer answer='Existing tool or algorithm' resource_mapping_key='Baseline comparison type' answer_label_type_in_options_details='No type'
[property] answers property_label='Baseline comparison type' key='Baseline comparison type' answers=['Existing tool or algorithm']
[map] to_resource key='Baseline comparison type' answer='Existing tool or algorithm' object_id='R1544455'
[property] values_resolved property_label='Baseline comparison type' key='Baseline comparison type' result_ids=['R1544455']
[property] 10-values_resolved property_label='Baseline comparison type' key='Baseline comparison type' result_ids=['R1544455']
[sep] ────────────────────────────────────────────────────────────
[property] start predicate_id='' property_label='Baseline comparison details' key='Baseline comparison details' mapping='VII.4'
[property] no_answers property_label='Baseline comparison details'
[literal] created key='Baseline comparison details' answer='Not reported' id='L3614038'
[subtemplate] end label='Baseline comparison' class_id='C121050' subtemplate_id='R1544450'
[sep] ────────────────────────────────────────────────────────────
[subtemplate] end label='Evaluation' class_id='C121047' subtemplate_id='R1544421'
[sep] ────────────────────────────────────────────────────────────
[link] created s='R1552338' p='HAS_EVALUATION' o='R1552360'
